[2024-11-24T00:00:13.914+0000] {local_task_job_runner.py:123} INFO - ::group::Pre task execution logs
[2024-11-24T00:00:13.946+0000] {taskinstance.py:2613} INFO - Dependencies all met for dep_context=non-requeueable deps ti=<TaskInstance: greenhouse_gas_behaviour.extract_energy_mix scheduled__2024-11-23T00:00:00+00:00 [queued]>
[2024-11-24T00:00:13.968+0000] {taskinstance.py:2613} INFO - Dependencies all met for dep_context=requeueable deps ti=<TaskInstance: greenhouse_gas_behaviour.extract_energy_mix scheduled__2024-11-23T00:00:00+00:00 [queued]>
[2024-11-24T00:00:13.970+0000] {taskinstance.py:2866} INFO - Starting attempt 1 of 1
[2024-11-24T00:00:13.998+0000] {taskinstance.py:2889} INFO - Executing <Task(PythonOperator): extract_energy_mix> on 2024-11-23 00:00:00+00:00
[2024-11-24T00:00:14.017+0000] {warnings.py:112} WARNING - /home/***/.local/lib/python3.12/site-packages/***/task/task_runner/standard_task_runner.py:70: DeprecationWarning: This process (pid=1078) is multi-threaded, use of fork() may lead to deadlocks in the child.
  pid = os.fork()

[2024-11-24T00:00:14.023+0000] {standard_task_runner.py:72} INFO - Started process 1080 to run task
[2024-11-24T00:00:14.021+0000] {standard_task_runner.py:104} INFO - Running: ['***', 'tasks', 'run', 'greenhouse_gas_behaviour', 'extract_energy_mix', 'scheduled__2024-11-23T00:00:00+00:00', '--job-id', '29', '--raw', '--subdir', 'DAGS_FOLDER/greenhouse_gas_behaviour.py', '--cfg-path', '/tmp/tmpbbkv32pa']
[2024-11-24T00:00:14.038+0000] {standard_task_runner.py:105} INFO - Job 29: Subtask extract_energy_mix
[2024-11-24T00:00:14.201+0000] {task_command.py:467} INFO - Running <TaskInstance: greenhouse_gas_behaviour.extract_energy_mix scheduled__2024-11-23T00:00:00+00:00 [running]> on host 25d920d1683b
[2024-11-24T00:00:14.778+0000] {taskinstance.py:3132} INFO - Exporting env vars: AIRFLOW_CTX_DAG_OWNER='***' AIRFLOW_CTX_DAG_ID='greenhouse_gas_behaviour' AIRFLOW_CTX_TASK_ID='extract_energy_mix' AIRFLOW_CTX_EXECUTION_DATE='2024-11-23T00:00:00+00:00' AIRFLOW_CTX_TRY_NUMBER='1' AIRFLOW_CTX_DAG_RUN_ID='scheduled__2024-11-23T00:00:00+00:00'
[2024-11-24T00:00:14.791+0000] {logging_mixin.py:190} INFO - Task instance is in running state
[2024-11-24T00:00:14.794+0000] {logging_mixin.py:190} INFO -  Previous state of the Task instance: queued
[2024-11-24T00:00:14.797+0000] {logging_mixin.py:190} INFO - Current task name:extract_energy_mix state:running start_date:2024-11-24 00:00:13.947137+00:00
[2024-11-24T00:00:14.800+0000] {logging_mixin.py:190} INFO - Dag name:greenhouse_gas_behaviour and current dag run status:running
[2024-11-24T00:00:14.803+0000] {taskinstance.py:731} INFO - ::endgroup::
[2024-11-24T00:00:14.808+0000] {python.py:240} INFO - Done. Returned value was: None
[2024-11-24T00:00:14.881+0000] {taskinstance.py:340} INFO - ::group::Post task execution logs
[2024-11-24T00:00:14.896+0000] {taskinstance.py:352} INFO - Marking task as SUCCESS. dag_id=greenhouse_gas_behaviour, task_id=extract_energy_mix, run_id=scheduled__2024-11-23T00:00:00+00:00, execution_date=20241123T000000, start_date=20241124T000013, end_date=20241124T000014
[2024-11-24T00:00:14.968+0000] {logging_mixin.py:190} INFO - Task instance in success state
[2024-11-24T00:00:14.974+0000] {logging_mixin.py:190} INFO -  Previous state of the Task instance: running
[2024-11-24T00:00:14.975+0000] {logging_mixin.py:190} INFO - Dag name:greenhouse_gas_behaviour queued_at:2024-11-24 00:00:00.561212+00:00
[2024-11-24T00:00:14.976+0000] {logging_mixin.py:190} INFO - Task hostname:25d920d1683b operator:PythonOperator
[2024-11-24T00:00:15.109+0000] {local_task_job_runner.py:266} INFO - Task exited with return code 0
[2024-11-24T00:00:15.295+0000] {taskinstance.py:3895} INFO - 1 downstream tasks scheduled from follow-on schedule check
[2024-11-24T00:00:15.301+0000] {local_task_job_runner.py:245} INFO - ::endgroup::
