[2024-11-24T14:09:02.270+0000] {local_task_job_runner.py:123} INFO - ::group::Pre task execution logs
[2024-11-24T14:09:02.330+0000] {taskinstance.py:2613} INFO - Dependencies all met for dep_context=non-requeueable deps ti=<TaskInstance: greenhouse_gas_behaviour.extract_co2_emission manual__2024-11-24T14:08:44.612144+00:00 [queued]>
[2024-11-24T14:09:02.356+0000] {taskinstance.py:2613} INFO - Dependencies all met for dep_context=requeueable deps ti=<TaskInstance: greenhouse_gas_behaviour.extract_co2_emission manual__2024-11-24T14:08:44.612144+00:00 [queued]>
[2024-11-24T14:09:02.360+0000] {taskinstance.py:2866} INFO - Starting attempt 1 of 1
[2024-11-24T14:09:02.406+0000] {taskinstance.py:2889} INFO - Executing <Task(PythonOperator): extract_co2_emission> on 2024-11-24 14:08:44.612144+00:00
[2024-11-24T14:09:02.508+0000] {warnings.py:112} WARNING - /home/***/.local/lib/python3.12/site-packages/***/task/task_runner/standard_task_runner.py:70: DeprecationWarning: This process (pid=127) is multi-threaded, use of fork() may lead to deadlocks in the child.
  pid = os.fork()

[2024-11-24T14:09:02.496+0000] {standard_task_runner.py:104} INFO - Running: ['***', 'tasks', 'run', 'greenhouse_gas_behaviour', 'extract_co2_emission', 'manual__2024-11-24T14:08:44.612144+00:00', '--job-id', '71', '--raw', '--subdir', 'DAGS_FOLDER/greenhouse_gas_behaviour.py', '--cfg-path', '/tmp/tmp4upy5awr']
[2024-11-24T14:09:02.521+0000] {standard_task_runner.py:72} INFO - Started process 129 to run task
[2024-11-24T14:09:02.529+0000] {standard_task_runner.py:105} INFO - Job 71: Subtask extract_co2_emission
[2024-11-24T14:09:02.731+0000] {task_command.py:467} INFO - Running <TaskInstance: greenhouse_gas_behaviour.extract_co2_emission manual__2024-11-24T14:08:44.612144+00:00 [running]> on host bb6f052ed649
[2024-11-24T14:09:03.037+0000] {taskinstance.py:3132} INFO - Exporting env vars: AIRFLOW_CTX_DAG_OWNER='***' AIRFLOW_CTX_DAG_ID='greenhouse_gas_behaviour' AIRFLOW_CTX_TASK_ID='extract_co2_emission' AIRFLOW_CTX_EXECUTION_DATE='2024-11-24T14:08:44.612144+00:00' AIRFLOW_CTX_TRY_NUMBER='1' AIRFLOW_CTX_DAG_RUN_ID='manual__2024-11-24T14:08:44.612144+00:00'
[2024-11-24T14:09:03.040+0000] {logging_mixin.py:190} INFO - Task instance is in running state
[2024-11-24T14:09:03.043+0000] {logging_mixin.py:190} INFO -  Previous state of the Task instance: queued
[2024-11-24T14:09:03.044+0000] {logging_mixin.py:190} INFO - Current task name:extract_co2_emission state:running start_date:2024-11-24 14:09:02.332075+00:00
[2024-11-24T14:09:03.045+0000] {logging_mixin.py:190} INFO - Dag name:greenhouse_gas_behaviour and current dag run status:running
[2024-11-24T14:09:03.046+0000] {taskinstance.py:731} INFO - ::endgroup::
[2024-11-24T14:09:04.037+0000] {warnings.py:112} WARNING - /home/***/.local/lib/python3.12/site-packages/urllib3/connectionpool.py:1099: InsecureRequestWarning: Unverified HTTPS request is being made to host 'ourworldindata.org'. Adding certificate verification is strongly advised. See: https://urllib3.readthedocs.io/en/latest/advanced-usage.html#tls-warnings
  warnings.warn(

[2024-11-24T14:09:05.959+0000] {logging_mixin.py:190} INFO - Arquivo co2_emission_per_capita.csv enviado ao bucket: 'bronze' com sucesso!
[2024-11-24T14:09:05.963+0000] {python.py:240} INFO - Done. Returned value was: None
[2024-11-24T14:09:05.984+0000] {taskinstance.py:340} INFO - ::group::Post task execution logs
[2024-11-24T14:09:05.986+0000] {taskinstance.py:352} INFO - Marking task as SUCCESS. dag_id=greenhouse_gas_behaviour, task_id=extract_co2_emission, run_id=manual__2024-11-24T14:08:44.612144+00:00, execution_date=20241124T140844, start_date=20241124T140902, end_date=20241124T140905
[2024-11-24T14:09:06.029+0000] {logging_mixin.py:190} INFO - Task instance in success state
[2024-11-24T14:09:06.033+0000] {logging_mixin.py:190} INFO -  Previous state of the Task instance: running
[2024-11-24T14:09:06.034+0000] {logging_mixin.py:190} INFO - Dag name:greenhouse_gas_behaviour queued_at:2024-11-24 14:08:44.704414+00:00
[2024-11-24T14:09:06.036+0000] {logging_mixin.py:190} INFO - Task hostname:bb6f052ed649 operator:PythonOperator
[2024-11-24T14:09:06.109+0000] {local_task_job_runner.py:266} INFO - Task exited with return code 0
[2024-11-24T14:09:06.244+0000] {taskinstance.py:3895} INFO - 1 downstream tasks scheduled from follow-on schedule check
[2024-11-24T14:09:06.249+0000] {local_task_job_runner.py:245} INFO - ::endgroup::
