[2024-11-24T14:14:06.209+0000] {local_task_job_runner.py:123} INFO - ::group::Pre task execution logs
[2024-11-24T14:14:06.254+0000] {taskinstance.py:2613} INFO - Dependencies all met for dep_context=non-requeueable deps ti=<TaskInstance: greenhouse_gas_behaviour.clean_energy_mix manual__2024-11-24T14:13:22.017053+00:00 [queued]>
[2024-11-24T14:14:06.291+0000] {taskinstance.py:2613} INFO - Dependencies all met for dep_context=requeueable deps ti=<TaskInstance: greenhouse_gas_behaviour.clean_energy_mix manual__2024-11-24T14:13:22.017053+00:00 [queued]>
[2024-11-24T14:14:06.297+0000] {taskinstance.py:2866} INFO - Starting attempt 1 of 1
[2024-11-24T14:14:06.365+0000] {taskinstance.py:2889} INFO - Executing <Task(PythonOperator): clean_energy_mix> on 2024-11-24 14:13:22.017053+00:00
[2024-11-24T14:14:06.401+0000] {warnings.py:112} WARNING - /home/***/.local/lib/python3.12/site-packages/***/task/task_runner/standard_task_runner.py:70: DeprecationWarning: This process (pid=233) is multi-threaded, use of fork() may lead to deadlocks in the child.
  pid = os.fork()

[2024-11-24T14:14:06.405+0000] {standard_task_runner.py:72} INFO - Started process 242 to run task
[2024-11-24T14:14:06.419+0000] {standard_task_runner.py:104} INFO - Running: ['***', 'tasks', 'run', 'greenhouse_gas_behaviour', 'clean_energy_mix', 'manual__2024-11-24T14:13:22.017053+00:00', '--job-id', '85', '--raw', '--subdir', 'DAGS_FOLDER/greenhouse_gas_behaviour.py', '--cfg-path', '/tmp/tmp7nq_lfmk']
[2024-11-24T14:14:06.424+0000] {standard_task_runner.py:105} INFO - Job 85: Subtask clean_energy_mix
[2024-11-24T14:14:06.706+0000] {task_command.py:467} INFO - Running <TaskInstance: greenhouse_gas_behaviour.clean_energy_mix manual__2024-11-24T14:13:22.017053+00:00 [running]> on host bb6f052ed649
[2024-11-24T14:14:06.999+0000] {taskinstance.py:3132} INFO - Exporting env vars: AIRFLOW_CTX_DAG_OWNER='***' AIRFLOW_CTX_DAG_ID='greenhouse_gas_behaviour' AIRFLOW_CTX_TASK_ID='clean_energy_mix' AIRFLOW_CTX_EXECUTION_DATE='2024-11-24T14:13:22.017053+00:00' AIRFLOW_CTX_TRY_NUMBER='1' AIRFLOW_CTX_DAG_RUN_ID='manual__2024-11-24T14:13:22.017053+00:00'
[2024-11-24T14:14:07.011+0000] {logging_mixin.py:190} INFO - Task instance is in running state
[2024-11-24T14:14:07.013+0000] {logging_mixin.py:190} INFO -  Previous state of the Task instance: queued
[2024-11-24T14:14:07.014+0000] {logging_mixin.py:190} INFO - Current task name:clean_energy_mix state:running start_date:2024-11-24 14:14:06.256038+00:00
[2024-11-24T14:14:07.015+0000] {logging_mixin.py:190} INFO - Dag name:greenhouse_gas_behaviour and current dag run status:running
[2024-11-24T14:14:07.016+0000] {taskinstance.py:731} INFO - ::endgroup::
[2024-11-24T14:14:07.018+0000] {python.py:240} INFO - Done. Returned value was: None
[2024-11-24T14:14:07.047+0000] {taskinstance.py:340} INFO - ::group::Post task execution logs
[2024-11-24T14:14:07.049+0000] {taskinstance.py:352} INFO - Marking task as SUCCESS. dag_id=greenhouse_gas_behaviour, task_id=clean_energy_mix, run_id=manual__2024-11-24T14:13:22.017053+00:00, execution_date=20241124T141322, start_date=20241124T141406, end_date=20241124T141407
[2024-11-24T14:14:07.081+0000] {logging_mixin.py:190} INFO - Task instance in success state
[2024-11-24T14:14:07.082+0000] {logging_mixin.py:190} INFO -  Previous state of the Task instance: running
[2024-11-24T14:14:07.093+0000] {logging_mixin.py:190} INFO - Dag name:greenhouse_gas_behaviour queued_at:2024-11-24 14:13:22.037946+00:00
[2024-11-24T14:14:07.097+0000] {logging_mixin.py:190} INFO - Task hostname:bb6f052ed649 operator:PythonOperator
[2024-11-24T14:14:07.162+0000] {local_task_job_runner.py:266} INFO - Task exited with return code 0
[2024-11-24T14:14:07.243+0000] {taskinstance.py:3895} INFO - 1 downstream tasks scheduled from follow-on schedule check
[2024-11-24T14:14:07.275+0000] {local_task_job_runner.py:245} INFO - ::endgroup::
