[2024-11-24T19:27:05.896+0000] {local_task_job_runner.py:123} INFO - ::group::Pre task execution logs
[2024-11-24T19:27:05.988+0000] {taskinstance.py:2613} INFO - Dependencies all met for dep_context=non-requeueable deps ti=<TaskInstance: greenhouse_gas_behaviour.clean_co2_land_use manual__2024-11-24T19:25:43.823590+00:00 [queued]>
[2024-11-24T19:27:06.011+0000] {taskinstance.py:2613} INFO - Dependencies all met for dep_context=requeueable deps ti=<TaskInstance: greenhouse_gas_behaviour.clean_co2_land_use manual__2024-11-24T19:25:43.823590+00:00 [queued]>
[2024-11-24T19:27:06.013+0000] {taskinstance.py:2866} INFO - Starting attempt 1 of 1
[2024-11-24T19:27:06.065+0000] {taskinstance.py:2889} INFO - Executing <Task(PythonOperator): clean_co2_land_use> on 2024-11-24 19:25:43.823590+00:00
[2024-11-24T19:27:06.083+0000] {warnings.py:112} WARNING - /home/***/.local/lib/python3.12/site-packages/***/task/task_runner/standard_task_runner.py:70: DeprecationWarning: This process (pid=209) is multi-threaded, use of fork() may lead to deadlocks in the child.
  pid = os.fork()

[2024-11-24T19:27:06.093+0000] {standard_task_runner.py:72} INFO - Started process 211 to run task
[2024-11-24T19:27:06.091+0000] {standard_task_runner.py:104} INFO - Running: ['***', 'tasks', 'run', 'greenhouse_gas_behaviour', 'clean_co2_land_use', 'manual__2024-11-24T19:25:43.823590+00:00', '--job-id', '96', '--raw', '--subdir', 'DAGS_FOLDER/greenhouse_gas_behaviour.py', '--cfg-path', '/tmp/tmpkj6n0tsu']
[2024-11-24T19:27:06.103+0000] {standard_task_runner.py:105} INFO - Job 96: Subtask clean_co2_land_use
[2024-11-24T19:27:06.293+0000] {task_command.py:467} INFO - Running <TaskInstance: greenhouse_gas_behaviour.clean_co2_land_use manual__2024-11-24T19:25:43.823590+00:00 [running]> on host 960a2c38baa3
[2024-11-24T19:27:06.555+0000] {taskinstance.py:3132} INFO - Exporting env vars: AIRFLOW_CTX_DAG_OWNER='***' AIRFLOW_CTX_DAG_ID='greenhouse_gas_behaviour' AIRFLOW_CTX_TASK_ID='clean_co2_land_use' AIRFLOW_CTX_EXECUTION_DATE='2024-11-24T19:25:43.823590+00:00' AIRFLOW_CTX_TRY_NUMBER='1' AIRFLOW_CTX_DAG_RUN_ID='manual__2024-11-24T19:25:43.823590+00:00'
[2024-11-24T19:27:06.558+0000] {logging_mixin.py:190} INFO - Task instance is in running state
[2024-11-24T19:27:06.559+0000] {logging_mixin.py:190} INFO -  Previous state of the Task instance: queued
[2024-11-24T19:27:06.560+0000] {logging_mixin.py:190} INFO - Current task name:clean_co2_land_use state:running start_date:2024-11-24 19:27:05.989725+00:00
[2024-11-24T19:27:06.561+0000] {logging_mixin.py:190} INFO - Dag name:greenhouse_gas_behaviour and current dag run status:running
[2024-11-24T19:27:06.562+0000] {taskinstance.py:731} INFO - ::endgroup::
[2024-11-24T19:27:06.565+0000] {python.py:240} INFO - Done. Returned value was: None
[2024-11-24T19:27:06.587+0000] {taskinstance.py:340} INFO - ::group::Post task execution logs
[2024-11-24T19:27:06.589+0000] {taskinstance.py:352} INFO - Marking task as SUCCESS. dag_id=greenhouse_gas_behaviour, task_id=clean_co2_land_use, run_id=manual__2024-11-24T19:25:43.823590+00:00, execution_date=20241124T192543, start_date=20241124T192705, end_date=20241124T192706
[2024-11-24T19:27:06.693+0000] {logging_mixin.py:190} INFO - Task instance in success state
[2024-11-24T19:27:06.700+0000] {logging_mixin.py:190} INFO -  Previous state of the Task instance: running
[2024-11-24T19:27:06.710+0000] {logging_mixin.py:190} INFO - Dag name:greenhouse_gas_behaviour queued_at:2024-11-24 19:25:43.896588+00:00
[2024-11-24T19:27:06.717+0000] {logging_mixin.py:190} INFO - Task hostname:960a2c38baa3 operator:PythonOperator
[2024-11-24T19:27:06.763+0000] {local_task_job_runner.py:266} INFO - Task exited with return code 0
[2024-11-24T19:27:06.817+0000] {taskinstance.py:3895} INFO - 0 downstream tasks scheduled from follow-on schedule check
[2024-11-24T19:27:06.836+0000] {local_task_job_runner.py:245} INFO - ::endgroup::
