[2024-11-24T00:00:19.632+0000] {local_task_job_runner.py:123} INFO - ::group::Pre task execution logs
[2024-11-24T00:00:19.662+0000] {taskinstance.py:2613} INFO - Dependencies all met for dep_context=non-requeueable deps ti=<TaskInstance: greenhouse_gas_behaviour.extract_co2_land_use scheduled__2024-11-23T00:00:00+00:00 [queued]>
[2024-11-24T00:00:19.676+0000] {taskinstance.py:2613} INFO - Dependencies all met for dep_context=requeueable deps ti=<TaskInstance: greenhouse_gas_behaviour.extract_co2_land_use scheduled__2024-11-23T00:00:00+00:00 [queued]>
[2024-11-24T00:00:19.677+0000] {taskinstance.py:2866} INFO - Starting attempt 1 of 1
[2024-11-24T00:00:19.697+0000] {taskinstance.py:2889} INFO - Executing <Task(PythonOperator): extract_co2_land_use> on 2024-11-23 00:00:00+00:00
[2024-11-24T00:00:19.708+0000] {warnings.py:112} WARNING - /home/***/.local/lib/python3.12/site-packages/***/task/task_runner/standard_task_runner.py:70: DeprecationWarning: This process (pid=1089) is multi-threaded, use of fork() may lead to deadlocks in the child.
  pid = os.fork()

[2024-11-24T00:00:19.711+0000] {standard_task_runner.py:72} INFO - Started process 1091 to run task
[2024-11-24T00:00:19.711+0000] {standard_task_runner.py:104} INFO - Running: ['***', 'tasks', 'run', 'greenhouse_gas_behaviour', 'extract_co2_land_use', 'scheduled__2024-11-23T00:00:00+00:00', '--job-id', '30', '--raw', '--subdir', 'DAGS_FOLDER/greenhouse_gas_behaviour.py', '--cfg-path', '/tmp/tmp93zvxnx8']
[2024-11-24T00:00:19.714+0000] {standard_task_runner.py:105} INFO - Job 30: Subtask extract_co2_land_use
[2024-11-24T00:00:19.790+0000] {task_command.py:467} INFO - Running <TaskInstance: greenhouse_gas_behaviour.extract_co2_land_use scheduled__2024-11-23T00:00:00+00:00 [running]> on host 25d920d1683b
[2024-11-24T00:00:19.923+0000] {taskinstance.py:3132} INFO - Exporting env vars: AIRFLOW_CTX_DAG_OWNER='***' AIRFLOW_CTX_DAG_ID='greenhouse_gas_behaviour' AIRFLOW_CTX_TASK_ID='extract_co2_land_use' AIRFLOW_CTX_EXECUTION_DATE='2024-11-23T00:00:00+00:00' AIRFLOW_CTX_TRY_NUMBER='1' AIRFLOW_CTX_DAG_RUN_ID='scheduled__2024-11-23T00:00:00+00:00'
[2024-11-24T00:00:19.928+0000] {logging_mixin.py:190} INFO - Task instance is in running state
[2024-11-24T00:00:19.930+0000] {logging_mixin.py:190} INFO -  Previous state of the Task instance: queued
[2024-11-24T00:00:19.946+0000] {logging_mixin.py:190} INFO - Current task name:extract_co2_land_use state:running start_date:2024-11-24 00:00:19.663631+00:00
[2024-11-24T00:00:19.948+0000] {logging_mixin.py:190} INFO - Dag name:greenhouse_gas_behaviour and current dag run status:running
[2024-11-24T00:00:19.949+0000] {taskinstance.py:731} INFO - ::endgroup::
[2024-11-24T00:00:19.952+0000] {python.py:240} INFO - Done. Returned value was: None
[2024-11-24T00:00:19.976+0000] {taskinstance.py:340} INFO - ::group::Post task execution logs
[2024-11-24T00:00:19.978+0000] {taskinstance.py:352} INFO - Marking task as SUCCESS. dag_id=greenhouse_gas_behaviour, task_id=extract_co2_land_use, run_id=scheduled__2024-11-23T00:00:00+00:00, execution_date=20241123T000000, start_date=20241124T000019, end_date=20241124T000019
[2024-11-24T00:00:20.006+0000] {logging_mixin.py:190} INFO - Task instance in success state
[2024-11-24T00:00:20.008+0000] {logging_mixin.py:190} INFO -  Previous state of the Task instance: running
[2024-11-24T00:00:20.010+0000] {logging_mixin.py:190} INFO - Dag name:greenhouse_gas_behaviour queued_at:2024-11-24 00:00:00.561212+00:00
[2024-11-24T00:00:20.011+0000] {logging_mixin.py:190} INFO - Task hostname:25d920d1683b operator:PythonOperator
[2024-11-24T00:00:20.062+0000] {local_task_job_runner.py:266} INFO - Task exited with return code 0
[2024-11-24T00:00:20.116+0000] {taskinstance.py:3895} INFO - 1 downstream tasks scheduled from follow-on schedule check
[2024-11-24T00:00:20.142+0000] {local_task_job_runner.py:245} INFO - ::endgroup::
