[2024-11-23T04:09:51.662+0000] {processor.py:186} INFO - Started process (PID=4834) to work on /opt/airflow/dags/co2_emission.py
[2024-11-23T04:09:51.683+0000] {processor.py:914} INFO - Processing file /opt/airflow/dags/co2_emission.py for tasks to queue
[2024-11-23T04:09:51.700+0000] {logging_mixin.py:190} INFO - [2024-11-23T04:09:51.699+0000] {dagbag.py:588} INFO - Filling up the DagBag from /opt/airflow/dags/co2_emission.py
[2024-11-23T04:09:54.469+0000] {processor.py:925} INFO - DAG(s) 'greenhouse_gas_behaviour' retrieved from /opt/airflow/dags/co2_emission.py
[2024-11-23T04:09:56.225+0000] {logging_mixin.py:190} INFO - [2024-11-23T04:09:56.224+0000] {dag.py:3239} INFO - Sync 1 DAGs
[2024-11-23T04:09:56.352+0000] {logging_mixin.py:190} INFO - [2024-11-23T04:09:56.352+0000] {dag.py:4180} INFO - Setting next_dagrun for greenhouse_gas_behaviour to 2024-11-22 00:00:00+00:00, run_after=2024-11-23 00:00:00+00:00
[2024-11-23T04:09:56.463+0000] {processor.py:208} INFO - Processing /opt/airflow/dags/co2_emission.py took 4.847 seconds
[2024-11-23T04:10:26.851+0000] {processor.py:186} INFO - Started process (PID=4907) to work on /opt/airflow/dags/co2_emission.py
[2024-11-23T04:10:26.854+0000] {processor.py:914} INFO - Processing file /opt/airflow/dags/co2_emission.py for tasks to queue
[2024-11-23T04:10:26.857+0000] {logging_mixin.py:190} INFO - [2024-11-23T04:10:26.856+0000] {dagbag.py:588} INFO - Filling up the DagBag from /opt/airflow/dags/co2_emission.py
[2024-11-23T04:10:27.167+0000] {processor.py:925} INFO - DAG(s) 'greenhouse_gas_behaviour' retrieved from /opt/airflow/dags/co2_emission.py
[2024-11-23T04:10:27.205+0000] {logging_mixin.py:190} INFO - [2024-11-23T04:10:27.204+0000] {dag.py:3239} INFO - Sync 1 DAGs
[2024-11-23T04:10:27.250+0000] {logging_mixin.py:190} INFO - [2024-11-23T04:10:27.249+0000] {dag.py:4180} INFO - Setting next_dagrun for greenhouse_gas_behaviour to 2024-11-22 00:00:00+00:00, run_after=2024-11-23 00:00:00+00:00
[2024-11-23T04:10:27.301+0000] {processor.py:208} INFO - Processing /opt/airflow/dags/co2_emission.py took 0.461 seconds
[2024-11-23T04:10:57.445+0000] {processor.py:186} INFO - Started process (PID=4970) to work on /opt/airflow/dags/co2_emission.py
[2024-11-23T04:10:57.447+0000] {processor.py:914} INFO - Processing file /opt/airflow/dags/co2_emission.py for tasks to queue
[2024-11-23T04:10:57.450+0000] {logging_mixin.py:190} INFO - [2024-11-23T04:10:57.449+0000] {dagbag.py:588} INFO - Filling up the DagBag from /opt/airflow/dags/co2_emission.py
[2024-11-23T04:10:57.659+0000] {processor.py:925} INFO - DAG(s) 'greenhouse_gas_behaviour' retrieved from /opt/airflow/dags/co2_emission.py
[2024-11-23T04:10:57.755+0000] {logging_mixin.py:190} INFO - [2024-11-23T04:10:57.754+0000] {dag.py:3239} INFO - Sync 1 DAGs
[2024-11-23T04:10:57.935+0000] {logging_mixin.py:190} INFO - [2024-11-23T04:10:57.934+0000] {dag.py:4180} INFO - Setting next_dagrun for greenhouse_gas_behaviour to 2024-11-22 00:00:00+00:00, run_after=2024-11-23 00:00:00+00:00
[2024-11-23T04:10:58.046+0000] {processor.py:208} INFO - Processing /opt/airflow/dags/co2_emission.py took 0.624 seconds
