[2024-11-23T03:39:46.885+0000] {processor.py:186} INFO - Started process (PID=1647) to work on /opt/airflow/dags/greenhouse_gas_behaviour.py
[2024-11-23T03:39:46.887+0000] {processor.py:914} INFO - Processing file /opt/airflow/dags/greenhouse_gas_behaviour.py for tasks to queue
[2024-11-23T03:39:46.893+0000] {logging_mixin.py:190} INFO - [2024-11-23T03:39:46.893+0000] {dagbag.py:588} INFO - Filling up the DagBag from /opt/airflow/dags/greenhouse_gas_behaviour.py
[2024-11-23T03:39:47.289+0000] {processor.py:927} WARNING - No viable dags retrieved from /opt/airflow/dags/greenhouse_gas_behaviour.py
[2024-11-23T03:39:47.336+0000] {processor.py:208} INFO - Processing /opt/airflow/dags/greenhouse_gas_behaviour.py took 0.466 seconds
[2024-11-23T03:40:18.594+0000] {processor.py:186} INFO - Started process (PID=1709) to work on /opt/airflow/dags/greenhouse_gas_behaviour.py
[2024-11-23T03:40:18.595+0000] {processor.py:914} INFO - Processing file /opt/airflow/dags/greenhouse_gas_behaviour.py for tasks to queue
[2024-11-23T03:40:18.602+0000] {logging_mixin.py:190} INFO - [2024-11-23T03:40:18.601+0000] {dagbag.py:588} INFO - Filling up the DagBag from /opt/airflow/dags/greenhouse_gas_behaviour.py
[2024-11-23T03:40:18.885+0000] {processor.py:927} WARNING - No viable dags retrieved from /opt/airflow/dags/greenhouse_gas_behaviour.py
[2024-11-23T03:40:18.913+0000] {processor.py:208} INFO - Processing /opt/airflow/dags/greenhouse_gas_behaviour.py took 0.331 seconds
[2024-11-23T03:40:52.434+0000] {processor.py:186} INFO - Started process (PID=1753) to work on /opt/airflow/dags/greenhouse_gas_behaviour.py
[2024-11-23T03:40:52.436+0000] {processor.py:914} INFO - Processing file /opt/airflow/dags/greenhouse_gas_behaviour.py for tasks to queue
[2024-11-23T03:40:52.446+0000] {logging_mixin.py:190} INFO - [2024-11-23T03:40:52.443+0000] {dagbag.py:588} INFO - Filling up the DagBag from /opt/airflow/dags/greenhouse_gas_behaviour.py
[2024-11-23T03:40:53.080+0000] {processor.py:927} WARNING - No viable dags retrieved from /opt/airflow/dags/greenhouse_gas_behaviour.py
[2024-11-23T03:40:53.105+0000] {processor.py:208} INFO - Processing /opt/airflow/dags/greenhouse_gas_behaviour.py took 0.691 seconds
[2024-11-23T03:41:23.560+0000] {processor.py:186} INFO - Started process (PID=1813) to work on /opt/airflow/dags/greenhouse_gas_behaviour.py
[2024-11-23T03:41:23.563+0000] {processor.py:914} INFO - Processing file /opt/airflow/dags/greenhouse_gas_behaviour.py for tasks to queue
[2024-11-23T03:41:23.568+0000] {logging_mixin.py:190} INFO - [2024-11-23T03:41:23.568+0000] {dagbag.py:588} INFO - Filling up the DagBag from /opt/airflow/dags/greenhouse_gas_behaviour.py
[2024-11-23T03:41:24.064+0000] {processor.py:927} WARNING - No viable dags retrieved from /opt/airflow/dags/greenhouse_gas_behaviour.py
[2024-11-23T03:41:24.104+0000] {processor.py:208} INFO - Processing /opt/airflow/dags/greenhouse_gas_behaviour.py took 0.562 seconds
[2024-11-23T03:41:55.702+0000] {processor.py:186} INFO - Started process (PID=1876) to work on /opt/airflow/dags/greenhouse_gas_behaviour.py
[2024-11-23T03:41:55.709+0000] {processor.py:914} INFO - Processing file /opt/airflow/dags/greenhouse_gas_behaviour.py for tasks to queue
[2024-11-23T03:41:55.721+0000] {logging_mixin.py:190} INFO - [2024-11-23T03:41:55.720+0000] {dagbag.py:588} INFO - Filling up the DagBag from /opt/airflow/dags/greenhouse_gas_behaviour.py
[2024-11-23T03:41:56.377+0000] {processor.py:927} WARNING - No viable dags retrieved from /opt/airflow/dags/greenhouse_gas_behaviour.py
[2024-11-23T03:41:56.490+0000] {processor.py:208} INFO - Processing /opt/airflow/dags/greenhouse_gas_behaviour.py took 0.823 seconds
[2024-11-23T03:42:27.407+0000] {processor.py:186} INFO - Started process (PID=1940) to work on /opt/airflow/dags/greenhouse_gas_behaviour.py
[2024-11-23T03:42:27.410+0000] {processor.py:914} INFO - Processing file /opt/airflow/dags/greenhouse_gas_behaviour.py for tasks to queue
[2024-11-23T03:42:27.451+0000] {logging_mixin.py:190} INFO - [2024-11-23T03:42:27.451+0000] {dagbag.py:588} INFO - Filling up the DagBag from /opt/airflow/dags/greenhouse_gas_behaviour.py
[2024-11-23T03:42:28.291+0000] {processor.py:927} WARNING - No viable dags retrieved from /opt/airflow/dags/greenhouse_gas_behaviour.py
[2024-11-23T03:42:28.348+0000] {processor.py:208} INFO - Processing /opt/airflow/dags/greenhouse_gas_behaviour.py took 0.963 seconds
[2024-11-23T03:42:43.915+0000] {processor.py:186} INFO - Started process (PID=1982) to work on /opt/airflow/dags/greenhouse_gas_behaviour.py
[2024-11-23T03:42:43.917+0000] {processor.py:914} INFO - Processing file /opt/airflow/dags/greenhouse_gas_behaviour.py for tasks to queue
[2024-11-23T03:42:43.922+0000] {logging_mixin.py:190} INFO - [2024-11-23T03:42:43.921+0000] {dagbag.py:588} INFO - Filling up the DagBag from /opt/airflow/dags/greenhouse_gas_behaviour.py
[2024-11-23T03:42:45.154+0000] {processor.py:925} INFO - DAG(s) 'greenhouse_gas_behaviour' retrieved from /opt/airflow/dags/greenhouse_gas_behaviour.py
[2024-11-23T03:42:46.394+0000] {logging_mixin.py:190} INFO - [2024-11-23T03:42:46.392+0000] {override.py:1911} INFO - Created Permission View: can edit on DAG:greenhouse_gas_behaviour
[2024-11-23T03:42:46.447+0000] {logging_mixin.py:190} INFO - [2024-11-23T03:42:46.446+0000] {override.py:1911} INFO - Created Permission View: can read on DAG:greenhouse_gas_behaviour
[2024-11-23T03:42:46.473+0000] {logging_mixin.py:190} INFO - [2024-11-23T03:42:46.473+0000] {override.py:1911} INFO - Created Permission View: can delete on DAG:greenhouse_gas_behaviour
[2024-11-23T03:42:46.500+0000] {logging_mixin.py:190} INFO - [2024-11-23T03:42:46.500+0000] {override.py:1911} INFO - Created Permission View: can create on DAG Run:greenhouse_gas_behaviour
[2024-11-23T03:42:46.537+0000] {logging_mixin.py:190} INFO - [2024-11-23T03:42:46.536+0000] {override.py:1911} INFO - Created Permission View: menu access on DAG Run:greenhouse_gas_behaviour
[2024-11-23T03:42:46.570+0000] {logging_mixin.py:190} INFO - [2024-11-23T03:42:46.566+0000] {override.py:1911} INFO - Created Permission View: can read on DAG Run:greenhouse_gas_behaviour
[2024-11-23T03:42:46.615+0000] {logging_mixin.py:190} INFO - [2024-11-23T03:42:46.614+0000] {override.py:1911} INFO - Created Permission View: can delete on DAG Run:greenhouse_gas_behaviour
[2024-11-23T03:42:46.617+0000] {logging_mixin.py:190} INFO - [2024-11-23T03:42:46.617+0000] {dag.py:3239} INFO - Sync 1 DAGs
[2024-11-23T03:42:46.689+0000] {logging_mixin.py:190} INFO - [2024-11-23T03:42:46.688+0000] {dag.py:3262} INFO - Creating ORM DAG for greenhouse_gas_behaviour
[2024-11-23T03:42:46.750+0000] {logging_mixin.py:190} INFO - [2024-11-23T03:42:46.749+0000] {dag.py:4180} INFO - Setting next_dagrun for greenhouse_gas_behaviour to None, run_after=None
[2024-11-23T03:42:47.488+0000] {processor.py:208} INFO - Processing /opt/airflow/dags/greenhouse_gas_behaviour.py took 3.589 seconds
[2024-11-23T03:43:17.880+0000] {processor.py:186} INFO - Started process (PID=2046) to work on /opt/airflow/dags/greenhouse_gas_behaviour.py
[2024-11-23T03:43:17.887+0000] {processor.py:914} INFO - Processing file /opt/airflow/dags/greenhouse_gas_behaviour.py for tasks to queue
[2024-11-23T03:43:17.895+0000] {logging_mixin.py:190} INFO - [2024-11-23T03:43:17.894+0000] {dagbag.py:588} INFO - Filling up the DagBag from /opt/airflow/dags/greenhouse_gas_behaviour.py
[2024-11-23T03:43:18.274+0000] {processor.py:925} INFO - DAG(s) 'greenhouse_gas_behaviour' retrieved from /opt/airflow/dags/greenhouse_gas_behaviour.py
[2024-11-23T03:43:18.311+0000] {logging_mixin.py:190} INFO - [2024-11-23T03:43:18.310+0000] {dag.py:3239} INFO - Sync 1 DAGs
[2024-11-23T03:43:18.387+0000] {logging_mixin.py:190} INFO - [2024-11-23T03:43:18.387+0000] {dag.py:4180} INFO - Setting next_dagrun for greenhouse_gas_behaviour to None, run_after=None
[2024-11-23T03:43:18.433+0000] {processor.py:208} INFO - Processing /opt/airflow/dags/greenhouse_gas_behaviour.py took 0.569 seconds
[2024-11-23T03:43:50.063+0000] {processor.py:186} INFO - Started process (PID=2110) to work on /opt/airflow/dags/greenhouse_gas_behaviour.py
[2024-11-23T03:43:50.065+0000] {processor.py:914} INFO - Processing file /opt/airflow/dags/greenhouse_gas_behaviour.py for tasks to queue
[2024-11-23T03:43:50.070+0000] {logging_mixin.py:190} INFO - [2024-11-23T03:43:50.070+0000] {dagbag.py:588} INFO - Filling up the DagBag from /opt/airflow/dags/greenhouse_gas_behaviour.py
[2024-11-23T03:43:50.304+0000] {logging_mixin.py:190} INFO - [2024-11-23T03:43:50.296+0000] {dagbag.py:387} ERROR - Failed to import: /opt/airflow/dags/greenhouse_gas_behaviour.py
Traceback (most recent call last):
  File "/home/airflow/.local/lib/python3.12/site-packages/airflow/models/dagbag.py", line 383, in parse
    loader.exec_module(new_module)
  File "<frozen importlib._bootstrap_external>", line 995, in exec_module
  File "<frozen importlib._bootstrap>", line 488, in _call_with_frames_removed
  File "/opt/airflow/dags/greenhouse_gas_behaviour.py", line 28, in <module>
    extract_co2_emission >> extract_population_data >> extract_energy_mix >> extract_co2_emission
    ~~~~~~~~~~~~~~~~~~~~~^^~~~~~~~~~~~~~~~~~~~~~~~~
TypeError: unsupported operand type(s) for >>: 'function' and 'function'
[2024-11-23T03:43:50.306+0000] {processor.py:927} WARNING - No viable dags retrieved from /opt/airflow/dags/greenhouse_gas_behaviour.py
[2024-11-23T03:43:50.362+0000] {processor.py:208} INFO - Processing /opt/airflow/dags/greenhouse_gas_behaviour.py took 0.312 seconds
[2024-11-23T03:44:24.807+0000] {processor.py:186} INFO - Started process (PID=2166) to work on /opt/airflow/dags/greenhouse_gas_behaviour.py
[2024-11-23T03:44:24.811+0000] {processor.py:914} INFO - Processing file /opt/airflow/dags/greenhouse_gas_behaviour.py for tasks to queue
[2024-11-23T03:44:24.816+0000] {logging_mixin.py:190} INFO - [2024-11-23T03:44:24.816+0000] {dagbag.py:588} INFO - Filling up the DagBag from /opt/airflow/dags/greenhouse_gas_behaviour.py
[2024-11-23T03:44:25.597+0000] {logging_mixin.py:190} INFO - [2024-11-23T03:44:25.569+0000] {dagbag.py:387} ERROR - Failed to import: /opt/airflow/dags/greenhouse_gas_behaviour.py
Traceback (most recent call last):
  File "/home/airflow/.local/lib/python3.12/site-packages/airflow/models/dagbag.py", line 383, in parse
    loader.exec_module(new_module)
  File "<frozen importlib._bootstrap_external>", line 995, in exec_module
  File "<frozen importlib._bootstrap>", line 488, in _call_with_frames_removed
  File "/opt/airflow/dags/greenhouse_gas_behaviour.py", line 28, in <module>
    extract_co2_emission >> extract_population_data >> extract_energy_mix >> extract_co2_emission
    ~~~~~~~~~~~~~~~~~~~~~^^~~~~~~~~~~~~~~~~~~~~~~~~
TypeError: unsupported operand type(s) for >>: 'function' and 'function'
[2024-11-23T03:44:25.606+0000] {processor.py:927} WARNING - No viable dags retrieved from /opt/airflow/dags/greenhouse_gas_behaviour.py
[2024-11-23T03:44:25.688+0000] {processor.py:208} INFO - Processing /opt/airflow/dags/greenhouse_gas_behaviour.py took 0.861 seconds
[2024-11-23T03:45:01.426+0000] {processor.py:186} INFO - Started process (PID=2221) to work on /opt/airflow/dags/greenhouse_gas_behaviour.py
[2024-11-23T03:45:01.484+0000] {processor.py:914} INFO - Processing file /opt/airflow/dags/greenhouse_gas_behaviour.py for tasks to queue
[2024-11-23T03:45:01.505+0000] {logging_mixin.py:190} INFO - [2024-11-23T03:45:01.504+0000] {dagbag.py:588} INFO - Filling up the DagBag from /opt/airflow/dags/greenhouse_gas_behaviour.py
[2024-11-23T03:45:01.944+0000] {logging_mixin.py:190} INFO - [2024-11-23T03:45:01.929+0000] {dagbag.py:387} ERROR - Failed to import: /opt/airflow/dags/greenhouse_gas_behaviour.py
Traceback (most recent call last):
  File "/home/airflow/.local/lib/python3.12/site-packages/airflow/models/dagbag.py", line 383, in parse
    loader.exec_module(new_module)
  File "<frozen importlib._bootstrap_external>", line 995, in exec_module
  File "<frozen importlib._bootstrap>", line 488, in _call_with_frames_removed
  File "/opt/airflow/dags/greenhouse_gas_behaviour.py", line 28, in <module>
    extract_co2_emission >> extract_population_data >> extract_energy_mix >> extract_co2_emission
    ~~~~~~~~~~~~~~~~~~~~~^^~~~~~~~~~~~~~~~~~~~~~~~~
TypeError: unsupported operand type(s) for >>: 'function' and 'function'
[2024-11-23T03:45:01.960+0000] {processor.py:927} WARNING - No viable dags retrieved from /opt/airflow/dags/greenhouse_gas_behaviour.py
[2024-11-23T03:45:02.077+0000] {processor.py:208} INFO - Processing /opt/airflow/dags/greenhouse_gas_behaviour.py took 0.675 seconds
[2024-11-23T03:45:10.015+0000] {processor.py:186} INFO - Started process (PID=2236) to work on /opt/airflow/dags/greenhouse_gas_behaviour.py
[2024-11-23T03:45:10.018+0000] {processor.py:914} INFO - Processing file /opt/airflow/dags/greenhouse_gas_behaviour.py for tasks to queue
[2024-11-23T03:45:10.021+0000] {logging_mixin.py:190} INFO - [2024-11-23T03:45:10.020+0000] {dagbag.py:588} INFO - Filling up the DagBag from /opt/airflow/dags/greenhouse_gas_behaviour.py
[2024-11-23T03:45:10.332+0000] {processor.py:925} INFO - DAG(s) 'greenhouse_gas_behaviour' retrieved from /opt/airflow/dags/greenhouse_gas_behaviour.py
[2024-11-23T03:45:11.505+0000] {logging_mixin.py:190} INFO - [2024-11-23T03:45:11.500+0000] {dag.py:3239} INFO - Sync 1 DAGs
[2024-11-23T03:45:11.699+0000] {logging_mixin.py:190} INFO - [2024-11-23T03:45:11.698+0000] {dag.py:4180} INFO - Setting next_dagrun for greenhouse_gas_behaviour to None, run_after=None
[2024-11-23T03:45:13.258+0000] {processor.py:208} INFO - Processing /opt/airflow/dags/greenhouse_gas_behaviour.py took 3.259 seconds
[2024-11-23T03:45:44.173+0000] {processor.py:186} INFO - Started process (PID=2296) to work on /opt/airflow/dags/greenhouse_gas_behaviour.py
[2024-11-23T03:45:44.175+0000] {processor.py:914} INFO - Processing file /opt/airflow/dags/greenhouse_gas_behaviour.py for tasks to queue
[2024-11-23T03:45:44.178+0000] {logging_mixin.py:190} INFO - [2024-11-23T03:45:44.178+0000] {dagbag.py:588} INFO - Filling up the DagBag from /opt/airflow/dags/greenhouse_gas_behaviour.py
[2024-11-23T03:45:44.456+0000] {processor.py:925} INFO - DAG(s) 'greenhouse_gas_behaviour' retrieved from /opt/airflow/dags/greenhouse_gas_behaviour.py
[2024-11-23T03:45:44.539+0000] {logging_mixin.py:190} INFO - [2024-11-23T03:45:44.538+0000] {dag.py:3239} INFO - Sync 1 DAGs
[2024-11-23T03:45:44.672+0000] {logging_mixin.py:190} INFO - [2024-11-23T03:45:44.671+0000] {dag.py:4180} INFO - Setting next_dagrun for greenhouse_gas_behaviour to None, run_after=None
[2024-11-23T03:45:44.738+0000] {processor.py:208} INFO - Processing /opt/airflow/dags/greenhouse_gas_behaviour.py took 0.582 seconds
[2024-11-23T03:46:14.870+0000] {processor.py:186} INFO - Started process (PID=2356) to work on /opt/airflow/dags/greenhouse_gas_behaviour.py
[2024-11-23T03:46:14.872+0000] {processor.py:914} INFO - Processing file /opt/airflow/dags/greenhouse_gas_behaviour.py for tasks to queue
[2024-11-23T03:46:14.874+0000] {logging_mixin.py:190} INFO - [2024-11-23T03:46:14.874+0000] {dagbag.py:588} INFO - Filling up the DagBag from /opt/airflow/dags/greenhouse_gas_behaviour.py
[2024-11-23T03:46:15.037+0000] {processor.py:925} INFO - DAG(s) 'greenhouse_gas_behaviour' retrieved from /opt/airflow/dags/greenhouse_gas_behaviour.py
[2024-11-23T03:46:15.079+0000] {logging_mixin.py:190} INFO - [2024-11-23T03:46:15.078+0000] {dag.py:3239} INFO - Sync 1 DAGs
[2024-11-23T03:46:15.147+0000] {logging_mixin.py:190} INFO - [2024-11-23T03:46:15.147+0000] {dag.py:4180} INFO - Setting next_dagrun for greenhouse_gas_behaviour to None, run_after=None
[2024-11-23T03:46:15.214+0000] {processor.py:208} INFO - Processing /opt/airflow/dags/greenhouse_gas_behaviour.py took 0.354 seconds
[2024-11-23T03:46:47.537+0000] {processor.py:186} INFO - Started process (PID=2414) to work on /opt/airflow/dags/greenhouse_gas_behaviour.py
[2024-11-23T03:46:47.552+0000] {processor.py:914} INFO - Processing file /opt/airflow/dags/greenhouse_gas_behaviour.py for tasks to queue
[2024-11-23T03:46:47.570+0000] {logging_mixin.py:190} INFO - [2024-11-23T03:46:47.569+0000] {dagbag.py:588} INFO - Filling up the DagBag from /opt/airflow/dags/greenhouse_gas_behaviour.py
[2024-11-23T03:46:48.712+0000] {processor.py:925} INFO - DAG(s) 'greenhouse_gas_behaviour' retrieved from /opt/airflow/dags/greenhouse_gas_behaviour.py
[2024-11-23T03:46:48.823+0000] {logging_mixin.py:190} INFO - [2024-11-23T03:46:48.822+0000] {dag.py:3239} INFO - Sync 1 DAGs
[2024-11-23T03:46:48.997+0000] {logging_mixin.py:190} INFO - [2024-11-23T03:46:48.996+0000] {dag.py:4180} INFO - Setting next_dagrun for greenhouse_gas_behaviour to None, run_after=None
[2024-11-23T03:46:49.107+0000] {processor.py:208} INFO - Processing /opt/airflow/dags/greenhouse_gas_behaviour.py took 1.632 seconds
[2024-11-23T03:47:19.814+0000] {processor.py:186} INFO - Started process (PID=2483) to work on /opt/airflow/dags/greenhouse_gas_behaviour.py
[2024-11-23T03:47:19.816+0000] {processor.py:914} INFO - Processing file /opt/airflow/dags/greenhouse_gas_behaviour.py for tasks to queue
[2024-11-23T03:47:19.819+0000] {logging_mixin.py:190} INFO - [2024-11-23T03:47:19.818+0000] {dagbag.py:588} INFO - Filling up the DagBag from /opt/airflow/dags/greenhouse_gas_behaviour.py
[2024-11-23T03:47:20.116+0000] {processor.py:925} INFO - DAG(s) 'greenhouse_gas_behaviour' retrieved from /opt/airflow/dags/greenhouse_gas_behaviour.py
[2024-11-23T03:47:20.291+0000] {logging_mixin.py:190} INFO - [2024-11-23T03:47:20.290+0000] {dag.py:3239} INFO - Sync 1 DAGs
[2024-11-23T03:47:20.485+0000] {logging_mixin.py:190} INFO - [2024-11-23T03:47:20.485+0000] {dag.py:4180} INFO - Setting next_dagrun for greenhouse_gas_behaviour to None, run_after=None
[2024-11-23T03:47:20.578+0000] {processor.py:208} INFO - Processing /opt/airflow/dags/greenhouse_gas_behaviour.py took 0.780 seconds
[2024-11-23T03:47:51.051+0000] {processor.py:186} INFO - Started process (PID=2547) to work on /opt/airflow/dags/greenhouse_gas_behaviour.py
[2024-11-23T03:47:51.054+0000] {processor.py:914} INFO - Processing file /opt/airflow/dags/greenhouse_gas_behaviour.py for tasks to queue
[2024-11-23T03:47:51.057+0000] {logging_mixin.py:190} INFO - [2024-11-23T03:47:51.057+0000] {dagbag.py:588} INFO - Filling up the DagBag from /opt/airflow/dags/greenhouse_gas_behaviour.py
[2024-11-23T03:47:51.345+0000] {processor.py:925} INFO - DAG(s) 'greenhouse_gas_behaviour' retrieved from /opt/airflow/dags/greenhouse_gas_behaviour.py
[2024-11-23T03:47:51.405+0000] {logging_mixin.py:190} INFO - [2024-11-23T03:47:51.404+0000] {dag.py:3239} INFO - Sync 1 DAGs
[2024-11-23T03:47:51.491+0000] {logging_mixin.py:190} INFO - [2024-11-23T03:47:51.491+0000] {dag.py:4180} INFO - Setting next_dagrun for greenhouse_gas_behaviour to None, run_after=None
[2024-11-23T03:47:51.546+0000] {processor.py:208} INFO - Processing /opt/airflow/dags/greenhouse_gas_behaviour.py took 0.530 seconds
[2024-11-23T03:48:22.191+0000] {processor.py:186} INFO - Started process (PID=2610) to work on /opt/airflow/dags/greenhouse_gas_behaviour.py
[2024-11-23T03:48:22.193+0000] {processor.py:914} INFO - Processing file /opt/airflow/dags/greenhouse_gas_behaviour.py for tasks to queue
[2024-11-23T03:48:22.203+0000] {logging_mixin.py:190} INFO - [2024-11-23T03:48:22.195+0000] {dagbag.py:588} INFO - Filling up the DagBag from /opt/airflow/dags/greenhouse_gas_behaviour.py
[2024-11-23T03:48:22.469+0000] {processor.py:925} INFO - DAG(s) 'greenhouse_gas_behaviour' retrieved from /opt/airflow/dags/greenhouse_gas_behaviour.py
[2024-11-23T03:48:22.512+0000] {logging_mixin.py:190} INFO - [2024-11-23T03:48:22.511+0000] {dag.py:3239} INFO - Sync 1 DAGs
[2024-11-23T03:48:22.564+0000] {logging_mixin.py:190} INFO - [2024-11-23T03:48:22.564+0000] {dag.py:4180} INFO - Setting next_dagrun for greenhouse_gas_behaviour to None, run_after=None
[2024-11-23T03:48:22.597+0000] {processor.py:208} INFO - Processing /opt/airflow/dags/greenhouse_gas_behaviour.py took 0.427 seconds
[2024-11-23T03:48:52.865+0000] {processor.py:186} INFO - Started process (PID=2675) to work on /opt/airflow/dags/greenhouse_gas_behaviour.py
[2024-11-23T03:48:52.866+0000] {processor.py:914} INFO - Processing file /opt/airflow/dags/greenhouse_gas_behaviour.py for tasks to queue
[2024-11-23T03:48:52.869+0000] {logging_mixin.py:190} INFO - [2024-11-23T03:48:52.869+0000] {dagbag.py:588} INFO - Filling up the DagBag from /opt/airflow/dags/greenhouse_gas_behaviour.py
[2024-11-23T03:48:53.054+0000] {processor.py:925} INFO - DAG(s) 'greenhouse_gas_behaviour' retrieved from /opt/airflow/dags/greenhouse_gas_behaviour.py
[2024-11-23T03:48:53.082+0000] {logging_mixin.py:190} INFO - [2024-11-23T03:48:53.082+0000] {dag.py:3239} INFO - Sync 1 DAGs
[2024-11-23T03:48:53.419+0000] {logging_mixin.py:190} INFO - [2024-11-23T03:48:53.419+0000] {dag.py:4180} INFO - Setting next_dagrun for greenhouse_gas_behaviour to None, run_after=None
[2024-11-23T03:48:53.451+0000] {processor.py:208} INFO - Processing /opt/airflow/dags/greenhouse_gas_behaviour.py took 0.599 seconds
[2024-11-23T03:49:24.126+0000] {processor.py:186} INFO - Started process (PID=2713) to work on /opt/airflow/dags/greenhouse_gas_behaviour.py
[2024-11-23T03:49:24.128+0000] {processor.py:914} INFO - Processing file /opt/airflow/dags/greenhouse_gas_behaviour.py for tasks to queue
[2024-11-23T03:49:24.131+0000] {logging_mixin.py:190} INFO - [2024-11-23T03:49:24.130+0000] {dagbag.py:588} INFO - Filling up the DagBag from /opt/airflow/dags/greenhouse_gas_behaviour.py
[2024-11-23T03:49:24.397+0000] {processor.py:925} INFO - DAG(s) 'greenhouse_gas_behaviour' retrieved from /opt/airflow/dags/greenhouse_gas_behaviour.py
[2024-11-23T03:49:24.459+0000] {logging_mixin.py:190} INFO - [2024-11-23T03:49:24.458+0000] {dag.py:3239} INFO - Sync 1 DAGs
[2024-11-23T03:49:24.554+0000] {logging_mixin.py:190} INFO - [2024-11-23T03:49:24.554+0000] {dag.py:4180} INFO - Setting next_dagrun for greenhouse_gas_behaviour to None, run_after=None
[2024-11-23T03:49:24.627+0000] {processor.py:208} INFO - Processing /opt/airflow/dags/greenhouse_gas_behaviour.py took 0.515 seconds
[2024-11-23T03:49:57.057+0000] {processor.py:186} INFO - Started process (PID=2777) to work on /opt/airflow/dags/greenhouse_gas_behaviour.py
[2024-11-23T03:49:57.059+0000] {processor.py:914} INFO - Processing file /opt/airflow/dags/greenhouse_gas_behaviour.py for tasks to queue
[2024-11-23T03:49:57.062+0000] {logging_mixin.py:190} INFO - [2024-11-23T03:49:57.062+0000] {dagbag.py:588} INFO - Filling up the DagBag from /opt/airflow/dags/greenhouse_gas_behaviour.py
[2024-11-23T03:49:57.382+0000] {processor.py:925} INFO - DAG(s) 'greenhouse_gas_behaviour' retrieved from /opt/airflow/dags/greenhouse_gas_behaviour.py
[2024-11-23T03:49:57.437+0000] {logging_mixin.py:190} INFO - [2024-11-23T03:49:57.437+0000] {dag.py:3239} INFO - Sync 1 DAGs
[2024-11-23T03:49:57.577+0000] {logging_mixin.py:190} INFO - [2024-11-23T03:49:57.577+0000] {dag.py:4180} INFO - Setting next_dagrun for greenhouse_gas_behaviour to None, run_after=None
[2024-11-23T03:49:57.782+0000] {processor.py:208} INFO - Processing /opt/airflow/dags/greenhouse_gas_behaviour.py took 0.739 seconds
[2024-11-23T03:50:28.548+0000] {processor.py:186} INFO - Started process (PID=2842) to work on /opt/airflow/dags/greenhouse_gas_behaviour.py
[2024-11-23T03:50:28.549+0000] {processor.py:914} INFO - Processing file /opt/airflow/dags/greenhouse_gas_behaviour.py for tasks to queue
[2024-11-23T03:50:28.552+0000] {logging_mixin.py:190} INFO - [2024-11-23T03:50:28.551+0000] {dagbag.py:588} INFO - Filling up the DagBag from /opt/airflow/dags/greenhouse_gas_behaviour.py
[2024-11-23T03:50:28.722+0000] {processor.py:925} INFO - DAG(s) 'greenhouse_gas_behaviour' retrieved from /opt/airflow/dags/greenhouse_gas_behaviour.py
[2024-11-23T03:50:28.756+0000] {logging_mixin.py:190} INFO - [2024-11-23T03:50:28.756+0000] {dag.py:3239} INFO - Sync 1 DAGs
[2024-11-23T03:50:29.572+0000] {logging_mixin.py:190} INFO - [2024-11-23T03:50:29.562+0000] {dag.py:4180} INFO - Setting next_dagrun for greenhouse_gas_behaviour to None, run_after=None
[2024-11-23T03:50:29.668+0000] {processor.py:208} INFO - Processing /opt/airflow/dags/greenhouse_gas_behaviour.py took 1.135 seconds
[2024-11-23T03:51:00.658+0000] {processor.py:186} INFO - Started process (PID=2906) to work on /opt/airflow/dags/greenhouse_gas_behaviour.py
[2024-11-23T03:51:00.659+0000] {processor.py:914} INFO - Processing file /opt/airflow/dags/greenhouse_gas_behaviour.py for tasks to queue
[2024-11-23T03:51:00.662+0000] {logging_mixin.py:190} INFO - [2024-11-23T03:51:00.661+0000] {dagbag.py:588} INFO - Filling up the DagBag from /opt/airflow/dags/greenhouse_gas_behaviour.py
[2024-11-23T03:51:00.831+0000] {processor.py:925} INFO - DAG(s) 'greenhouse_gas_behaviour' retrieved from /opt/airflow/dags/greenhouse_gas_behaviour.py
[2024-11-23T03:51:00.893+0000] {logging_mixin.py:190} INFO - [2024-11-23T03:51:00.892+0000] {dag.py:3239} INFO - Sync 1 DAGs
[2024-11-23T03:51:01.381+0000] {logging_mixin.py:190} INFO - [2024-11-23T03:51:01.380+0000] {dag.py:4180} INFO - Setting next_dagrun for greenhouse_gas_behaviour to None, run_after=None
[2024-11-23T03:51:01.414+0000] {processor.py:208} INFO - Processing /opt/airflow/dags/greenhouse_gas_behaviour.py took 0.767 seconds
[2024-11-23T03:51:32.645+0000] {processor.py:186} INFO - Started process (PID=2971) to work on /opt/airflow/dags/greenhouse_gas_behaviour.py
[2024-11-23T03:51:32.646+0000] {processor.py:914} INFO - Processing file /opt/airflow/dags/greenhouse_gas_behaviour.py for tasks to queue
[2024-11-23T03:51:32.649+0000] {logging_mixin.py:190} INFO - [2024-11-23T03:51:32.648+0000] {dagbag.py:588} INFO - Filling up the DagBag from /opt/airflow/dags/greenhouse_gas_behaviour.py
[2024-11-23T03:51:32.812+0000] {processor.py:925} INFO - DAG(s) 'greenhouse_gas_behaviour' retrieved from /opt/airflow/dags/greenhouse_gas_behaviour.py
[2024-11-23T03:51:32.841+0000] {logging_mixin.py:190} INFO - [2024-11-23T03:51:32.840+0000] {dag.py:3239} INFO - Sync 1 DAGs
[2024-11-23T03:51:33.364+0000] {logging_mixin.py:190} INFO - [2024-11-23T03:51:33.364+0000] {dag.py:4180} INFO - Setting next_dagrun for greenhouse_gas_behaviour to None, run_after=None
[2024-11-23T03:51:33.450+0000] {processor.py:208} INFO - Processing /opt/airflow/dags/greenhouse_gas_behaviour.py took 0.815 seconds
[2024-11-23T03:52:06.328+0000] {processor.py:186} INFO - Started process (PID=3034) to work on /opt/airflow/dags/greenhouse_gas_behaviour.py
[2024-11-23T03:52:06.330+0000] {processor.py:914} INFO - Processing file /opt/airflow/dags/greenhouse_gas_behaviour.py for tasks to queue
[2024-11-23T03:52:06.332+0000] {logging_mixin.py:190} INFO - [2024-11-23T03:52:06.332+0000] {dagbag.py:588} INFO - Filling up the DagBag from /opt/airflow/dags/greenhouse_gas_behaviour.py
[2024-11-23T03:52:06.696+0000] {processor.py:925} INFO - DAG(s) 'greenhouse_gas_behaviour' retrieved from /opt/airflow/dags/greenhouse_gas_behaviour.py
[2024-11-23T03:52:06.732+0000] {logging_mixin.py:190} INFO - [2024-11-23T03:52:06.732+0000] {dag.py:3239} INFO - Sync 1 DAGs
[2024-11-23T03:52:06.794+0000] {logging_mixin.py:190} INFO - [2024-11-23T03:52:06.794+0000] {dag.py:4180} INFO - Setting next_dagrun for greenhouse_gas_behaviour to None, run_after=None
[2024-11-23T03:52:06.843+0000] {processor.py:208} INFO - Processing /opt/airflow/dags/greenhouse_gas_behaviour.py took 0.534 seconds
[2024-11-23T03:52:41.741+0000] {processor.py:186} INFO - Started process (PID=3100) to work on /opt/airflow/dags/greenhouse_gas_behaviour.py
[2024-11-23T03:52:41.747+0000] {processor.py:914} INFO - Processing file /opt/airflow/dags/greenhouse_gas_behaviour.py for tasks to queue
[2024-11-23T03:52:41.762+0000] {logging_mixin.py:190} INFO - [2024-11-23T03:52:41.761+0000] {dagbag.py:588} INFO - Filling up the DagBag from /opt/airflow/dags/greenhouse_gas_behaviour.py
[2024-11-23T03:52:43.004+0000] {processor.py:925} INFO - DAG(s) 'greenhouse_gas_behaviour' retrieved from /opt/airflow/dags/greenhouse_gas_behaviour.py
[2024-11-23T03:52:43.037+0000] {logging_mixin.py:190} INFO - [2024-11-23T03:52:43.037+0000] {dag.py:3239} INFO - Sync 1 DAGs
[2024-11-23T03:52:43.110+0000] {logging_mixin.py:190} INFO - [2024-11-23T03:52:43.110+0000] {dag.py:4180} INFO - Setting next_dagrun for greenhouse_gas_behaviour to None, run_after=None
[2024-11-23T03:52:43.159+0000] {processor.py:208} INFO - Processing /opt/airflow/dags/greenhouse_gas_behaviour.py took 1.442 seconds
[2024-11-23T03:53:13.799+0000] {processor.py:186} INFO - Started process (PID=3163) to work on /opt/airflow/dags/greenhouse_gas_behaviour.py
[2024-11-23T03:53:13.800+0000] {processor.py:914} INFO - Processing file /opt/airflow/dags/greenhouse_gas_behaviour.py for tasks to queue
[2024-11-23T03:53:13.803+0000] {logging_mixin.py:190} INFO - [2024-11-23T03:53:13.802+0000] {dagbag.py:588} INFO - Filling up the DagBag from /opt/airflow/dags/greenhouse_gas_behaviour.py
[2024-11-23T03:53:14.011+0000] {processor.py:925} INFO - DAG(s) 'greenhouse_gas_behaviour' retrieved from /opt/airflow/dags/greenhouse_gas_behaviour.py
[2024-11-23T03:53:14.087+0000] {logging_mixin.py:190} INFO - [2024-11-23T03:53:14.086+0000] {dag.py:3239} INFO - Sync 1 DAGs
[2024-11-23T03:53:14.570+0000] {logging_mixin.py:190} INFO - [2024-11-23T03:53:14.568+0000] {dag.py:4180} INFO - Setting next_dagrun for greenhouse_gas_behaviour to None, run_after=None
[2024-11-23T03:53:14.637+0000] {processor.py:208} INFO - Processing /opt/airflow/dags/greenhouse_gas_behaviour.py took 0.851 seconds
[2024-11-23T03:53:45.717+0000] {processor.py:186} INFO - Started process (PID=3227) to work on /opt/airflow/dags/greenhouse_gas_behaviour.py
[2024-11-23T03:53:45.719+0000] {processor.py:914} INFO - Processing file /opt/airflow/dags/greenhouse_gas_behaviour.py for tasks to queue
[2024-11-23T03:53:45.722+0000] {logging_mixin.py:190} INFO - [2024-11-23T03:53:45.721+0000] {dagbag.py:588} INFO - Filling up the DagBag from /opt/airflow/dags/greenhouse_gas_behaviour.py
[2024-11-23T03:53:45.895+0000] {processor.py:925} INFO - DAG(s) 'greenhouse_gas_behaviour' retrieved from /opt/airflow/dags/greenhouse_gas_behaviour.py
[2024-11-23T03:53:45.929+0000] {logging_mixin.py:190} INFO - [2024-11-23T03:53:45.928+0000] {dag.py:3239} INFO - Sync 1 DAGs
[2024-11-23T03:53:46.345+0000] {logging_mixin.py:190} INFO - [2024-11-23T03:53:46.345+0000] {dag.py:4180} INFO - Setting next_dagrun for greenhouse_gas_behaviour to None, run_after=None
[2024-11-23T03:53:46.386+0000] {processor.py:208} INFO - Processing /opt/airflow/dags/greenhouse_gas_behaviour.py took 0.680 seconds
[2024-11-23T03:54:18.346+0000] {processor.py:186} INFO - Started process (PID=3291) to work on /opt/airflow/dags/greenhouse_gas_behaviour.py
[2024-11-23T03:54:18.351+0000] {processor.py:914} INFO - Processing file /opt/airflow/dags/greenhouse_gas_behaviour.py for tasks to queue
[2024-11-23T03:54:18.358+0000] {logging_mixin.py:190} INFO - [2024-11-23T03:54:18.357+0000] {dagbag.py:588} INFO - Filling up the DagBag from /opt/airflow/dags/greenhouse_gas_behaviour.py
[2024-11-23T03:54:19.040+0000] {processor.py:925} INFO - DAG(s) 'greenhouse_gas_behaviour' retrieved from /opt/airflow/dags/greenhouse_gas_behaviour.py
[2024-11-23T03:54:19.103+0000] {logging_mixin.py:190} INFO - [2024-11-23T03:54:19.103+0000] {dag.py:3239} INFO - Sync 1 DAGs
[2024-11-23T03:54:19.182+0000] {logging_mixin.py:190} INFO - [2024-11-23T03:54:19.182+0000] {dag.py:4180} INFO - Setting next_dagrun for greenhouse_gas_behaviour to None, run_after=None
[2024-11-23T03:54:19.219+0000] {processor.py:208} INFO - Processing /opt/airflow/dags/greenhouse_gas_behaviour.py took 0.897 seconds
[2024-11-23T03:54:50.064+0000] {processor.py:186} INFO - Started process (PID=3357) to work on /opt/airflow/dags/greenhouse_gas_behaviour.py
[2024-11-23T03:54:50.066+0000] {processor.py:914} INFO - Processing file /opt/airflow/dags/greenhouse_gas_behaviour.py for tasks to queue
[2024-11-23T03:54:50.068+0000] {logging_mixin.py:190} INFO - [2024-11-23T03:54:50.068+0000] {dagbag.py:588} INFO - Filling up the DagBag from /opt/airflow/dags/greenhouse_gas_behaviour.py
[2024-11-23T03:54:50.562+0000] {processor.py:925} INFO - DAG(s) 'greenhouse_gas_behaviour' retrieved from /opt/airflow/dags/greenhouse_gas_behaviour.py
[2024-11-23T03:54:50.636+0000] {logging_mixin.py:190} INFO - [2024-11-23T03:54:50.632+0000] {dag.py:3239} INFO - Sync 1 DAGs
[2024-11-23T03:54:50.708+0000] {logging_mixin.py:190} INFO - [2024-11-23T03:54:50.708+0000] {dag.py:4180} INFO - Setting next_dagrun for greenhouse_gas_behaviour to None, run_after=None
[2024-11-23T03:54:50.803+0000] {processor.py:208} INFO - Processing /opt/airflow/dags/greenhouse_gas_behaviour.py took 0.750 seconds
[2024-11-23T03:55:22.589+0000] {processor.py:186} INFO - Started process (PID=3421) to work on /opt/airflow/dags/greenhouse_gas_behaviour.py
[2024-11-23T03:55:22.591+0000] {processor.py:914} INFO - Processing file /opt/airflow/dags/greenhouse_gas_behaviour.py for tasks to queue
[2024-11-23T03:55:22.594+0000] {logging_mixin.py:190} INFO - [2024-11-23T03:55:22.593+0000] {dagbag.py:588} INFO - Filling up the DagBag from /opt/airflow/dags/greenhouse_gas_behaviour.py
[2024-11-23T03:55:23.408+0000] {processor.py:925} INFO - DAG(s) 'greenhouse_gas_behaviour' retrieved from /opt/airflow/dags/greenhouse_gas_behaviour.py
[2024-11-23T03:55:23.453+0000] {logging_mixin.py:190} INFO - [2024-11-23T03:55:23.452+0000] {dag.py:3239} INFO - Sync 1 DAGs
[2024-11-23T03:55:23.501+0000] {logging_mixin.py:190} INFO - [2024-11-23T03:55:23.500+0000] {dag.py:4180} INFO - Setting next_dagrun for greenhouse_gas_behaviour to None, run_after=None
[2024-11-23T03:55:23.541+0000] {processor.py:208} INFO - Processing /opt/airflow/dags/greenhouse_gas_behaviour.py took 0.962 seconds
[2024-11-23T03:55:54.420+0000] {processor.py:186} INFO - Started process (PID=3485) to work on /opt/airflow/dags/greenhouse_gas_behaviour.py
[2024-11-23T03:55:54.424+0000] {processor.py:914} INFO - Processing file /opt/airflow/dags/greenhouse_gas_behaviour.py for tasks to queue
[2024-11-23T03:55:54.431+0000] {logging_mixin.py:190} INFO - [2024-11-23T03:55:54.429+0000] {dagbag.py:588} INFO - Filling up the DagBag from /opt/airflow/dags/greenhouse_gas_behaviour.py
[2024-11-23T03:55:55.222+0000] {processor.py:925} INFO - DAG(s) 'greenhouse_gas_behaviour' retrieved from /opt/airflow/dags/greenhouse_gas_behaviour.py
[2024-11-23T03:55:55.265+0000] {logging_mixin.py:190} INFO - [2024-11-23T03:55:55.264+0000] {dag.py:3239} INFO - Sync 1 DAGs
[2024-11-23T03:55:55.445+0000] {logging_mixin.py:190} INFO - [2024-11-23T03:55:55.436+0000] {dag.py:4180} INFO - Setting next_dagrun for greenhouse_gas_behaviour to None, run_after=None
[2024-11-23T03:55:55.523+0000] {processor.py:208} INFO - Processing /opt/airflow/dags/greenhouse_gas_behaviour.py took 1.128 seconds
[2024-11-23T03:56:26.504+0000] {processor.py:186} INFO - Started process (PID=3554) to work on /opt/airflow/dags/greenhouse_gas_behaviour.py
[2024-11-23T03:56:26.506+0000] {processor.py:914} INFO - Processing file /opt/airflow/dags/greenhouse_gas_behaviour.py for tasks to queue
[2024-11-23T03:56:26.509+0000] {logging_mixin.py:190} INFO - [2024-11-23T03:56:26.508+0000] {dagbag.py:588} INFO - Filling up the DagBag from /opt/airflow/dags/greenhouse_gas_behaviour.py
[2024-11-23T03:56:27.038+0000] {processor.py:925} INFO - DAG(s) 'greenhouse_gas_behaviour' retrieved from /opt/airflow/dags/greenhouse_gas_behaviour.py
[2024-11-23T03:56:27.069+0000] {logging_mixin.py:190} INFO - [2024-11-23T03:56:27.069+0000] {dag.py:3239} INFO - Sync 1 DAGs
[2024-11-23T03:56:27.166+0000] {logging_mixin.py:190} INFO - [2024-11-23T03:56:27.165+0000] {dag.py:4180} INFO - Setting next_dagrun for greenhouse_gas_behaviour to None, run_after=None
[2024-11-23T03:56:27.260+0000] {processor.py:208} INFO - Processing /opt/airflow/dags/greenhouse_gas_behaviour.py took 0.767 seconds
[2024-11-23T03:56:58.566+0000] {processor.py:186} INFO - Started process (PID=3618) to work on /opt/airflow/dags/greenhouse_gas_behaviour.py
[2024-11-23T03:56:58.568+0000] {processor.py:914} INFO - Processing file /opt/airflow/dags/greenhouse_gas_behaviour.py for tasks to queue
[2024-11-23T03:56:58.571+0000] {logging_mixin.py:190} INFO - [2024-11-23T03:56:58.570+0000] {dagbag.py:588} INFO - Filling up the DagBag from /opt/airflow/dags/greenhouse_gas_behaviour.py
[2024-11-23T03:56:59.341+0000] {processor.py:925} INFO - DAG(s) 'greenhouse_gas_behaviour' retrieved from /opt/airflow/dags/greenhouse_gas_behaviour.py
[2024-11-23T03:56:59.380+0000] {logging_mixin.py:190} INFO - [2024-11-23T03:56:59.379+0000] {dag.py:3239} INFO - Sync 1 DAGs
[2024-11-23T03:56:59.427+0000] {logging_mixin.py:190} INFO - [2024-11-23T03:56:59.426+0000] {dag.py:4180} INFO - Setting next_dagrun for greenhouse_gas_behaviour to None, run_after=None
[2024-11-23T03:56:59.464+0000] {processor.py:208} INFO - Processing /opt/airflow/dags/greenhouse_gas_behaviour.py took 0.917 seconds
[2024-11-23T03:57:31.591+0000] {processor.py:186} INFO - Started process (PID=3683) to work on /opt/airflow/dags/greenhouse_gas_behaviour.py
[2024-11-23T03:57:31.594+0000] {processor.py:914} INFO - Processing file /opt/airflow/dags/greenhouse_gas_behaviour.py for tasks to queue
[2024-11-23T03:57:31.597+0000] {logging_mixin.py:190} INFO - [2024-11-23T03:57:31.597+0000] {dagbag.py:588} INFO - Filling up the DagBag from /opt/airflow/dags/greenhouse_gas_behaviour.py
[2024-11-23T03:57:32.307+0000] {logging_mixin.py:190} INFO - [2024-11-23T03:57:32.296+0000] {dagbag.py:387} ERROR - Failed to import: /opt/airflow/dags/greenhouse_gas_behaviour.py
Traceback (most recent call last):
  File "/home/airflow/.local/lib/python3.12/site-packages/airflow/models/dagbag.py", line 383, in parse
    loader.exec_module(new_module)
  File "<frozen importlib._bootstrap_external>", line 995, in exec_module
  File "<frozen importlib._bootstrap>", line 488, in _call_with_frames_removed
  File "/opt/airflow/dags/greenhouse_gas_behaviour.py", line 38, in <module>
    get_energy_mix = PythonOperator(
                     ^^^^^^^^^^^^^^^
  File "/home/airflow/.local/lib/python3.12/site-packages/airflow/models/baseoperator.py", line 484, in apply_defaults
    raise AirflowException(f"missing keyword argument {missing_args.pop()!r}")
airflow.exceptions.AirflowException: missing keyword argument 'python_callable'
[2024-11-23T03:57:32.309+0000] {processor.py:927} WARNING - No viable dags retrieved from /opt/airflow/dags/greenhouse_gas_behaviour.py
[2024-11-23T03:57:32.343+0000] {processor.py:208} INFO - Processing /opt/airflow/dags/greenhouse_gas_behaviour.py took 0.773 seconds
[2024-11-23T03:58:03.998+0000] {processor.py:186} INFO - Started process (PID=3741) to work on /opt/airflow/dags/greenhouse_gas_behaviour.py
[2024-11-23T03:58:04.001+0000] {processor.py:914} INFO - Processing file /opt/airflow/dags/greenhouse_gas_behaviour.py for tasks to queue
[2024-11-23T03:58:04.004+0000] {logging_mixin.py:190} INFO - [2024-11-23T03:58:04.003+0000] {dagbag.py:588} INFO - Filling up the DagBag from /opt/airflow/dags/greenhouse_gas_behaviour.py
[2024-11-23T03:58:05.798+0000] {logging_mixin.py:190} INFO - [2024-11-23T03:58:05.745+0000] {dagbag.py:387} ERROR - Failed to import: /opt/airflow/dags/greenhouse_gas_behaviour.py
Traceback (most recent call last):
  File "/home/airflow/.local/lib/python3.12/site-packages/airflow/models/dagbag.py", line 383, in parse
    loader.exec_module(new_module)
  File "<frozen importlib._bootstrap_external>", line 995, in exec_module
  File "<frozen importlib._bootstrap>", line 488, in _call_with_frames_removed
  File "/opt/airflow/dags/greenhouse_gas_behaviour.py", line 38, in <module>
    get_energy_mix = PythonOperator(
                     ^^^^^^^^^^^^^^^
  File "/home/airflow/.local/lib/python3.12/site-packages/airflow/models/baseoperator.py", line 484, in apply_defaults
    raise AirflowException(f"missing keyword argument {missing_args.pop()!r}")
airflow.exceptions.AirflowException: missing keyword argument 'python_callable'
[2024-11-23T03:58:05.825+0000] {processor.py:927} WARNING - No viable dags retrieved from /opt/airflow/dags/greenhouse_gas_behaviour.py
[2024-11-23T03:58:05.937+0000] {processor.py:208} INFO - Processing /opt/airflow/dags/greenhouse_gas_behaviour.py took 1.954 seconds
[2024-11-23T03:58:36.905+0000] {processor.py:186} INFO - Started process (PID=3805) to work on /opt/airflow/dags/greenhouse_gas_behaviour.py
[2024-11-23T03:58:36.908+0000] {processor.py:914} INFO - Processing file /opt/airflow/dags/greenhouse_gas_behaviour.py for tasks to queue
[2024-11-23T03:58:36.922+0000] {logging_mixin.py:190} INFO - [2024-11-23T03:58:36.921+0000] {dagbag.py:588} INFO - Filling up the DagBag from /opt/airflow/dags/greenhouse_gas_behaviour.py
[2024-11-23T03:58:39.090+0000] {logging_mixin.py:190} INFO - [2024-11-23T03:58:38.864+0000] {dagbag.py:387} ERROR - Failed to import: /opt/airflow/dags/greenhouse_gas_behaviour.py
Traceback (most recent call last):
  File "/home/airflow/.local/lib/python3.12/site-packages/airflow/models/dagbag.py", line 383, in parse
    loader.exec_module(new_module)
  File "<frozen importlib._bootstrap_external>", line 995, in exec_module
  File "<frozen importlib._bootstrap>", line 488, in _call_with_frames_removed
  File "/opt/airflow/dags/greenhouse_gas_behaviour.py", line 38, in <module>
    get_energy_mix = PythonOperator(
                     ^^^^^^^^^^^^^^^
  File "/home/airflow/.local/lib/python3.12/site-packages/airflow/models/baseoperator.py", line 484, in apply_defaults
    raise AirflowException(f"missing keyword argument {missing_args.pop()!r}")
airflow.exceptions.AirflowException: missing keyword argument 'python_callable'
[2024-11-23T03:58:39.132+0000] {processor.py:927} WARNING - No viable dags retrieved from /opt/airflow/dags/greenhouse_gas_behaviour.py
[2024-11-23T03:58:39.372+0000] {processor.py:208} INFO - Processing /opt/airflow/dags/greenhouse_gas_behaviour.py took 2.506 seconds
[2024-11-23T03:59:21.237+0000] {processor.py:186} INFO - Started process (PID=3839) to work on /opt/airflow/dags/greenhouse_gas_behaviour.py
[2024-11-23T03:59:21.240+0000] {processor.py:914} INFO - Processing file /opt/airflow/dags/greenhouse_gas_behaviour.py for tasks to queue
[2024-11-23T03:59:21.254+0000] {logging_mixin.py:190} INFO - [2024-11-23T03:59:21.253+0000] {dagbag.py:588} INFO - Filling up the DagBag from /opt/airflow/dags/greenhouse_gas_behaviour.py
[2024-11-23T03:59:24.301+0000] {logging_mixin.py:190} INFO - [2024-11-23T03:59:23.617+0000] {dagbag.py:387} ERROR - Failed to import: /opt/airflow/dags/greenhouse_gas_behaviour.py
Traceback (most recent call last):
  File "/home/airflow/.local/lib/python3.12/site-packages/airflow/models/dagbag.py", line 383, in parse
    loader.exec_module(new_module)
  File "<frozen importlib._bootstrap_external>", line 995, in exec_module
  File "<frozen importlib._bootstrap>", line 488, in _call_with_frames_removed
  File "/opt/airflow/dags/greenhouse_gas_behaviour.py", line 38, in <module>
    get_energy_mix = PythonOperator(
                     ^^^^^^^^^^^^^^^
  File "/home/airflow/.local/lib/python3.12/site-packages/airflow/models/baseoperator.py", line 484, in apply_defaults
    raise AirflowException(f"missing keyword argument {missing_args.pop()!r}")
airflow.exceptions.AirflowException: missing keyword argument 'python_callable'
[2024-11-23T03:59:24.323+0000] {processor.py:927} WARNING - No viable dags retrieved from /opt/airflow/dags/greenhouse_gas_behaviour.py
[2024-11-23T03:59:24.728+0000] {processor.py:208} INFO - Processing /opt/airflow/dags/greenhouse_gas_behaviour.py took 3.515 seconds
[2024-11-23T03:59:55.413+0000] {processor.py:186} INFO - Started process (PID=3899) to work on /opt/airflow/dags/greenhouse_gas_behaviour.py
[2024-11-23T03:59:55.414+0000] {processor.py:914} INFO - Processing file /opt/airflow/dags/greenhouse_gas_behaviour.py for tasks to queue
[2024-11-23T03:59:55.418+0000] {logging_mixin.py:190} INFO - [2024-11-23T03:59:55.417+0000] {dagbag.py:588} INFO - Filling up the DagBag from /opt/airflow/dags/greenhouse_gas_behaviour.py
[2024-11-23T03:59:55.698+0000] {logging_mixin.py:190} INFO - [2024-11-23T03:59:55.691+0000] {dagbag.py:387} ERROR - Failed to import: /opt/airflow/dags/greenhouse_gas_behaviour.py
Traceback (most recent call last):
  File "/home/airflow/.local/lib/python3.12/site-packages/airflow/models/dagbag.py", line 383, in parse
    loader.exec_module(new_module)
  File "<frozen importlib._bootstrap_external>", line 995, in exec_module
  File "<frozen importlib._bootstrap>", line 488, in _call_with_frames_removed
  File "/opt/airflow/dags/greenhouse_gas_behaviour.py", line 49, in <module>
    extract_co2_emission >> extract_population_data >> extract_energy_mix >> extract_co2_land_use
    ~~~~~~~~~~~~~~~~~~~~~^^~~~~~~~~~~~~~~~~~~~~~~~~
TypeError: unsupported operand type(s) for >>: 'function' and 'function'
[2024-11-23T03:59:55.700+0000] {processor.py:927} WARNING - No viable dags retrieved from /opt/airflow/dags/greenhouse_gas_behaviour.py
[2024-11-23T03:59:55.738+0000] {processor.py:208} INFO - Processing /opt/airflow/dags/greenhouse_gas_behaviour.py took 0.337 seconds
[2024-11-23T04:00:26.359+0000] {processor.py:186} INFO - Started process (PID=3963) to work on /opt/airflow/dags/greenhouse_gas_behaviour.py
[2024-11-23T04:00:26.369+0000] {processor.py:914} INFO - Processing file /opt/airflow/dags/greenhouse_gas_behaviour.py for tasks to queue
[2024-11-23T04:00:26.373+0000] {logging_mixin.py:190} INFO - [2024-11-23T04:00:26.372+0000] {dagbag.py:588} INFO - Filling up the DagBag from /opt/airflow/dags/greenhouse_gas_behaviour.py
[2024-11-23T04:00:27.211+0000] {logging_mixin.py:190} INFO - [2024-11-23T04:00:27.196+0000] {dagbag.py:387} ERROR - Failed to import: /opt/airflow/dags/greenhouse_gas_behaviour.py
Traceback (most recent call last):
  File "/home/airflow/.local/lib/python3.12/site-packages/airflow/models/dagbag.py", line 383, in parse
    loader.exec_module(new_module)
  File "<frozen importlib._bootstrap_external>", line 995, in exec_module
  File "<frozen importlib._bootstrap>", line 488, in _call_with_frames_removed
  File "/opt/airflow/dags/greenhouse_gas_behaviour.py", line 49, in <module>
    extract_co2_emission >> extract_population_data >> extract_energy_mix >> extract_co2_land_use
    ~~~~~~~~~~~~~~~~~~~~~^^~~~~~~~~~~~~~~~~~~~~~~~~
TypeError: unsupported operand type(s) for >>: 'function' and 'function'
[2024-11-23T04:00:27.215+0000] {processor.py:927} WARNING - No viable dags retrieved from /opt/airflow/dags/greenhouse_gas_behaviour.py
[2024-11-23T04:00:27.276+0000] {processor.py:208} INFO - Processing /opt/airflow/dags/greenhouse_gas_behaviour.py took 0.981 seconds
[2024-11-23T04:00:57.500+0000] {processor.py:186} INFO - Started process (PID=4025) to work on /opt/airflow/dags/greenhouse_gas_behaviour.py
[2024-11-23T04:00:57.504+0000] {processor.py:914} INFO - Processing file /opt/airflow/dags/greenhouse_gas_behaviour.py for tasks to queue
[2024-11-23T04:00:57.508+0000] {logging_mixin.py:190} INFO - [2024-11-23T04:00:57.507+0000] {dagbag.py:588} INFO - Filling up the DagBag from /opt/airflow/dags/greenhouse_gas_behaviour.py
[2024-11-23T04:00:58.884+0000] {logging_mixin.py:190} INFO - [2024-11-23T04:00:58.848+0000] {dagbag.py:387} ERROR - Failed to import: /opt/airflow/dags/greenhouse_gas_behaviour.py
Traceback (most recent call last):
  File "/home/airflow/.local/lib/python3.12/site-packages/airflow/models/dagbag.py", line 383, in parse
    loader.exec_module(new_module)
  File "<frozen importlib._bootstrap_external>", line 995, in exec_module
  File "<frozen importlib._bootstrap>", line 488, in _call_with_frames_removed
  File "/opt/airflow/dags/greenhouse_gas_behaviour.py", line 49, in <module>
    extract_co2_emission >> extract_population_data >> extract_energy_mix >> extract_co2_land_use
    ~~~~~~~~~~~~~~~~~~~~~^^~~~~~~~~~~~~~~~~~~~~~~~~
TypeError: unsupported operand type(s) for >>: 'function' and 'function'
[2024-11-23T04:00:58.887+0000] {processor.py:927} WARNING - No viable dags retrieved from /opt/airflow/dags/greenhouse_gas_behaviour.py
[2024-11-23T04:00:58.947+0000] {processor.py:208} INFO - Processing /opt/airflow/dags/greenhouse_gas_behaviour.py took 1.518 seconds
[2024-11-23T04:01:19.814+0000] {processor.py:186} INFO - Started process (PID=4061) to work on /opt/airflow/dags/greenhouse_gas_behaviour.py
[2024-11-23T04:01:19.816+0000] {processor.py:914} INFO - Processing file /opt/airflow/dags/greenhouse_gas_behaviour.py for tasks to queue
[2024-11-23T04:01:19.820+0000] {logging_mixin.py:190} INFO - [2024-11-23T04:01:19.819+0000] {dagbag.py:588} INFO - Filling up the DagBag from /opt/airflow/dags/greenhouse_gas_behaviour.py
[2024-11-23T04:01:20.399+0000] {processor.py:925} INFO - DAG(s) 'greenhouse_gas_behaviour' retrieved from /opt/airflow/dags/greenhouse_gas_behaviour.py
[2024-11-23T04:01:21.490+0000] {logging_mixin.py:190} INFO - [2024-11-23T04:01:21.489+0000] {dag.py:3239} INFO - Sync 1 DAGs
[2024-11-23T04:01:21.543+0000] {logging_mixin.py:190} INFO - [2024-11-23T04:01:21.542+0000] {dag.py:4180} INFO - Setting next_dagrun for greenhouse_gas_behaviour to None, run_after=None
[2024-11-23T04:01:21.603+0000] {processor.py:208} INFO - Processing /opt/airflow/dags/greenhouse_gas_behaviour.py took 1.807 seconds
[2024-11-23T04:02:30.047+0000] {processor.py:186} INFO - Started process (PID=4108) to work on /opt/airflow/dags/greenhouse_gas_behaviour.py
[2024-11-23T04:02:30.049+0000] {processor.py:914} INFO - Processing file /opt/airflow/dags/greenhouse_gas_behaviour.py for tasks to queue
[2024-11-23T04:02:30.052+0000] {logging_mixin.py:190} INFO - [2024-11-23T04:02:30.051+0000] {dagbag.py:588} INFO - Filling up the DagBag from /opt/airflow/dags/greenhouse_gas_behaviour.py
[2024-11-23T04:02:31.305+0000] {processor.py:925} INFO - DAG(s) 'greenhouse_gas_behaviour' retrieved from /opt/airflow/dags/greenhouse_gas_behaviour.py
[2024-11-23T04:02:31.547+0000] {logging_mixin.py:190} INFO - [2024-11-23T04:02:31.546+0000] {dag.py:3239} INFO - Sync 1 DAGs
[2024-11-23T04:02:31.754+0000] {logging_mixin.py:190} INFO - [2024-11-23T04:02:31.753+0000] {dag.py:4180} INFO - Setting next_dagrun for greenhouse_gas_behaviour to None, run_after=None
[2024-11-23T04:02:31.995+0000] {processor.py:208} INFO - Processing /opt/airflow/dags/greenhouse_gas_behaviour.py took 1.962 seconds
[2024-11-23T04:03:02.575+0000] {processor.py:186} INFO - Started process (PID=4178) to work on /opt/airflow/dags/greenhouse_gas_behaviour.py
[2024-11-23T04:03:02.578+0000] {processor.py:914} INFO - Processing file /opt/airflow/dags/greenhouse_gas_behaviour.py for tasks to queue
[2024-11-23T04:03:02.581+0000] {logging_mixin.py:190} INFO - [2024-11-23T04:03:02.580+0000] {dagbag.py:588} INFO - Filling up the DagBag from /opt/airflow/dags/greenhouse_gas_behaviour.py
[2024-11-23T04:03:02.916+0000] {processor.py:925} INFO - DAG(s) 'greenhouse_gas_behaviour' retrieved from /opt/airflow/dags/greenhouse_gas_behaviour.py
[2024-11-23T04:03:02.990+0000] {logging_mixin.py:190} INFO - [2024-11-23T04:03:02.989+0000] {dag.py:3239} INFO - Sync 1 DAGs
[2024-11-23T04:03:03.117+0000] {logging_mixin.py:190} INFO - [2024-11-23T04:03:03.116+0000] {dag.py:4180} INFO - Setting next_dagrun for greenhouse_gas_behaviour to None, run_after=None
[2024-11-23T04:03:03.173+0000] {processor.py:208} INFO - Processing /opt/airflow/dags/greenhouse_gas_behaviour.py took 0.608 seconds
[2024-11-23T04:03:39.603+0000] {processor.py:186} INFO - Started process (PID=4242) to work on /opt/airflow/dags/greenhouse_gas_behaviour.py
[2024-11-23T04:03:39.605+0000] {processor.py:914} INFO - Processing file /opt/airflow/dags/greenhouse_gas_behaviour.py for tasks to queue
[2024-11-23T04:03:39.610+0000] {logging_mixin.py:190} INFO - [2024-11-23T04:03:39.609+0000] {dagbag.py:588} INFO - Filling up the DagBag from /opt/airflow/dags/greenhouse_gas_behaviour.py
[2024-11-23T04:03:40.288+0000] {processor.py:925} INFO - DAG(s) 'greenhouse_gas_behaviour' retrieved from /opt/airflow/dags/greenhouse_gas_behaviour.py
[2024-11-23T04:03:40.336+0000] {logging_mixin.py:190} INFO - [2024-11-23T04:03:40.336+0000] {dag.py:3239} INFO - Sync 1 DAGs
[2024-11-23T04:03:40.434+0000] {logging_mixin.py:190} INFO - [2024-11-23T04:03:40.429+0000] {dag.py:4180} INFO - Setting next_dagrun for greenhouse_gas_behaviour to None, run_after=None
[2024-11-23T04:03:40.528+0000] {processor.py:208} INFO - Processing /opt/airflow/dags/greenhouse_gas_behaviour.py took 0.950 seconds
[2024-11-23T04:04:11.925+0000] {processor.py:186} INFO - Started process (PID=4262) to work on /opt/airflow/dags/greenhouse_gas_behaviour.py
[2024-11-23T04:04:11.927+0000] {processor.py:914} INFO - Processing file /opt/airflow/dags/greenhouse_gas_behaviour.py for tasks to queue
[2024-11-23T04:04:11.930+0000] {logging_mixin.py:190} INFO - [2024-11-23T04:04:11.929+0000] {dagbag.py:588} INFO - Filling up the DagBag from /opt/airflow/dags/greenhouse_gas_behaviour.py
[2024-11-23T04:04:12.545+0000] {processor.py:925} INFO - DAG(s) 'greenhouse_gas_behaviour' retrieved from /opt/airflow/dags/greenhouse_gas_behaviour.py
[2024-11-23T04:04:12.605+0000] {logging_mixin.py:190} INFO - [2024-11-23T04:04:12.604+0000] {dag.py:3239} INFO - Sync 1 DAGs
[2024-11-23T04:04:12.754+0000] {logging_mixin.py:190} INFO - [2024-11-23T04:04:12.753+0000] {dag.py:4180} INFO - Setting next_dagrun for greenhouse_gas_behaviour to None, run_after=None
[2024-11-23T04:04:12.857+0000] {processor.py:208} INFO - Processing /opt/airflow/dags/greenhouse_gas_behaviour.py took 0.945 seconds
[2024-11-23T04:04:43.636+0000] {processor.py:186} INFO - Started process (PID=4320) to work on /opt/airflow/dags/greenhouse_gas_behaviour.py
[2024-11-23T04:04:43.637+0000] {processor.py:914} INFO - Processing file /opt/airflow/dags/greenhouse_gas_behaviour.py for tasks to queue
[2024-11-23T04:04:43.640+0000] {logging_mixin.py:190} INFO - [2024-11-23T04:04:43.639+0000] {dagbag.py:588} INFO - Filling up the DagBag from /opt/airflow/dags/greenhouse_gas_behaviour.py
[2024-11-23T04:04:43.890+0000] {processor.py:925} INFO - DAG(s) 'greenhouse_gas_behaviour' retrieved from /opt/airflow/dags/greenhouse_gas_behaviour.py
[2024-11-23T04:04:43.928+0000] {logging_mixin.py:190} INFO - [2024-11-23T04:04:43.927+0000] {dag.py:3239} INFO - Sync 1 DAGs
[2024-11-23T04:04:43.988+0000] {logging_mixin.py:190} INFO - [2024-11-23T04:04:43.987+0000] {dag.py:4180} INFO - Setting next_dagrun for greenhouse_gas_behaviour to None, run_after=None
[2024-11-23T04:04:44.040+0000] {processor.py:208} INFO - Processing /opt/airflow/dags/greenhouse_gas_behaviour.py took 0.417 seconds
[2024-11-23T04:05:16.784+0000] {processor.py:186} INFO - Started process (PID=4384) to work on /opt/airflow/dags/greenhouse_gas_behaviour.py
[2024-11-23T04:05:16.786+0000] {processor.py:914} INFO - Processing file /opt/airflow/dags/greenhouse_gas_behaviour.py for tasks to queue
[2024-11-23T04:05:16.789+0000] {logging_mixin.py:190} INFO - [2024-11-23T04:05:16.789+0000] {dagbag.py:588} INFO - Filling up the DagBag from /opt/airflow/dags/greenhouse_gas_behaviour.py
[2024-11-23T04:05:16.992+0000] {processor.py:925} INFO - DAG(s) 'greenhouse_gas_behaviour' retrieved from /opt/airflow/dags/greenhouse_gas_behaviour.py
[2024-11-23T04:05:17.029+0000] {logging_mixin.py:190} INFO - [2024-11-23T04:05:17.028+0000] {dag.py:3239} INFO - Sync 1 DAGs
[2024-11-23T04:05:17.107+0000] {logging_mixin.py:190} INFO - [2024-11-23T04:05:17.107+0000] {dag.py:4180} INFO - Setting next_dagrun for greenhouse_gas_behaviour to None, run_after=None
[2024-11-23T04:05:17.230+0000] {processor.py:208} INFO - Processing /opt/airflow/dags/greenhouse_gas_behaviour.py took 0.461 seconds
[2024-11-23T04:05:49.109+0000] {processor.py:186} INFO - Started process (PID=4450) to work on /opt/airflow/dags/greenhouse_gas_behaviour.py
[2024-11-23T04:05:49.111+0000] {processor.py:914} INFO - Processing file /opt/airflow/dags/greenhouse_gas_behaviour.py for tasks to queue
[2024-11-23T04:05:49.114+0000] {logging_mixin.py:190} INFO - [2024-11-23T04:05:49.113+0000] {dagbag.py:588} INFO - Filling up the DagBag from /opt/airflow/dags/greenhouse_gas_behaviour.py
[2024-11-23T04:05:49.415+0000] {processor.py:925} INFO - DAG(s) 'greenhouse_gas_behaviour' retrieved from /opt/airflow/dags/greenhouse_gas_behaviour.py
[2024-11-23T04:05:49.451+0000] {logging_mixin.py:190} INFO - [2024-11-23T04:05:49.451+0000] {dag.py:3239} INFO - Sync 1 DAGs
[2024-11-23T04:05:49.502+0000] {logging_mixin.py:190} INFO - [2024-11-23T04:05:49.501+0000] {dag.py:4180} INFO - Setting next_dagrun for greenhouse_gas_behaviour to None, run_after=None
[2024-11-23T04:05:49.536+0000] {processor.py:208} INFO - Processing /opt/airflow/dags/greenhouse_gas_behaviour.py took 0.441 seconds
[2024-11-23T04:06:25.626+0000] {processor.py:186} INFO - Started process (PID=4515) to work on /opt/airflow/dags/greenhouse_gas_behaviour.py
[2024-11-23T04:06:25.629+0000] {processor.py:914} INFO - Processing file /opt/airflow/dags/greenhouse_gas_behaviour.py for tasks to queue
[2024-11-23T04:06:25.643+0000] {logging_mixin.py:190} INFO - [2024-11-23T04:06:25.641+0000] {dagbag.py:588} INFO - Filling up the DagBag from /opt/airflow/dags/greenhouse_gas_behaviour.py
[2024-11-23T04:06:26.994+0000] {processor.py:925} INFO - DAG(s) 'greenhouse_gas_behaviour' retrieved from /opt/airflow/dags/greenhouse_gas_behaviour.py
[2024-11-23T04:06:27.069+0000] {logging_mixin.py:190} INFO - [2024-11-23T04:06:27.068+0000] {dag.py:3239} INFO - Sync 1 DAGs
[2024-11-23T04:06:27.215+0000] {logging_mixin.py:190} INFO - [2024-11-23T04:06:27.215+0000] {dag.py:4180} INFO - Setting next_dagrun for greenhouse_gas_behaviour to None, run_after=None
[2024-11-23T04:06:27.379+0000] {processor.py:208} INFO - Processing /opt/airflow/dags/greenhouse_gas_behaviour.py took 1.775 seconds
[2024-11-23T04:06:57.930+0000] {processor.py:186} INFO - Started process (PID=4579) to work on /opt/airflow/dags/greenhouse_gas_behaviour.py
[2024-11-23T04:06:57.938+0000] {processor.py:914} INFO - Processing file /opt/airflow/dags/greenhouse_gas_behaviour.py for tasks to queue
[2024-11-23T04:06:57.943+0000] {logging_mixin.py:190} INFO - [2024-11-23T04:06:57.942+0000] {dagbag.py:588} INFO - Filling up the DagBag from /opt/airflow/dags/greenhouse_gas_behaviour.py
[2024-11-23T04:06:58.766+0000] {processor.py:925} INFO - DAG(s) 'greenhouse_gas_behaviour' retrieved from /opt/airflow/dags/greenhouse_gas_behaviour.py
[2024-11-23T04:06:58.847+0000] {logging_mixin.py:190} INFO - [2024-11-23T04:06:58.846+0000] {dag.py:3239} INFO - Sync 1 DAGs
[2024-11-23T04:06:58.919+0000] {logging_mixin.py:190} INFO - [2024-11-23T04:06:58.918+0000] {dag.py:4180} INFO - Setting next_dagrun for greenhouse_gas_behaviour to None, run_after=None
[2024-11-23T04:06:58.984+0000] {processor.py:208} INFO - Processing /opt/airflow/dags/greenhouse_gas_behaviour.py took 1.066 seconds
[2024-11-23T04:07:25.616+0000] {processor.py:186} INFO - Started process (PID=4640) to work on /opt/airflow/dags/greenhouse_gas_behaviour.py
[2024-11-23T04:07:25.618+0000] {processor.py:914} INFO - Processing file /opt/airflow/dags/greenhouse_gas_behaviour.py for tasks to queue
[2024-11-23T04:07:25.619+0000] {logging_mixin.py:190} INFO - [2024-11-23T04:07:25.619+0000] {dagbag.py:588} INFO - Filling up the DagBag from /opt/airflow/dags/greenhouse_gas_behaviour.py
[2024-11-23T04:07:25.797+0000] {processor.py:925} INFO - DAG(s) 'greenhouse_gas_behaviour' retrieved from /opt/airflow/dags/greenhouse_gas_behaviour.py
[2024-11-23T04:07:26.086+0000] {logging_mixin.py:190} INFO - [2024-11-23T04:07:26.086+0000] {dag.py:3239} INFO - Sync 1 DAGs
[2024-11-23T04:07:26.119+0000] {logging_mixin.py:190} INFO - [2024-11-23T04:07:26.119+0000] {dag.py:4180} INFO - Setting next_dagrun for greenhouse_gas_behaviour to 2024-11-22 00:00:00+00:00, run_after=2024-11-23 00:00:00+00:00
[2024-11-23T04:07:26.174+0000] {processor.py:208} INFO - Processing /opt/airflow/dags/greenhouse_gas_behaviour.py took 0.565 seconds
[2024-11-23T04:08:06.472+0000] {processor.py:186} INFO - Started process (PID=4704) to work on /opt/airflow/dags/greenhouse_gas_behaviour.py
[2024-11-23T04:08:06.477+0000] {processor.py:914} INFO - Processing file /opt/airflow/dags/greenhouse_gas_behaviour.py for tasks to queue
[2024-11-23T04:08:06.481+0000] {logging_mixin.py:190} INFO - [2024-11-23T04:08:06.481+0000] {dagbag.py:588} INFO - Filling up the DagBag from /opt/airflow/dags/greenhouse_gas_behaviour.py
[2024-11-23T04:08:06.881+0000] {processor.py:925} INFO - DAG(s) 'greenhouse_gas_behaviour' retrieved from /opt/airflow/dags/greenhouse_gas_behaviour.py
[2024-11-23T04:08:07.338+0000] {logging_mixin.py:190} INFO - [2024-11-23T04:08:07.338+0000] {dag.py:3239} INFO - Sync 1 DAGs
[2024-11-23T04:08:07.471+0000] {logging_mixin.py:190} INFO - [2024-11-23T04:08:07.470+0000] {dag.py:4180} INFO - Setting next_dagrun for greenhouse_gas_behaviour to 2024-11-22 00:00:00+00:00, run_after=2024-11-23 00:00:00+00:00
[2024-11-23T04:08:07.539+0000] {processor.py:208} INFO - Processing /opt/airflow/dags/greenhouse_gas_behaviour.py took 1.085 seconds
