[2024-11-24T02:01:51.314+0000] {local_task_job_runner.py:123} INFO - ::group::Pre task execution logs
[2024-11-24T02:01:51.398+0000] {taskinstance.py:2613} INFO - Dependencies all met for dep_context=non-requeueable deps ti=<TaskInstance: greenhouse_gas_behaviour.clean_co2_land_use manual__2024-11-24T02:00:15.622627+00:00 [queued]>
[2024-11-24T02:01:51.421+0000] {taskinstance.py:2613} INFO - Dependencies all met for dep_context=requeueable deps ti=<TaskInstance: greenhouse_gas_behaviour.clean_co2_land_use manual__2024-11-24T02:00:15.622627+00:00 [queued]>
[2024-11-24T02:01:51.422+0000] {taskinstance.py:2866} INFO - Starting attempt 1 of 1
[2024-11-24T02:01:51.469+0000] {taskinstance.py:2889} INFO - Executing <Task(PythonOperator): clean_co2_land_use> on 2024-11-24 02:00:15.622627+00:00
[2024-11-24T02:01:51.486+0000] {warnings.py:112} WARNING - /home/***/.local/lib/python3.12/site-packages/***/task/task_runner/standard_task_runner.py:70: DeprecationWarning: This process (pid=2534) is multi-threaded, use of fork() may lead to deadlocks in the child.
  pid = os.fork()

[2024-11-24T02:01:51.491+0000] {standard_task_runner.py:72} INFO - Started process 2543 to run task
[2024-11-24T02:01:51.498+0000] {standard_task_runner.py:104} INFO - Running: ['***', 'tasks', 'run', 'greenhouse_gas_behaviour', 'clean_co2_land_use', 'manual__2024-11-24T02:00:15.622627+00:00', '--job-id', '50', '--raw', '--subdir', 'DAGS_FOLDER/greenhouse_gas_behaviour.py', '--cfg-path', '/tmp/tmp3jj5qjht']
[2024-11-24T02:01:51.500+0000] {standard_task_runner.py:105} INFO - Job 50: Subtask clean_co2_land_use
[2024-11-24T02:01:51.674+0000] {task_command.py:467} INFO - Running <TaskInstance: greenhouse_gas_behaviour.clean_co2_land_use manual__2024-11-24T02:00:15.622627+00:00 [running]> on host 25d920d1683b
[2024-11-24T02:01:52.004+0000] {taskinstance.py:3132} INFO - Exporting env vars: AIRFLOW_CTX_DAG_OWNER='***' AIRFLOW_CTX_DAG_ID='greenhouse_gas_behaviour' AIRFLOW_CTX_TASK_ID='clean_co2_land_use' AIRFLOW_CTX_EXECUTION_DATE='2024-11-24T02:00:15.622627+00:00' AIRFLOW_CTX_TRY_NUMBER='1' AIRFLOW_CTX_DAG_RUN_ID='manual__2024-11-24T02:00:15.622627+00:00'
[2024-11-24T02:01:52.009+0000] {logging_mixin.py:190} INFO - Task instance is in running state
[2024-11-24T02:01:52.012+0000] {logging_mixin.py:190} INFO -  Previous state of the Task instance: queued
[2024-11-24T02:01:52.013+0000] {logging_mixin.py:190} INFO - Current task name:clean_co2_land_use state:running start_date:2024-11-24 02:01:51.400766+00:00
[2024-11-24T02:01:52.014+0000] {logging_mixin.py:190} INFO - Dag name:greenhouse_gas_behaviour and current dag run status:running
[2024-11-24T02:01:52.015+0000] {taskinstance.py:731} INFO - ::endgroup::
[2024-11-24T02:01:52.016+0000] {python.py:240} INFO - Done. Returned value was: None
[2024-11-24T02:01:52.044+0000] {taskinstance.py:340} INFO - ::group::Post task execution logs
[2024-11-24T02:01:52.045+0000] {taskinstance.py:352} INFO - Marking task as SUCCESS. dag_id=greenhouse_gas_behaviour, task_id=clean_co2_land_use, run_id=manual__2024-11-24T02:00:15.622627+00:00, execution_date=20241124T020015, start_date=20241124T020151, end_date=20241124T020152
[2024-11-24T02:01:52.105+0000] {logging_mixin.py:190} INFO - Task instance in success state
[2024-11-24T02:01:52.115+0000] {logging_mixin.py:190} INFO -  Previous state of the Task instance: running
[2024-11-24T02:01:52.116+0000] {logging_mixin.py:190} INFO - Dag name:greenhouse_gas_behaviour queued_at:2024-11-24 02:00:16.399467+00:00
[2024-11-24T02:01:52.117+0000] {logging_mixin.py:190} INFO - Task hostname:25d920d1683b operator:PythonOperator
[2024-11-24T02:01:52.206+0000] {local_task_job_runner.py:266} INFO - Task exited with return code 0
[2024-11-24T02:01:52.275+0000] {taskinstance.py:3895} INFO - 0 downstream tasks scheduled from follow-on schedule check
[2024-11-24T02:01:52.281+0000] {local_task_job_runner.py:245} INFO - ::endgroup::
