[2024-11-23T22:45:53.148+0000] {local_task_job_runner.py:123} INFO - ::group::Pre task execution logs
[2024-11-23T22:45:53.175+0000] {taskinstance.py:2613} INFO - Dependencies all met for dep_context=non-requeueable deps ti=<TaskInstance: greenhouse_gas_behaviour.clean_co2_emission manual__2024-11-23T22:45:14.196679+00:00 [queued]>
[2024-11-23T22:45:53.190+0000] {taskinstance.py:2613} INFO - Dependencies all met for dep_context=requeueable deps ti=<TaskInstance: greenhouse_gas_behaviour.clean_co2_emission manual__2024-11-23T22:45:14.196679+00:00 [queued]>
[2024-11-23T22:45:53.191+0000] {taskinstance.py:2866} INFO - Starting attempt 1 of 1
[2024-11-23T22:45:53.211+0000] {taskinstance.py:2889} INFO - Executing <Task(PythonOperator): clean_co2_emission> on 2024-11-23 22:45:14.196679+00:00
[2024-11-23T22:45:53.227+0000] {warnings.py:112} WARNING - /home/***/.local/lib/python3.12/site-packages/***/task/task_runner/standard_task_runner.py:70: DeprecationWarning: This process (pid=166) is multi-threaded, use of fork() may lead to deadlocks in the child.
  pid = os.fork()

[2024-11-23T22:45:53.231+0000] {standard_task_runner.py:104} INFO - Running: ['***', 'tasks', 'run', 'greenhouse_gas_behaviour', 'clean_co2_emission', 'manual__2024-11-23T22:45:14.196679+00:00', '--job-id', '23', '--raw', '--subdir', 'DAGS_FOLDER/greenhouse_gas_behaviour.py', '--cfg-path', '/tmp/tmp7m_w6r8n']
[2024-11-23T22:45:53.233+0000] {standard_task_runner.py:72} INFO - Started process 168 to run task
[2024-11-23T22:45:53.233+0000] {standard_task_runner.py:105} INFO - Job 23: Subtask clean_co2_emission
[2024-11-23T22:45:53.313+0000] {task_command.py:467} INFO - Running <TaskInstance: greenhouse_gas_behaviour.clean_co2_emission manual__2024-11-23T22:45:14.196679+00:00 [running]> on host 25d920d1683b
[2024-11-23T22:45:53.455+0000] {taskinstance.py:3132} INFO - Exporting env vars: AIRFLOW_CTX_DAG_OWNER='***' AIRFLOW_CTX_DAG_ID='greenhouse_gas_behaviour' AIRFLOW_CTX_TASK_ID='clean_co2_emission' AIRFLOW_CTX_EXECUTION_DATE='2024-11-23T22:45:14.196679+00:00' AIRFLOW_CTX_TRY_NUMBER='1' AIRFLOW_CTX_DAG_RUN_ID='manual__2024-11-23T22:45:14.196679+00:00'
[2024-11-23T22:45:53.457+0000] {logging_mixin.py:190} INFO - Task instance is in running state
[2024-11-23T22:45:53.458+0000] {logging_mixin.py:190} INFO -  Previous state of the Task instance: queued
[2024-11-23T22:45:53.459+0000] {logging_mixin.py:190} INFO - Current task name:clean_co2_emission state:running start_date:2024-11-23 22:45:53.176196+00:00
[2024-11-23T22:45:53.459+0000] {logging_mixin.py:190} INFO - Dag name:greenhouse_gas_behaviour and current dag run status:running
[2024-11-23T22:45:53.460+0000] {taskinstance.py:731} INFO - ::endgroup::
[2024-11-23T22:45:53.461+0000] {python.py:240} INFO - Done. Returned value was: None
[2024-11-23T22:45:53.474+0000] {taskinstance.py:340} INFO - ::group::Post task execution logs
[2024-11-23T22:45:53.475+0000] {taskinstance.py:352} INFO - Marking task as SUCCESS. dag_id=greenhouse_gas_behaviour, task_id=clean_co2_emission, run_id=manual__2024-11-23T22:45:14.196679+00:00, execution_date=20241123T224514, start_date=20241123T224553, end_date=20241123T224553
[2024-11-23T22:45:53.489+0000] {logging_mixin.py:190} INFO - Task instance in success state
[2024-11-23T22:45:53.490+0000] {logging_mixin.py:190} INFO -  Previous state of the Task instance: running
[2024-11-23T22:45:53.491+0000] {logging_mixin.py:190} INFO - Dag name:greenhouse_gas_behaviour queued_at:2024-11-23 22:45:14.239455+00:00
[2024-11-23T22:45:53.492+0000] {logging_mixin.py:190} INFO - Task hostname:25d920d1683b operator:PythonOperator
[2024-11-23T22:45:53.532+0000] {local_task_job_runner.py:266} INFO - Task exited with return code 0
[2024-11-23T22:45:53.572+0000] {taskinstance.py:3895} INFO - 1 downstream tasks scheduled from follow-on schedule check
[2024-11-23T22:45:53.575+0000] {local_task_job_runner.py:245} INFO - ::endgroup::
