[2024-11-24T02:00:43.244+0000] {local_task_job_runner.py:123} INFO - ::group::Pre task execution logs
[2024-11-24T02:00:43.290+0000] {taskinstance.py:2613} INFO - Dependencies all met for dep_context=non-requeueable deps ti=<TaskInstance: greenhouse_gas_behaviour.extract_co2_emission manual__2024-11-24T02:00:15.622627+00:00 [queued]>
[2024-11-24T02:00:43.313+0000] {taskinstance.py:2613} INFO - Dependencies all met for dep_context=requeueable deps ti=<TaskInstance: greenhouse_gas_behaviour.extract_co2_emission manual__2024-11-24T02:00:15.622627+00:00 [queued]>
[2024-11-24T02:00:43.315+0000] {taskinstance.py:2866} INFO - Starting attempt 1 of 1
[2024-11-24T02:00:43.349+0000] {taskinstance.py:2889} INFO - Executing <Task(PythonOperator): extract_co2_emission> on 2024-11-24 02:00:15.622627+00:00
[2024-11-24T02:00:43.369+0000] {warnings.py:112} WARNING - /home/***/.local/lib/python3.12/site-packages/***/task/task_runner/standard_task_runner.py:70: DeprecationWarning: This process (pid=2493) is multi-threaded, use of fork() may lead to deadlocks in the child.
  pid = os.fork()

[2024-11-24T02:00:43.372+0000] {standard_task_runner.py:104} INFO - Running: ['***', 'tasks', 'run', 'greenhouse_gas_behaviour', 'extract_co2_emission', 'manual__2024-11-24T02:00:15.622627+00:00', '--job-id', '43', '--raw', '--subdir', 'DAGS_FOLDER/greenhouse_gas_behaviour.py', '--cfg-path', '/tmp/tmp1lynfpxz']
[2024-11-24T02:00:43.380+0000] {standard_task_runner.py:72} INFO - Started process 2502 to run task
[2024-11-24T02:00:43.386+0000] {standard_task_runner.py:105} INFO - Job 43: Subtask extract_co2_emission
[2024-11-24T02:00:43.608+0000] {task_command.py:467} INFO - Running <TaskInstance: greenhouse_gas_behaviour.extract_co2_emission manual__2024-11-24T02:00:15.622627+00:00 [running]> on host 25d920d1683b
[2024-11-24T02:00:44.131+0000] {taskinstance.py:3132} INFO - Exporting env vars: AIRFLOW_CTX_DAG_OWNER='***' AIRFLOW_CTX_DAG_ID='greenhouse_gas_behaviour' AIRFLOW_CTX_TASK_ID='extract_co2_emission' AIRFLOW_CTX_EXECUTION_DATE='2024-11-24T02:00:15.622627+00:00' AIRFLOW_CTX_TRY_NUMBER='1' AIRFLOW_CTX_DAG_RUN_ID='manual__2024-11-24T02:00:15.622627+00:00'
[2024-11-24T02:00:44.162+0000] {logging_mixin.py:190} INFO - Task instance is in running state
[2024-11-24T02:00:44.171+0000] {logging_mixin.py:190} INFO -  Previous state of the Task instance: queued
[2024-11-24T02:00:44.172+0000] {logging_mixin.py:190} INFO - Current task name:extract_co2_emission state:running start_date:2024-11-24 02:00:43.291123+00:00
[2024-11-24T02:00:44.173+0000] {logging_mixin.py:190} INFO - Dag name:greenhouse_gas_behaviour and current dag run status:running
[2024-11-24T02:00:44.174+0000] {taskinstance.py:731} INFO - ::endgroup::
[2024-11-24T02:00:45.790+0000] {warnings.py:112} WARNING - /home/***/.local/lib/python3.12/site-packages/urllib3/connectionpool.py:1099: InsecureRequestWarning: Unverified HTTPS request is being made to host 'ourworldindata.org'. Adding certificate verification is strongly advised. See: https://urllib3.readthedocs.io/en/latest/advanced-usage.html#tls-warnings
  warnings.warn(

[2024-11-24T02:00:47.631+0000] {logging_mixin.py:190} INFO - Arquivo co2_emission_per_capita.csv enviado ao bucket: 'bronze' com sucesso!
[2024-11-24T02:00:47.637+0000] {python.py:240} INFO - Done. Returned value was: None
[2024-11-24T02:00:47.664+0000] {taskinstance.py:340} INFO - ::group::Post task execution logs
[2024-11-24T02:00:47.665+0000] {taskinstance.py:352} INFO - Marking task as SUCCESS. dag_id=greenhouse_gas_behaviour, task_id=extract_co2_emission, run_id=manual__2024-11-24T02:00:15.622627+00:00, execution_date=20241124T020015, start_date=20241124T020043, end_date=20241124T020047
[2024-11-24T02:00:47.685+0000] {logging_mixin.py:190} INFO - Task instance in success state
[2024-11-24T02:00:47.686+0000] {logging_mixin.py:190} INFO -  Previous state of the Task instance: running
[2024-11-24T02:00:47.687+0000] {logging_mixin.py:190} INFO - Dag name:greenhouse_gas_behaviour queued_at:2024-11-24 02:00:16.399467+00:00
[2024-11-24T02:00:47.688+0000] {logging_mixin.py:190} INFO - Task hostname:25d920d1683b operator:PythonOperator
[2024-11-24T02:00:47.717+0000] {local_task_job_runner.py:266} INFO - Task exited with return code 0
[2024-11-24T02:00:47.755+0000] {taskinstance.py:3895} INFO - 1 downstream tasks scheduled from follow-on schedule check
[2024-11-24T02:00:47.758+0000] {local_task_job_runner.py:245} INFO - ::endgroup::
