[2024-11-24T02:01:33.183+0000] {local_task_job_runner.py:123} INFO - ::group::Pre task execution logs
[2024-11-24T02:01:33.243+0000] {taskinstance.py:2613} INFO - Dependencies all met for dep_context=non-requeueable deps ti=<TaskInstance: greenhouse_gas_behaviour.clean_population_data manual__2024-11-24T02:00:15.622627+00:00 [queued]>
[2024-11-24T02:01:33.265+0000] {taskinstance.py:2613} INFO - Dependencies all met for dep_context=requeueable deps ti=<TaskInstance: greenhouse_gas_behaviour.clean_population_data manual__2024-11-24T02:00:15.622627+00:00 [queued]>
[2024-11-24T02:01:33.266+0000] {taskinstance.py:2866} INFO - Starting attempt 1 of 1
[2024-11-24T02:01:33.301+0000] {taskinstance.py:2889} INFO - Executing <Task(PythonOperator): clean_population_data> on 2024-11-24 02:00:15.622627+00:00
[2024-11-24T02:01:33.314+0000] {warnings.py:112} WARNING - /home/***/.local/lib/python3.12/site-packages/***/task/task_runner/standard_task_runner.py:70: DeprecationWarning: This process (pid=2526) is multi-threaded, use of fork() may lead to deadlocks in the child.
  pid = os.fork()

[2024-11-24T02:01:33.317+0000] {standard_task_runner.py:72} INFO - Started process 2528 to run task
[2024-11-24T02:01:33.318+0000] {standard_task_runner.py:104} INFO - Running: ['***', 'tasks', 'run', 'greenhouse_gas_behaviour', 'clean_population_data', 'manual__2024-11-24T02:00:15.622627+00:00', '--job-id', '48', '--raw', '--subdir', 'DAGS_FOLDER/greenhouse_gas_behaviour.py', '--cfg-path', '/tmp/tmpnqo_jjnf']
[2024-11-24T02:01:33.320+0000] {standard_task_runner.py:105} INFO - Job 48: Subtask clean_population_data
[2024-11-24T02:01:33.510+0000] {task_command.py:467} INFO - Running <TaskInstance: greenhouse_gas_behaviour.clean_population_data manual__2024-11-24T02:00:15.622627+00:00 [running]> on host 25d920d1683b
[2024-11-24T02:01:34.100+0000] {taskinstance.py:3132} INFO - Exporting env vars: AIRFLOW_CTX_DAG_OWNER='***' AIRFLOW_CTX_DAG_ID='greenhouse_gas_behaviour' AIRFLOW_CTX_TASK_ID='clean_population_data' AIRFLOW_CTX_EXECUTION_DATE='2024-11-24T02:00:15.622627+00:00' AIRFLOW_CTX_TRY_NUMBER='1' AIRFLOW_CTX_DAG_RUN_ID='manual__2024-11-24T02:00:15.622627+00:00'
[2024-11-24T02:01:34.103+0000] {logging_mixin.py:190} INFO - Task instance is in running state
[2024-11-24T02:01:34.112+0000] {logging_mixin.py:190} INFO -  Previous state of the Task instance: queued
[2024-11-24T02:01:34.114+0000] {logging_mixin.py:190} INFO - Current task name:clean_population_data state:running start_date:2024-11-24 02:01:33.244884+00:00
[2024-11-24T02:01:34.116+0000] {logging_mixin.py:190} INFO - Dag name:greenhouse_gas_behaviour and current dag run status:running
[2024-11-24T02:01:34.117+0000] {taskinstance.py:731} INFO - ::endgroup::
[2024-11-24T02:01:34.120+0000] {python.py:240} INFO - Done. Returned value was: None
[2024-11-24T02:01:34.175+0000] {taskinstance.py:340} INFO - ::group::Post task execution logs
[2024-11-24T02:01:34.182+0000] {taskinstance.py:352} INFO - Marking task as SUCCESS. dag_id=greenhouse_gas_behaviour, task_id=clean_population_data, run_id=manual__2024-11-24T02:00:15.622627+00:00, execution_date=20241124T020015, start_date=20241124T020133, end_date=20241124T020134
[2024-11-24T02:01:34.264+0000] {logging_mixin.py:190} INFO - Task instance in success state
[2024-11-24T02:01:34.269+0000] {logging_mixin.py:190} INFO -  Previous state of the Task instance: running
[2024-11-24T02:01:34.271+0000] {logging_mixin.py:190} INFO - Dag name:greenhouse_gas_behaviour queued_at:2024-11-24 02:00:16.399467+00:00
[2024-11-24T02:01:34.277+0000] {logging_mixin.py:190} INFO - Task hostname:25d920d1683b operator:PythonOperator
[2024-11-24T02:01:34.352+0000] {local_task_job_runner.py:266} INFO - Task exited with return code 0
[2024-11-24T02:01:34.515+0000] {taskinstance.py:3895} INFO - 1 downstream tasks scheduled from follow-on schedule check
[2024-11-24T02:01:34.533+0000] {local_task_job_runner.py:245} INFO - ::endgroup::
