[2024-11-24T02:04:46.502+0000] {local_task_job_runner.py:123} INFO - ::group::Pre task execution logs
[2024-11-24T02:04:46.536+0000] {taskinstance.py:2613} INFO - Dependencies all met for dep_context=non-requeueable deps ti=<TaskInstance: greenhouse_gas_behaviour.extract_energy_mix manual__2024-11-24T02:04:16.788403+00:00 [queued]>
[2024-11-24T02:04:46.556+0000] {taskinstance.py:2613} INFO - Dependencies all met for dep_context=requeueable deps ti=<TaskInstance: greenhouse_gas_behaviour.extract_energy_mix manual__2024-11-24T02:04:16.788403+00:00 [queued]>
[2024-11-24T02:04:46.557+0000] {taskinstance.py:2866} INFO - Starting attempt 1 of 1
[2024-11-24T02:04:46.601+0000] {taskinstance.py:2889} INFO - Executing <Task(PythonOperator): extract_energy_mix> on 2024-11-24 02:04:16.788403+00:00
[2024-11-24T02:04:46.617+0000] {warnings.py:112} WARNING - /home/***/.local/lib/python3.12/site-packages/***/task/task_runner/standard_task_runner.py:70: DeprecationWarning: This process (pid=2581) is multi-threaded, use of fork() may lead to deadlocks in the child.
  pid = os.fork()

[2024-11-24T02:04:46.620+0000] {standard_task_runner.py:72} INFO - Started process 2583 to run task
[2024-11-24T02:04:46.620+0000] {standard_task_runner.py:104} INFO - Running: ['***', 'tasks', 'run', 'greenhouse_gas_behaviour', 'extract_energy_mix', 'manual__2024-11-24T02:04:16.788403+00:00', '--job-id', '53', '--raw', '--subdir', 'DAGS_FOLDER/greenhouse_gas_behaviour.py', '--cfg-path', '/tmp/tmpmp0vqew6']
[2024-11-24T02:04:46.623+0000] {standard_task_runner.py:105} INFO - Job 53: Subtask extract_energy_mix
[2024-11-24T02:04:46.710+0000] {task_command.py:467} INFO - Running <TaskInstance: greenhouse_gas_behaviour.extract_energy_mix manual__2024-11-24T02:04:16.788403+00:00 [running]> on host 25d920d1683b
[2024-11-24T02:04:46.922+0000] {taskinstance.py:3132} INFO - Exporting env vars: AIRFLOW_CTX_DAG_OWNER='***' AIRFLOW_CTX_DAG_ID='greenhouse_gas_behaviour' AIRFLOW_CTX_TASK_ID='extract_energy_mix' AIRFLOW_CTX_EXECUTION_DATE='2024-11-24T02:04:16.788403+00:00' AIRFLOW_CTX_TRY_NUMBER='1' AIRFLOW_CTX_DAG_RUN_ID='manual__2024-11-24T02:04:16.788403+00:00'
[2024-11-24T02:04:46.925+0000] {logging_mixin.py:190} INFO - Task instance is in running state
[2024-11-24T02:04:46.926+0000] {logging_mixin.py:190} INFO -  Previous state of the Task instance: queued
[2024-11-24T02:04:46.933+0000] {logging_mixin.py:190} INFO - Current task name:extract_energy_mix state:running start_date:2024-11-24 02:04:46.537530+00:00
[2024-11-24T02:04:46.934+0000] {logging_mixin.py:190} INFO - Dag name:greenhouse_gas_behaviour and current dag run status:running
[2024-11-24T02:04:46.935+0000] {taskinstance.py:731} INFO - ::endgroup::
[2024-11-24T02:04:47.108+0000] {warnings.py:112} WARNING - /home/***/.local/lib/python3.12/site-packages/urllib3/connectionpool.py:1099: InsecureRequestWarning: Unverified HTTPS request is being made to host 'ourworldindata.org'. Adding certificate verification is strongly advised. See: https://urllib3.readthedocs.io/en/latest/advanced-usage.html#tls-warnings
  warnings.warn(

[2024-11-24T02:04:47.323+0000] {logging_mixin.py:190} INFO - Arquivo energy_mix_sources.csv enviado ao bucket: 'bronze' com sucesso!
[2024-11-24T02:04:47.326+0000] {python.py:240} INFO - Done. Returned value was: None
[2024-11-24T02:04:47.359+0000] {taskinstance.py:340} INFO - ::group::Post task execution logs
[2024-11-24T02:04:47.361+0000] {taskinstance.py:352} INFO - Marking task as SUCCESS. dag_id=greenhouse_gas_behaviour, task_id=extract_energy_mix, run_id=manual__2024-11-24T02:04:16.788403+00:00, execution_date=20241124T020416, start_date=20241124T020446, end_date=20241124T020447
[2024-11-24T02:04:47.389+0000] {logging_mixin.py:190} INFO - Task instance in success state
[2024-11-24T02:04:47.391+0000] {logging_mixin.py:190} INFO -  Previous state of the Task instance: running
[2024-11-24T02:04:47.393+0000] {logging_mixin.py:190} INFO - Dag name:greenhouse_gas_behaviour queued_at:2024-11-24 02:04:17.021380+00:00
[2024-11-24T02:04:47.394+0000] {logging_mixin.py:190} INFO - Task hostname:25d920d1683b operator:PythonOperator
[2024-11-24T02:04:47.455+0000] {local_task_job_runner.py:266} INFO - Task exited with return code 0
[2024-11-24T02:04:47.544+0000] {taskinstance.py:3895} INFO - 0 downstream tasks scheduled from follow-on schedule check
[2024-11-24T02:04:47.554+0000] {local_task_job_runner.py:245} INFO - ::endgroup::
