[2024-11-24T14:13:46.034+0000] {local_task_job_runner.py:123} INFO - ::group::Pre task execution logs
[2024-11-24T14:13:46.075+0000] {taskinstance.py:2613} INFO - Dependencies all met for dep_context=non-requeueable deps ti=<TaskInstance: greenhouse_gas_behaviour.extract_energy_mix manual__2024-11-24T14:13:22.017053+00:00 [queued]>
[2024-11-24T14:13:46.096+0000] {taskinstance.py:2613} INFO - Dependencies all met for dep_context=requeueable deps ti=<TaskInstance: greenhouse_gas_behaviour.extract_energy_mix manual__2024-11-24T14:13:22.017053+00:00 [queued]>
[2024-11-24T14:13:46.098+0000] {taskinstance.py:2866} INFO - Starting attempt 1 of 1
[2024-11-24T14:13:46.127+0000] {taskinstance.py:2889} INFO - Executing <Task(PythonOperator): extract_energy_mix> on 2024-11-24 14:13:22.017053+00:00
[2024-11-24T14:13:46.141+0000] {warnings.py:112} WARNING - /home/***/.local/lib/python3.12/site-packages/***/task/task_runner/standard_task_runner.py:70: DeprecationWarning: This process (pid=217) is multi-threaded, use of fork() may lead to deadlocks in the child.
  pid = os.fork()

[2024-11-24T14:13:46.144+0000] {standard_task_runner.py:72} INFO - Started process 219 to run task
[2024-11-24T14:13:46.150+0000] {standard_task_runner.py:104} INFO - Running: ['***', 'tasks', 'run', 'greenhouse_gas_behaviour', 'extract_energy_mix', 'manual__2024-11-24T14:13:22.017053+00:00', '--job-id', '81', '--raw', '--subdir', 'DAGS_FOLDER/greenhouse_gas_behaviour.py', '--cfg-path', '/tmp/tmpgv7_ql_f']
[2024-11-24T14:13:46.153+0000] {standard_task_runner.py:105} INFO - Job 81: Subtask extract_energy_mix
[2024-11-24T14:13:46.266+0000] {task_command.py:467} INFO - Running <TaskInstance: greenhouse_gas_behaviour.extract_energy_mix manual__2024-11-24T14:13:22.017053+00:00 [running]> on host bb6f052ed649
[2024-11-24T14:13:46.579+0000] {taskinstance.py:3132} INFO - Exporting env vars: AIRFLOW_CTX_DAG_OWNER='***' AIRFLOW_CTX_DAG_ID='greenhouse_gas_behaviour' AIRFLOW_CTX_TASK_ID='extract_energy_mix' AIRFLOW_CTX_EXECUTION_DATE='2024-11-24T14:13:22.017053+00:00' AIRFLOW_CTX_TRY_NUMBER='1' AIRFLOW_CTX_DAG_RUN_ID='manual__2024-11-24T14:13:22.017053+00:00'
[2024-11-24T14:13:46.582+0000] {logging_mixin.py:190} INFO - Task instance is in running state
[2024-11-24T14:13:46.583+0000] {logging_mixin.py:190} INFO -  Previous state of the Task instance: queued
[2024-11-24T14:13:46.584+0000] {logging_mixin.py:190} INFO - Current task name:extract_energy_mix state:running start_date:2024-11-24 14:13:46.076584+00:00
[2024-11-24T14:13:46.584+0000] {logging_mixin.py:190} INFO - Dag name:greenhouse_gas_behaviour and current dag run status:running
[2024-11-24T14:13:46.585+0000] {taskinstance.py:731} INFO - ::endgroup::
[2024-11-24T14:13:46.723+0000] {warnings.py:112} WARNING - /home/***/.local/lib/python3.12/site-packages/urllib3/connectionpool.py:1099: InsecureRequestWarning: Unverified HTTPS request is being made to host 'ourworldindata.org'. Adding certificate verification is strongly advised. See: https://urllib3.readthedocs.io/en/latest/advanced-usage.html#tls-warnings
  warnings.warn(

[2024-11-24T14:13:46.880+0000] {logging_mixin.py:190} INFO - Arquivo energy_mix_sources.csv enviado ao bucket: 'bronze' com sucesso!
[2024-11-24T14:13:46.883+0000] {python.py:240} INFO - Done. Returned value was: None
[2024-11-24T14:13:46.901+0000] {taskinstance.py:340} INFO - ::group::Post task execution logs
[2024-11-24T14:13:46.902+0000] {taskinstance.py:352} INFO - Marking task as SUCCESS. dag_id=greenhouse_gas_behaviour, task_id=extract_energy_mix, run_id=manual__2024-11-24T14:13:22.017053+00:00, execution_date=20241124T141322, start_date=20241124T141346, end_date=20241124T141346
[2024-11-24T14:13:46.921+0000] {logging_mixin.py:190} INFO - Task instance in success state
[2024-11-24T14:13:46.922+0000] {logging_mixin.py:190} INFO -  Previous state of the Task instance: running
[2024-11-24T14:13:46.923+0000] {logging_mixin.py:190} INFO - Dag name:greenhouse_gas_behaviour queued_at:2024-11-24 14:13:22.037946+00:00
[2024-11-24T14:13:46.924+0000] {logging_mixin.py:190} INFO - Task hostname:bb6f052ed649 operator:PythonOperator
[2024-11-24T14:13:46.978+0000] {local_task_job_runner.py:266} INFO - Task exited with return code 0
[2024-11-24T14:13:47.019+0000] {taskinstance.py:3895} INFO - 1 downstream tasks scheduled from follow-on schedule check
[2024-11-24T14:13:47.022+0000] {local_task_job_runner.py:245} INFO - ::endgroup::
