[2024-11-24T01:10:01.528+0000] {local_task_job_runner.py:123} INFO - ::group::Pre task execution logs
[2024-11-24T01:10:01.571+0000] {taskinstance.py:2613} INFO - Dependencies all met for dep_context=non-requeueable deps ti=<TaskInstance: greenhouse_gas_behaviour.clean_population_data manual__2024-11-24T01:08:50.102874+00:00 [queued]>
[2024-11-24T01:10:01.613+0000] {taskinstance.py:2613} INFO - Dependencies all met for dep_context=requeueable deps ti=<TaskInstance: greenhouse_gas_behaviour.clean_population_data manual__2024-11-24T01:08:50.102874+00:00 [queued]>
[2024-11-24T01:10:01.614+0000] {taskinstance.py:2866} INFO - Starting attempt 1 of 1
[2024-11-24T01:10:01.797+0000] {taskinstance.py:2889} INFO - Executing <Task(PythonOperator): clean_population_data> on 2024-11-24 01:08:50.102874+00:00
[2024-11-24T01:10:01.867+0000] {warnings.py:112} WARNING - /home/***/.local/lib/python3.12/site-packages/***/task/task_runner/standard_task_runner.py:70: DeprecationWarning: This process (pid=1936) is multi-threaded, use of fork() may lead to deadlocks in the child.
  pid = os.fork()

[2024-11-24T01:10:01.878+0000] {standard_task_runner.py:72} INFO - Started process 1938 to run task
[2024-11-24T01:10:01.881+0000] {standard_task_runner.py:104} INFO - Running: ['***', 'tasks', 'run', 'greenhouse_gas_behaviour', 'clean_population_data', 'manual__2024-11-24T01:08:50.102874+00:00', '--job-id', '40', '--raw', '--subdir', 'DAGS_FOLDER/greenhouse_gas_behaviour.py', '--cfg-path', '/tmp/tmp52v9nn3a']
[2024-11-24T01:10:01.895+0000] {standard_task_runner.py:105} INFO - Job 40: Subtask clean_population_data
[2024-11-24T01:10:02.101+0000] {task_command.py:467} INFO - Running <TaskInstance: greenhouse_gas_behaviour.clean_population_data manual__2024-11-24T01:08:50.102874+00:00 [running]> on host 25d920d1683b
[2024-11-24T01:10:02.384+0000] {taskinstance.py:3132} INFO - Exporting env vars: AIRFLOW_CTX_DAG_OWNER='***' AIRFLOW_CTX_DAG_ID='greenhouse_gas_behaviour' AIRFLOW_CTX_TASK_ID='clean_population_data' AIRFLOW_CTX_EXECUTION_DATE='2024-11-24T01:08:50.102874+00:00' AIRFLOW_CTX_TRY_NUMBER='1' AIRFLOW_CTX_DAG_RUN_ID='manual__2024-11-24T01:08:50.102874+00:00'
[2024-11-24T01:10:02.396+0000] {logging_mixin.py:190} INFO - Task instance is in running state
[2024-11-24T01:10:02.397+0000] {logging_mixin.py:190} INFO -  Previous state of the Task instance: queued
[2024-11-24T01:10:02.398+0000] {logging_mixin.py:190} INFO - Current task name:clean_population_data state:running start_date:2024-11-24 01:10:01.572696+00:00
[2024-11-24T01:10:02.399+0000] {logging_mixin.py:190} INFO - Dag name:greenhouse_gas_behaviour and current dag run status:running
[2024-11-24T01:10:02.401+0000] {taskinstance.py:731} INFO - ::endgroup::
[2024-11-24T01:10:02.402+0000] {python.py:240} INFO - Done. Returned value was: None
[2024-11-24T01:10:02.456+0000] {taskinstance.py:340} INFO - ::group::Post task execution logs
[2024-11-24T01:10:02.457+0000] {taskinstance.py:352} INFO - Marking task as SUCCESS. dag_id=greenhouse_gas_behaviour, task_id=clean_population_data, run_id=manual__2024-11-24T01:08:50.102874+00:00, execution_date=20241124T010850, start_date=20241124T011001, end_date=20241124T011002
[2024-11-24T01:10:02.511+0000] {logging_mixin.py:190} INFO - Task instance in success state
[2024-11-24T01:10:02.519+0000] {logging_mixin.py:190} INFO -  Previous state of the Task instance: running
[2024-11-24T01:10:02.521+0000] {logging_mixin.py:190} INFO - Dag name:greenhouse_gas_behaviour queued_at:2024-11-24 01:08:50.534515+00:00
[2024-11-24T01:10:02.522+0000] {logging_mixin.py:190} INFO - Task hostname:25d920d1683b operator:PythonOperator
[2024-11-24T01:10:02.601+0000] {local_task_job_runner.py:266} INFO - Task exited with return code 0
[2024-11-24T01:10:02.689+0000] {taskinstance.py:3895} INFO - 1 downstream tasks scheduled from follow-on schedule check
[2024-11-24T01:10:02.696+0000] {local_task_job_runner.py:245} INFO - ::endgroup::
