[2024-11-24T02:01:27.756+0000] {local_task_job_runner.py:123} INFO - ::group::Pre task execution logs
[2024-11-24T02:01:27.801+0000] {taskinstance.py:2613} INFO - Dependencies all met for dep_context=non-requeueable deps ti=<TaskInstance: greenhouse_gas_behaviour.clean_co2_emission manual__2024-11-24T02:00:15.622627+00:00 [queued]>
[2024-11-24T02:01:27.835+0000] {taskinstance.py:2613} INFO - Dependencies all met for dep_context=requeueable deps ti=<TaskInstance: greenhouse_gas_behaviour.clean_co2_emission manual__2024-11-24T02:00:15.622627+00:00 [queued]>
[2024-11-24T02:01:27.838+0000] {taskinstance.py:2866} INFO - Starting attempt 1 of 1
[2024-11-24T02:01:27.949+0000] {taskinstance.py:2889} INFO - Executing <Task(PythonOperator): clean_co2_emission> on 2024-11-24 02:00:15.622627+00:00
[2024-11-24T02:01:27.984+0000] {warnings.py:112} WARNING - /home/***/.local/lib/python3.12/site-packages/***/task/task_runner/standard_task_runner.py:70: DeprecationWarning: This process (pid=2522) is multi-threaded, use of fork() may lead to deadlocks in the child.
  pid = os.fork()

[2024-11-24T02:01:27.998+0000] {standard_task_runner.py:72} INFO - Started process 2524 to run task
[2024-11-24T02:01:28.013+0000] {standard_task_runner.py:104} INFO - Running: ['***', 'tasks', 'run', 'greenhouse_gas_behaviour', 'clean_co2_emission', 'manual__2024-11-24T02:00:15.622627+00:00', '--job-id', '47', '--raw', '--subdir', 'DAGS_FOLDER/greenhouse_gas_behaviour.py', '--cfg-path', '/tmp/tmp5w90bdq9']
[2024-11-24T02:01:28.017+0000] {standard_task_runner.py:105} INFO - Job 47: Subtask clean_co2_emission
[2024-11-24T02:01:28.237+0000] {task_command.py:467} INFO - Running <TaskInstance: greenhouse_gas_behaviour.clean_co2_emission manual__2024-11-24T02:00:15.622627+00:00 [running]> on host 25d920d1683b
[2024-11-24T02:01:28.526+0000] {taskinstance.py:3132} INFO - Exporting env vars: AIRFLOW_CTX_DAG_OWNER='***' AIRFLOW_CTX_DAG_ID='greenhouse_gas_behaviour' AIRFLOW_CTX_TASK_ID='clean_co2_emission' AIRFLOW_CTX_EXECUTION_DATE='2024-11-24T02:00:15.622627+00:00' AIRFLOW_CTX_TRY_NUMBER='1' AIRFLOW_CTX_DAG_RUN_ID='manual__2024-11-24T02:00:15.622627+00:00'
[2024-11-24T02:01:28.528+0000] {logging_mixin.py:190} INFO - Task instance is in running state
[2024-11-24T02:01:28.529+0000] {logging_mixin.py:190} INFO -  Previous state of the Task instance: queued
[2024-11-24T02:01:28.530+0000] {logging_mixin.py:190} INFO - Current task name:clean_co2_emission state:running start_date:2024-11-24 02:01:27.803143+00:00
[2024-11-24T02:01:28.531+0000] {logging_mixin.py:190} INFO - Dag name:greenhouse_gas_behaviour and current dag run status:running
[2024-11-24T02:01:28.532+0000] {taskinstance.py:731} INFO - ::endgroup::
[2024-11-24T02:01:28.534+0000] {python.py:240} INFO - Done. Returned value was: None
[2024-11-24T02:01:28.561+0000] {taskinstance.py:340} INFO - ::group::Post task execution logs
[2024-11-24T02:01:28.563+0000] {taskinstance.py:352} INFO - Marking task as SUCCESS. dag_id=greenhouse_gas_behaviour, task_id=clean_co2_emission, run_id=manual__2024-11-24T02:00:15.622627+00:00, execution_date=20241124T020015, start_date=20241124T020127, end_date=20241124T020128
[2024-11-24T02:01:28.592+0000] {logging_mixin.py:190} INFO - Task instance in success state
[2024-11-24T02:01:28.593+0000] {logging_mixin.py:190} INFO -  Previous state of the Task instance: running
[2024-11-24T02:01:28.605+0000] {logging_mixin.py:190} INFO - Dag name:greenhouse_gas_behaviour queued_at:2024-11-24 02:00:16.399467+00:00
[2024-11-24T02:01:28.608+0000] {logging_mixin.py:190} INFO - Task hostname:25d920d1683b operator:PythonOperator
[2024-11-24T02:01:28.646+0000] {local_task_job_runner.py:266} INFO - Task exited with return code 0
[2024-11-24T02:01:28.696+0000] {taskinstance.py:3895} INFO - 1 downstream tasks scheduled from follow-on schedule check
[2024-11-24T02:01:28.699+0000] {local_task_job_runner.py:245} INFO - ::endgroup::
