[2024-11-24T02:10:09.185+0000] {local_task_job_runner.py:123} INFO - ::group::Pre task execution logs
[2024-11-24T02:10:09.249+0000] {taskinstance.py:2613} INFO - Dependencies all met for dep_context=non-requeueable deps ti=<TaskInstance: greenhouse_gas_behaviour.clean_co2_land_use manual__2024-11-24T02:08:59.562186+00:00 [queued]>
[2024-11-24T02:10:09.280+0000] {taskinstance.py:2613} INFO - Dependencies all met for dep_context=requeueable deps ti=<TaskInstance: greenhouse_gas_behaviour.clean_co2_land_use manual__2024-11-24T02:08:59.562186+00:00 [queued]>
[2024-11-24T02:10:09.281+0000] {taskinstance.py:2866} INFO - Starting attempt 1 of 1
[2024-11-24T02:10:09.331+0000] {taskinstance.py:2889} INFO - Executing <Task(PythonOperator): clean_co2_land_use> on 2024-11-24 02:08:59.562186+00:00
[2024-11-24T02:10:09.349+0000] {warnings.py:112} WARNING - /home/***/.local/lib/python3.12/site-packages/***/task/task_runner/standard_task_runner.py:70: DeprecationWarning: This process (pid=2690) is multi-threaded, use of fork() may lead to deadlocks in the child.
  pid = os.fork()

[2024-11-24T02:10:09.353+0000] {standard_task_runner.py:104} INFO - Running: ['***', 'tasks', 'run', 'greenhouse_gas_behaviour', 'clean_co2_land_use', 'manual__2024-11-24T02:08:59.562186+00:00', '--job-id', '66', '--raw', '--subdir', 'DAGS_FOLDER/greenhouse_gas_behaviour.py', '--cfg-path', '/tmp/tmpgfv5maos']
[2024-11-24T02:10:09.359+0000] {standard_task_runner.py:72} INFO - Started process 2692 to run task
[2024-11-24T02:10:09.359+0000] {standard_task_runner.py:105} INFO - Job 66: Subtask clean_co2_land_use
[2024-11-24T02:10:09.715+0000] {task_command.py:467} INFO - Running <TaskInstance: greenhouse_gas_behaviour.clean_co2_land_use manual__2024-11-24T02:08:59.562186+00:00 [running]> on host 25d920d1683b
[2024-11-24T02:10:10.047+0000] {taskinstance.py:3132} INFO - Exporting env vars: AIRFLOW_CTX_DAG_OWNER='***' AIRFLOW_CTX_DAG_ID='greenhouse_gas_behaviour' AIRFLOW_CTX_TASK_ID='clean_co2_land_use' AIRFLOW_CTX_EXECUTION_DATE='2024-11-24T02:08:59.562186+00:00' AIRFLOW_CTX_TRY_NUMBER='1' AIRFLOW_CTX_DAG_RUN_ID='manual__2024-11-24T02:08:59.562186+00:00'
[2024-11-24T02:10:10.050+0000] {logging_mixin.py:190} INFO - Task instance is in running state
[2024-11-24T02:10:10.051+0000] {logging_mixin.py:190} INFO -  Previous state of the Task instance: queued
[2024-11-24T02:10:10.056+0000] {logging_mixin.py:190} INFO - Current task name:clean_co2_land_use state:running start_date:2024-11-24 02:10:09.250221+00:00
[2024-11-24T02:10:10.057+0000] {logging_mixin.py:190} INFO - Dag name:greenhouse_gas_behaviour and current dag run status:running
[2024-11-24T02:10:10.059+0000] {taskinstance.py:731} INFO - ::endgroup::
[2024-11-24T02:10:10.060+0000] {python.py:240} INFO - Done. Returned value was: None
[2024-11-24T02:10:10.083+0000] {taskinstance.py:340} INFO - ::group::Post task execution logs
[2024-11-24T02:10:10.084+0000] {taskinstance.py:352} INFO - Marking task as SUCCESS. dag_id=greenhouse_gas_behaviour, task_id=clean_co2_land_use, run_id=manual__2024-11-24T02:08:59.562186+00:00, execution_date=20241124T020859, start_date=20241124T021009, end_date=20241124T021010
[2024-11-24T02:10:10.109+0000] {logging_mixin.py:190} INFO - Task instance in success state
[2024-11-24T02:10:10.110+0000] {logging_mixin.py:190} INFO -  Previous state of the Task instance: running
[2024-11-24T02:10:10.111+0000] {logging_mixin.py:190} INFO - Dag name:greenhouse_gas_behaviour queued_at:2024-11-24 02:08:59.672688+00:00
[2024-11-24T02:10:10.112+0000] {logging_mixin.py:190} INFO - Task hostname:25d920d1683b operator:PythonOperator
[2024-11-24T02:10:10.147+0000] {local_task_job_runner.py:266} INFO - Task exited with return code 0
[2024-11-24T02:10:10.184+0000] {taskinstance.py:3895} INFO - 0 downstream tasks scheduled from follow-on schedule check
[2024-11-24T02:10:10.191+0000] {local_task_job_runner.py:245} INFO - ::endgroup::
