[2024-11-24T14:13:52.923+0000] {local_task_job_runner.py:123} INFO - ::group::Pre task execution logs
[2024-11-24T14:13:52.982+0000] {taskinstance.py:2613} INFO - Dependencies all met for dep_context=non-requeueable deps ti=<TaskInstance: greenhouse_gas_behaviour.extract_co2_land_use manual__2024-11-24T14:13:22.017053+00:00 [queued]>
[2024-11-24T14:13:53.004+0000] {taskinstance.py:2613} INFO - Dependencies all met for dep_context=requeueable deps ti=<TaskInstance: greenhouse_gas_behaviour.extract_co2_land_use manual__2024-11-24T14:13:22.017053+00:00 [queued]>
[2024-11-24T14:13:53.005+0000] {taskinstance.py:2866} INFO - Starting attempt 1 of 1
[2024-11-24T14:13:53.063+0000] {taskinstance.py:2889} INFO - Executing <Task(PythonOperator): extract_co2_land_use> on 2024-11-24 14:13:22.017053+00:00
[2024-11-24T14:13:53.092+0000] {warnings.py:112} WARNING - /home/***/.local/lib/python3.12/site-packages/***/task/task_runner/standard_task_runner.py:70: DeprecationWarning: This process (pid=221) is multi-threaded, use of fork() may lead to deadlocks in the child.
  pid = os.fork()

[2024-11-24T14:13:53.097+0000] {standard_task_runner.py:104} INFO - Running: ['***', 'tasks', 'run', 'greenhouse_gas_behaviour', 'extract_co2_land_use', 'manual__2024-11-24T14:13:22.017053+00:00', '--job-id', '82', '--raw', '--subdir', 'DAGS_FOLDER/greenhouse_gas_behaviour.py', '--cfg-path', '/tmp/tmpv7qx2047']
[2024-11-24T14:13:53.114+0000] {standard_task_runner.py:105} INFO - Job 82: Subtask extract_co2_land_use
[2024-11-24T14:13:53.114+0000] {standard_task_runner.py:72} INFO - Started process 223 to run task
[2024-11-24T14:13:53.314+0000] {task_command.py:467} INFO - Running <TaskInstance: greenhouse_gas_behaviour.extract_co2_land_use manual__2024-11-24T14:13:22.017053+00:00 [running]> on host bb6f052ed649
[2024-11-24T14:13:53.464+0000] {taskinstance.py:3132} INFO - Exporting env vars: AIRFLOW_CTX_DAG_OWNER='***' AIRFLOW_CTX_DAG_ID='greenhouse_gas_behaviour' AIRFLOW_CTX_TASK_ID='extract_co2_land_use' AIRFLOW_CTX_EXECUTION_DATE='2024-11-24T14:13:22.017053+00:00' AIRFLOW_CTX_TRY_NUMBER='1' AIRFLOW_CTX_DAG_RUN_ID='manual__2024-11-24T14:13:22.017053+00:00'
[2024-11-24T14:13:53.467+0000] {logging_mixin.py:190} INFO - Task instance is in running state
[2024-11-24T14:13:53.468+0000] {logging_mixin.py:190} INFO -  Previous state of the Task instance: queued
[2024-11-24T14:13:53.469+0000] {logging_mixin.py:190} INFO - Current task name:extract_co2_land_use state:running start_date:2024-11-24 14:13:52.983964+00:00
[2024-11-24T14:13:53.469+0000] {logging_mixin.py:190} INFO - Dag name:greenhouse_gas_behaviour and current dag run status:running
[2024-11-24T14:13:53.470+0000] {taskinstance.py:731} INFO - ::endgroup::
[2024-11-24T14:13:53.592+0000] {warnings.py:112} WARNING - /home/***/.local/lib/python3.12/site-packages/urllib3/connectionpool.py:1099: InsecureRequestWarning: Unverified HTTPS request is being made to host 'ourworldindata.org'. Adding certificate verification is strongly advised. See: https://urllib3.readthedocs.io/en/latest/advanced-usage.html#tls-warnings
  warnings.warn(

[2024-11-24T14:13:53.956+0000] {logging_mixin.py:190} INFO - Arquivo co2_land_use.csv enviado ao bucket: 'bronze' enviado com sucesso!
[2024-11-24T14:13:53.958+0000] {python.py:240} INFO - Done. Returned value was: None
[2024-11-24T14:13:53.974+0000] {taskinstance.py:340} INFO - ::group::Post task execution logs
[2024-11-24T14:13:53.975+0000] {taskinstance.py:352} INFO - Marking task as SUCCESS. dag_id=greenhouse_gas_behaviour, task_id=extract_co2_land_use, run_id=manual__2024-11-24T14:13:22.017053+00:00, execution_date=20241124T141322, start_date=20241124T141352, end_date=20241124T141353
[2024-11-24T14:13:53.992+0000] {logging_mixin.py:190} INFO - Task instance in success state
[2024-11-24T14:13:53.993+0000] {logging_mixin.py:190} INFO -  Previous state of the Task instance: running
[2024-11-24T14:13:53.994+0000] {logging_mixin.py:190} INFO - Dag name:greenhouse_gas_behaviour queued_at:2024-11-24 14:13:22.037946+00:00
[2024-11-24T14:13:53.996+0000] {logging_mixin.py:190} INFO - Task hostname:bb6f052ed649 operator:PythonOperator
[2024-11-24T14:13:54.015+0000] {local_task_job_runner.py:266} INFO - Task exited with return code 0
[2024-11-24T14:13:54.054+0000] {taskinstance.py:3895} INFO - 1 downstream tasks scheduled from follow-on schedule check
[2024-11-24T14:13:54.056+0000] {local_task_job_runner.py:245} INFO - ::endgroup::
