[2024-11-23T22:45:33.320+0000] {local_task_job_runner.py:123} INFO - ::group::Pre task execution logs
[2024-11-23T22:45:33.357+0000] {taskinstance.py:2613} INFO - Dependencies all met for dep_context=non-requeueable deps ti=<TaskInstance: greenhouse_gas_behaviour.extract_population_data manual__2024-11-23T22:45:14.196679+00:00 [queued]>
[2024-11-23T22:45:33.373+0000] {taskinstance.py:2613} INFO - Dependencies all met for dep_context=requeueable deps ti=<TaskInstance: greenhouse_gas_behaviour.extract_population_data manual__2024-11-23T22:45:14.196679+00:00 [queued]>
[2024-11-23T22:45:33.375+0000] {taskinstance.py:2866} INFO - Starting attempt 1 of 1
[2024-11-23T22:45:33.448+0000] {taskinstance.py:2889} INFO - Executing <Task(PythonOperator): extract_population_data> on 2024-11-23 22:45:14.196679+00:00
[2024-11-23T22:45:33.476+0000] {warnings.py:112} WARNING - /home/***/.local/lib/python3.12/site-packages/***/task/task_runner/standard_task_runner.py:70: DeprecationWarning: This process (pid=154) is multi-threaded, use of fork() may lead to deadlocks in the child.
  pid = os.fork()

[2024-11-23T22:45:33.479+0000] {standard_task_runner.py:72} INFO - Started process 156 to run task
[2024-11-23T22:45:33.480+0000] {standard_task_runner.py:104} INFO - Running: ['***', 'tasks', 'run', 'greenhouse_gas_behaviour', 'extract_population_data', 'manual__2024-11-23T22:45:14.196679+00:00', '--job-id', '20', '--raw', '--subdir', 'DAGS_FOLDER/greenhouse_gas_behaviour.py', '--cfg-path', '/tmp/tmpkywfhh1j']
[2024-11-23T22:45:33.483+0000] {standard_task_runner.py:105} INFO - Job 20: Subtask extract_population_data
[2024-11-23T22:45:33.598+0000] {task_command.py:467} INFO - Running <TaskInstance: greenhouse_gas_behaviour.extract_population_data manual__2024-11-23T22:45:14.196679+00:00 [running]> on host 25d920d1683b
[2024-11-23T22:45:33.816+0000] {taskinstance.py:3132} INFO - Exporting env vars: AIRFLOW_CTX_DAG_OWNER='***' AIRFLOW_CTX_DAG_ID='greenhouse_gas_behaviour' AIRFLOW_CTX_TASK_ID='extract_population_data' AIRFLOW_CTX_EXECUTION_DATE='2024-11-23T22:45:14.196679+00:00' AIRFLOW_CTX_TRY_NUMBER='1' AIRFLOW_CTX_DAG_RUN_ID='manual__2024-11-23T22:45:14.196679+00:00'
[2024-11-23T22:45:33.823+0000] {logging_mixin.py:190} INFO - Task instance is in running state
[2024-11-23T22:45:33.825+0000] {logging_mixin.py:190} INFO -  Previous state of the Task instance: queued
[2024-11-23T22:45:33.826+0000] {logging_mixin.py:190} INFO - Current task name:extract_population_data state:running start_date:2024-11-23 22:45:33.358471+00:00
[2024-11-23T22:45:33.827+0000] {logging_mixin.py:190} INFO - Dag name:greenhouse_gas_behaviour and current dag run status:running
[2024-11-23T22:45:33.828+0000] {taskinstance.py:731} INFO - ::endgroup::
[2024-11-23T22:45:33.831+0000] {python.py:240} INFO - Done. Returned value was: None
[2024-11-23T22:45:33.876+0000] {taskinstance.py:340} INFO - ::group::Post task execution logs
[2024-11-23T22:45:33.880+0000] {taskinstance.py:352} INFO - Marking task as SUCCESS. dag_id=greenhouse_gas_behaviour, task_id=extract_population_data, run_id=manual__2024-11-23T22:45:14.196679+00:00, execution_date=20241123T224514, start_date=20241123T224533, end_date=20241123T224533
[2024-11-23T22:45:33.949+0000] {logging_mixin.py:190} INFO - Task instance in success state
[2024-11-23T22:45:33.952+0000] {logging_mixin.py:190} INFO -  Previous state of the Task instance: running
[2024-11-23T22:45:33.953+0000] {logging_mixin.py:190} INFO - Dag name:greenhouse_gas_behaviour queued_at:2024-11-23 22:45:14.239455+00:00
[2024-11-23T22:45:33.954+0000] {logging_mixin.py:190} INFO - Task hostname:25d920d1683b operator:PythonOperator
[2024-11-23T22:45:34.033+0000] {local_task_job_runner.py:266} INFO - Task exited with return code 0
[2024-11-23T22:45:34.158+0000] {taskinstance.py:3895} INFO - 1 downstream tasks scheduled from follow-on schedule check
[2024-11-23T22:45:34.165+0000] {local_task_job_runner.py:245} INFO - ::endgroup::
