[2024-11-24T02:05:22.971+0000] {local_task_job_runner.py:123} INFO - ::group::Pre task execution logs
[2024-11-24T02:05:23.058+0000] {taskinstance.py:2613} INFO - Dependencies all met for dep_context=non-requeueable deps ti=<TaskInstance: greenhouse_gas_behaviour.clean_population_data manual__2024-11-24T02:04:16.788403+00:00 [queued]>
[2024-11-24T02:05:23.101+0000] {taskinstance.py:2613} INFO - Dependencies all met for dep_context=requeueable deps ti=<TaskInstance: greenhouse_gas_behaviour.clean_population_data manual__2024-11-24T02:04:16.788403+00:00 [queued]>
[2024-11-24T02:05:23.108+0000] {taskinstance.py:2866} INFO - Starting attempt 1 of 1
[2024-11-24T02:05:23.170+0000] {taskinstance.py:2889} INFO - Executing <Task(PythonOperator): clean_population_data> on 2024-11-24 02:04:16.788403+00:00
[2024-11-24T02:05:23.206+0000] {standard_task_runner.py:104} INFO - Running: ['***', 'tasks', 'run', 'greenhouse_gas_behaviour', 'clean_population_data', 'manual__2024-11-24T02:04:16.788403+00:00', '--job-id', '56', '--raw', '--subdir', 'DAGS_FOLDER/greenhouse_gas_behaviour.py', '--cfg-path', '/tmp/tmpo12cj02e']
[2024-11-24T02:05:23.201+0000] {warnings.py:112} WARNING - /home/***/.local/lib/python3.12/site-packages/***/task/task_runner/standard_task_runner.py:70: DeprecationWarning: This process (pid=2600) is multi-threaded, use of fork() may lead to deadlocks in the child.
  pid = os.fork()

[2024-11-24T02:05:23.211+0000] {standard_task_runner.py:105} INFO - Job 56: Subtask clean_population_data
[2024-11-24T02:05:23.211+0000] {standard_task_runner.py:72} INFO - Started process 2602 to run task
[2024-11-24T02:05:23.669+0000] {task_command.py:467} INFO - Running <TaskInstance: greenhouse_gas_behaviour.clean_population_data manual__2024-11-24T02:04:16.788403+00:00 [running]> on host 25d920d1683b
[2024-11-24T02:05:24.343+0000] {taskinstance.py:3132} INFO - Exporting env vars: AIRFLOW_CTX_DAG_OWNER='***' AIRFLOW_CTX_DAG_ID='greenhouse_gas_behaviour' AIRFLOW_CTX_TASK_ID='clean_population_data' AIRFLOW_CTX_EXECUTION_DATE='2024-11-24T02:04:16.788403+00:00' AIRFLOW_CTX_TRY_NUMBER='1' AIRFLOW_CTX_DAG_RUN_ID='manual__2024-11-24T02:04:16.788403+00:00'
[2024-11-24T02:05:24.354+0000] {logging_mixin.py:190} INFO - Task instance is in running state
[2024-11-24T02:05:24.357+0000] {logging_mixin.py:190} INFO -  Previous state of the Task instance: queued
[2024-11-24T02:05:24.360+0000] {logging_mixin.py:190} INFO - Current task name:clean_population_data state:running start_date:2024-11-24 02:05:23.066501+00:00
[2024-11-24T02:05:24.410+0000] {logging_mixin.py:190} INFO - Dag name:greenhouse_gas_behaviour and current dag run status:running
[2024-11-24T02:05:24.419+0000] {taskinstance.py:731} INFO - ::endgroup::
[2024-11-24T02:05:24.437+0000] {python.py:240} INFO - Done. Returned value was: None
[2024-11-24T02:05:24.518+0000] {taskinstance.py:340} INFO - ::group::Post task execution logs
[2024-11-24T02:05:24.519+0000] {taskinstance.py:352} INFO - Marking task as SUCCESS. dag_id=greenhouse_gas_behaviour, task_id=clean_population_data, run_id=manual__2024-11-24T02:04:16.788403+00:00, execution_date=20241124T020416, start_date=20241124T020523, end_date=20241124T020524
[2024-11-24T02:05:24.607+0000] {logging_mixin.py:190} INFO - Task instance in success state
[2024-11-24T02:05:24.617+0000] {logging_mixin.py:190} INFO -  Previous state of the Task instance: running
[2024-11-24T02:05:24.619+0000] {logging_mixin.py:190} INFO - Dag name:greenhouse_gas_behaviour queued_at:2024-11-24 02:04:17.021380+00:00
[2024-11-24T02:05:24.624+0000] {logging_mixin.py:190} INFO - Task hostname:25d920d1683b operator:PythonOperator
[2024-11-24T02:05:24.721+0000] {local_task_job_runner.py:266} INFO - Task exited with return code 0
[2024-11-24T02:05:24.847+0000] {taskinstance.py:3895} INFO - 1 downstream tasks scheduled from follow-on schedule check
[2024-11-24T02:05:24.867+0000] {local_task_job_runner.py:245} INFO - ::endgroup::
