[2024-11-24T02:04:52.641+0000] {local_task_job_runner.py:123} INFO - ::group::Pre task execution logs
[2024-11-24T02:04:52.706+0000] {taskinstance.py:2613} INFO - Dependencies all met for dep_context=non-requeueable deps ti=<TaskInstance: greenhouse_gas_behaviour.extract_co2_land_use manual__2024-11-24T02:04:16.788403+00:00 [queued]>
[2024-11-24T02:04:52.737+0000] {taskinstance.py:2613} INFO - Dependencies all met for dep_context=requeueable deps ti=<TaskInstance: greenhouse_gas_behaviour.extract_co2_land_use manual__2024-11-24T02:04:16.788403+00:00 [queued]>
[2024-11-24T02:04:52.739+0000] {taskinstance.py:2866} INFO - Starting attempt 1 of 1
[2024-11-24T02:04:52.844+0000] {taskinstance.py:2889} INFO - Executing <Task(PythonOperator): extract_co2_land_use> on 2024-11-24 02:04:16.788403+00:00
[2024-11-24T02:04:52.877+0000] {warnings.py:112} WARNING - /home/***/.local/lib/python3.12/site-packages/***/task/task_runner/standard_task_runner.py:70: DeprecationWarning: This process (pid=2585) is multi-threaded, use of fork() may lead to deadlocks in the child.
  pid = os.fork()

[2024-11-24T02:04:52.894+0000] {standard_task_runner.py:72} INFO - Started process 2587 to run task
[2024-11-24T02:04:52.892+0000] {standard_task_runner.py:104} INFO - Running: ['***', 'tasks', 'run', 'greenhouse_gas_behaviour', 'extract_co2_land_use', 'manual__2024-11-24T02:04:16.788403+00:00', '--job-id', '54', '--raw', '--subdir', 'DAGS_FOLDER/greenhouse_gas_behaviour.py', '--cfg-path', '/tmp/tmpyw8yc1qu']
[2024-11-24T02:04:52.909+0000] {standard_task_runner.py:105} INFO - Job 54: Subtask extract_co2_land_use
[2024-11-24T02:04:53.180+0000] {task_command.py:467} INFO - Running <TaskInstance: greenhouse_gas_behaviour.extract_co2_land_use manual__2024-11-24T02:04:16.788403+00:00 [running]> on host 25d920d1683b
[2024-11-24T02:04:53.575+0000] {taskinstance.py:3132} INFO - Exporting env vars: AIRFLOW_CTX_DAG_OWNER='***' AIRFLOW_CTX_DAG_ID='greenhouse_gas_behaviour' AIRFLOW_CTX_TASK_ID='extract_co2_land_use' AIRFLOW_CTX_EXECUTION_DATE='2024-11-24T02:04:16.788403+00:00' AIRFLOW_CTX_TRY_NUMBER='1' AIRFLOW_CTX_DAG_RUN_ID='manual__2024-11-24T02:04:16.788403+00:00'
[2024-11-24T02:04:53.578+0000] {logging_mixin.py:190} INFO - Task instance is in running state
[2024-11-24T02:04:53.580+0000] {logging_mixin.py:190} INFO -  Previous state of the Task instance: queued
[2024-11-24T02:04:53.584+0000] {logging_mixin.py:190} INFO - Current task name:extract_co2_land_use state:running start_date:2024-11-24 02:04:52.708984+00:00
[2024-11-24T02:04:53.586+0000] {logging_mixin.py:190} INFO - Dag name:greenhouse_gas_behaviour and current dag run status:running
[2024-11-24T02:04:53.590+0000] {taskinstance.py:731} INFO - ::endgroup::
[2024-11-24T02:04:53.822+0000] {warnings.py:112} WARNING - /home/***/.local/lib/python3.12/site-packages/urllib3/connectionpool.py:1099: InsecureRequestWarning: Unverified HTTPS request is being made to host 'ourworldindata.org'. Adding certificate verification is strongly advised. See: https://urllib3.readthedocs.io/en/latest/advanced-usage.html#tls-warnings
  warnings.warn(

[2024-11-24T02:04:54.515+0000] {logging_mixin.py:190} INFO - Arquivo co2_land_use.csv enviado ao bucket: 'bronze' enviado com sucesso!
[2024-11-24T02:04:54.521+0000] {python.py:240} INFO - Done. Returned value was: None
[2024-11-24T02:04:54.607+0000] {taskinstance.py:340} INFO - ::group::Post task execution logs
[2024-11-24T02:04:54.614+0000] {taskinstance.py:352} INFO - Marking task as SUCCESS. dag_id=greenhouse_gas_behaviour, task_id=extract_co2_land_use, run_id=manual__2024-11-24T02:04:16.788403+00:00, execution_date=20241124T020416, start_date=20241124T020452, end_date=20241124T020454
[2024-11-24T02:04:54.707+0000] {logging_mixin.py:190} INFO - Task instance in success state
[2024-11-24T02:04:54.708+0000] {logging_mixin.py:190} INFO -  Previous state of the Task instance: running
[2024-11-24T02:04:54.709+0000] {logging_mixin.py:190} INFO - Dag name:greenhouse_gas_behaviour queued_at:2024-11-24 02:04:17.021380+00:00
[2024-11-24T02:04:54.711+0000] {logging_mixin.py:190} INFO - Task hostname:25d920d1683b operator:PythonOperator
[2024-11-24T02:04:54.802+0000] {local_task_job_runner.py:266} INFO - Task exited with return code 0
[2024-11-24T02:04:54.979+0000] {taskinstance.py:3895} INFO - 1 downstream tasks scheduled from follow-on schedule check
[2024-11-24T02:04:54.987+0000] {local_task_job_runner.py:245} INFO - ::endgroup::
