[2024-11-23T22:45:24.440+0000] {local_task_job_runner.py:123} INFO - ::group::Pre task execution logs
[2024-11-23T22:45:24.471+0000] {taskinstance.py:2613} INFO - Dependencies all met for dep_context=non-requeueable deps ti=<TaskInstance: greenhouse_gas_behaviour.extract_co2_emission manual__2024-11-23T22:45:14.196679+00:00 [queued]>
[2024-11-23T22:45:24.489+0000] {taskinstance.py:2613} INFO - Dependencies all met for dep_context=requeueable deps ti=<TaskInstance: greenhouse_gas_behaviour.extract_co2_emission manual__2024-11-23T22:45:14.196679+00:00 [queued]>
[2024-11-23T22:45:24.491+0000] {taskinstance.py:2866} INFO - Starting attempt 1 of 1
[2024-11-23T22:45:24.519+0000] {taskinstance.py:2889} INFO - Executing <Task(PythonOperator): extract_co2_emission> on 2024-11-23 22:45:14.196679+00:00
[2024-11-23T22:45:24.531+0000] {warnings.py:112} WARNING - /home/***/.local/lib/python3.12/site-packages/***/task/task_runner/standard_task_runner.py:70: DeprecationWarning: This process (pid=143) is multi-threaded, use of fork() may lead to deadlocks in the child.
  pid = os.fork()

[2024-11-23T22:45:24.534+0000] {standard_task_runner.py:104} INFO - Running: ['***', 'tasks', 'run', 'greenhouse_gas_behaviour', 'extract_co2_emission', 'manual__2024-11-23T22:45:14.196679+00:00', '--job-id', '19', '--raw', '--subdir', 'DAGS_FOLDER/greenhouse_gas_behaviour.py', '--cfg-path', '/tmp/tmpqk2c4n06']
[2024-11-23T22:45:24.537+0000] {standard_task_runner.py:72} INFO - Started process 145 to run task
[2024-11-23T22:45:24.537+0000] {standard_task_runner.py:105} INFO - Job 19: Subtask extract_co2_emission
[2024-11-23T22:45:24.632+0000] {task_command.py:467} INFO - Running <TaskInstance: greenhouse_gas_behaviour.extract_co2_emission manual__2024-11-23T22:45:14.196679+00:00 [running]> on host 25d920d1683b
[2024-11-23T22:45:24.805+0000] {taskinstance.py:3132} INFO - Exporting env vars: AIRFLOW_CTX_DAG_OWNER='***' AIRFLOW_CTX_DAG_ID='greenhouse_gas_behaviour' AIRFLOW_CTX_TASK_ID='extract_co2_emission' AIRFLOW_CTX_EXECUTION_DATE='2024-11-23T22:45:14.196679+00:00' AIRFLOW_CTX_TRY_NUMBER='1' AIRFLOW_CTX_DAG_RUN_ID='manual__2024-11-23T22:45:14.196679+00:00'
[2024-11-23T22:45:24.809+0000] {logging_mixin.py:190} INFO - Task instance is in running state
[2024-11-23T22:45:24.810+0000] {logging_mixin.py:190} INFO -  Previous state of the Task instance: queued
[2024-11-23T22:45:24.812+0000] {logging_mixin.py:190} INFO - Current task name:extract_co2_emission state:running start_date:2024-11-23 22:45:24.472501+00:00
[2024-11-23T22:45:24.813+0000] {logging_mixin.py:190} INFO - Dag name:greenhouse_gas_behaviour and current dag run status:running
[2024-11-23T22:45:24.814+0000] {taskinstance.py:731} INFO - ::endgroup::
[2024-11-23T22:45:25.436+0000] {warnings.py:112} WARNING - /home/***/.local/lib/python3.12/site-packages/urllib3/connectionpool.py:1099: InsecureRequestWarning: Unverified HTTPS request is being made to host 'ourworldindata.org'. Adding certificate verification is strongly advised. See: https://urllib3.readthedocs.io/en/latest/advanced-usage.html#tls-warnings
  warnings.warn(

[2024-11-23T22:45:27.346+0000] {python.py:240} INFO - Done. Returned value was: None
[2024-11-23T22:45:27.366+0000] {taskinstance.py:340} INFO - ::group::Post task execution logs
[2024-11-23T22:45:27.368+0000] {taskinstance.py:352} INFO - Marking task as SUCCESS. dag_id=greenhouse_gas_behaviour, task_id=extract_co2_emission, run_id=manual__2024-11-23T22:45:14.196679+00:00, execution_date=20241123T224514, start_date=20241123T224524, end_date=20241123T224527
[2024-11-23T22:45:27.388+0000] {logging_mixin.py:190} INFO - Task instance in success state
[2024-11-23T22:45:27.389+0000] {logging_mixin.py:190} INFO -  Previous state of the Task instance: running
[2024-11-23T22:45:27.390+0000] {logging_mixin.py:190} INFO - Dag name:greenhouse_gas_behaviour queued_at:2024-11-23 22:45:14.239455+00:00
[2024-11-23T22:45:27.391+0000] {logging_mixin.py:190} INFO - Task hostname:25d920d1683b operator:PythonOperator
[2024-11-23T22:45:27.409+0000] {local_task_job_runner.py:266} INFO - Task exited with return code 0
[2024-11-23T22:45:27.457+0000] {taskinstance.py:3895} INFO - 1 downstream tasks scheduled from follow-on schedule check
[2024-11-23T22:45:27.460+0000] {local_task_job_runner.py:245} INFO - ::endgroup::
