[2024-11-24T14:09:21.578+0000] {local_task_job_runner.py:123} INFO - ::group::Pre task execution logs
[2024-11-24T14:09:21.608+0000] {taskinstance.py:2613} INFO - Dependencies all met for dep_context=non-requeueable deps ti=<TaskInstance: greenhouse_gas_behaviour.extract_co2_land_use manual__2024-11-24T14:08:44.612144+00:00 [queued]>
[2024-11-24T14:09:21.625+0000] {taskinstance.py:2613} INFO - Dependencies all met for dep_context=requeueable deps ti=<TaskInstance: greenhouse_gas_behaviour.extract_co2_land_use manual__2024-11-24T14:08:44.612144+00:00 [queued]>
[2024-11-24T14:09:21.627+0000] {taskinstance.py:2866} INFO - Starting attempt 1 of 1
[2024-11-24T14:09:21.651+0000] {taskinstance.py:2889} INFO - Executing <Task(PythonOperator): extract_co2_land_use> on 2024-11-24 14:08:44.612144+00:00
[2024-11-24T14:09:21.664+0000] {warnings.py:112} WARNING - /home/***/.local/lib/python3.12/site-packages/***/task/task_runner/standard_task_runner.py:70: DeprecationWarning: This process (pid=139) is multi-threaded, use of fork() may lead to deadlocks in the child.
  pid = os.fork()

[2024-11-24T14:09:21.668+0000] {standard_task_runner.py:72} INFO - Started process 141 to run task
[2024-11-24T14:09:21.668+0000] {standard_task_runner.py:104} INFO - Running: ['***', 'tasks', 'run', 'greenhouse_gas_behaviour', 'extract_co2_land_use', 'manual__2024-11-24T14:08:44.612144+00:00', '--job-id', '74', '--raw', '--subdir', 'DAGS_FOLDER/greenhouse_gas_behaviour.py', '--cfg-path', '/tmp/tmp6sbazakq']
[2024-11-24T14:09:21.670+0000] {standard_task_runner.py:105} INFO - Job 74: Subtask extract_co2_land_use
[2024-11-24T14:09:21.751+0000] {task_command.py:467} INFO - Running <TaskInstance: greenhouse_gas_behaviour.extract_co2_land_use manual__2024-11-24T14:08:44.612144+00:00 [running]> on host bb6f052ed649
[2024-11-24T14:09:21.928+0000] {taskinstance.py:3132} INFO - Exporting env vars: AIRFLOW_CTX_DAG_OWNER='***' AIRFLOW_CTX_DAG_ID='greenhouse_gas_behaviour' AIRFLOW_CTX_TASK_ID='extract_co2_land_use' AIRFLOW_CTX_EXECUTION_DATE='2024-11-24T14:08:44.612144+00:00' AIRFLOW_CTX_TRY_NUMBER='1' AIRFLOW_CTX_DAG_RUN_ID='manual__2024-11-24T14:08:44.612144+00:00'
[2024-11-24T14:09:21.930+0000] {logging_mixin.py:190} INFO - Task instance is in running state
[2024-11-24T14:09:21.931+0000] {logging_mixin.py:190} INFO -  Previous state of the Task instance: queued
[2024-11-24T14:09:21.932+0000] {logging_mixin.py:190} INFO - Current task name:extract_co2_land_use state:running start_date:2024-11-24 14:09:21.609558+00:00
[2024-11-24T14:09:21.933+0000] {logging_mixin.py:190} INFO - Dag name:greenhouse_gas_behaviour and current dag run status:running
[2024-11-24T14:09:21.935+0000] {taskinstance.py:731} INFO - ::endgroup::
[2024-11-24T14:09:22.107+0000] {warnings.py:112} WARNING - /home/***/.local/lib/python3.12/site-packages/urllib3/connectionpool.py:1099: InsecureRequestWarning: Unverified HTTPS request is being made to host 'ourworldindata.org'. Adding certificate verification is strongly advised. See: https://urllib3.readthedocs.io/en/latest/advanced-usage.html#tls-warnings
  warnings.warn(

[2024-11-24T14:09:25.252+0000] {logging_mixin.py:190} INFO - Arquivo co2_land_use.csv enviado ao bucket: 'bronze' enviado com sucesso!
[2024-11-24T14:09:25.271+0000] {python.py:240} INFO - Done. Returned value was: None
[2024-11-24T14:09:25.339+0000] {taskinstance.py:340} INFO - ::group::Post task execution logs
[2024-11-24T14:09:25.342+0000] {taskinstance.py:352} INFO - Marking task as SUCCESS. dag_id=greenhouse_gas_behaviour, task_id=extract_co2_land_use, run_id=manual__2024-11-24T14:08:44.612144+00:00, execution_date=20241124T140844, start_date=20241124T140921, end_date=20241124T140925
[2024-11-24T14:09:25.406+0000] {logging_mixin.py:190} INFO - Task instance in success state
[2024-11-24T14:09:25.409+0000] {logging_mixin.py:190} INFO -  Previous state of the Task instance: running
[2024-11-24T14:09:25.411+0000] {logging_mixin.py:190} INFO - Dag name:greenhouse_gas_behaviour queued_at:2024-11-24 14:08:44.704414+00:00
[2024-11-24T14:09:25.425+0000] {logging_mixin.py:190} INFO - Task hostname:bb6f052ed649 operator:PythonOperator
[2024-11-24T14:09:25.498+0000] {local_task_job_runner.py:266} INFO - Task exited with return code 0
[2024-11-24T14:09:25.677+0000] {taskinstance.py:3895} INFO - 1 downstream tasks scheduled from follow-on schedule check
[2024-11-24T14:09:25.755+0000] {local_task_job_runner.py:245} INFO - ::endgroup::
