[2024-11-23T03:25:20.640+0000] {processor.py:186} INFO - Started process (PID=100) to work on /home/airflow/.local/lib/python3.12/site-packages/airflow/example_dags/example_complex.py
[2024-11-23T03:25:20.642+0000] {processor.py:914} INFO - Processing file /home/airflow/.local/lib/python3.12/site-packages/airflow/example_dags/example_complex.py for tasks to queue
[2024-11-23T03:25:20.648+0000] {logging_mixin.py:190} INFO - [2024-11-23T03:25:20.647+0000] {dagbag.py:588} INFO - Filling up the DagBag from /home/airflow/.local/lib/python3.12/site-packages/airflow/example_dags/example_complex.py
[2024-11-23T03:25:20.682+0000] {processor.py:925} INFO - DAG(s) 'example_complex' retrieved from /home/airflow/.local/lib/python3.12/site-packages/airflow/example_dags/example_complex.py
[2024-11-23T03:25:20.989+0000] {logging_mixin.py:190} INFO - [2024-11-23T03:25:20.987+0000] {override.py:1911} INFO - Created Permission View: can edit on DAG:example_complex
[2024-11-23T03:25:21.020+0000] {logging_mixin.py:190} INFO - [2024-11-23T03:25:21.019+0000] {override.py:1911} INFO - Created Permission View: can read on DAG:example_complex
[2024-11-23T03:25:21.067+0000] {logging_mixin.py:190} INFO - [2024-11-23T03:25:21.066+0000] {override.py:1911} INFO - Created Permission View: can delete on DAG:example_complex
[2024-11-23T03:25:21.139+0000] {logging_mixin.py:190} INFO - [2024-11-23T03:25:21.138+0000] {override.py:1911} INFO - Created Permission View: can create on DAG Run:example_complex
[2024-11-23T03:25:21.258+0000] {logging_mixin.py:190} INFO - [2024-11-23T03:25:21.257+0000] {override.py:1911} INFO - Created Permission View: menu access on DAG Run:example_complex
[2024-11-23T03:25:21.374+0000] {logging_mixin.py:190} INFO - [2024-11-23T03:25:21.374+0000] {override.py:1911} INFO - Created Permission View: can read on DAG Run:example_complex
[2024-11-23T03:25:21.430+0000] {logging_mixin.py:190} INFO - [2024-11-23T03:25:21.429+0000] {override.py:1911} INFO - Created Permission View: can delete on DAG Run:example_complex
[2024-11-23T03:25:21.441+0000] {logging_mixin.py:190} INFO - [2024-11-23T03:25:21.440+0000] {dag.py:3239} INFO - Sync 1 DAGs
[2024-11-23T03:25:21.539+0000] {logging_mixin.py:190} INFO - [2024-11-23T03:25:21.539+0000] {dag.py:3262} INFO - Creating ORM DAG for example_complex
[2024-11-23T03:25:21.552+0000] {logging_mixin.py:190} INFO - [2024-11-23T03:25:21.549+0000] {dag.py:4180} INFO - Setting next_dagrun for example_complex to None, run_after=None
[2024-11-23T03:25:21.620+0000] {processor.py:208} INFO - Processing /home/airflow/.local/lib/python3.12/site-packages/airflow/example_dags/example_complex.py took 0.996 seconds
[2024-11-23T03:25:52.372+0000] {processor.py:186} INFO - Started process (PID=163) to work on /home/airflow/.local/lib/python3.12/site-packages/airflow/example_dags/example_complex.py
[2024-11-23T03:25:52.379+0000] {processor.py:914} INFO - Processing file /home/airflow/.local/lib/python3.12/site-packages/airflow/example_dags/example_complex.py for tasks to queue
[2024-11-23T03:25:52.385+0000] {logging_mixin.py:190} INFO - [2024-11-23T03:25:52.384+0000] {dagbag.py:588} INFO - Filling up the DagBag from /home/airflow/.local/lib/python3.12/site-packages/airflow/example_dags/example_complex.py
[2024-11-23T03:25:52.418+0000] {processor.py:925} INFO - DAG(s) 'example_complex' retrieved from /home/airflow/.local/lib/python3.12/site-packages/airflow/example_dags/example_complex.py
[2024-11-23T03:25:52.500+0000] {logging_mixin.py:190} INFO - [2024-11-23T03:25:52.499+0000] {dag.py:3239} INFO - Sync 1 DAGs
[2024-11-23T03:25:52.534+0000] {logging_mixin.py:190} INFO - [2024-11-23T03:25:52.533+0000] {dag.py:4180} INFO - Setting next_dagrun for example_complex to None, run_after=None
[2024-11-23T03:25:52.572+0000] {processor.py:208} INFO - Processing /home/airflow/.local/lib/python3.12/site-packages/airflow/example_dags/example_complex.py took 0.217 seconds
[2024-11-23T03:26:27.697+0000] {processor.py:186} INFO - Started process (PID=227) to work on /home/airflow/.local/lib/python3.12/site-packages/airflow/example_dags/example_complex.py
[2024-11-23T03:26:27.699+0000] {processor.py:914} INFO - Processing file /home/airflow/.local/lib/python3.12/site-packages/airflow/example_dags/example_complex.py for tasks to queue
[2024-11-23T03:26:27.704+0000] {logging_mixin.py:190} INFO - [2024-11-23T03:26:27.703+0000] {dagbag.py:588} INFO - Filling up the DagBag from /home/airflow/.local/lib/python3.12/site-packages/airflow/example_dags/example_complex.py
[2024-11-23T03:26:27.736+0000] {processor.py:925} INFO - DAG(s) 'example_complex' retrieved from /home/airflow/.local/lib/python3.12/site-packages/airflow/example_dags/example_complex.py
[2024-11-23T03:26:27.837+0000] {logging_mixin.py:190} INFO - [2024-11-23T03:26:27.836+0000] {dag.py:3239} INFO - Sync 1 DAGs
[2024-11-23T03:26:27.888+0000] {logging_mixin.py:190} INFO - [2024-11-23T03:26:27.888+0000] {dag.py:4180} INFO - Setting next_dagrun for example_complex to None, run_after=None
[2024-11-23T03:26:27.972+0000] {processor.py:208} INFO - Processing /home/airflow/.local/lib/python3.12/site-packages/airflow/example_dags/example_complex.py took 0.287 seconds
[2024-11-23T03:27:05.010+0000] {processor.py:186} INFO - Started process (PID=291) to work on /home/airflow/.local/lib/python3.12/site-packages/airflow/example_dags/example_complex.py
[2024-11-23T03:27:05.030+0000] {processor.py:914} INFO - Processing file /home/airflow/.local/lib/python3.12/site-packages/airflow/example_dags/example_complex.py for tasks to queue
[2024-11-23T03:27:05.079+0000] {logging_mixin.py:190} INFO - [2024-11-23T03:27:05.078+0000] {dagbag.py:588} INFO - Filling up the DagBag from /home/airflow/.local/lib/python3.12/site-packages/airflow/example_dags/example_complex.py
[2024-11-23T03:27:05.332+0000] {processor.py:925} INFO - DAG(s) 'example_complex' retrieved from /home/airflow/.local/lib/python3.12/site-packages/airflow/example_dags/example_complex.py
[2024-11-23T03:27:05.514+0000] {logging_mixin.py:190} INFO - [2024-11-23T03:27:05.513+0000] {dag.py:3239} INFO - Sync 1 DAGs
[2024-11-23T03:27:05.636+0000] {logging_mixin.py:190} INFO - [2024-11-23T03:27:05.635+0000] {dag.py:4180} INFO - Setting next_dagrun for example_complex to None, run_after=None
[2024-11-23T03:27:05.896+0000] {processor.py:208} INFO - Processing /home/airflow/.local/lib/python3.12/site-packages/airflow/example_dags/example_complex.py took 0.949 seconds
[2024-11-23T03:27:41.710+0000] {processor.py:186} INFO - Started process (PID=360) to work on /home/airflow/.local/lib/python3.12/site-packages/airflow/example_dags/example_complex.py
[2024-11-23T03:27:41.713+0000] {processor.py:914} INFO - Processing file /home/airflow/.local/lib/python3.12/site-packages/airflow/example_dags/example_complex.py for tasks to queue
[2024-11-23T03:27:41.729+0000] {logging_mixin.py:190} INFO - [2024-11-23T03:27:41.727+0000] {dagbag.py:588} INFO - Filling up the DagBag from /home/airflow/.local/lib/python3.12/site-packages/airflow/example_dags/example_complex.py
[2024-11-23T03:27:41.802+0000] {processor.py:925} INFO - DAG(s) 'example_complex' retrieved from /home/airflow/.local/lib/python3.12/site-packages/airflow/example_dags/example_complex.py
[2024-11-23T03:27:41.950+0000] {logging_mixin.py:190} INFO - [2024-11-23T03:27:41.949+0000] {dag.py:3239} INFO - Sync 1 DAGs
[2024-11-23T03:27:42.039+0000] {logging_mixin.py:190} INFO - [2024-11-23T03:27:42.038+0000] {dag.py:4180} INFO - Setting next_dagrun for example_complex to None, run_after=None
[2024-11-23T03:27:42.143+0000] {processor.py:208} INFO - Processing /home/airflow/.local/lib/python3.12/site-packages/airflow/example_dags/example_complex.py took 0.473 seconds
[2024-11-23T03:28:13.920+0000] {processor.py:186} INFO - Started process (PID=422) to work on /home/airflow/.local/lib/python3.12/site-packages/airflow/example_dags/example_complex.py
[2024-11-23T03:28:13.927+0000] {processor.py:914} INFO - Processing file /home/airflow/.local/lib/python3.12/site-packages/airflow/example_dags/example_complex.py for tasks to queue
[2024-11-23T03:28:13.952+0000] {logging_mixin.py:190} INFO - [2024-11-23T03:28:13.951+0000] {dagbag.py:588} INFO - Filling up the DagBag from /home/airflow/.local/lib/python3.12/site-packages/airflow/example_dags/example_complex.py
[2024-11-23T03:28:14.067+0000] {processor.py:925} INFO - DAG(s) 'example_complex' retrieved from /home/airflow/.local/lib/python3.12/site-packages/airflow/example_dags/example_complex.py
[2024-11-23T03:28:14.420+0000] {logging_mixin.py:190} INFO - [2024-11-23T03:28:14.419+0000] {dag.py:3239} INFO - Sync 1 DAGs
[2024-11-23T03:28:14.630+0000] {logging_mixin.py:190} INFO - [2024-11-23T03:28:14.629+0000] {dag.py:4180} INFO - Setting next_dagrun for example_complex to None, run_after=None
[2024-11-23T03:28:14.805+0000] {processor.py:208} INFO - Processing /home/airflow/.local/lib/python3.12/site-packages/airflow/example_dags/example_complex.py took 0.937 seconds
[2024-11-23T03:28:51.210+0000] {processor.py:186} INFO - Started process (PID=485) to work on /home/airflow/.local/lib/python3.12/site-packages/airflow/example_dags/example_complex.py
[2024-11-23T03:28:51.242+0000] {processor.py:914} INFO - Processing file /home/airflow/.local/lib/python3.12/site-packages/airflow/example_dags/example_complex.py for tasks to queue
[2024-11-23T03:28:51.261+0000] {logging_mixin.py:190} INFO - [2024-11-23T03:28:51.260+0000] {dagbag.py:588} INFO - Filling up the DagBag from /home/airflow/.local/lib/python3.12/site-packages/airflow/example_dags/example_complex.py
[2024-11-23T03:28:51.352+0000] {processor.py:925} INFO - DAG(s) 'example_complex' retrieved from /home/airflow/.local/lib/python3.12/site-packages/airflow/example_dags/example_complex.py
[2024-11-23T03:28:51.587+0000] {logging_mixin.py:190} INFO - [2024-11-23T03:28:51.579+0000] {dag.py:3239} INFO - Sync 1 DAGs
[2024-11-23T03:28:51.700+0000] {logging_mixin.py:190} INFO - [2024-11-23T03:28:51.700+0000] {dag.py:4180} INFO - Setting next_dagrun for example_complex to None, run_after=None
[2024-11-23T03:28:51.817+0000] {processor.py:208} INFO - Processing /home/airflow/.local/lib/python3.12/site-packages/airflow/example_dags/example_complex.py took 0.628 seconds
[2024-11-23T03:29:22.695+0000] {processor.py:186} INFO - Started process (PID=547) to work on /home/airflow/.local/lib/python3.12/site-packages/airflow/example_dags/example_complex.py
[2024-11-23T03:29:22.697+0000] {processor.py:914} INFO - Processing file /home/airflow/.local/lib/python3.12/site-packages/airflow/example_dags/example_complex.py for tasks to queue
[2024-11-23T03:29:22.701+0000] {logging_mixin.py:190} INFO - [2024-11-23T03:29:22.701+0000] {dagbag.py:588} INFO - Filling up the DagBag from /home/airflow/.local/lib/python3.12/site-packages/airflow/example_dags/example_complex.py
[2024-11-23T03:29:22.725+0000] {processor.py:925} INFO - DAG(s) 'example_complex' retrieved from /home/airflow/.local/lib/python3.12/site-packages/airflow/example_dags/example_complex.py
[2024-11-23T03:29:22.787+0000] {logging_mixin.py:190} INFO - [2024-11-23T03:29:22.786+0000] {dag.py:3239} INFO - Sync 1 DAGs
[2024-11-23T03:29:22.818+0000] {logging_mixin.py:190} INFO - [2024-11-23T03:29:22.817+0000] {dag.py:4180} INFO - Setting next_dagrun for example_complex to None, run_after=None
[2024-11-23T03:29:22.875+0000] {processor.py:208} INFO - Processing /home/airflow/.local/lib/python3.12/site-packages/airflow/example_dags/example_complex.py took 0.190 seconds
[2024-11-23T03:30:02.931+0000] {processor.py:186} INFO - Started process (PID=604) to work on /home/airflow/.local/lib/python3.12/site-packages/airflow/example_dags/example_complex.py
[2024-11-23T03:30:02.933+0000] {processor.py:914} INFO - Processing file /home/airflow/.local/lib/python3.12/site-packages/airflow/example_dags/example_complex.py for tasks to queue
[2024-11-23T03:30:02.939+0000] {logging_mixin.py:190} INFO - [2024-11-23T03:30:02.938+0000] {dagbag.py:588} INFO - Filling up the DagBag from /home/airflow/.local/lib/python3.12/site-packages/airflow/example_dags/example_complex.py
[2024-11-23T03:30:02.964+0000] {processor.py:925} INFO - DAG(s) 'example_complex' retrieved from /home/airflow/.local/lib/python3.12/site-packages/airflow/example_dags/example_complex.py
[2024-11-23T03:30:03.139+0000] {logging_mixin.py:190} INFO - [2024-11-23T03:30:03.138+0000] {dag.py:3239} INFO - Sync 1 DAGs
[2024-11-23T03:30:03.203+0000] {logging_mixin.py:190} INFO - [2024-11-23T03:30:03.202+0000] {dag.py:4180} INFO - Setting next_dagrun for example_complex to None, run_after=None
[2024-11-23T03:30:03.292+0000] {processor.py:208} INFO - Processing /home/airflow/.local/lib/python3.12/site-packages/airflow/example_dags/example_complex.py took 0.374 seconds
[2024-11-23T03:30:36.881+0000] {processor.py:186} INFO - Started process (PID=668) to work on /home/airflow/.local/lib/python3.12/site-packages/airflow/example_dags/example_complex.py
[2024-11-23T03:30:36.884+0000] {processor.py:914} INFO - Processing file /home/airflow/.local/lib/python3.12/site-packages/airflow/example_dags/example_complex.py for tasks to queue
[2024-11-23T03:30:36.908+0000] {logging_mixin.py:190} INFO - [2024-11-23T03:30:36.899+0000] {dagbag.py:588} INFO - Filling up the DagBag from /home/airflow/.local/lib/python3.12/site-packages/airflow/example_dags/example_complex.py
[2024-11-23T03:30:36.963+0000] {processor.py:925} INFO - DAG(s) 'example_complex' retrieved from /home/airflow/.local/lib/python3.12/site-packages/airflow/example_dags/example_complex.py
[2024-11-23T03:30:37.062+0000] {logging_mixin.py:190} INFO - [2024-11-23T03:30:37.061+0000] {dag.py:3239} INFO - Sync 1 DAGs
[2024-11-23T03:30:37.164+0000] {logging_mixin.py:190} INFO - [2024-11-23T03:30:37.163+0000] {dag.py:4180} INFO - Setting next_dagrun for example_complex to None, run_after=None
[2024-11-23T03:30:37.345+0000] {processor.py:208} INFO - Processing /home/airflow/.local/lib/python3.12/site-packages/airflow/example_dags/example_complex.py took 0.488 seconds
[2024-11-23T03:31:08.496+0000] {processor.py:186} INFO - Started process (PID=730) to work on /home/airflow/.local/lib/python3.12/site-packages/airflow/example_dags/example_complex.py
[2024-11-23T03:31:08.498+0000] {processor.py:914} INFO - Processing file /home/airflow/.local/lib/python3.12/site-packages/airflow/example_dags/example_complex.py for tasks to queue
[2024-11-23T03:31:08.524+0000] {logging_mixin.py:190} INFO - [2024-11-23T03:31:08.523+0000] {dagbag.py:588} INFO - Filling up the DagBag from /home/airflow/.local/lib/python3.12/site-packages/airflow/example_dags/example_complex.py
[2024-11-23T03:31:08.604+0000] {processor.py:925} INFO - DAG(s) 'example_complex' retrieved from /home/airflow/.local/lib/python3.12/site-packages/airflow/example_dags/example_complex.py
[2024-11-23T03:31:09.216+0000] {logging_mixin.py:190} INFO - [2024-11-23T03:31:09.215+0000] {dag.py:3239} INFO - Sync 1 DAGs
[2024-11-23T03:31:09.505+0000] {logging_mixin.py:190} INFO - [2024-11-23T03:31:09.504+0000] {dag.py:4180} INFO - Setting next_dagrun for example_complex to None, run_after=None
[2024-11-23T03:31:09.977+0000] {processor.py:208} INFO - Processing /home/airflow/.local/lib/python3.12/site-packages/airflow/example_dags/example_complex.py took 1.512 seconds
[2024-11-23T03:31:40.396+0000] {processor.py:186} INFO - Started process (PID=792) to work on /home/airflow/.local/lib/python3.12/site-packages/airflow/example_dags/example_complex.py
[2024-11-23T03:31:40.398+0000] {processor.py:914} INFO - Processing file /home/airflow/.local/lib/python3.12/site-packages/airflow/example_dags/example_complex.py for tasks to queue
[2024-11-23T03:31:40.405+0000] {logging_mixin.py:190} INFO - [2024-11-23T03:31:40.404+0000] {dagbag.py:588} INFO - Filling up the DagBag from /home/airflow/.local/lib/python3.12/site-packages/airflow/example_dags/example_complex.py
[2024-11-23T03:31:40.446+0000] {processor.py:925} INFO - DAG(s) 'example_complex' retrieved from /home/airflow/.local/lib/python3.12/site-packages/airflow/example_dags/example_complex.py
[2024-11-23T03:31:40.688+0000] {logging_mixin.py:190} INFO - [2024-11-23T03:31:40.687+0000] {dag.py:3239} INFO - Sync 1 DAGs
[2024-11-23T03:31:40.797+0000] {logging_mixin.py:190} INFO - [2024-11-23T03:31:40.796+0000] {dag.py:4180} INFO - Setting next_dagrun for example_complex to None, run_after=None
[2024-11-23T03:31:40.912+0000] {processor.py:208} INFO - Processing /home/airflow/.local/lib/python3.12/site-packages/airflow/example_dags/example_complex.py took 0.529 seconds
[2024-11-23T03:32:49.501+0000] {processor.py:186} INFO - Started process (PID=848) to work on /home/airflow/.local/lib/python3.12/site-packages/airflow/example_dags/example_complex.py
[2024-11-23T03:32:49.504+0000] {processor.py:914} INFO - Processing file /home/airflow/.local/lib/python3.12/site-packages/airflow/example_dags/example_complex.py for tasks to queue
[2024-11-23T03:32:49.509+0000] {logging_mixin.py:190} INFO - [2024-11-23T03:32:49.508+0000] {dagbag.py:588} INFO - Filling up the DagBag from /home/airflow/.local/lib/python3.12/site-packages/airflow/example_dags/example_complex.py
[2024-11-23T03:32:49.538+0000] {processor.py:925} INFO - DAG(s) 'example_complex' retrieved from /home/airflow/.local/lib/python3.12/site-packages/airflow/example_dags/example_complex.py
[2024-11-23T03:32:49.614+0000] {logging_mixin.py:190} INFO - [2024-11-23T03:32:49.613+0000] {dag.py:3239} INFO - Sync 1 DAGs
[2024-11-23T03:32:49.662+0000] {logging_mixin.py:190} INFO - [2024-11-23T03:32:49.662+0000] {dag.py:4180} INFO - Setting next_dagrun for example_complex to None, run_after=None
[2024-11-23T03:32:49.781+0000] {processor.py:208} INFO - Processing /home/airflow/.local/lib/python3.12/site-packages/airflow/example_dags/example_complex.py took 0.292 seconds
[2024-11-23T03:33:24.611+0000] {processor.py:186} INFO - Started process (PID=911) to work on /home/airflow/.local/lib/python3.12/site-packages/airflow/example_dags/example_complex.py
[2024-11-23T03:33:24.614+0000] {processor.py:914} INFO - Processing file /home/airflow/.local/lib/python3.12/site-packages/airflow/example_dags/example_complex.py for tasks to queue
[2024-11-23T03:33:24.619+0000] {logging_mixin.py:190} INFO - [2024-11-23T03:33:24.618+0000] {dagbag.py:588} INFO - Filling up the DagBag from /home/airflow/.local/lib/python3.12/site-packages/airflow/example_dags/example_complex.py
[2024-11-23T03:33:24.652+0000] {processor.py:925} INFO - DAG(s) 'example_complex' retrieved from /home/airflow/.local/lib/python3.12/site-packages/airflow/example_dags/example_complex.py
[2024-11-23T03:33:24.733+0000] {logging_mixin.py:190} INFO - [2024-11-23T03:33:24.732+0000] {dag.py:3239} INFO - Sync 1 DAGs
[2024-11-23T03:33:24.765+0000] {logging_mixin.py:190} INFO - [2024-11-23T03:33:24.764+0000] {dag.py:4180} INFO - Setting next_dagrun for example_complex to None, run_after=None
[2024-11-23T03:33:24.803+0000] {processor.py:208} INFO - Processing /home/airflow/.local/lib/python3.12/site-packages/airflow/example_dags/example_complex.py took 0.205 seconds
[2024-11-23T03:34:00.903+0000] {processor.py:186} INFO - Started process (PID=979) to work on /home/airflow/.local/lib/python3.12/site-packages/airflow/example_dags/example_complex.py
[2024-11-23T03:34:00.906+0000] {processor.py:914} INFO - Processing file /home/airflow/.local/lib/python3.12/site-packages/airflow/example_dags/example_complex.py for tasks to queue
[2024-11-23T03:34:00.920+0000] {logging_mixin.py:190} INFO - [2024-11-23T03:34:00.919+0000] {dagbag.py:588} INFO - Filling up the DagBag from /home/airflow/.local/lib/python3.12/site-packages/airflow/example_dags/example_complex.py
[2024-11-23T03:34:01.003+0000] {processor.py:925} INFO - DAG(s) 'example_complex' retrieved from /home/airflow/.local/lib/python3.12/site-packages/airflow/example_dags/example_complex.py
[2024-11-23T03:34:01.098+0000] {logging_mixin.py:190} INFO - [2024-11-23T03:34:01.098+0000] {dag.py:3239} INFO - Sync 1 DAGs
[2024-11-23T03:34:01.128+0000] {logging_mixin.py:190} INFO - [2024-11-23T03:34:01.128+0000] {dag.py:4180} INFO - Setting next_dagrun for example_complex to None, run_after=None
[2024-11-23T03:34:01.165+0000] {processor.py:208} INFO - Processing /home/airflow/.local/lib/python3.12/site-packages/airflow/example_dags/example_complex.py took 0.290 seconds
[2024-11-23T03:34:38.262+0000] {processor.py:186} INFO - Started process (PID=1042) to work on /home/airflow/.local/lib/python3.12/site-packages/airflow/example_dags/example_complex.py
[2024-11-23T03:34:38.264+0000] {processor.py:914} INFO - Processing file /home/airflow/.local/lib/python3.12/site-packages/airflow/example_dags/example_complex.py for tasks to queue
[2024-11-23T03:34:38.280+0000] {logging_mixin.py:190} INFO - [2024-11-23T03:34:38.279+0000] {dagbag.py:588} INFO - Filling up the DagBag from /home/airflow/.local/lib/python3.12/site-packages/airflow/example_dags/example_complex.py
[2024-11-23T03:34:38.353+0000] {processor.py:925} INFO - DAG(s) 'example_complex' retrieved from /home/airflow/.local/lib/python3.12/site-packages/airflow/example_dags/example_complex.py
[2024-11-23T03:34:38.513+0000] {logging_mixin.py:190} INFO - [2024-11-23T03:34:38.512+0000] {dag.py:3239} INFO - Sync 1 DAGs
[2024-11-23T03:34:38.575+0000] {logging_mixin.py:190} INFO - [2024-11-23T03:34:38.575+0000] {dag.py:4180} INFO - Setting next_dagrun for example_complex to None, run_after=None
[2024-11-23T03:34:38.652+0000] {processor.py:208} INFO - Processing /home/airflow/.local/lib/python3.12/site-packages/airflow/example_dags/example_complex.py took 0.425 seconds
[2024-11-23T03:35:13.144+0000] {processor.py:186} INFO - Started process (PID=1106) to work on /home/airflow/.local/lib/python3.12/site-packages/airflow/example_dags/example_complex.py
[2024-11-23T03:35:13.146+0000] {processor.py:914} INFO - Processing file /home/airflow/.local/lib/python3.12/site-packages/airflow/example_dags/example_complex.py for tasks to queue
[2024-11-23T03:35:13.152+0000] {logging_mixin.py:190} INFO - [2024-11-23T03:35:13.152+0000] {dagbag.py:588} INFO - Filling up the DagBag from /home/airflow/.local/lib/python3.12/site-packages/airflow/example_dags/example_complex.py
[2024-11-23T03:35:13.182+0000] {processor.py:925} INFO - DAG(s) 'example_complex' retrieved from /home/airflow/.local/lib/python3.12/site-packages/airflow/example_dags/example_complex.py
[2024-11-23T03:35:13.260+0000] {logging_mixin.py:190} INFO - [2024-11-23T03:35:13.260+0000] {dag.py:3239} INFO - Sync 1 DAGs
[2024-11-23T03:35:13.311+0000] {logging_mixin.py:190} INFO - [2024-11-23T03:35:13.311+0000] {dag.py:4180} INFO - Setting next_dagrun for example_complex to None, run_after=None
[2024-11-23T03:35:13.364+0000] {processor.py:208} INFO - Processing /home/airflow/.local/lib/python3.12/site-packages/airflow/example_dags/example_complex.py took 0.232 seconds
[2024-11-23T03:35:44.517+0000] {processor.py:186} INFO - Started process (PID=1169) to work on /home/airflow/.local/lib/python3.12/site-packages/airflow/example_dags/example_complex.py
[2024-11-23T03:35:44.531+0000] {processor.py:914} INFO - Processing file /home/airflow/.local/lib/python3.12/site-packages/airflow/example_dags/example_complex.py for tasks to queue
[2024-11-23T03:35:44.546+0000] {logging_mixin.py:190} INFO - [2024-11-23T03:35:44.545+0000] {dagbag.py:588} INFO - Filling up the DagBag from /home/airflow/.local/lib/python3.12/site-packages/airflow/example_dags/example_complex.py
[2024-11-23T03:35:44.619+0000] {processor.py:925} INFO - DAG(s) 'example_complex' retrieved from /home/airflow/.local/lib/python3.12/site-packages/airflow/example_dags/example_complex.py
[2024-11-23T03:35:44.824+0000] {logging_mixin.py:190} INFO - [2024-11-23T03:35:44.824+0000] {dag.py:3239} INFO - Sync 1 DAGs
[2024-11-23T03:35:44.885+0000] {logging_mixin.py:190} INFO - [2024-11-23T03:35:44.884+0000] {dag.py:4180} INFO - Setting next_dagrun for example_complex to None, run_after=None
[2024-11-23T03:35:45.010+0000] {processor.py:208} INFO - Processing /home/airflow/.local/lib/python3.12/site-packages/airflow/example_dags/example_complex.py took 0.516 seconds
[2024-11-23T03:36:16.588+0000] {processor.py:186} INFO - Started process (PID=1232) to work on /home/airflow/.local/lib/python3.12/site-packages/airflow/example_dags/example_complex.py
[2024-11-23T03:36:16.590+0000] {processor.py:914} INFO - Processing file /home/airflow/.local/lib/python3.12/site-packages/airflow/example_dags/example_complex.py for tasks to queue
[2024-11-23T03:36:16.600+0000] {logging_mixin.py:190} INFO - [2024-11-23T03:36:16.599+0000] {dagbag.py:588} INFO - Filling up the DagBag from /home/airflow/.local/lib/python3.12/site-packages/airflow/example_dags/example_complex.py
[2024-11-23T03:36:16.640+0000] {processor.py:925} INFO - DAG(s) 'example_complex' retrieved from /home/airflow/.local/lib/python3.12/site-packages/airflow/example_dags/example_complex.py
[2024-11-23T03:36:17.121+0000] {logging_mixin.py:190} INFO - [2024-11-23T03:36:17.120+0000] {dag.py:3239} INFO - Sync 1 DAGs
[2024-11-23T03:36:17.184+0000] {logging_mixin.py:190} INFO - [2024-11-23T03:36:17.184+0000] {dag.py:4180} INFO - Setting next_dagrun for example_complex to None, run_after=None
[2024-11-23T03:36:17.235+0000] {processor.py:208} INFO - Processing /home/airflow/.local/lib/python3.12/site-packages/airflow/example_dags/example_complex.py took 0.658 seconds
[2024-11-23T03:36:49.790+0000] {processor.py:186} INFO - Started process (PID=1294) to work on /home/airflow/.local/lib/python3.12/site-packages/airflow/example_dags/example_complex.py
[2024-11-23T03:36:49.792+0000] {processor.py:914} INFO - Processing file /home/airflow/.local/lib/python3.12/site-packages/airflow/example_dags/example_complex.py for tasks to queue
[2024-11-23T03:36:49.796+0000] {logging_mixin.py:190} INFO - [2024-11-23T03:36:49.796+0000] {dagbag.py:588} INFO - Filling up the DagBag from /home/airflow/.local/lib/python3.12/site-packages/airflow/example_dags/example_complex.py
[2024-11-23T03:36:49.846+0000] {processor.py:925} INFO - DAG(s) 'example_complex' retrieved from /home/airflow/.local/lib/python3.12/site-packages/airflow/example_dags/example_complex.py
[2024-11-23T03:36:49.930+0000] {logging_mixin.py:190} INFO - [2024-11-23T03:36:49.930+0000] {dag.py:3239} INFO - Sync 1 DAGs
[2024-11-23T03:36:49.959+0000] {logging_mixin.py:190} INFO - [2024-11-23T03:36:49.958+0000] {dag.py:4180} INFO - Setting next_dagrun for example_complex to None, run_after=None
[2024-11-23T03:36:49.996+0000] {processor.py:208} INFO - Processing /home/airflow/.local/lib/python3.12/site-packages/airflow/example_dags/example_complex.py took 0.223 seconds
[2024-11-23T03:37:27.020+0000] {processor.py:186} INFO - Started process (PID=1363) to work on /home/airflow/.local/lib/python3.12/site-packages/airflow/example_dags/example_complex.py
[2024-11-23T03:37:27.022+0000] {processor.py:914} INFO - Processing file /home/airflow/.local/lib/python3.12/site-packages/airflow/example_dags/example_complex.py for tasks to queue
[2024-11-23T03:37:27.029+0000] {logging_mixin.py:190} INFO - [2024-11-23T03:37:27.028+0000] {dagbag.py:588} INFO - Filling up the DagBag from /home/airflow/.local/lib/python3.12/site-packages/airflow/example_dags/example_complex.py
[2024-11-23T03:37:27.069+0000] {processor.py:925} INFO - DAG(s) 'example_complex' retrieved from /home/airflow/.local/lib/python3.12/site-packages/airflow/example_dags/example_complex.py
[2024-11-23T03:37:27.194+0000] {logging_mixin.py:190} INFO - [2024-11-23T03:37:27.193+0000] {dag.py:3239} INFO - Sync 1 DAGs
[2024-11-23T03:37:27.228+0000] {logging_mixin.py:190} INFO - [2024-11-23T03:37:27.227+0000] {dag.py:4180} INFO - Setting next_dagrun for example_complex to None, run_after=None
[2024-11-23T03:37:27.263+0000] {processor.py:208} INFO - Processing /home/airflow/.local/lib/python3.12/site-packages/airflow/example_dags/example_complex.py took 0.261 seconds
[2024-11-23T03:37:58.534+0000] {processor.py:186} INFO - Started process (PID=1425) to work on /home/airflow/.local/lib/python3.12/site-packages/airflow/example_dags/example_complex.py
[2024-11-23T03:37:58.536+0000] {processor.py:914} INFO - Processing file /home/airflow/.local/lib/python3.12/site-packages/airflow/example_dags/example_complex.py for tasks to queue
[2024-11-23T03:37:58.542+0000] {logging_mixin.py:190} INFO - [2024-11-23T03:37:58.541+0000] {dagbag.py:588} INFO - Filling up the DagBag from /home/airflow/.local/lib/python3.12/site-packages/airflow/example_dags/example_complex.py
[2024-11-23T03:37:58.593+0000] {processor.py:925} INFO - DAG(s) 'example_complex' retrieved from /home/airflow/.local/lib/python3.12/site-packages/airflow/example_dags/example_complex.py
[2024-11-23T03:37:58.700+0000] {logging_mixin.py:190} INFO - [2024-11-23T03:37:58.700+0000] {dag.py:3239} INFO - Sync 1 DAGs
[2024-11-23T03:37:58.753+0000] {logging_mixin.py:190} INFO - [2024-11-23T03:37:58.747+0000] {dag.py:4180} INFO - Setting next_dagrun for example_complex to None, run_after=None
[2024-11-23T03:37:58.834+0000] {processor.py:208} INFO - Processing /home/airflow/.local/lib/python3.12/site-packages/airflow/example_dags/example_complex.py took 0.315 seconds
[2024-11-23T03:38:34.983+0000] {processor.py:186} INFO - Started process (PID=1494) to work on /home/airflow/.local/lib/python3.12/site-packages/airflow/example_dags/example_complex.py
[2024-11-23T03:38:34.989+0000] {processor.py:914} INFO - Processing file /home/airflow/.local/lib/python3.12/site-packages/airflow/example_dags/example_complex.py for tasks to queue
[2024-11-23T03:38:35.011+0000] {logging_mixin.py:190} INFO - [2024-11-23T03:38:35.002+0000] {dagbag.py:588} INFO - Filling up the DagBag from /home/airflow/.local/lib/python3.12/site-packages/airflow/example_dags/example_complex.py
[2024-11-23T03:38:35.113+0000] {processor.py:925} INFO - DAG(s) 'example_complex' retrieved from /home/airflow/.local/lib/python3.12/site-packages/airflow/example_dags/example_complex.py
[2024-11-23T03:38:35.243+0000] {logging_mixin.py:190} INFO - [2024-11-23T03:38:35.242+0000] {dag.py:3239} INFO - Sync 1 DAGs
[2024-11-23T03:38:35.352+0000] {logging_mixin.py:190} INFO - [2024-11-23T03:38:35.352+0000] {dag.py:4180} INFO - Setting next_dagrun for example_complex to None, run_after=None
[2024-11-23T03:38:35.461+0000] {processor.py:208} INFO - Processing /home/airflow/.local/lib/python3.12/site-packages/airflow/example_dags/example_complex.py took 0.500 seconds
[2024-11-23T03:39:06.490+0000] {processor.py:186} INFO - Started process (PID=1557) to work on /home/airflow/.local/lib/python3.12/site-packages/airflow/example_dags/example_complex.py
[2024-11-23T03:39:06.506+0000] {processor.py:914} INFO - Processing file /home/airflow/.local/lib/python3.12/site-packages/airflow/example_dags/example_complex.py for tasks to queue
[2024-11-23T03:39:06.529+0000] {logging_mixin.py:190} INFO - [2024-11-23T03:39:06.528+0000] {dagbag.py:588} INFO - Filling up the DagBag from /home/airflow/.local/lib/python3.12/site-packages/airflow/example_dags/example_complex.py
[2024-11-23T03:39:06.698+0000] {processor.py:925} INFO - DAG(s) 'example_complex' retrieved from /home/airflow/.local/lib/python3.12/site-packages/airflow/example_dags/example_complex.py
[2024-11-23T03:39:07.210+0000] {logging_mixin.py:190} INFO - [2024-11-23T03:39:07.210+0000] {dag.py:3239} INFO - Sync 1 DAGs
[2024-11-23T03:39:07.306+0000] {logging_mixin.py:190} INFO - [2024-11-23T03:39:07.305+0000] {dag.py:4180} INFO - Setting next_dagrun for example_complex to None, run_after=None
[2024-11-23T03:39:07.540+0000] {processor.py:208} INFO - Processing /home/airflow/.local/lib/python3.12/site-packages/airflow/example_dags/example_complex.py took 1.114 seconds
[2024-11-23T03:39:38.338+0000] {processor.py:186} INFO - Started process (PID=1620) to work on /home/airflow/.local/lib/python3.12/site-packages/airflow/example_dags/example_complex.py
[2024-11-23T03:39:38.340+0000] {processor.py:914} INFO - Processing file /home/airflow/.local/lib/python3.12/site-packages/airflow/example_dags/example_complex.py for tasks to queue
[2024-11-23T03:39:38.345+0000] {logging_mixin.py:190} INFO - [2024-11-23T03:39:38.344+0000] {dagbag.py:588} INFO - Filling up the DagBag from /home/airflow/.local/lib/python3.12/site-packages/airflow/example_dags/example_complex.py
[2024-11-23T03:39:38.397+0000] {processor.py:925} INFO - DAG(s) 'example_complex' retrieved from /home/airflow/.local/lib/python3.12/site-packages/airflow/example_dags/example_complex.py
[2024-11-23T03:39:38.725+0000] {logging_mixin.py:190} INFO - [2024-11-23T03:39:38.725+0000] {dag.py:3239} INFO - Sync 1 DAGs
[2024-11-23T03:39:38.785+0000] {logging_mixin.py:190} INFO - [2024-11-23T03:39:38.785+0000] {dag.py:4180} INFO - Setting next_dagrun for example_complex to None, run_after=None
[2024-11-23T03:39:38.832+0000] {processor.py:208} INFO - Processing /home/airflow/.local/lib/python3.12/site-packages/airflow/example_dags/example_complex.py took 0.507 seconds
[2024-11-23T03:40:12.115+0000] {processor.py:186} INFO - Started process (PID=1683) to work on /home/airflow/.local/lib/python3.12/site-packages/airflow/example_dags/example_complex.py
[2024-11-23T03:40:12.118+0000] {processor.py:914} INFO - Processing file /home/airflow/.local/lib/python3.12/site-packages/airflow/example_dags/example_complex.py for tasks to queue
[2024-11-23T03:40:12.124+0000] {logging_mixin.py:190} INFO - [2024-11-23T03:40:12.123+0000] {dagbag.py:588} INFO - Filling up the DagBag from /home/airflow/.local/lib/python3.12/site-packages/airflow/example_dags/example_complex.py
[2024-11-23T03:40:12.172+0000] {processor.py:925} INFO - DAG(s) 'example_complex' retrieved from /home/airflow/.local/lib/python3.12/site-packages/airflow/example_dags/example_complex.py
[2024-11-23T03:40:12.355+0000] {logging_mixin.py:190} INFO - [2024-11-23T03:40:12.354+0000] {dag.py:3239} INFO - Sync 1 DAGs
[2024-11-23T03:40:12.457+0000] {logging_mixin.py:190} INFO - [2024-11-23T03:40:12.456+0000] {dag.py:4180} INFO - Setting next_dagrun for example_complex to None, run_after=None
[2024-11-23T03:40:12.541+0000] {processor.py:208} INFO - Processing /home/airflow/.local/lib/python3.12/site-packages/airflow/example_dags/example_complex.py took 0.443 seconds
[2024-11-23T03:40:50.008+0000] {processor.py:186} INFO - Started process (PID=1748) to work on /home/airflow/.local/lib/python3.12/site-packages/airflow/example_dags/example_complex.py
[2024-11-23T03:40:50.146+0000] {processor.py:914} INFO - Processing file /home/airflow/.local/lib/python3.12/site-packages/airflow/example_dags/example_complex.py for tasks to queue
[2024-11-23T03:40:50.360+0000] {logging_mixin.py:190} INFO - [2024-11-23T03:40:50.358+0000] {dagbag.py:588} INFO - Filling up the DagBag from /home/airflow/.local/lib/python3.12/site-packages/airflow/example_dags/example_complex.py
[2024-11-23T03:40:50.515+0000] {processor.py:925} INFO - DAG(s) 'example_complex' retrieved from /home/airflow/.local/lib/python3.12/site-packages/airflow/example_dags/example_complex.py
[2024-11-23T03:40:50.804+0000] {logging_mixin.py:190} INFO - [2024-11-23T03:40:50.804+0000] {dag.py:3239} INFO - Sync 1 DAGs
[2024-11-23T03:40:50.948+0000] {logging_mixin.py:190} INFO - [2024-11-23T03:40:50.947+0000] {dag.py:4180} INFO - Setting next_dagrun for example_complex to None, run_after=None
[2024-11-23T03:40:51.082+0000] {processor.py:208} INFO - Processing /home/airflow/.local/lib/python3.12/site-packages/airflow/example_dags/example_complex.py took 1.098 seconds
[2024-11-23T03:41:23.503+0000] {processor.py:186} INFO - Started process (PID=1812) to work on /home/airflow/.local/lib/python3.12/site-packages/airflow/example_dags/example_complex.py
[2024-11-23T03:41:23.506+0000] {processor.py:914} INFO - Processing file /home/airflow/.local/lib/python3.12/site-packages/airflow/example_dags/example_complex.py for tasks to queue
[2024-11-23T03:41:23.514+0000] {logging_mixin.py:190} INFO - [2024-11-23T03:41:23.513+0000] {dagbag.py:588} INFO - Filling up the DagBag from /home/airflow/.local/lib/python3.12/site-packages/airflow/example_dags/example_complex.py
[2024-11-23T03:41:23.548+0000] {processor.py:925} INFO - DAG(s) 'example_complex' retrieved from /home/airflow/.local/lib/python3.12/site-packages/airflow/example_dags/example_complex.py
[2024-11-23T03:41:23.648+0000] {logging_mixin.py:190} INFO - [2024-11-23T03:41:23.647+0000] {dag.py:3239} INFO - Sync 1 DAGs
[2024-11-23T03:41:23.678+0000] {logging_mixin.py:190} INFO - [2024-11-23T03:41:23.677+0000] {dag.py:4180} INFO - Setting next_dagrun for example_complex to None, run_after=None
[2024-11-23T03:41:23.712+0000] {processor.py:208} INFO - Processing /home/airflow/.local/lib/python3.12/site-packages/airflow/example_dags/example_complex.py took 0.225 seconds
[2024-11-23T03:41:55.792+0000] {processor.py:186} INFO - Started process (PID=1877) to work on /home/airflow/.local/lib/python3.12/site-packages/airflow/example_dags/example_complex.py
[2024-11-23T03:41:55.796+0000] {processor.py:914} INFO - Processing file /home/airflow/.local/lib/python3.12/site-packages/airflow/example_dags/example_complex.py for tasks to queue
[2024-11-23T03:41:55.810+0000] {logging_mixin.py:190} INFO - [2024-11-23T03:41:55.809+0000] {dagbag.py:588} INFO - Filling up the DagBag from /home/airflow/.local/lib/python3.12/site-packages/airflow/example_dags/example_complex.py
[2024-11-23T03:41:55.923+0000] {processor.py:925} INFO - DAG(s) 'example_complex' retrieved from /home/airflow/.local/lib/python3.12/site-packages/airflow/example_dags/example_complex.py
[2024-11-23T03:41:56.151+0000] {logging_mixin.py:190} INFO - [2024-11-23T03:41:56.150+0000] {dag.py:3239} INFO - Sync 1 DAGs
[2024-11-23T03:41:56.293+0000] {logging_mixin.py:190} INFO - [2024-11-23T03:41:56.292+0000] {dag.py:4180} INFO - Setting next_dagrun for example_complex to None, run_after=None
[2024-11-23T03:41:56.512+0000] {processor.py:208} INFO - Processing /home/airflow/.local/lib/python3.12/site-packages/airflow/example_dags/example_complex.py took 0.758 seconds
[2024-11-23T03:42:27.890+0000] {processor.py:186} INFO - Started process (PID=1941) to work on /home/airflow/.local/lib/python3.12/site-packages/airflow/example_dags/example_complex.py
[2024-11-23T03:42:27.896+0000] {processor.py:914} INFO - Processing file /home/airflow/.local/lib/python3.12/site-packages/airflow/example_dags/example_complex.py for tasks to queue
[2024-11-23T03:42:27.912+0000] {logging_mixin.py:190} INFO - [2024-11-23T03:42:27.912+0000] {dagbag.py:588} INFO - Filling up the DagBag from /home/airflow/.local/lib/python3.12/site-packages/airflow/example_dags/example_complex.py
[2024-11-23T03:42:28.022+0000] {processor.py:925} INFO - DAG(s) 'example_complex' retrieved from /home/airflow/.local/lib/python3.12/site-packages/airflow/example_dags/example_complex.py
[2024-11-23T03:42:28.182+0000] {logging_mixin.py:190} INFO - [2024-11-23T03:42:28.181+0000] {dag.py:3239} INFO - Sync 1 DAGs
[2024-11-23T03:42:28.235+0000] {logging_mixin.py:190} INFO - [2024-11-23T03:42:28.234+0000] {dag.py:4180} INFO - Setting next_dagrun for example_complex to None, run_after=None
[2024-11-23T03:42:28.274+0000] {processor.py:208} INFO - Processing /home/airflow/.local/lib/python3.12/site-packages/airflow/example_dags/example_complex.py took 0.426 seconds
[2024-11-23T03:42:59.774+0000] {processor.py:186} INFO - Started process (PID=2005) to work on /home/airflow/.local/lib/python3.12/site-packages/airflow/example_dags/example_complex.py
[2024-11-23T03:42:59.776+0000] {processor.py:914} INFO - Processing file /home/airflow/.local/lib/python3.12/site-packages/airflow/example_dags/example_complex.py for tasks to queue
[2024-11-23T03:42:59.780+0000] {logging_mixin.py:190} INFO - [2024-11-23T03:42:59.779+0000] {dagbag.py:588} INFO - Filling up the DagBag from /home/airflow/.local/lib/python3.12/site-packages/airflow/example_dags/example_complex.py
[2024-11-23T03:42:59.802+0000] {processor.py:925} INFO - DAG(s) 'example_complex' retrieved from /home/airflow/.local/lib/python3.12/site-packages/airflow/example_dags/example_complex.py
[2024-11-23T03:42:59.896+0000] {logging_mixin.py:190} INFO - [2024-11-23T03:42:59.895+0000] {dag.py:3239} INFO - Sync 1 DAGs
[2024-11-23T03:42:59.936+0000] {logging_mixin.py:190} INFO - [2024-11-23T03:42:59.935+0000] {dag.py:4180} INFO - Setting next_dagrun for example_complex to None, run_after=None
[2024-11-23T03:42:59.994+0000] {processor.py:208} INFO - Processing /home/airflow/.local/lib/python3.12/site-packages/airflow/example_dags/example_complex.py took 0.230 seconds
[2024-11-23T03:43:35.739+0000] {processor.py:186} INFO - Started process (PID=2069) to work on /home/airflow/.local/lib/python3.12/site-packages/airflow/example_dags/example_complex.py
[2024-11-23T03:43:35.741+0000] {processor.py:914} INFO - Processing file /home/airflow/.local/lib/python3.12/site-packages/airflow/example_dags/example_complex.py for tasks to queue
[2024-11-23T03:43:35.748+0000] {logging_mixin.py:190} INFO - [2024-11-23T03:43:35.747+0000] {dagbag.py:588} INFO - Filling up the DagBag from /home/airflow/.local/lib/python3.12/site-packages/airflow/example_dags/example_complex.py
[2024-11-23T03:43:35.780+0000] {processor.py:925} INFO - DAG(s) 'example_complex' retrieved from /home/airflow/.local/lib/python3.12/site-packages/airflow/example_dags/example_complex.py
[2024-11-23T03:43:35.875+0000] {logging_mixin.py:190} INFO - [2024-11-23T03:43:35.874+0000] {dag.py:3239} INFO - Sync 1 DAGs
[2024-11-23T03:43:35.907+0000] {logging_mixin.py:190} INFO - [2024-11-23T03:43:35.906+0000] {dag.py:4180} INFO - Setting next_dagrun for example_complex to None, run_after=None
[2024-11-23T03:43:35.945+0000] {processor.py:208} INFO - Processing /home/airflow/.local/lib/python3.12/site-packages/airflow/example_dags/example_complex.py took 0.229 seconds
[2024-11-23T03:44:17.643+0000] {processor.py:186} INFO - Started process (PID=2142) to work on /home/airflow/.local/lib/python3.12/site-packages/airflow/example_dags/example_complex.py
[2024-11-23T03:44:17.659+0000] {processor.py:914} INFO - Processing file /home/airflow/.local/lib/python3.12/site-packages/airflow/example_dags/example_complex.py for tasks to queue
[2024-11-23T03:44:17.682+0000] {logging_mixin.py:190} INFO - [2024-11-23T03:44:17.681+0000] {dagbag.py:588} INFO - Filling up the DagBag from /home/airflow/.local/lib/python3.12/site-packages/airflow/example_dags/example_complex.py
[2024-11-23T03:44:17.789+0000] {processor.py:925} INFO - DAG(s) 'example_complex' retrieved from /home/airflow/.local/lib/python3.12/site-packages/airflow/example_dags/example_complex.py
[2024-11-23T03:44:18.009+0000] {logging_mixin.py:190} INFO - [2024-11-23T03:44:18.008+0000] {dag.py:3239} INFO - Sync 1 DAGs
[2024-11-23T03:44:18.086+0000] {logging_mixin.py:190} INFO - [2024-11-23T03:44:18.085+0000] {dag.py:4180} INFO - Setting next_dagrun for example_complex to None, run_after=None
[2024-11-23T03:44:18.268+0000] {processor.py:208} INFO - Processing /home/airflow/.local/lib/python3.12/site-packages/airflow/example_dags/example_complex.py took 0.662 seconds
[2024-11-23T03:44:51.441+0000] {processor.py:186} INFO - Started process (PID=2206) to work on /home/airflow/.local/lib/python3.12/site-packages/airflow/example_dags/example_complex.py
[2024-11-23T03:44:51.455+0000] {processor.py:914} INFO - Processing file /home/airflow/.local/lib/python3.12/site-packages/airflow/example_dags/example_complex.py for tasks to queue
[2024-11-23T03:44:51.461+0000] {logging_mixin.py:190} INFO - [2024-11-23T03:44:51.460+0000] {dagbag.py:588} INFO - Filling up the DagBag from /home/airflow/.local/lib/python3.12/site-packages/airflow/example_dags/example_complex.py
[2024-11-23T03:44:51.515+0000] {processor.py:925} INFO - DAG(s) 'example_complex' retrieved from /home/airflow/.local/lib/python3.12/site-packages/airflow/example_dags/example_complex.py
[2024-11-23T03:44:51.674+0000] {logging_mixin.py:190} INFO - [2024-11-23T03:44:51.674+0000] {dag.py:3239} INFO - Sync 1 DAGs
[2024-11-23T03:44:51.806+0000] {logging_mixin.py:190} INFO - [2024-11-23T03:44:51.791+0000] {dag.py:4180} INFO - Setting next_dagrun for example_complex to None, run_after=None
[2024-11-23T03:44:51.907+0000] {processor.py:208} INFO - Processing /home/airflow/.local/lib/python3.12/site-packages/airflow/example_dags/example_complex.py took 0.503 seconds
[2024-11-23T03:45:33.181+0000] {processor.py:186} INFO - Started process (PID=2271) to work on /home/airflow/.local/lib/python3.12/site-packages/airflow/example_dags/example_complex.py
[2024-11-23T03:45:33.184+0000] {processor.py:914} INFO - Processing file /home/airflow/.local/lib/python3.12/site-packages/airflow/example_dags/example_complex.py for tasks to queue
[2024-11-23T03:45:33.189+0000] {logging_mixin.py:190} INFO - [2024-11-23T03:45:33.188+0000] {dagbag.py:588} INFO - Filling up the DagBag from /home/airflow/.local/lib/python3.12/site-packages/airflow/example_dags/example_complex.py
[2024-11-23T03:45:33.267+0000] {processor.py:925} INFO - DAG(s) 'example_complex' retrieved from /home/airflow/.local/lib/python3.12/site-packages/airflow/example_dags/example_complex.py
[2024-11-23T03:45:33.437+0000] {logging_mixin.py:190} INFO - [2024-11-23T03:45:33.436+0000] {dag.py:3239} INFO - Sync 1 DAGs
[2024-11-23T03:45:33.480+0000] {logging_mixin.py:190} INFO - [2024-11-23T03:45:33.480+0000] {dag.py:4180} INFO - Setting next_dagrun for example_complex to None, run_after=None
[2024-11-23T03:45:33.555+0000] {processor.py:208} INFO - Processing /home/airflow/.local/lib/python3.12/site-packages/airflow/example_dags/example_complex.py took 0.407 seconds
[2024-11-23T03:46:04.746+0000] {processor.py:186} INFO - Started process (PID=2335) to work on /home/airflow/.local/lib/python3.12/site-packages/airflow/example_dags/example_complex.py
[2024-11-23T03:46:04.748+0000] {processor.py:914} INFO - Processing file /home/airflow/.local/lib/python3.12/site-packages/airflow/example_dags/example_complex.py for tasks to queue
[2024-11-23T03:46:04.752+0000] {logging_mixin.py:190} INFO - [2024-11-23T03:46:04.751+0000] {dagbag.py:588} INFO - Filling up the DagBag from /home/airflow/.local/lib/python3.12/site-packages/airflow/example_dags/example_complex.py
[2024-11-23T03:46:04.790+0000] {processor.py:925} INFO - DAG(s) 'example_complex' retrieved from /home/airflow/.local/lib/python3.12/site-packages/airflow/example_dags/example_complex.py
[2024-11-23T03:46:04.860+0000] {logging_mixin.py:190} INFO - [2024-11-23T03:46:04.859+0000] {dag.py:3239} INFO - Sync 1 DAGs
[2024-11-23T03:46:04.895+0000] {logging_mixin.py:190} INFO - [2024-11-23T03:46:04.894+0000] {dag.py:4180} INFO - Setting next_dagrun for example_complex to None, run_after=None
[2024-11-23T03:46:04.964+0000] {processor.py:208} INFO - Processing /home/airflow/.local/lib/python3.12/site-packages/airflow/example_dags/example_complex.py took 0.234 seconds
[2024-11-23T03:46:39.933+0000] {processor.py:186} INFO - Started process (PID=2399) to work on /home/airflow/.local/lib/python3.12/site-packages/airflow/example_dags/example_complex.py
[2024-11-23T03:46:39.936+0000] {processor.py:914} INFO - Processing file /home/airflow/.local/lib/python3.12/site-packages/airflow/example_dags/example_complex.py for tasks to queue
[2024-11-23T03:46:39.939+0000] {logging_mixin.py:190} INFO - [2024-11-23T03:46:39.938+0000] {dagbag.py:588} INFO - Filling up the DagBag from /home/airflow/.local/lib/python3.12/site-packages/airflow/example_dags/example_complex.py
[2024-11-23T03:46:39.992+0000] {processor.py:925} INFO - DAG(s) 'example_complex' retrieved from /home/airflow/.local/lib/python3.12/site-packages/airflow/example_dags/example_complex.py
[2024-11-23T03:46:40.294+0000] {logging_mixin.py:190} INFO - [2024-11-23T03:46:40.293+0000] {dag.py:3239} INFO - Sync 1 DAGs
[2024-11-23T03:46:40.411+0000] {logging_mixin.py:190} INFO - [2024-11-23T03:46:40.411+0000] {dag.py:4180} INFO - Setting next_dagrun for example_complex to None, run_after=None
[2024-11-23T03:46:40.537+0000] {processor.py:208} INFO - Processing /home/airflow/.local/lib/python3.12/site-packages/airflow/example_dags/example_complex.py took 0.627 seconds
[2024-11-23T03:47:11.372+0000] {processor.py:186} INFO - Started process (PID=2463) to work on /home/airflow/.local/lib/python3.12/site-packages/airflow/example_dags/example_complex.py
[2024-11-23T03:47:11.375+0000] {processor.py:914} INFO - Processing file /home/airflow/.local/lib/python3.12/site-packages/airflow/example_dags/example_complex.py for tasks to queue
[2024-11-23T03:47:11.379+0000] {logging_mixin.py:190} INFO - [2024-11-23T03:47:11.378+0000] {dagbag.py:588} INFO - Filling up the DagBag from /home/airflow/.local/lib/python3.12/site-packages/airflow/example_dags/example_complex.py
[2024-11-23T03:47:11.422+0000] {processor.py:925} INFO - DAG(s) 'example_complex' retrieved from /home/airflow/.local/lib/python3.12/site-packages/airflow/example_dags/example_complex.py
[2024-11-23T03:47:11.516+0000] {logging_mixin.py:190} INFO - [2024-11-23T03:47:11.516+0000] {dag.py:3239} INFO - Sync 1 DAGs
[2024-11-23T03:47:11.555+0000] {logging_mixin.py:190} INFO - [2024-11-23T03:47:11.554+0000] {dag.py:4180} INFO - Setting next_dagrun for example_complex to None, run_after=None
[2024-11-23T03:47:11.608+0000] {processor.py:208} INFO - Processing /home/airflow/.local/lib/python3.12/site-packages/airflow/example_dags/example_complex.py took 0.255 seconds
[2024-11-23T03:47:43.807+0000] {processor.py:186} INFO - Started process (PID=2526) to work on /home/airflow/.local/lib/python3.12/site-packages/airflow/example_dags/example_complex.py
[2024-11-23T03:47:43.811+0000] {processor.py:914} INFO - Processing file /home/airflow/.local/lib/python3.12/site-packages/airflow/example_dags/example_complex.py for tasks to queue
[2024-11-23T03:47:43.816+0000] {logging_mixin.py:190} INFO - [2024-11-23T03:47:43.815+0000] {dagbag.py:588} INFO - Filling up the DagBag from /home/airflow/.local/lib/python3.12/site-packages/airflow/example_dags/example_complex.py
[2024-11-23T03:47:43.882+0000] {processor.py:925} INFO - DAG(s) 'example_complex' retrieved from /home/airflow/.local/lib/python3.12/site-packages/airflow/example_dags/example_complex.py
[2024-11-23T03:47:43.970+0000] {logging_mixin.py:190} INFO - [2024-11-23T03:47:43.969+0000] {dag.py:3239} INFO - Sync 1 DAGs
[2024-11-23T03:47:44.011+0000] {logging_mixin.py:190} INFO - [2024-11-23T03:47:44.011+0000] {dag.py:4180} INFO - Setting next_dagrun for example_complex to None, run_after=None
[2024-11-23T03:47:44.054+0000] {processor.py:208} INFO - Processing /home/airflow/.local/lib/python3.12/site-packages/airflow/example_dags/example_complex.py took 0.261 seconds
[2024-11-23T03:48:18.414+0000] {processor.py:186} INFO - Started process (PID=2590) to work on /home/airflow/.local/lib/python3.12/site-packages/airflow/example_dags/example_complex.py
[2024-11-23T03:48:18.423+0000] {processor.py:914} INFO - Processing file /home/airflow/.local/lib/python3.12/site-packages/airflow/example_dags/example_complex.py for tasks to queue
[2024-11-23T03:48:18.428+0000] {logging_mixin.py:190} INFO - [2024-11-23T03:48:18.427+0000] {dagbag.py:588} INFO - Filling up the DagBag from /home/airflow/.local/lib/python3.12/site-packages/airflow/example_dags/example_complex.py
[2024-11-23T03:48:18.575+0000] {processor.py:925} INFO - DAG(s) 'example_complex' retrieved from /home/airflow/.local/lib/python3.12/site-packages/airflow/example_dags/example_complex.py
[2024-11-23T03:48:18.767+0000] {logging_mixin.py:190} INFO - [2024-11-23T03:48:18.765+0000] {dag.py:3239} INFO - Sync 1 DAGs
[2024-11-23T03:48:18.845+0000] {logging_mixin.py:190} INFO - [2024-11-23T03:48:18.844+0000] {dag.py:4180} INFO - Setting next_dagrun for example_complex to None, run_after=None
[2024-11-23T03:48:18.951+0000] {processor.py:208} INFO - Processing /home/airflow/.local/lib/python3.12/site-packages/airflow/example_dags/example_complex.py took 0.563 seconds
[2024-11-23T03:48:49.261+0000] {processor.py:186} INFO - Started process (PID=2659) to work on /home/airflow/.local/lib/python3.12/site-packages/airflow/example_dags/example_complex.py
[2024-11-23T03:48:49.262+0000] {processor.py:914} INFO - Processing file /home/airflow/.local/lib/python3.12/site-packages/airflow/example_dags/example_complex.py for tasks to queue
[2024-11-23T03:48:49.264+0000] {logging_mixin.py:190} INFO - [2024-11-23T03:48:49.264+0000] {dagbag.py:588} INFO - Filling up the DagBag from /home/airflow/.local/lib/python3.12/site-packages/airflow/example_dags/example_complex.py
[2024-11-23T03:48:49.286+0000] {processor.py:925} INFO - DAG(s) 'example_complex' retrieved from /home/airflow/.local/lib/python3.12/site-packages/airflow/example_dags/example_complex.py
[2024-11-23T03:48:49.336+0000] {logging_mixin.py:190} INFO - [2024-11-23T03:48:49.336+0000] {dag.py:3239} INFO - Sync 1 DAGs
[2024-11-23T03:48:49.359+0000] {logging_mixin.py:190} INFO - [2024-11-23T03:48:49.359+0000] {dag.py:4180} INFO - Setting next_dagrun for example_complex to None, run_after=None
[2024-11-23T03:48:49.398+0000] {processor.py:208} INFO - Processing /home/airflow/.local/lib/python3.12/site-packages/airflow/example_dags/example_complex.py took 0.146 seconds
[2024-11-23T03:49:27.059+0000] {processor.py:186} INFO - Started process (PID=2727) to work on /home/airflow/.local/lib/python3.12/site-packages/airflow/example_dags/example_complex.py
[2024-11-23T03:49:27.061+0000] {processor.py:914} INFO - Processing file /home/airflow/.local/lib/python3.12/site-packages/airflow/example_dags/example_complex.py for tasks to queue
[2024-11-23T03:49:27.064+0000] {logging_mixin.py:190} INFO - [2024-11-23T03:49:27.063+0000] {dagbag.py:588} INFO - Filling up the DagBag from /home/airflow/.local/lib/python3.12/site-packages/airflow/example_dags/example_complex.py
[2024-11-23T03:49:27.101+0000] {processor.py:925} INFO - DAG(s) 'example_complex' retrieved from /home/airflow/.local/lib/python3.12/site-packages/airflow/example_dags/example_complex.py
[2024-11-23T03:49:27.345+0000] {logging_mixin.py:190} INFO - [2024-11-23T03:49:27.345+0000] {dag.py:3239} INFO - Sync 1 DAGs
[2024-11-23T03:49:27.485+0000] {logging_mixin.py:190} INFO - [2024-11-23T03:49:27.481+0000] {dag.py:4180} INFO - Setting next_dagrun for example_complex to None, run_after=None
[2024-11-23T03:49:27.623+0000] {processor.py:208} INFO - Processing /home/airflow/.local/lib/python3.12/site-packages/airflow/example_dags/example_complex.py took 0.577 seconds
[2024-11-23T03:50:01.628+0000] {processor.py:186} INFO - Started process (PID=2791) to work on /home/airflow/.local/lib/python3.12/site-packages/airflow/example_dags/example_complex.py
[2024-11-23T03:50:01.630+0000] {processor.py:914} INFO - Processing file /home/airflow/.local/lib/python3.12/site-packages/airflow/example_dags/example_complex.py for tasks to queue
[2024-11-23T03:50:01.632+0000] {logging_mixin.py:190} INFO - [2024-11-23T03:50:01.631+0000] {dagbag.py:588} INFO - Filling up the DagBag from /home/airflow/.local/lib/python3.12/site-packages/airflow/example_dags/example_complex.py
[2024-11-23T03:50:01.662+0000] {processor.py:925} INFO - DAG(s) 'example_complex' retrieved from /home/airflow/.local/lib/python3.12/site-packages/airflow/example_dags/example_complex.py
[2024-11-23T03:50:01.776+0000] {logging_mixin.py:190} INFO - [2024-11-23T03:50:01.775+0000] {dag.py:3239} INFO - Sync 1 DAGs
[2024-11-23T03:50:01.830+0000] {logging_mixin.py:190} INFO - [2024-11-23T03:50:01.830+0000] {dag.py:4180} INFO - Setting next_dagrun for example_complex to None, run_after=None
[2024-11-23T03:50:01.874+0000] {processor.py:208} INFO - Processing /home/airflow/.local/lib/python3.12/site-packages/airflow/example_dags/example_complex.py took 0.258 seconds
[2024-11-23T03:50:32.567+0000] {processor.py:186} INFO - Started process (PID=2856) to work on /home/airflow/.local/lib/python3.12/site-packages/airflow/example_dags/example_complex.py
[2024-11-23T03:50:32.578+0000] {processor.py:914} INFO - Processing file /home/airflow/.local/lib/python3.12/site-packages/airflow/example_dags/example_complex.py for tasks to queue
[2024-11-23T03:50:32.594+0000] {logging_mixin.py:190} INFO - [2024-11-23T03:50:32.593+0000] {dagbag.py:588} INFO - Filling up the DagBag from /home/airflow/.local/lib/python3.12/site-packages/airflow/example_dags/example_complex.py
[2024-11-23T03:50:32.736+0000] {processor.py:925} INFO - DAG(s) 'example_complex' retrieved from /home/airflow/.local/lib/python3.12/site-packages/airflow/example_dags/example_complex.py
[2024-11-23T03:50:32.976+0000] {logging_mixin.py:190} INFO - [2024-11-23T03:50:32.976+0000] {dag.py:3239} INFO - Sync 1 DAGs
[2024-11-23T03:50:33.034+0000] {logging_mixin.py:190} INFO - [2024-11-23T03:50:33.034+0000] {dag.py:4180} INFO - Setting next_dagrun for example_complex to None, run_after=None
[2024-11-23T03:50:33.126+0000] {processor.py:208} INFO - Processing /home/airflow/.local/lib/python3.12/site-packages/airflow/example_dags/example_complex.py took 0.583 seconds
[2024-11-23T03:51:03.959+0000] {processor.py:186} INFO - Started process (PID=2920) to work on /home/airflow/.local/lib/python3.12/site-packages/airflow/example_dags/example_complex.py
[2024-11-23T03:51:03.961+0000] {processor.py:914} INFO - Processing file /home/airflow/.local/lib/python3.12/site-packages/airflow/example_dags/example_complex.py for tasks to queue
[2024-11-23T03:51:03.963+0000] {logging_mixin.py:190} INFO - [2024-11-23T03:51:03.963+0000] {dagbag.py:588} INFO - Filling up the DagBag from /home/airflow/.local/lib/python3.12/site-packages/airflow/example_dags/example_complex.py
[2024-11-23T03:51:03.988+0000] {processor.py:925} INFO - DAG(s) 'example_complex' retrieved from /home/airflow/.local/lib/python3.12/site-packages/airflow/example_dags/example_complex.py
[2024-11-23T03:51:04.067+0000] {logging_mixin.py:190} INFO - [2024-11-23T03:51:04.066+0000] {dag.py:3239} INFO - Sync 1 DAGs
[2024-11-23T03:51:04.203+0000] {logging_mixin.py:190} INFO - [2024-11-23T03:51:04.191+0000] {dag.py:4180} INFO - Setting next_dagrun for example_complex to None, run_after=None
[2024-11-23T03:51:04.331+0000] {processor.py:208} INFO - Processing /home/airflow/.local/lib/python3.12/site-packages/airflow/example_dags/example_complex.py took 0.382 seconds
[2024-11-23T03:51:35.031+0000] {processor.py:186} INFO - Started process (PID=2984) to work on /home/airflow/.local/lib/python3.12/site-packages/airflow/example_dags/example_complex.py
[2024-11-23T03:51:35.033+0000] {processor.py:914} INFO - Processing file /home/airflow/.local/lib/python3.12/site-packages/airflow/example_dags/example_complex.py for tasks to queue
[2024-11-23T03:51:35.036+0000] {logging_mixin.py:190} INFO - [2024-11-23T03:51:35.035+0000] {dagbag.py:588} INFO - Filling up the DagBag from /home/airflow/.local/lib/python3.12/site-packages/airflow/example_dags/example_complex.py
[2024-11-23T03:51:35.061+0000] {processor.py:925} INFO - DAG(s) 'example_complex' retrieved from /home/airflow/.local/lib/python3.12/site-packages/airflow/example_dags/example_complex.py
[2024-11-23T03:51:35.139+0000] {logging_mixin.py:190} INFO - [2024-11-23T03:51:35.138+0000] {dag.py:3239} INFO - Sync 1 DAGs
[2024-11-23T03:51:35.171+0000] {logging_mixin.py:190} INFO - [2024-11-23T03:51:35.171+0000] {dag.py:4180} INFO - Setting next_dagrun for example_complex to None, run_after=None
[2024-11-23T03:51:35.220+0000] {processor.py:208} INFO - Processing /home/airflow/.local/lib/python3.12/site-packages/airflow/example_dags/example_complex.py took 0.204 seconds
[2024-11-23T03:52:09.513+0000] {processor.py:186} INFO - Started process (PID=3049) to work on /home/airflow/.local/lib/python3.12/site-packages/airflow/example_dags/example_complex.py
[2024-11-23T03:52:09.515+0000] {processor.py:914} INFO - Processing file /home/airflow/.local/lib/python3.12/site-packages/airflow/example_dags/example_complex.py for tasks to queue
[2024-11-23T03:52:09.517+0000] {logging_mixin.py:190} INFO - [2024-11-23T03:52:09.516+0000] {dagbag.py:588} INFO - Filling up the DagBag from /home/airflow/.local/lib/python3.12/site-packages/airflow/example_dags/example_complex.py
[2024-11-23T03:52:09.538+0000] {processor.py:925} INFO - DAG(s) 'example_complex' retrieved from /home/airflow/.local/lib/python3.12/site-packages/airflow/example_dags/example_complex.py
[2024-11-23T03:52:09.591+0000] {logging_mixin.py:190} INFO - [2024-11-23T03:52:09.590+0000] {dag.py:3239} INFO - Sync 1 DAGs
[2024-11-23T03:52:09.623+0000] {logging_mixin.py:190} INFO - [2024-11-23T03:52:09.623+0000] {dag.py:4180} INFO - Setting next_dagrun for example_complex to None, run_after=None
[2024-11-23T03:52:09.664+0000] {processor.py:208} INFO - Processing /home/airflow/.local/lib/python3.12/site-packages/airflow/example_dags/example_complex.py took 0.161 seconds
[2024-11-23T03:52:45.708+0000] {processor.py:186} INFO - Started process (PID=3114) to work on /home/airflow/.local/lib/python3.12/site-packages/airflow/example_dags/example_complex.py
[2024-11-23T03:52:45.710+0000] {processor.py:914} INFO - Processing file /home/airflow/.local/lib/python3.12/site-packages/airflow/example_dags/example_complex.py for tasks to queue
[2024-11-23T03:52:45.712+0000] {logging_mixin.py:190} INFO - [2024-11-23T03:52:45.712+0000] {dagbag.py:588} INFO - Filling up the DagBag from /home/airflow/.local/lib/python3.12/site-packages/airflow/example_dags/example_complex.py
[2024-11-23T03:52:45.747+0000] {processor.py:925} INFO - DAG(s) 'example_complex' retrieved from /home/airflow/.local/lib/python3.12/site-packages/airflow/example_dags/example_complex.py
[2024-11-23T03:52:45.856+0000] {logging_mixin.py:190} INFO - [2024-11-23T03:52:45.855+0000] {dag.py:3239} INFO - Sync 1 DAGs
[2024-11-23T03:52:45.982+0000] {logging_mixin.py:190} INFO - [2024-11-23T03:52:45.982+0000] {dag.py:4180} INFO - Setting next_dagrun for example_complex to None, run_after=None
[2024-11-23T03:52:46.082+0000] {processor.py:208} INFO - Processing /home/airflow/.local/lib/python3.12/site-packages/airflow/example_dags/example_complex.py took 0.385 seconds
[2024-11-23T03:53:17.259+0000] {processor.py:186} INFO - Started process (PID=3178) to work on /home/airflow/.local/lib/python3.12/site-packages/airflow/example_dags/example_complex.py
[2024-11-23T03:53:17.261+0000] {processor.py:914} INFO - Processing file /home/airflow/.local/lib/python3.12/site-packages/airflow/example_dags/example_complex.py for tasks to queue
[2024-11-23T03:53:17.265+0000] {logging_mixin.py:190} INFO - [2024-11-23T03:53:17.264+0000] {dagbag.py:588} INFO - Filling up the DagBag from /home/airflow/.local/lib/python3.12/site-packages/airflow/example_dags/example_complex.py
[2024-11-23T03:53:17.339+0000] {processor.py:925} INFO - DAG(s) 'example_complex' retrieved from /home/airflow/.local/lib/python3.12/site-packages/airflow/example_dags/example_complex.py
[2024-11-23T03:53:17.589+0000] {logging_mixin.py:190} INFO - [2024-11-23T03:53:17.588+0000] {dag.py:3239} INFO - Sync 1 DAGs
[2024-11-23T03:53:17.823+0000] {logging_mixin.py:190} INFO - [2024-11-23T03:53:17.822+0000] {dag.py:4180} INFO - Setting next_dagrun for example_complex to None, run_after=None
[2024-11-23T03:53:17.957+0000] {processor.py:208} INFO - Processing /home/airflow/.local/lib/python3.12/site-packages/airflow/example_dags/example_complex.py took 0.712 seconds
[2024-11-23T03:53:49.132+0000] {processor.py:186} INFO - Started process (PID=3241) to work on /home/airflow/.local/lib/python3.12/site-packages/airflow/example_dags/example_complex.py
[2024-11-23T03:53:49.136+0000] {processor.py:914} INFO - Processing file /home/airflow/.local/lib/python3.12/site-packages/airflow/example_dags/example_complex.py for tasks to queue
[2024-11-23T03:53:49.141+0000] {logging_mixin.py:190} INFO - [2024-11-23T03:53:49.140+0000] {dagbag.py:588} INFO - Filling up the DagBag from /home/airflow/.local/lib/python3.12/site-packages/airflow/example_dags/example_complex.py
[2024-11-23T03:53:49.175+0000] {processor.py:925} INFO - DAG(s) 'example_complex' retrieved from /home/airflow/.local/lib/python3.12/site-packages/airflow/example_dags/example_complex.py
[2024-11-23T03:53:49.240+0000] {logging_mixin.py:190} INFO - [2024-11-23T03:53:49.239+0000] {dag.py:3239} INFO - Sync 1 DAGs
[2024-11-23T03:53:49.298+0000] {logging_mixin.py:190} INFO - [2024-11-23T03:53:49.298+0000] {dag.py:4180} INFO - Setting next_dagrun for example_complex to None, run_after=None
[2024-11-23T03:53:49.379+0000] {processor.py:208} INFO - Processing /home/airflow/.local/lib/python3.12/site-packages/airflow/example_dags/example_complex.py took 0.263 seconds
[2024-11-23T03:54:21.201+0000] {processor.py:186} INFO - Started process (PID=3305) to work on /home/airflow/.local/lib/python3.12/site-packages/airflow/example_dags/example_complex.py
[2024-11-23T03:54:21.203+0000] {processor.py:914} INFO - Processing file /home/airflow/.local/lib/python3.12/site-packages/airflow/example_dags/example_complex.py for tasks to queue
[2024-11-23T03:54:21.205+0000] {logging_mixin.py:190} INFO - [2024-11-23T03:54:21.204+0000] {dagbag.py:588} INFO - Filling up the DagBag from /home/airflow/.local/lib/python3.12/site-packages/airflow/example_dags/example_complex.py
[2024-11-23T03:54:21.233+0000] {processor.py:925} INFO - DAG(s) 'example_complex' retrieved from /home/airflow/.local/lib/python3.12/site-packages/airflow/example_dags/example_complex.py
[2024-11-23T03:54:21.361+0000] {logging_mixin.py:190} INFO - [2024-11-23T03:54:21.360+0000] {dag.py:3239} INFO - Sync 1 DAGs
[2024-11-23T03:54:21.414+0000] {logging_mixin.py:190} INFO - [2024-11-23T03:54:21.413+0000] {dag.py:4180} INFO - Setting next_dagrun for example_complex to None, run_after=None
[2024-11-23T03:54:21.449+0000] {processor.py:208} INFO - Processing /home/airflow/.local/lib/python3.12/site-packages/airflow/example_dags/example_complex.py took 0.259 seconds
[2024-11-23T03:54:53.352+0000] {processor.py:186} INFO - Started process (PID=3373) to work on /home/airflow/.local/lib/python3.12/site-packages/airflow/example_dags/example_complex.py
[2024-11-23T03:54:53.354+0000] {processor.py:914} INFO - Processing file /home/airflow/.local/lib/python3.12/site-packages/airflow/example_dags/example_complex.py for tasks to queue
[2024-11-23T03:54:53.356+0000] {logging_mixin.py:190} INFO - [2024-11-23T03:54:53.355+0000] {dagbag.py:588} INFO - Filling up the DagBag from /home/airflow/.local/lib/python3.12/site-packages/airflow/example_dags/example_complex.py
[2024-11-23T03:54:53.384+0000] {processor.py:925} INFO - DAG(s) 'example_complex' retrieved from /home/airflow/.local/lib/python3.12/site-packages/airflow/example_dags/example_complex.py
[2024-11-23T03:54:53.474+0000] {logging_mixin.py:190} INFO - [2024-11-23T03:54:53.474+0000] {dag.py:3239} INFO - Sync 1 DAGs
[2024-11-23T03:54:53.512+0000] {logging_mixin.py:190} INFO - [2024-11-23T03:54:53.512+0000] {dag.py:4180} INFO - Setting next_dagrun for example_complex to None, run_after=None
[2024-11-23T03:54:53.562+0000] {processor.py:208} INFO - Processing /home/airflow/.local/lib/python3.12/site-packages/airflow/example_dags/example_complex.py took 0.223 seconds
[2024-11-23T03:55:26.960+0000] {processor.py:186} INFO - Started process (PID=3443) to work on /home/airflow/.local/lib/python3.12/site-packages/airflow/example_dags/example_complex.py
[2024-11-23T03:55:26.962+0000] {processor.py:914} INFO - Processing file /home/airflow/.local/lib/python3.12/site-packages/airflow/example_dags/example_complex.py for tasks to queue
[2024-11-23T03:55:26.965+0000] {logging_mixin.py:190} INFO - [2024-11-23T03:55:26.964+0000] {dagbag.py:588} INFO - Filling up the DagBag from /home/airflow/.local/lib/python3.12/site-packages/airflow/example_dags/example_complex.py
[2024-11-23T03:55:27.007+0000] {processor.py:925} INFO - DAG(s) 'example_complex' retrieved from /home/airflow/.local/lib/python3.12/site-packages/airflow/example_dags/example_complex.py
[2024-11-23T03:55:27.103+0000] {logging_mixin.py:190} INFO - [2024-11-23T03:55:27.103+0000] {dag.py:3239} INFO - Sync 1 DAGs
[2024-11-23T03:55:27.141+0000] {logging_mixin.py:190} INFO - [2024-11-23T03:55:27.140+0000] {dag.py:4180} INFO - Setting next_dagrun for example_complex to None, run_after=None
[2024-11-23T03:55:27.205+0000] {processor.py:208} INFO - Processing /home/airflow/.local/lib/python3.12/site-packages/airflow/example_dags/example_complex.py took 0.257 seconds
[2024-11-23T03:55:59.432+0000] {processor.py:186} INFO - Started process (PID=3507) to work on /home/airflow/.local/lib/python3.12/site-packages/airflow/example_dags/example_complex.py
[2024-11-23T03:55:59.439+0000] {processor.py:914} INFO - Processing file /home/airflow/.local/lib/python3.12/site-packages/airflow/example_dags/example_complex.py for tasks to queue
[2024-11-23T03:55:59.443+0000] {logging_mixin.py:190} INFO - [2024-11-23T03:55:59.442+0000] {dagbag.py:588} INFO - Filling up the DagBag from /home/airflow/.local/lib/python3.12/site-packages/airflow/example_dags/example_complex.py
[2024-11-23T03:55:59.509+0000] {processor.py:925} INFO - DAG(s) 'example_complex' retrieved from /home/airflow/.local/lib/python3.12/site-packages/airflow/example_dags/example_complex.py
[2024-11-23T03:55:59.645+0000] {logging_mixin.py:190} INFO - [2024-11-23T03:55:59.643+0000] {dag.py:3239} INFO - Sync 1 DAGs
[2024-11-23T03:55:59.711+0000] {logging_mixin.py:190} INFO - [2024-11-23T03:55:59.710+0000] {dag.py:4180} INFO - Setting next_dagrun for example_complex to None, run_after=None
[2024-11-23T03:55:59.832+0000] {processor.py:208} INFO - Processing /home/airflow/.local/lib/python3.12/site-packages/airflow/example_dags/example_complex.py took 0.415 seconds
[2024-11-23T03:56:30.858+0000] {processor.py:186} INFO - Started process (PID=3571) to work on /home/airflow/.local/lib/python3.12/site-packages/airflow/example_dags/example_complex.py
[2024-11-23T03:56:30.860+0000] {processor.py:914} INFO - Processing file /home/airflow/.local/lib/python3.12/site-packages/airflow/example_dags/example_complex.py for tasks to queue
[2024-11-23T03:56:30.869+0000] {logging_mixin.py:190} INFO - [2024-11-23T03:56:30.868+0000] {dagbag.py:588} INFO - Filling up the DagBag from /home/airflow/.local/lib/python3.12/site-packages/airflow/example_dags/example_complex.py
[2024-11-23T03:56:30.976+0000] {processor.py:925} INFO - DAG(s) 'example_complex' retrieved from /home/airflow/.local/lib/python3.12/site-packages/airflow/example_dags/example_complex.py
[2024-11-23T03:56:31.233+0000] {logging_mixin.py:190} INFO - [2024-11-23T03:56:31.223+0000] {dag.py:3239} INFO - Sync 1 DAGs
[2024-11-23T03:56:31.355+0000] {logging_mixin.py:190} INFO - [2024-11-23T03:56:31.354+0000] {dag.py:4180} INFO - Setting next_dagrun for example_complex to None, run_after=None
[2024-11-23T03:56:31.483+0000] {processor.py:208} INFO - Processing /home/airflow/.local/lib/python3.12/site-packages/airflow/example_dags/example_complex.py took 0.645 seconds
[2024-11-23T03:57:04.148+0000] {processor.py:186} INFO - Started process (PID=3635) to work on /home/airflow/.local/lib/python3.12/site-packages/airflow/example_dags/example_complex.py
[2024-11-23T03:57:04.150+0000] {processor.py:914} INFO - Processing file /home/airflow/.local/lib/python3.12/site-packages/airflow/example_dags/example_complex.py for tasks to queue
[2024-11-23T03:57:04.156+0000] {logging_mixin.py:190} INFO - [2024-11-23T03:57:04.153+0000] {dagbag.py:588} INFO - Filling up the DagBag from /home/airflow/.local/lib/python3.12/site-packages/airflow/example_dags/example_complex.py
[2024-11-23T03:57:04.181+0000] {processor.py:925} INFO - DAG(s) 'example_complex' retrieved from /home/airflow/.local/lib/python3.12/site-packages/airflow/example_dags/example_complex.py
[2024-11-23T03:57:04.328+0000] {logging_mixin.py:190} INFO - [2024-11-23T03:57:04.327+0000] {dag.py:3239} INFO - Sync 1 DAGs
[2024-11-23T03:57:04.890+0000] {logging_mixin.py:190} INFO - [2024-11-23T03:57:04.890+0000] {dag.py:4180} INFO - Setting next_dagrun for example_complex to None, run_after=None
[2024-11-23T03:57:05.008+0000] {processor.py:208} INFO - Processing /home/airflow/.local/lib/python3.12/site-packages/airflow/example_dags/example_complex.py took 0.871 seconds
[2024-11-23T03:57:36.092+0000] {processor.py:186} INFO - Started process (PID=3699) to work on /home/airflow/.local/lib/python3.12/site-packages/airflow/example_dags/example_complex.py
[2024-11-23T03:57:36.109+0000] {processor.py:914} INFO - Processing file /home/airflow/.local/lib/python3.12/site-packages/airflow/example_dags/example_complex.py for tasks to queue
[2024-11-23T03:57:36.112+0000] {logging_mixin.py:190} INFO - [2024-11-23T03:57:36.111+0000] {dagbag.py:588} INFO - Filling up the DagBag from /home/airflow/.local/lib/python3.12/site-packages/airflow/example_dags/example_complex.py
[2024-11-23T03:57:36.184+0000] {processor.py:925} INFO - DAG(s) 'example_complex' retrieved from /home/airflow/.local/lib/python3.12/site-packages/airflow/example_dags/example_complex.py
[2024-11-23T03:57:36.384+0000] {logging_mixin.py:190} INFO - [2024-11-23T03:57:36.384+0000] {dag.py:3239} INFO - Sync 1 DAGs
[2024-11-23T03:57:36.447+0000] {logging_mixin.py:190} INFO - [2024-11-23T03:57:36.446+0000] {dag.py:4180} INFO - Setting next_dagrun for example_complex to None, run_after=None
[2024-11-23T03:57:36.571+0000] {processor.py:208} INFO - Processing /home/airflow/.local/lib/python3.12/site-packages/airflow/example_dags/example_complex.py took 0.505 seconds
[2024-11-23T03:58:22.242+0000] {processor.py:186} INFO - Started process (PID=3764) to work on /home/airflow/.local/lib/python3.12/site-packages/airflow/example_dags/example_complex.py
[2024-11-23T03:58:22.244+0000] {processor.py:914} INFO - Processing file /home/airflow/.local/lib/python3.12/site-packages/airflow/example_dags/example_complex.py for tasks to queue
[2024-11-23T03:58:22.250+0000] {logging_mixin.py:190} INFO - [2024-11-23T03:58:22.249+0000] {dagbag.py:588} INFO - Filling up the DagBag from /home/airflow/.local/lib/python3.12/site-packages/airflow/example_dags/example_complex.py
[2024-11-23T03:58:22.304+0000] {processor.py:925} INFO - DAG(s) 'example_complex' retrieved from /home/airflow/.local/lib/python3.12/site-packages/airflow/example_dags/example_complex.py
[2024-11-23T03:58:22.439+0000] {logging_mixin.py:190} INFO - [2024-11-23T03:58:22.421+0000] {dag.py:3239} INFO - Sync 1 DAGs
[2024-11-23T03:58:22.492+0000] {logging_mixin.py:190} INFO - [2024-11-23T03:58:22.490+0000] {dag.py:4180} INFO - Setting next_dagrun for example_complex to None, run_after=None
[2024-11-23T03:58:22.555+0000] {processor.py:208} INFO - Processing /home/airflow/.local/lib/python3.12/site-packages/airflow/example_dags/example_complex.py took 0.338 seconds
[2024-11-23T03:59:16.522+0000] {processor.py:186} INFO - Started process (PID=3828) to work on /home/airflow/.local/lib/python3.12/site-packages/airflow/example_dags/example_complex.py
[2024-11-23T03:59:16.524+0000] {processor.py:914} INFO - Processing file /home/airflow/.local/lib/python3.12/site-packages/airflow/example_dags/example_complex.py for tasks to queue
[2024-11-23T03:59:16.528+0000] {logging_mixin.py:190} INFO - [2024-11-23T03:59:16.528+0000] {dagbag.py:588} INFO - Filling up the DagBag from /home/airflow/.local/lib/python3.12/site-packages/airflow/example_dags/example_complex.py
[2024-11-23T03:59:17.336+0000] {processor.py:925} INFO - DAG(s) 'example_complex' retrieved from /home/airflow/.local/lib/python3.12/site-packages/airflow/example_dags/example_complex.py
[2024-11-23T03:59:18.210+0000] {logging_mixin.py:190} INFO - [2024-11-23T03:59:18.210+0000] {dag.py:3239} INFO - Sync 1 DAGs
[2024-11-23T03:59:18.271+0000] {logging_mixin.py:190} INFO - [2024-11-23T03:59:18.270+0000] {dag.py:4180} INFO - Setting next_dagrun for example_complex to None, run_after=None
[2024-11-23T03:59:18.408+0000] {processor.py:208} INFO - Processing /home/airflow/.local/lib/python3.12/site-packages/airflow/example_dags/example_complex.py took 1.906 seconds
[2024-11-23T03:59:49.653+0000] {processor.py:186} INFO - Started process (PID=3893) to work on /home/airflow/.local/lib/python3.12/site-packages/airflow/example_dags/example_complex.py
[2024-11-23T03:59:49.665+0000] {processor.py:914} INFO - Processing file /home/airflow/.local/lib/python3.12/site-packages/airflow/example_dags/example_complex.py for tasks to queue
[2024-11-23T03:59:49.680+0000] {logging_mixin.py:190} INFO - [2024-11-23T03:59:49.679+0000] {dagbag.py:588} INFO - Filling up the DagBag from /home/airflow/.local/lib/python3.12/site-packages/airflow/example_dags/example_complex.py
[2024-11-23T03:59:49.774+0000] {processor.py:925} INFO - DAG(s) 'example_complex' retrieved from /home/airflow/.local/lib/python3.12/site-packages/airflow/example_dags/example_complex.py
[2024-11-23T03:59:49.911+0000] {logging_mixin.py:190} INFO - [2024-11-23T03:59:49.911+0000] {dag.py:3239} INFO - Sync 1 DAGs
[2024-11-23T03:59:49.980+0000] {logging_mixin.py:190} INFO - [2024-11-23T03:59:49.979+0000] {dag.py:4180} INFO - Setting next_dagrun for example_complex to None, run_after=None
[2024-11-23T03:59:50.074+0000] {processor.py:208} INFO - Processing /home/airflow/.local/lib/python3.12/site-packages/airflow/example_dags/example_complex.py took 0.465 seconds
[2024-11-23T04:00:22.445+0000] {processor.py:186} INFO - Started process (PID=3956) to work on /home/airflow/.local/lib/python3.12/site-packages/airflow/example_dags/example_complex.py
[2024-11-23T04:00:22.448+0000] {processor.py:914} INFO - Processing file /home/airflow/.local/lib/python3.12/site-packages/airflow/example_dags/example_complex.py for tasks to queue
[2024-11-23T04:00:22.462+0000] {logging_mixin.py:190} INFO - [2024-11-23T04:00:22.458+0000] {dagbag.py:588} INFO - Filling up the DagBag from /home/airflow/.local/lib/python3.12/site-packages/airflow/example_dags/example_complex.py
[2024-11-23T04:00:22.562+0000] {processor.py:925} INFO - DAG(s) 'example_complex' retrieved from /home/airflow/.local/lib/python3.12/site-packages/airflow/example_dags/example_complex.py
[2024-11-23T04:00:22.826+0000] {logging_mixin.py:190} INFO - [2024-11-23T04:00:22.825+0000] {dag.py:3239} INFO - Sync 1 DAGs
[2024-11-23T04:00:22.910+0000] {logging_mixin.py:190} INFO - [2024-11-23T04:00:22.909+0000] {dag.py:4180} INFO - Setting next_dagrun for example_complex to None, run_after=None
[2024-11-23T04:00:22.985+0000] {processor.py:208} INFO - Processing /home/airflow/.local/lib/python3.12/site-packages/airflow/example_dags/example_complex.py took 0.570 seconds
[2024-11-23T04:00:53.691+0000] {processor.py:186} INFO - Started process (PID=4018) to work on /home/airflow/.local/lib/python3.12/site-packages/airflow/example_dags/example_complex.py
[2024-11-23T04:00:53.693+0000] {processor.py:914} INFO - Processing file /home/airflow/.local/lib/python3.12/site-packages/airflow/example_dags/example_complex.py for tasks to queue
[2024-11-23T04:00:53.697+0000] {logging_mixin.py:190} INFO - [2024-11-23T04:00:53.696+0000] {dagbag.py:588} INFO - Filling up the DagBag from /home/airflow/.local/lib/python3.12/site-packages/airflow/example_dags/example_complex.py
[2024-11-23T04:00:53.748+0000] {processor.py:925} INFO - DAG(s) 'example_complex' retrieved from /home/airflow/.local/lib/python3.12/site-packages/airflow/example_dags/example_complex.py
[2024-11-23T04:00:53.896+0000] {logging_mixin.py:190} INFO - [2024-11-23T04:00:53.896+0000] {dag.py:3239} INFO - Sync 1 DAGs
[2024-11-23T04:00:53.974+0000] {logging_mixin.py:190} INFO - [2024-11-23T04:00:53.973+0000] {dag.py:4180} INFO - Setting next_dagrun for example_complex to None, run_after=None
[2024-11-23T04:00:54.130+0000] {processor.py:208} INFO - Processing /home/airflow/.local/lib/python3.12/site-packages/airflow/example_dags/example_complex.py took 0.457 seconds
[2024-11-23T04:01:33.920+0000] {processor.py:186} INFO - Started process (PID=4081) to work on /home/airflow/.local/lib/python3.12/site-packages/airflow/example_dags/example_complex.py
[2024-11-23T04:01:33.928+0000] {processor.py:914} INFO - Processing file /home/airflow/.local/lib/python3.12/site-packages/airflow/example_dags/example_complex.py for tasks to queue
[2024-11-23T04:01:33.940+0000] {logging_mixin.py:190} INFO - [2024-11-23T04:01:33.939+0000] {dagbag.py:588} INFO - Filling up the DagBag from /home/airflow/.local/lib/python3.12/site-packages/airflow/example_dags/example_complex.py
[2024-11-23T04:01:34.047+0000] {processor.py:925} INFO - DAG(s) 'example_complex' retrieved from /home/airflow/.local/lib/python3.12/site-packages/airflow/example_dags/example_complex.py
[2024-11-23T04:01:34.176+0000] {logging_mixin.py:190} INFO - [2024-11-23T04:01:34.175+0000] {dag.py:3239} INFO - Sync 1 DAGs
[2024-11-23T04:01:34.221+0000] {logging_mixin.py:190} INFO - [2024-11-23T04:01:34.221+0000] {dag.py:4180} INFO - Setting next_dagrun for example_complex to None, run_after=None
[2024-11-23T04:01:34.271+0000] {processor.py:208} INFO - Processing /home/airflow/.local/lib/python3.12/site-packages/airflow/example_dags/example_complex.py took 0.412 seconds
[2024-11-23T04:02:40.358+0000] {processor.py:186} INFO - Started process (PID=4136) to work on /home/airflow/.local/lib/python3.12/site-packages/airflow/example_dags/example_complex.py
[2024-11-23T04:02:40.364+0000] {processor.py:914} INFO - Processing file /home/airflow/.local/lib/python3.12/site-packages/airflow/example_dags/example_complex.py for tasks to queue
[2024-11-23T04:02:40.378+0000] {logging_mixin.py:190} INFO - [2024-11-23T04:02:40.375+0000] {dagbag.py:588} INFO - Filling up the DagBag from /home/airflow/.local/lib/python3.12/site-packages/airflow/example_dags/example_complex.py
[2024-11-23T04:02:40.523+0000] {processor.py:925} INFO - DAG(s) 'example_complex' retrieved from /home/airflow/.local/lib/python3.12/site-packages/airflow/example_dags/example_complex.py
[2024-11-23T04:02:40.700+0000] {logging_mixin.py:190} INFO - [2024-11-23T04:02:40.699+0000] {dag.py:3239} INFO - Sync 1 DAGs
[2024-11-23T04:02:40.753+0000] {logging_mixin.py:190} INFO - [2024-11-23T04:02:40.752+0000] {dag.py:4180} INFO - Setting next_dagrun for example_complex to None, run_after=None
[2024-11-23T04:02:40.815+0000] {processor.py:208} INFO - Processing /home/airflow/.local/lib/python3.12/site-packages/airflow/example_dags/example_complex.py took 0.472 seconds
[2024-11-23T04:03:11.286+0000] {processor.py:186} INFO - Started process (PID=4200) to work on /home/airflow/.local/lib/python3.12/site-packages/airflow/example_dags/example_complex.py
[2024-11-23T04:03:11.287+0000] {processor.py:914} INFO - Processing file /home/airflow/.local/lib/python3.12/site-packages/airflow/example_dags/example_complex.py for tasks to queue
[2024-11-23T04:03:11.291+0000] {logging_mixin.py:190} INFO - [2024-11-23T04:03:11.290+0000] {dagbag.py:588} INFO - Filling up the DagBag from /home/airflow/.local/lib/python3.12/site-packages/airflow/example_dags/example_complex.py
[2024-11-23T04:03:11.349+0000] {processor.py:925} INFO - DAG(s) 'example_complex' retrieved from /home/airflow/.local/lib/python3.12/site-packages/airflow/example_dags/example_complex.py
[2024-11-23T04:03:11.627+0000] {logging_mixin.py:190} INFO - [2024-11-23T04:03:11.627+0000] {dag.py:3239} INFO - Sync 1 DAGs
[2024-11-23T04:03:11.773+0000] {logging_mixin.py:190} INFO - [2024-11-23T04:03:11.773+0000] {dag.py:4180} INFO - Setting next_dagrun for example_complex to None, run_after=None
[2024-11-23T04:03:12.027+0000] {processor.py:208} INFO - Processing /home/airflow/.local/lib/python3.12/site-packages/airflow/example_dags/example_complex.py took 0.760 seconds
[2024-11-23T04:04:17.185+0000] {processor.py:186} INFO - Started process (PID=4276) to work on /home/airflow/.local/lib/python3.12/site-packages/airflow/example_dags/example_complex.py
[2024-11-23T04:04:17.193+0000] {processor.py:914} INFO - Processing file /home/airflow/.local/lib/python3.12/site-packages/airflow/example_dags/example_complex.py for tasks to queue
[2024-11-23T04:04:17.197+0000] {logging_mixin.py:190} INFO - [2024-11-23T04:04:17.196+0000] {dagbag.py:588} INFO - Filling up the DagBag from /home/airflow/.local/lib/python3.12/site-packages/airflow/example_dags/example_complex.py
[2024-11-23T04:04:17.265+0000] {processor.py:925} INFO - DAG(s) 'example_complex' retrieved from /home/airflow/.local/lib/python3.12/site-packages/airflow/example_dags/example_complex.py
[2024-11-23T04:04:17.499+0000] {logging_mixin.py:190} INFO - [2024-11-23T04:04:17.498+0000] {dag.py:3239} INFO - Sync 1 DAGs
[2024-11-23T04:04:17.625+0000] {logging_mixin.py:190} INFO - [2024-11-23T04:04:17.624+0000] {dag.py:4180} INFO - Setting next_dagrun for example_complex to None, run_after=None
[2024-11-23T04:04:17.728+0000] {processor.py:208} INFO - Processing /home/airflow/.local/lib/python3.12/site-packages/airflow/example_dags/example_complex.py took 0.560 seconds
[2024-11-23T04:04:49.239+0000] {processor.py:186} INFO - Started process (PID=4340) to work on /home/airflow/.local/lib/python3.12/site-packages/airflow/example_dags/example_complex.py
[2024-11-23T04:04:49.242+0000] {processor.py:914} INFO - Processing file /home/airflow/.local/lib/python3.12/site-packages/airflow/example_dags/example_complex.py for tasks to queue
[2024-11-23T04:04:49.246+0000] {logging_mixin.py:190} INFO - [2024-11-23T04:04:49.245+0000] {dagbag.py:588} INFO - Filling up the DagBag from /home/airflow/.local/lib/python3.12/site-packages/airflow/example_dags/example_complex.py
[2024-11-23T04:04:49.279+0000] {processor.py:925} INFO - DAG(s) 'example_complex' retrieved from /home/airflow/.local/lib/python3.12/site-packages/airflow/example_dags/example_complex.py
[2024-11-23T04:04:49.362+0000] {logging_mixin.py:190} INFO - [2024-11-23T04:04:49.362+0000] {dag.py:3239} INFO - Sync 1 DAGs
[2024-11-23T04:04:49.395+0000] {logging_mixin.py:190} INFO - [2024-11-23T04:04:49.395+0000] {dag.py:4180} INFO - Setting next_dagrun for example_complex to None, run_after=None
[2024-11-23T04:04:49.461+0000] {processor.py:208} INFO - Processing /home/airflow/.local/lib/python3.12/site-packages/airflow/example_dags/example_complex.py took 0.238 seconds
[2024-11-23T04:05:23.022+0000] {processor.py:186} INFO - Started process (PID=4404) to work on /home/airflow/.local/lib/python3.12/site-packages/airflow/example_dags/example_complex.py
[2024-11-23T04:05:23.023+0000] {processor.py:914} INFO - Processing file /home/airflow/.local/lib/python3.12/site-packages/airflow/example_dags/example_complex.py for tasks to queue
[2024-11-23T04:05:23.026+0000] {logging_mixin.py:190} INFO - [2024-11-23T04:05:23.025+0000] {dagbag.py:588} INFO - Filling up the DagBag from /home/airflow/.local/lib/python3.12/site-packages/airflow/example_dags/example_complex.py
[2024-11-23T04:05:23.051+0000] {processor.py:925} INFO - DAG(s) 'example_complex' retrieved from /home/airflow/.local/lib/python3.12/site-packages/airflow/example_dags/example_complex.py
[2024-11-23T04:05:23.129+0000] {logging_mixin.py:190} INFO - [2024-11-23T04:05:23.129+0000] {dag.py:3239} INFO - Sync 1 DAGs
[2024-11-23T04:05:23.169+0000] {logging_mixin.py:190} INFO - [2024-11-23T04:05:23.169+0000] {dag.py:4180} INFO - Setting next_dagrun for example_complex to None, run_after=None
[2024-11-23T04:05:23.260+0000] {processor.py:208} INFO - Processing /home/airflow/.local/lib/python3.12/site-packages/airflow/example_dags/example_complex.py took 0.249 seconds
[2024-11-23T04:05:56.371+0000] {processor.py:186} INFO - Started process (PID=4469) to work on /home/airflow/.local/lib/python3.12/site-packages/airflow/example_dags/example_complex.py
[2024-11-23T04:05:56.374+0000] {processor.py:914} INFO - Processing file /home/airflow/.local/lib/python3.12/site-packages/airflow/example_dags/example_complex.py for tasks to queue
[2024-11-23T04:05:56.378+0000] {logging_mixin.py:190} INFO - [2024-11-23T04:05:56.377+0000] {dagbag.py:588} INFO - Filling up the DagBag from /home/airflow/.local/lib/python3.12/site-packages/airflow/example_dags/example_complex.py
[2024-11-23T04:05:56.423+0000] {processor.py:925} INFO - DAG(s) 'example_complex' retrieved from /home/airflow/.local/lib/python3.12/site-packages/airflow/example_dags/example_complex.py
[2024-11-23T04:05:56.584+0000] {logging_mixin.py:190} INFO - [2024-11-23T04:05:56.583+0000] {dag.py:3239} INFO - Sync 1 DAGs
[2024-11-23T04:05:56.628+0000] {logging_mixin.py:190} INFO - [2024-11-23T04:05:56.626+0000] {dag.py:4180} INFO - Setting next_dagrun for example_complex to None, run_after=None
[2024-11-23T04:05:56.800+0000] {processor.py:208} INFO - Processing /home/airflow/.local/lib/python3.12/site-packages/airflow/example_dags/example_complex.py took 0.442 seconds
[2024-11-23T04:06:36.281+0000] {processor.py:186} INFO - Started process (PID=4534) to work on /home/airflow/.local/lib/python3.12/site-packages/airflow/example_dags/example_complex.py
[2024-11-23T04:06:36.283+0000] {processor.py:914} INFO - Processing file /home/airflow/.local/lib/python3.12/site-packages/airflow/example_dags/example_complex.py for tasks to queue
[2024-11-23T04:06:36.287+0000] {logging_mixin.py:190} INFO - [2024-11-23T04:06:36.286+0000] {dagbag.py:588} INFO - Filling up the DagBag from /home/airflow/.local/lib/python3.12/site-packages/airflow/example_dags/example_complex.py
[2024-11-23T04:06:36.317+0000] {processor.py:925} INFO - DAG(s) 'example_complex' retrieved from /home/airflow/.local/lib/python3.12/site-packages/airflow/example_dags/example_complex.py
[2024-11-23T04:06:36.412+0000] {logging_mixin.py:190} INFO - [2024-11-23T04:06:36.412+0000] {dag.py:3239} INFO - Sync 1 DAGs
[2024-11-23T04:06:36.471+0000] {logging_mixin.py:190} INFO - [2024-11-23T04:06:36.471+0000] {dag.py:4180} INFO - Setting next_dagrun for example_complex to None, run_after=None
[2024-11-23T04:06:36.537+0000] {processor.py:208} INFO - Processing /home/airflow/.local/lib/python3.12/site-packages/airflow/example_dags/example_complex.py took 0.287 seconds
[2024-11-23T04:07:12.922+0000] {processor.py:186} INFO - Started process (PID=4598) to work on /home/airflow/.local/lib/python3.12/site-packages/airflow/example_dags/example_complex.py
[2024-11-23T04:07:12.924+0000] {processor.py:914} INFO - Processing file /home/airflow/.local/lib/python3.12/site-packages/airflow/example_dags/example_complex.py for tasks to queue
[2024-11-23T04:07:12.928+0000] {logging_mixin.py:190} INFO - [2024-11-23T04:07:12.927+0000] {dagbag.py:588} INFO - Filling up the DagBag from /home/airflow/.local/lib/python3.12/site-packages/airflow/example_dags/example_complex.py
[2024-11-23T04:07:12.954+0000] {processor.py:925} INFO - DAG(s) 'example_complex' retrieved from /home/airflow/.local/lib/python3.12/site-packages/airflow/example_dags/example_complex.py
[2024-11-23T04:07:13.086+0000] {logging_mixin.py:190} INFO - [2024-11-23T04:07:13.085+0000] {dag.py:3239} INFO - Sync 1 DAGs
[2024-11-23T04:07:13.133+0000] {logging_mixin.py:190} INFO - [2024-11-23T04:07:13.133+0000] {dag.py:4180} INFO - Setting next_dagrun for example_complex to None, run_after=None
[2024-11-23T04:07:13.178+0000] {processor.py:208} INFO - Processing /home/airflow/.local/lib/python3.12/site-packages/airflow/example_dags/example_complex.py took 0.267 seconds
[2024-11-23T04:07:57.322+0000] {processor.py:186} INFO - Started process (PID=4664) to work on /home/airflow/.local/lib/python3.12/site-packages/airflow/example_dags/example_complex.py
[2024-11-23T04:07:57.323+0000] {processor.py:914} INFO - Processing file /home/airflow/.local/lib/python3.12/site-packages/airflow/example_dags/example_complex.py for tasks to queue
[2024-11-23T04:07:57.327+0000] {logging_mixin.py:190} INFO - [2024-11-23T04:07:57.326+0000] {dagbag.py:588} INFO - Filling up the DagBag from /home/airflow/.local/lib/python3.12/site-packages/airflow/example_dags/example_complex.py
[2024-11-23T04:07:57.358+0000] {processor.py:925} INFO - DAG(s) 'example_complex' retrieved from /home/airflow/.local/lib/python3.12/site-packages/airflow/example_dags/example_complex.py
[2024-11-23T04:07:57.513+0000] {logging_mixin.py:190} INFO - [2024-11-23T04:07:57.508+0000] {dag.py:3239} INFO - Sync 1 DAGs
[2024-11-23T04:07:57.567+0000] {logging_mixin.py:190} INFO - [2024-11-23T04:07:57.566+0000] {dag.py:4180} INFO - Setting next_dagrun for example_complex to None, run_after=None
[2024-11-23T04:07:57.654+0000] {processor.py:208} INFO - Processing /home/airflow/.local/lib/python3.12/site-packages/airflow/example_dags/example_complex.py took 0.344 seconds
[2024-11-23T04:08:32.367+0000] {processor.py:186} INFO - Started process (PID=4728) to work on /home/airflow/.local/lib/python3.12/site-packages/airflow/example_dags/example_complex.py
[2024-11-23T04:08:32.371+0000] {processor.py:914} INFO - Processing file /home/airflow/.local/lib/python3.12/site-packages/airflow/example_dags/example_complex.py for tasks to queue
[2024-11-23T04:08:32.374+0000] {logging_mixin.py:190} INFO - [2024-11-23T04:08:32.373+0000] {dagbag.py:588} INFO - Filling up the DagBag from /home/airflow/.local/lib/python3.12/site-packages/airflow/example_dags/example_complex.py
[2024-11-23T04:08:32.456+0000] {processor.py:925} INFO - DAG(s) 'example_complex' retrieved from /home/airflow/.local/lib/python3.12/site-packages/airflow/example_dags/example_complex.py
[2024-11-23T04:08:32.655+0000] {logging_mixin.py:190} INFO - [2024-11-23T04:08:32.654+0000] {dag.py:3239} INFO - Sync 1 DAGs
[2024-11-23T04:08:32.833+0000] {logging_mixin.py:190} INFO - [2024-11-23T04:08:32.832+0000] {dag.py:4180} INFO - Setting next_dagrun for example_complex to None, run_after=None
[2024-11-23T04:08:33.001+0000] {processor.py:208} INFO - Processing /home/airflow/.local/lib/python3.12/site-packages/airflow/example_dags/example_complex.py took 0.649 seconds
[2024-11-23T04:09:05.627+0000] {processor.py:186} INFO - Started process (PID=4796) to work on /home/airflow/.local/lib/python3.12/site-packages/airflow/example_dags/example_complex.py
[2024-11-23T04:09:05.641+0000] {processor.py:914} INFO - Processing file /home/airflow/.local/lib/python3.12/site-packages/airflow/example_dags/example_complex.py for tasks to queue
[2024-11-23T04:09:05.665+0000] {logging_mixin.py:190} INFO - [2024-11-23T04:09:05.664+0000] {dagbag.py:588} INFO - Filling up the DagBag from /home/airflow/.local/lib/python3.12/site-packages/airflow/example_dags/example_complex.py
[2024-11-23T04:09:05.813+0000] {processor.py:925} INFO - DAG(s) 'example_complex' retrieved from /home/airflow/.local/lib/python3.12/site-packages/airflow/example_dags/example_complex.py
[2024-11-23T04:09:06.298+0000] {logging_mixin.py:190} INFO - [2024-11-23T04:09:06.297+0000] {dag.py:3239} INFO - Sync 1 DAGs
[2024-11-23T04:09:06.539+0000] {logging_mixin.py:190} INFO - [2024-11-23T04:09:06.538+0000] {dag.py:4180} INFO - Setting next_dagrun for example_complex to None, run_after=None
[2024-11-23T04:09:06.799+0000] {processor.py:208} INFO - Processing /home/airflow/.local/lib/python3.12/site-packages/airflow/example_dags/example_complex.py took 1.222 seconds
[2024-11-23T04:10:04.369+0000] {processor.py:186} INFO - Started process (PID=4861) to work on /home/airflow/.local/lib/python3.12/site-packages/airflow/example_dags/example_complex.py
[2024-11-23T04:10:04.412+0000] {processor.py:914} INFO - Processing file /home/airflow/.local/lib/python3.12/site-packages/airflow/example_dags/example_complex.py for tasks to queue
[2024-11-23T04:10:04.443+0000] {logging_mixin.py:190} INFO - [2024-11-23T04:10:04.442+0000] {dagbag.py:588} INFO - Filling up the DagBag from /home/airflow/.local/lib/python3.12/site-packages/airflow/example_dags/example_complex.py
[2024-11-23T04:10:04.514+0000] {processor.py:925} INFO - DAG(s) 'example_complex' retrieved from /home/airflow/.local/lib/python3.12/site-packages/airflow/example_dags/example_complex.py
[2024-11-23T04:10:04.638+0000] {logging_mixin.py:190} INFO - [2024-11-23T04:10:04.638+0000] {dag.py:3239} INFO - Sync 1 DAGs
[2024-11-23T04:10:04.685+0000] {logging_mixin.py:190} INFO - [2024-11-23T04:10:04.685+0000] {dag.py:4180} INFO - Setting next_dagrun for example_complex to None, run_after=None
[2024-11-23T04:10:04.765+0000] {processor.py:208} INFO - Processing /home/airflow/.local/lib/python3.12/site-packages/airflow/example_dags/example_complex.py took 0.434 seconds
[2024-11-23T04:10:36.333+0000] {processor.py:186} INFO - Started process (PID=4925) to work on /home/airflow/.local/lib/python3.12/site-packages/airflow/example_dags/example_complex.py
[2024-11-23T04:10:36.335+0000] {processor.py:914} INFO - Processing file /home/airflow/.local/lib/python3.12/site-packages/airflow/example_dags/example_complex.py for tasks to queue
[2024-11-23T04:10:36.337+0000] {logging_mixin.py:190} INFO - [2024-11-23T04:10:36.337+0000] {dagbag.py:588} INFO - Filling up the DagBag from /home/airflow/.local/lib/python3.12/site-packages/airflow/example_dags/example_complex.py
[2024-11-23T04:10:36.378+0000] {processor.py:925} INFO - DAG(s) 'example_complex' retrieved from /home/airflow/.local/lib/python3.12/site-packages/airflow/example_dags/example_complex.py
[2024-11-23T04:10:36.480+0000] {logging_mixin.py:190} INFO - [2024-11-23T04:10:36.480+0000] {dag.py:3239} INFO - Sync 1 DAGs
[2024-11-23T04:10:36.529+0000] {logging_mixin.py:190} INFO - [2024-11-23T04:10:36.529+0000] {dag.py:4180} INFO - Setting next_dagrun for example_complex to None, run_after=None
[2024-11-23T04:10:36.570+0000] {processor.py:208} INFO - Processing /home/airflow/.local/lib/python3.12/site-packages/airflow/example_dags/example_complex.py took 0.254 seconds
[2024-11-23T04:11:08.019+0000] {processor.py:186} INFO - Started process (PID=4988) to work on /home/airflow/.local/lib/python3.12/site-packages/airflow/example_dags/example_complex.py
[2024-11-23T04:11:08.020+0000] {processor.py:914} INFO - Processing file /home/airflow/.local/lib/python3.12/site-packages/airflow/example_dags/example_complex.py for tasks to queue
[2024-11-23T04:11:08.023+0000] {logging_mixin.py:190} INFO - [2024-11-23T04:11:08.022+0000] {dagbag.py:588} INFO - Filling up the DagBag from /home/airflow/.local/lib/python3.12/site-packages/airflow/example_dags/example_complex.py
[2024-11-23T04:11:08.055+0000] {processor.py:925} INFO - DAG(s) 'example_complex' retrieved from /home/airflow/.local/lib/python3.12/site-packages/airflow/example_dags/example_complex.py
[2024-11-23T04:11:08.154+0000] {logging_mixin.py:190} INFO - [2024-11-23T04:11:08.153+0000] {dag.py:3239} INFO - Sync 1 DAGs
[2024-11-23T04:11:08.202+0000] {logging_mixin.py:190} INFO - [2024-11-23T04:11:08.201+0000] {dag.py:4180} INFO - Setting next_dagrun for example_complex to None, run_after=None
[2024-11-23T04:11:08.278+0000] {processor.py:208} INFO - Processing /home/airflow/.local/lib/python3.12/site-packages/airflow/example_dags/example_complex.py took 0.269 seconds
