[2024-11-23T03:25:33.697+0000] {processor.py:186} INFO - Started process (PID=125) to work on /home/airflow/.local/lib/python3.12/site-packages/airflow/example_dags/example_task_group.py
[2024-11-23T03:25:33.699+0000] {processor.py:914} INFO - Processing file /home/airflow/.local/lib/python3.12/site-packages/airflow/example_dags/example_task_group.py for tasks to queue
[2024-11-23T03:25:33.713+0000] {logging_mixin.py:190} INFO - [2024-11-23T03:25:33.710+0000] {dagbag.py:588} INFO - Filling up the DagBag from /home/airflow/.local/lib/python3.12/site-packages/airflow/example_dags/example_task_group.py
[2024-11-23T03:25:33.754+0000] {processor.py:925} INFO - DAG(s) 'example_task_group' retrieved from /home/airflow/.local/lib/python3.12/site-packages/airflow/example_dags/example_task_group.py
[2024-11-23T03:25:34.379+0000] {logging_mixin.py:190} INFO - [2024-11-23T03:25:34.377+0000] {override.py:1911} INFO - Created Permission View: can edit on DAG:example_task_group
[2024-11-23T03:25:34.436+0000] {logging_mixin.py:190} INFO - [2024-11-23T03:25:34.435+0000] {override.py:1911} INFO - Created Permission View: can read on DAG:example_task_group
[2024-11-23T03:25:34.490+0000] {logging_mixin.py:190} INFO - [2024-11-23T03:25:34.487+0000] {override.py:1911} INFO - Created Permission View: can delete on DAG:example_task_group
[2024-11-23T03:25:34.524+0000] {logging_mixin.py:190} INFO - [2024-11-23T03:25:34.521+0000] {override.py:1911} INFO - Created Permission View: can create on DAG Run:example_task_group
[2024-11-23T03:25:34.563+0000] {logging_mixin.py:190} INFO - [2024-11-23T03:25:34.562+0000] {override.py:1911} INFO - Created Permission View: menu access on DAG Run:example_task_group
[2024-11-23T03:25:34.616+0000] {logging_mixin.py:190} INFO - [2024-11-23T03:25:34.615+0000] {override.py:1911} INFO - Created Permission View: can read on DAG Run:example_task_group
[2024-11-23T03:25:34.643+0000] {logging_mixin.py:190} INFO - [2024-11-23T03:25:34.642+0000] {override.py:1911} INFO - Created Permission View: can delete on DAG Run:example_task_group
[2024-11-23T03:25:34.646+0000] {logging_mixin.py:190} INFO - [2024-11-23T03:25:34.645+0000] {dag.py:3239} INFO - Sync 1 DAGs
[2024-11-23T03:25:34.718+0000] {logging_mixin.py:190} INFO - [2024-11-23T03:25:34.717+0000] {dag.py:3262} INFO - Creating ORM DAG for example_task_group
[2024-11-23T03:25:34.740+0000] {logging_mixin.py:190} INFO - [2024-11-23T03:25:34.740+0000] {dag.py:4180} INFO - Setting next_dagrun for example_task_group to None, run_after=None
[2024-11-23T03:25:34.928+0000] {processor.py:208} INFO - Processing /home/airflow/.local/lib/python3.12/site-packages/airflow/example_dags/example_task_group.py took 1.252 seconds
[2024-11-23T03:26:05.469+0000] {processor.py:186} INFO - Started process (PID=188) to work on /home/airflow/.local/lib/python3.12/site-packages/airflow/example_dags/example_task_group.py
[2024-11-23T03:26:05.472+0000] {processor.py:914} INFO - Processing file /home/airflow/.local/lib/python3.12/site-packages/airflow/example_dags/example_task_group.py for tasks to queue
[2024-11-23T03:26:05.481+0000] {logging_mixin.py:190} INFO - [2024-11-23T03:26:05.480+0000] {dagbag.py:588} INFO - Filling up the DagBag from /home/airflow/.local/lib/python3.12/site-packages/airflow/example_dags/example_task_group.py
[2024-11-23T03:26:05.504+0000] {processor.py:925} INFO - DAG(s) 'example_task_group' retrieved from /home/airflow/.local/lib/python3.12/site-packages/airflow/example_dags/example_task_group.py
[2024-11-23T03:26:05.544+0000] {logging_mixin.py:190} INFO - [2024-11-23T03:26:05.541+0000] {dag.py:3239} INFO - Sync 1 DAGs
[2024-11-23T03:26:05.572+0000] {logging_mixin.py:190} INFO - [2024-11-23T03:26:05.572+0000] {dag.py:4180} INFO - Setting next_dagrun for example_task_group to None, run_after=None
[2024-11-23T03:26:05.620+0000] {processor.py:208} INFO - Processing /home/airflow/.local/lib/python3.12/site-packages/airflow/example_dags/example_task_group.py took 0.167 seconds
[2024-11-23T03:26:36.027+0000] {processor.py:186} INFO - Started process (PID=259) to work on /home/airflow/.local/lib/python3.12/site-packages/airflow/example_dags/example_task_group.py
[2024-11-23T03:26:36.029+0000] {processor.py:914} INFO - Processing file /home/airflow/.local/lib/python3.12/site-packages/airflow/example_dags/example_task_group.py for tasks to queue
[2024-11-23T03:26:36.032+0000] {logging_mixin.py:190} INFO - [2024-11-23T03:26:36.032+0000] {dagbag.py:588} INFO - Filling up the DagBag from /home/airflow/.local/lib/python3.12/site-packages/airflow/example_dags/example_task_group.py
[2024-11-23T03:26:36.049+0000] {processor.py:925} INFO - DAG(s) 'example_task_group' retrieved from /home/airflow/.local/lib/python3.12/site-packages/airflow/example_dags/example_task_group.py
[2024-11-23T03:26:36.086+0000] {logging_mixin.py:190} INFO - [2024-11-23T03:26:36.086+0000] {dag.py:3239} INFO - Sync 1 DAGs
[2024-11-23T03:26:36.113+0000] {logging_mixin.py:190} INFO - [2024-11-23T03:26:36.113+0000] {dag.py:4180} INFO - Setting next_dagrun for example_task_group to None, run_after=None
[2024-11-23T03:26:36.149+0000] {processor.py:208} INFO - Processing /home/airflow/.local/lib/python3.12/site-packages/airflow/example_dags/example_task_group.py took 0.133 seconds
[2024-11-23T03:27:14.267+0000] {processor.py:186} INFO - Started process (PID=326) to work on /home/airflow/.local/lib/python3.12/site-packages/airflow/example_dags/example_task_group.py
[2024-11-23T03:27:14.270+0000] {processor.py:914} INFO - Processing file /home/airflow/.local/lib/python3.12/site-packages/airflow/example_dags/example_task_group.py for tasks to queue
[2024-11-23T03:27:14.281+0000] {logging_mixin.py:190} INFO - [2024-11-23T03:27:14.281+0000] {dagbag.py:588} INFO - Filling up the DagBag from /home/airflow/.local/lib/python3.12/site-packages/airflow/example_dags/example_task_group.py
[2024-11-23T03:27:14.311+0000] {processor.py:925} INFO - DAG(s) 'example_task_group' retrieved from /home/airflow/.local/lib/python3.12/site-packages/airflow/example_dags/example_task_group.py
[2024-11-23T03:27:14.385+0000] {logging_mixin.py:190} INFO - [2024-11-23T03:27:14.384+0000] {dag.py:3239} INFO - Sync 1 DAGs
[2024-11-23T03:27:14.446+0000] {logging_mixin.py:190} INFO - [2024-11-23T03:27:14.445+0000] {dag.py:4180} INFO - Setting next_dagrun for example_task_group to None, run_after=None
[2024-11-23T03:27:14.588+0000] {processor.py:208} INFO - Processing /home/airflow/.local/lib/python3.12/site-packages/airflow/example_dags/example_task_group.py took 0.351 seconds
[2024-11-23T03:27:56.547+0000] {processor.py:186} INFO - Started process (PID=389) to work on /home/airflow/.local/lib/python3.12/site-packages/airflow/example_dags/example_task_group.py
[2024-11-23T03:27:56.558+0000] {processor.py:914} INFO - Processing file /home/airflow/.local/lib/python3.12/site-packages/airflow/example_dags/example_task_group.py for tasks to queue
[2024-11-23T03:27:56.564+0000] {logging_mixin.py:190} INFO - [2024-11-23T03:27:56.563+0000] {dagbag.py:588} INFO - Filling up the DagBag from /home/airflow/.local/lib/python3.12/site-packages/airflow/example_dags/example_task_group.py
[2024-11-23T03:27:56.613+0000] {processor.py:925} INFO - DAG(s) 'example_task_group' retrieved from /home/airflow/.local/lib/python3.12/site-packages/airflow/example_dags/example_task_group.py
[2024-11-23T03:27:56.738+0000] {logging_mixin.py:190} INFO - [2024-11-23T03:27:56.737+0000] {dag.py:3239} INFO - Sync 1 DAGs
[2024-11-23T03:27:56.794+0000] {logging_mixin.py:190} INFO - [2024-11-23T03:27:56.790+0000] {dag.py:4180} INFO - Setting next_dagrun for example_task_group to None, run_after=None
[2024-11-23T03:27:56.890+0000] {processor.py:208} INFO - Processing /home/airflow/.local/lib/python3.12/site-packages/airflow/example_dags/example_task_group.py took 0.369 seconds
[2024-11-23T03:28:41.007+0000] {processor.py:186} INFO - Started process (PID=468) to work on /home/airflow/.local/lib/python3.12/site-packages/airflow/example_dags/example_task_group.py
[2024-11-23T03:28:41.014+0000] {processor.py:914} INFO - Processing file /home/airflow/.local/lib/python3.12/site-packages/airflow/example_dags/example_task_group.py for tasks to queue
[2024-11-23T03:28:41.022+0000] {logging_mixin.py:190} INFO - [2024-11-23T03:28:41.021+0000] {dagbag.py:588} INFO - Filling up the DagBag from /home/airflow/.local/lib/python3.12/site-packages/airflow/example_dags/example_task_group.py
[2024-11-23T03:28:41.062+0000] {processor.py:925} INFO - DAG(s) 'example_task_group' retrieved from /home/airflow/.local/lib/python3.12/site-packages/airflow/example_dags/example_task_group.py
[2024-11-23T03:28:41.141+0000] {logging_mixin.py:190} INFO - [2024-11-23T03:28:41.140+0000] {dag.py:3239} INFO - Sync 1 DAGs
[2024-11-23T03:28:41.234+0000] {logging_mixin.py:190} INFO - [2024-11-23T03:28:41.233+0000] {dag.py:4180} INFO - Setting next_dagrun for example_task_group to None, run_after=None
[2024-11-23T03:28:41.353+0000] {processor.py:208} INFO - Processing /home/airflow/.local/lib/python3.12/site-packages/airflow/example_dags/example_task_group.py took 0.385 seconds
[2024-11-23T03:29:11.954+0000] {processor.py:186} INFO - Started process (PID=531) to work on /home/airflow/.local/lib/python3.12/site-packages/airflow/example_dags/example_task_group.py
[2024-11-23T03:29:11.957+0000] {processor.py:914} INFO - Processing file /home/airflow/.local/lib/python3.12/site-packages/airflow/example_dags/example_task_group.py for tasks to queue
[2024-11-23T03:29:11.962+0000] {logging_mixin.py:190} INFO - [2024-11-23T03:29:11.962+0000] {dagbag.py:588} INFO - Filling up the DagBag from /home/airflow/.local/lib/python3.12/site-packages/airflow/example_dags/example_task_group.py
[2024-11-23T03:29:11.984+0000] {processor.py:925} INFO - DAG(s) 'example_task_group' retrieved from /home/airflow/.local/lib/python3.12/site-packages/airflow/example_dags/example_task_group.py
[2024-11-23T03:29:12.037+0000] {logging_mixin.py:190} INFO - [2024-11-23T03:29:12.036+0000] {dag.py:3239} INFO - Sync 1 DAGs
[2024-11-23T03:29:12.095+0000] {logging_mixin.py:190} INFO - [2024-11-23T03:29:12.094+0000] {dag.py:4180} INFO - Setting next_dagrun for example_task_group to None, run_after=None
[2024-11-23T03:29:12.162+0000] {processor.py:208} INFO - Processing /home/airflow/.local/lib/python3.12/site-packages/airflow/example_dags/example_task_group.py took 0.221 seconds
[2024-11-23T03:30:04.872+0000] {processor.py:186} INFO - Started process (PID=609) to work on /home/airflow/.local/lib/python3.12/site-packages/airflow/example_dags/example_task_group.py
[2024-11-23T03:30:04.874+0000] {processor.py:914} INFO - Processing file /home/airflow/.local/lib/python3.12/site-packages/airflow/example_dags/example_task_group.py for tasks to queue
[2024-11-23T03:30:04.883+0000] {logging_mixin.py:190} INFO - [2024-11-23T03:30:04.879+0000] {dagbag.py:588} INFO - Filling up the DagBag from /home/airflow/.local/lib/python3.12/site-packages/airflow/example_dags/example_task_group.py
[2024-11-23T03:30:04.929+0000] {processor.py:925} INFO - DAG(s) 'example_task_group' retrieved from /home/airflow/.local/lib/python3.12/site-packages/airflow/example_dags/example_task_group.py
[2024-11-23T03:30:04.988+0000] {logging_mixin.py:190} INFO - [2024-11-23T03:30:04.988+0000] {dag.py:3239} INFO - Sync 1 DAGs
[2024-11-23T03:30:05.036+0000] {logging_mixin.py:190} INFO - [2024-11-23T03:30:05.036+0000] {dag.py:4180} INFO - Setting next_dagrun for example_task_group to None, run_after=None
[2024-11-23T03:30:05.100+0000] {processor.py:208} INFO - Processing /home/airflow/.local/lib/python3.12/site-packages/airflow/example_dags/example_task_group.py took 0.246 seconds
[2024-11-23T03:30:42.554+0000] {processor.py:186} INFO - Started process (PID=679) to work on /home/airflow/.local/lib/python3.12/site-packages/airflow/example_dags/example_task_group.py
[2024-11-23T03:30:42.570+0000] {processor.py:914} INFO - Processing file /home/airflow/.local/lib/python3.12/site-packages/airflow/example_dags/example_task_group.py for tasks to queue
[2024-11-23T03:30:42.584+0000] {logging_mixin.py:190} INFO - [2024-11-23T03:30:42.584+0000] {dagbag.py:588} INFO - Filling up the DagBag from /home/airflow/.local/lib/python3.12/site-packages/airflow/example_dags/example_task_group.py
[2024-11-23T03:30:42.640+0000] {processor.py:925} INFO - DAG(s) 'example_task_group' retrieved from /home/airflow/.local/lib/python3.12/site-packages/airflow/example_dags/example_task_group.py
[2024-11-23T03:30:42.779+0000] {logging_mixin.py:190} INFO - [2024-11-23T03:30:42.779+0000] {dag.py:3239} INFO - Sync 1 DAGs
[2024-11-23T03:30:42.864+0000] {logging_mixin.py:190} INFO - [2024-11-23T03:30:42.863+0000] {dag.py:4180} INFO - Setting next_dagrun for example_task_group to None, run_after=None
[2024-11-23T03:30:43.012+0000] {processor.py:208} INFO - Processing /home/airflow/.local/lib/python3.12/site-packages/airflow/example_dags/example_task_group.py took 0.493 seconds
[2024-11-23T03:31:13.650+0000] {processor.py:186} INFO - Started process (PID=741) to work on /home/airflow/.local/lib/python3.12/site-packages/airflow/example_dags/example_task_group.py
[2024-11-23T03:31:13.655+0000] {processor.py:914} INFO - Processing file /home/airflow/.local/lib/python3.12/site-packages/airflow/example_dags/example_task_group.py for tasks to queue
[2024-11-23T03:31:13.659+0000] {logging_mixin.py:190} INFO - [2024-11-23T03:31:13.658+0000] {dagbag.py:588} INFO - Filling up the DagBag from /home/airflow/.local/lib/python3.12/site-packages/airflow/example_dags/example_task_group.py
[2024-11-23T03:31:13.681+0000] {processor.py:925} INFO - DAG(s) 'example_task_group' retrieved from /home/airflow/.local/lib/python3.12/site-packages/airflow/example_dags/example_task_group.py
[2024-11-23T03:31:13.734+0000] {logging_mixin.py:190} INFO - [2024-11-23T03:31:13.733+0000] {dag.py:3239} INFO - Sync 1 DAGs
[2024-11-23T03:31:13.779+0000] {logging_mixin.py:190} INFO - [2024-11-23T03:31:13.776+0000] {dag.py:4180} INFO - Setting next_dagrun for example_task_group to None, run_after=None
[2024-11-23T03:31:13.849+0000] {processor.py:208} INFO - Processing /home/airflow/.local/lib/python3.12/site-packages/airflow/example_dags/example_task_group.py took 0.227 seconds
[2024-11-23T03:31:53.446+0000] {processor.py:186} INFO - Started process (PID=806) to work on /home/airflow/.local/lib/python3.12/site-packages/airflow/example_dags/example_task_group.py
[2024-11-23T03:31:53.466+0000] {processor.py:914} INFO - Processing file /home/airflow/.local/lib/python3.12/site-packages/airflow/example_dags/example_task_group.py for tasks to queue
[2024-11-23T03:31:53.507+0000] {logging_mixin.py:190} INFO - [2024-11-23T03:31:53.506+0000] {dagbag.py:588} INFO - Filling up the DagBag from /home/airflow/.local/lib/python3.12/site-packages/airflow/example_dags/example_task_group.py
[2024-11-23T03:31:53.600+0000] {processor.py:925} INFO - DAG(s) 'example_task_group' retrieved from /home/airflow/.local/lib/python3.12/site-packages/airflow/example_dags/example_task_group.py
[2024-11-23T03:31:53.814+0000] {logging_mixin.py:190} INFO - [2024-11-23T03:31:53.813+0000] {dag.py:3239} INFO - Sync 1 DAGs
[2024-11-23T03:31:54.216+0000] {logging_mixin.py:190} INFO - [2024-11-23T03:31:54.215+0000] {dag.py:4180} INFO - Setting next_dagrun for example_task_group to None, run_after=None
[2024-11-23T03:31:54.497+0000] {processor.py:208} INFO - Processing /home/airflow/.local/lib/python3.12/site-packages/airflow/example_dags/example_task_group.py took 1.140 seconds
[2024-11-23T03:32:59.817+0000] {processor.py:186} INFO - Started process (PID=870) to work on /home/airflow/.local/lib/python3.12/site-packages/airflow/example_dags/example_task_group.py
[2024-11-23T03:32:59.819+0000] {processor.py:914} INFO - Processing file /home/airflow/.local/lib/python3.12/site-packages/airflow/example_dags/example_task_group.py for tasks to queue
[2024-11-23T03:32:59.827+0000] {logging_mixin.py:190} INFO - [2024-11-23T03:32:59.826+0000] {dagbag.py:588} INFO - Filling up the DagBag from /home/airflow/.local/lib/python3.12/site-packages/airflow/example_dags/example_task_group.py
[2024-11-23T03:32:59.856+0000] {processor.py:925} INFO - DAG(s) 'example_task_group' retrieved from /home/airflow/.local/lib/python3.12/site-packages/airflow/example_dags/example_task_group.py
[2024-11-23T03:32:59.957+0000] {logging_mixin.py:190} INFO - [2024-11-23T03:32:59.953+0000] {dag.py:3239} INFO - Sync 1 DAGs
[2024-11-23T03:33:00.101+0000] {logging_mixin.py:190} INFO - [2024-11-23T03:33:00.100+0000] {dag.py:4180} INFO - Setting next_dagrun for example_task_group to None, run_after=None
[2024-11-23T03:33:00.235+0000] {processor.py:208} INFO - Processing /home/airflow/.local/lib/python3.12/site-packages/airflow/example_dags/example_task_group.py took 0.438 seconds
[2024-11-23T03:33:30.591+0000] {processor.py:186} INFO - Started process (PID=932) to work on /home/airflow/.local/lib/python3.12/site-packages/airflow/example_dags/example_task_group.py
[2024-11-23T03:33:30.593+0000] {processor.py:914} INFO - Processing file /home/airflow/.local/lib/python3.12/site-packages/airflow/example_dags/example_task_group.py for tasks to queue
[2024-11-23T03:33:30.598+0000] {logging_mixin.py:190} INFO - [2024-11-23T03:33:30.597+0000] {dagbag.py:588} INFO - Filling up the DagBag from /home/airflow/.local/lib/python3.12/site-packages/airflow/example_dags/example_task_group.py
[2024-11-23T03:33:30.648+0000] {processor.py:925} INFO - DAG(s) 'example_task_group' retrieved from /home/airflow/.local/lib/python3.12/site-packages/airflow/example_dags/example_task_group.py
[2024-11-23T03:33:30.700+0000] {logging_mixin.py:190} INFO - [2024-11-23T03:33:30.700+0000] {dag.py:3239} INFO - Sync 1 DAGs
[2024-11-23T03:33:30.752+0000] {logging_mixin.py:190} INFO - [2024-11-23T03:33:30.752+0000] {dag.py:4180} INFO - Setting next_dagrun for example_task_group to None, run_after=None
[2024-11-23T03:33:30.933+0000] {processor.py:208} INFO - Processing /home/airflow/.local/lib/python3.12/site-packages/airflow/example_dags/example_task_group.py took 0.362 seconds
[2024-11-23T03:34:03.402+0000] {processor.py:186} INFO - Started process (PID=994) to work on /home/airflow/.local/lib/python3.12/site-packages/airflow/example_dags/example_task_group.py
[2024-11-23T03:34:03.405+0000] {processor.py:914} INFO - Processing file /home/airflow/.local/lib/python3.12/site-packages/airflow/example_dags/example_task_group.py for tasks to queue
[2024-11-23T03:34:03.410+0000] {logging_mixin.py:190} INFO - [2024-11-23T03:34:03.408+0000] {dagbag.py:588} INFO - Filling up the DagBag from /home/airflow/.local/lib/python3.12/site-packages/airflow/example_dags/example_task_group.py
[2024-11-23T03:34:03.431+0000] {processor.py:925} INFO - DAG(s) 'example_task_group' retrieved from /home/airflow/.local/lib/python3.12/site-packages/airflow/example_dags/example_task_group.py
[2024-11-23T03:34:03.479+0000] {logging_mixin.py:190} INFO - [2024-11-23T03:34:03.479+0000] {dag.py:3239} INFO - Sync 1 DAGs
[2024-11-23T03:34:03.532+0000] {logging_mixin.py:190} INFO - [2024-11-23T03:34:03.531+0000] {dag.py:4180} INFO - Setting next_dagrun for example_task_group to None, run_after=None
[2024-11-23T03:34:03.588+0000] {processor.py:208} INFO - Processing /home/airflow/.local/lib/python3.12/site-packages/airflow/example_dags/example_task_group.py took 0.198 seconds
[2024-11-23T03:34:41.912+0000] {processor.py:186} INFO - Started process (PID=1057) to work on /home/airflow/.local/lib/python3.12/site-packages/airflow/example_dags/example_task_group.py
[2024-11-23T03:34:41.917+0000] {processor.py:914} INFO - Processing file /home/airflow/.local/lib/python3.12/site-packages/airflow/example_dags/example_task_group.py for tasks to queue
[2024-11-23T03:34:41.937+0000] {logging_mixin.py:190} INFO - [2024-11-23T03:34:41.936+0000] {dagbag.py:588} INFO - Filling up the DagBag from /home/airflow/.local/lib/python3.12/site-packages/airflow/example_dags/example_task_group.py
[2024-11-23T03:34:41.989+0000] {processor.py:925} INFO - DAG(s) 'example_task_group' retrieved from /home/airflow/.local/lib/python3.12/site-packages/airflow/example_dags/example_task_group.py
[2024-11-23T03:34:42.060+0000] {logging_mixin.py:190} INFO - [2024-11-23T03:34:42.059+0000] {dag.py:3239} INFO - Sync 1 DAGs
[2024-11-23T03:34:42.094+0000] {logging_mixin.py:190} INFO - [2024-11-23T03:34:42.093+0000] {dag.py:4180} INFO - Setting next_dagrun for example_task_group to None, run_after=None
[2024-11-23T03:34:42.155+0000] {processor.py:208} INFO - Processing /home/airflow/.local/lib/python3.12/site-packages/airflow/example_dags/example_task_group.py took 0.284 seconds
[2024-11-23T03:35:19.021+0000] {processor.py:186} INFO - Started process (PID=1127) to work on /home/airflow/.local/lib/python3.12/site-packages/airflow/example_dags/example_task_group.py
[2024-11-23T03:35:19.023+0000] {processor.py:914} INFO - Processing file /home/airflow/.local/lib/python3.12/site-packages/airflow/example_dags/example_task_group.py for tasks to queue
[2024-11-23T03:35:19.032+0000] {logging_mixin.py:190} INFO - [2024-11-23T03:35:19.028+0000] {dagbag.py:588} INFO - Filling up the DagBag from /home/airflow/.local/lib/python3.12/site-packages/airflow/example_dags/example_task_group.py
[2024-11-23T03:35:19.081+0000] {processor.py:925} INFO - DAG(s) 'example_task_group' retrieved from /home/airflow/.local/lib/python3.12/site-packages/airflow/example_dags/example_task_group.py
[2024-11-23T03:35:19.179+0000] {logging_mixin.py:190} INFO - [2024-11-23T03:35:19.179+0000] {dag.py:3239} INFO - Sync 1 DAGs
[2024-11-23T03:35:19.223+0000] {logging_mixin.py:190} INFO - [2024-11-23T03:35:19.223+0000] {dag.py:4180} INFO - Setting next_dagrun for example_task_group to None, run_after=None
[2024-11-23T03:35:19.299+0000] {processor.py:208} INFO - Processing /home/airflow/.local/lib/python3.12/site-packages/airflow/example_dags/example_task_group.py took 0.291 seconds
[2024-11-23T03:35:50.287+0000] {processor.py:186} INFO - Started process (PID=1190) to work on /home/airflow/.local/lib/python3.12/site-packages/airflow/example_dags/example_task_group.py
[2024-11-23T03:35:50.297+0000] {processor.py:914} INFO - Processing file /home/airflow/.local/lib/python3.12/site-packages/airflow/example_dags/example_task_group.py for tasks to queue
[2024-11-23T03:35:50.304+0000] {logging_mixin.py:190} INFO - [2024-11-23T03:35:50.303+0000] {dagbag.py:588} INFO - Filling up the DagBag from /home/airflow/.local/lib/python3.12/site-packages/airflow/example_dags/example_task_group.py
[2024-11-23T03:35:50.368+0000] {processor.py:925} INFO - DAG(s) 'example_task_group' retrieved from /home/airflow/.local/lib/python3.12/site-packages/airflow/example_dags/example_task_group.py
[2024-11-23T03:35:50.434+0000] {logging_mixin.py:190} INFO - [2024-11-23T03:35:50.434+0000] {dag.py:3239} INFO - Sync 1 DAGs
[2024-11-23T03:35:50.473+0000] {logging_mixin.py:190} INFO - [2024-11-23T03:35:50.472+0000] {dag.py:4180} INFO - Setting next_dagrun for example_task_group to None, run_after=None
[2024-11-23T03:35:50.531+0000] {processor.py:208} INFO - Processing /home/airflow/.local/lib/python3.12/site-packages/airflow/example_dags/example_task_group.py took 0.268 seconds
[2024-11-23T03:36:22.501+0000] {processor.py:186} INFO - Started process (PID=1253) to work on /home/airflow/.local/lib/python3.12/site-packages/airflow/example_dags/example_task_group.py
[2024-11-23T03:36:22.503+0000] {processor.py:914} INFO - Processing file /home/airflow/.local/lib/python3.12/site-packages/airflow/example_dags/example_task_group.py for tasks to queue
[2024-11-23T03:36:22.509+0000] {logging_mixin.py:190} INFO - [2024-11-23T03:36:22.508+0000] {dagbag.py:588} INFO - Filling up the DagBag from /home/airflow/.local/lib/python3.12/site-packages/airflow/example_dags/example_task_group.py
[2024-11-23T03:36:22.533+0000] {processor.py:925} INFO - DAG(s) 'example_task_group' retrieved from /home/airflow/.local/lib/python3.12/site-packages/airflow/example_dags/example_task_group.py
[2024-11-23T03:36:22.600+0000] {logging_mixin.py:190} INFO - [2024-11-23T03:36:22.600+0000] {dag.py:3239} INFO - Sync 1 DAGs
[2024-11-23T03:36:22.658+0000] {logging_mixin.py:190} INFO - [2024-11-23T03:36:22.657+0000] {dag.py:4180} INFO - Setting next_dagrun for example_task_group to None, run_after=None
[2024-11-23T03:36:22.824+0000] {processor.py:208} INFO - Processing /home/airflow/.local/lib/python3.12/site-packages/airflow/example_dags/example_task_group.py took 0.334 seconds
[2024-11-23T03:36:54.473+0000] {processor.py:186} INFO - Started process (PID=1315) to work on /home/airflow/.local/lib/python3.12/site-packages/airflow/example_dags/example_task_group.py
[2024-11-23T03:36:54.476+0000] {processor.py:914} INFO - Processing file /home/airflow/.local/lib/python3.12/site-packages/airflow/example_dags/example_task_group.py for tasks to queue
[2024-11-23T03:36:54.479+0000] {logging_mixin.py:190} INFO - [2024-11-23T03:36:54.479+0000] {dagbag.py:588} INFO - Filling up the DagBag from /home/airflow/.local/lib/python3.12/site-packages/airflow/example_dags/example_task_group.py
[2024-11-23T03:36:54.495+0000] {processor.py:925} INFO - DAG(s) 'example_task_group' retrieved from /home/airflow/.local/lib/python3.12/site-packages/airflow/example_dags/example_task_group.py
[2024-11-23T03:36:54.532+0000] {logging_mixin.py:190} INFO - [2024-11-23T03:36:54.531+0000] {dag.py:3239} INFO - Sync 1 DAGs
[2024-11-23T03:36:54.557+0000] {logging_mixin.py:190} INFO - [2024-11-23T03:36:54.557+0000] {dag.py:4180} INFO - Setting next_dagrun for example_task_group to None, run_after=None
[2024-11-23T03:36:54.591+0000] {processor.py:208} INFO - Processing /home/airflow/.local/lib/python3.12/site-packages/airflow/example_dags/example_task_group.py took 0.129 seconds
[2024-11-23T03:37:32.330+0000] {processor.py:186} INFO - Started process (PID=1380) to work on /home/airflow/.local/lib/python3.12/site-packages/airflow/example_dags/example_task_group.py
[2024-11-23T03:37:32.332+0000] {processor.py:914} INFO - Processing file /home/airflow/.local/lib/python3.12/site-packages/airflow/example_dags/example_task_group.py for tasks to queue
[2024-11-23T03:37:32.337+0000] {logging_mixin.py:190} INFO - [2024-11-23T03:37:32.337+0000] {dagbag.py:588} INFO - Filling up the DagBag from /home/airflow/.local/lib/python3.12/site-packages/airflow/example_dags/example_task_group.py
[2024-11-23T03:37:32.353+0000] {processor.py:925} INFO - DAG(s) 'example_task_group' retrieved from /home/airflow/.local/lib/python3.12/site-packages/airflow/example_dags/example_task_group.py
[2024-11-23T03:37:32.395+0000] {logging_mixin.py:190} INFO - [2024-11-23T03:37:32.395+0000] {dag.py:3239} INFO - Sync 1 DAGs
[2024-11-23T03:37:32.424+0000] {logging_mixin.py:190} INFO - [2024-11-23T03:37:32.423+0000] {dag.py:4180} INFO - Setting next_dagrun for example_task_group to None, run_after=None
[2024-11-23T03:37:32.472+0000] {processor.py:208} INFO - Processing /home/airflow/.local/lib/python3.12/site-packages/airflow/example_dags/example_task_group.py took 0.154 seconds
[2024-11-23T03:38:02.934+0000] {processor.py:186} INFO - Started process (PID=1442) to work on /home/airflow/.local/lib/python3.12/site-packages/airflow/example_dags/example_task_group.py
[2024-11-23T03:38:02.936+0000] {processor.py:914} INFO - Processing file /home/airflow/.local/lib/python3.12/site-packages/airflow/example_dags/example_task_group.py for tasks to queue
[2024-11-23T03:38:02.941+0000] {logging_mixin.py:190} INFO - [2024-11-23T03:38:02.941+0000] {dagbag.py:588} INFO - Filling up the DagBag from /home/airflow/.local/lib/python3.12/site-packages/airflow/example_dags/example_task_group.py
[2024-11-23T03:38:02.958+0000] {processor.py:925} INFO - DAG(s) 'example_task_group' retrieved from /home/airflow/.local/lib/python3.12/site-packages/airflow/example_dags/example_task_group.py
[2024-11-23T03:38:02.998+0000] {logging_mixin.py:190} INFO - [2024-11-23T03:38:02.997+0000] {dag.py:3239} INFO - Sync 1 DAGs
[2024-11-23T03:38:03.027+0000] {logging_mixin.py:190} INFO - [2024-11-23T03:38:03.027+0000] {dag.py:4180} INFO - Setting next_dagrun for example_task_group to None, run_after=None
[2024-11-23T03:38:03.066+0000] {processor.py:208} INFO - Processing /home/airflow/.local/lib/python3.12/site-packages/airflow/example_dags/example_task_group.py took 0.142 seconds
[2024-11-23T03:38:42.003+0000] {processor.py:186} INFO - Started process (PID=1516) to work on /home/airflow/.local/lib/python3.12/site-packages/airflow/example_dags/example_task_group.py
[2024-11-23T03:38:42.005+0000] {processor.py:914} INFO - Processing file /home/airflow/.local/lib/python3.12/site-packages/airflow/example_dags/example_task_group.py for tasks to queue
[2024-11-23T03:38:42.012+0000] {logging_mixin.py:190} INFO - [2024-11-23T03:38:42.011+0000] {dagbag.py:588} INFO - Filling up the DagBag from /home/airflow/.local/lib/python3.12/site-packages/airflow/example_dags/example_task_group.py
[2024-11-23T03:38:42.033+0000] {processor.py:925} INFO - DAG(s) 'example_task_group' retrieved from /home/airflow/.local/lib/python3.12/site-packages/airflow/example_dags/example_task_group.py
[2024-11-23T03:38:42.113+0000] {logging_mixin.py:190} INFO - [2024-11-23T03:38:42.112+0000] {dag.py:3239} INFO - Sync 1 DAGs
[2024-11-23T03:38:42.155+0000] {logging_mixin.py:190} INFO - [2024-11-23T03:38:42.155+0000] {dag.py:4180} INFO - Setting next_dagrun for example_task_group to None, run_after=None
[2024-11-23T03:38:42.209+0000] {processor.py:208} INFO - Processing /home/airflow/.local/lib/python3.12/site-packages/airflow/example_dags/example_task_group.py took 0.230 seconds
[2024-11-23T03:39:14.886+0000] {processor.py:186} INFO - Started process (PID=1579) to work on /home/airflow/.local/lib/python3.12/site-packages/airflow/example_dags/example_task_group.py
[2024-11-23T03:39:14.888+0000] {processor.py:914} INFO - Processing file /home/airflow/.local/lib/python3.12/site-packages/airflow/example_dags/example_task_group.py for tasks to queue
[2024-11-23T03:39:14.902+0000] {logging_mixin.py:190} INFO - [2024-11-23T03:39:14.901+0000] {dagbag.py:588} INFO - Filling up the DagBag from /home/airflow/.local/lib/python3.12/site-packages/airflow/example_dags/example_task_group.py
[2024-11-23T03:39:14.930+0000] {processor.py:925} INFO - DAG(s) 'example_task_group' retrieved from /home/airflow/.local/lib/python3.12/site-packages/airflow/example_dags/example_task_group.py
[2024-11-23T03:39:15.017+0000] {logging_mixin.py:190} INFO - [2024-11-23T03:39:15.017+0000] {dag.py:3239} INFO - Sync 1 DAGs
[2024-11-23T03:39:15.074+0000] {logging_mixin.py:190} INFO - [2024-11-23T03:39:15.073+0000] {dag.py:4180} INFO - Setting next_dagrun for example_task_group to None, run_after=None
[2024-11-23T03:39:15.188+0000] {processor.py:208} INFO - Processing /home/airflow/.local/lib/python3.12/site-packages/airflow/example_dags/example_task_group.py took 0.319 seconds
[2024-11-23T03:39:45.383+0000] {processor.py:186} INFO - Started process (PID=1642) to work on /home/airflow/.local/lib/python3.12/site-packages/airflow/example_dags/example_task_group.py
[2024-11-23T03:39:45.385+0000] {processor.py:914} INFO - Processing file /home/airflow/.local/lib/python3.12/site-packages/airflow/example_dags/example_task_group.py for tasks to queue
[2024-11-23T03:39:45.389+0000] {logging_mixin.py:190} INFO - [2024-11-23T03:39:45.389+0000] {dagbag.py:588} INFO - Filling up the DagBag from /home/airflow/.local/lib/python3.12/site-packages/airflow/example_dags/example_task_group.py
[2024-11-23T03:39:45.409+0000] {processor.py:925} INFO - DAG(s) 'example_task_group' retrieved from /home/airflow/.local/lib/python3.12/site-packages/airflow/example_dags/example_task_group.py
[2024-11-23T03:39:45.453+0000] {logging_mixin.py:190} INFO - [2024-11-23T03:39:45.452+0000] {dag.py:3239} INFO - Sync 1 DAGs
[2024-11-23T03:39:45.494+0000] {logging_mixin.py:190} INFO - [2024-11-23T03:39:45.493+0000] {dag.py:4180} INFO - Setting next_dagrun for example_task_group to None, run_after=None
[2024-11-23T03:39:45.543+0000] {processor.py:208} INFO - Processing /home/airflow/.local/lib/python3.12/site-packages/airflow/example_dags/example_task_group.py took 0.174 seconds
[2024-11-23T03:40:18.058+0000] {processor.py:186} INFO - Started process (PID=1705) to work on /home/airflow/.local/lib/python3.12/site-packages/airflow/example_dags/example_task_group.py
[2024-11-23T03:40:18.060+0000] {processor.py:914} INFO - Processing file /home/airflow/.local/lib/python3.12/site-packages/airflow/example_dags/example_task_group.py for tasks to queue
[2024-11-23T03:40:18.065+0000] {logging_mixin.py:190} INFO - [2024-11-23T03:40:18.064+0000] {dagbag.py:588} INFO - Filling up the DagBag from /home/airflow/.local/lib/python3.12/site-packages/airflow/example_dags/example_task_group.py
[2024-11-23T03:40:18.098+0000] {processor.py:925} INFO - DAG(s) 'example_task_group' retrieved from /home/airflow/.local/lib/python3.12/site-packages/airflow/example_dags/example_task_group.py
[2024-11-23T03:40:18.168+0000] {logging_mixin.py:190} INFO - [2024-11-23T03:40:18.168+0000] {dag.py:3239} INFO - Sync 1 DAGs
[2024-11-23T03:40:18.218+0000] {logging_mixin.py:190} INFO - [2024-11-23T03:40:18.217+0000] {dag.py:4180} INFO - Setting next_dagrun for example_task_group to None, run_after=None
[2024-11-23T03:40:18.283+0000] {processor.py:208} INFO - Processing /home/airflow/.local/lib/python3.12/site-packages/airflow/example_dags/example_task_group.py took 0.237 seconds
[2024-11-23T03:40:55.480+0000] {processor.py:186} INFO - Started process (PID=1770) to work on /home/airflow/.local/lib/python3.12/site-packages/airflow/example_dags/example_task_group.py
[2024-11-23T03:40:55.482+0000] {processor.py:914} INFO - Processing file /home/airflow/.local/lib/python3.12/site-packages/airflow/example_dags/example_task_group.py for tasks to queue
[2024-11-23T03:40:55.486+0000] {logging_mixin.py:190} INFO - [2024-11-23T03:40:55.485+0000] {dagbag.py:588} INFO - Filling up the DagBag from /home/airflow/.local/lib/python3.12/site-packages/airflow/example_dags/example_task_group.py
[2024-11-23T03:40:55.515+0000] {processor.py:925} INFO - DAG(s) 'example_task_group' retrieved from /home/airflow/.local/lib/python3.12/site-packages/airflow/example_dags/example_task_group.py
[2024-11-23T03:40:55.568+0000] {logging_mixin.py:190} INFO - [2024-11-23T03:40:55.568+0000] {dag.py:3239} INFO - Sync 1 DAGs
[2024-11-23T03:40:55.607+0000] {logging_mixin.py:190} INFO - [2024-11-23T03:40:55.607+0000] {dag.py:4180} INFO - Setting next_dagrun for example_task_group to None, run_after=None
[2024-11-23T03:40:55.662+0000] {processor.py:208} INFO - Processing /home/airflow/.local/lib/python3.12/site-packages/airflow/example_dags/example_task_group.py took 0.198 seconds
[2024-11-23T03:41:28.646+0000] {processor.py:186} INFO - Started process (PID=1834) to work on /home/airflow/.local/lib/python3.12/site-packages/airflow/example_dags/example_task_group.py
[2024-11-23T03:41:28.657+0000] {processor.py:914} INFO - Processing file /home/airflow/.local/lib/python3.12/site-packages/airflow/example_dags/example_task_group.py for tasks to queue
[2024-11-23T03:41:28.672+0000] {logging_mixin.py:190} INFO - [2024-11-23T03:41:28.671+0000] {dagbag.py:588} INFO - Filling up the DagBag from /home/airflow/.local/lib/python3.12/site-packages/airflow/example_dags/example_task_group.py
[2024-11-23T03:41:28.691+0000] {processor.py:925} INFO - DAG(s) 'example_task_group' retrieved from /home/airflow/.local/lib/python3.12/site-packages/airflow/example_dags/example_task_group.py
[2024-11-23T03:41:28.729+0000] {logging_mixin.py:190} INFO - [2024-11-23T03:41:28.729+0000] {dag.py:3239} INFO - Sync 1 DAGs
[2024-11-23T03:41:28.756+0000] {logging_mixin.py:190} INFO - [2024-11-23T03:41:28.756+0000] {dag.py:4180} INFO - Setting next_dagrun for example_task_group to None, run_after=None
[2024-11-23T03:41:28.802+0000] {processor.py:208} INFO - Processing /home/airflow/.local/lib/python3.12/site-packages/airflow/example_dags/example_task_group.py took 0.175 seconds
[2024-11-23T03:42:02.830+0000] {processor.py:186} INFO - Started process (PID=1898) to work on /home/airflow/.local/lib/python3.12/site-packages/airflow/example_dags/example_task_group.py
[2024-11-23T03:42:02.832+0000] {processor.py:914} INFO - Processing file /home/airflow/.local/lib/python3.12/site-packages/airflow/example_dags/example_task_group.py for tasks to queue
[2024-11-23T03:42:02.837+0000] {logging_mixin.py:190} INFO - [2024-11-23T03:42:02.836+0000] {dagbag.py:588} INFO - Filling up the DagBag from /home/airflow/.local/lib/python3.12/site-packages/airflow/example_dags/example_task_group.py
[2024-11-23T03:42:02.856+0000] {processor.py:925} INFO - DAG(s) 'example_task_group' retrieved from /home/airflow/.local/lib/python3.12/site-packages/airflow/example_dags/example_task_group.py
[2024-11-23T03:42:02.931+0000] {logging_mixin.py:190} INFO - [2024-11-23T03:42:02.930+0000] {dag.py:3239} INFO - Sync 1 DAGs
[2024-11-23T03:42:02.986+0000] {logging_mixin.py:190} INFO - [2024-11-23T03:42:02.985+0000] {dag.py:4180} INFO - Setting next_dagrun for example_task_group to None, run_after=None
[2024-11-23T03:42:03.068+0000] {processor.py:208} INFO - Processing /home/airflow/.local/lib/python3.12/site-packages/airflow/example_dags/example_task_group.py took 0.252 seconds
[2024-11-23T03:42:36.044+0000] {processor.py:186} INFO - Started process (PID=1962) to work on /home/airflow/.local/lib/python3.12/site-packages/airflow/example_dags/example_task_group.py
[2024-11-23T03:42:36.046+0000] {processor.py:914} INFO - Processing file /home/airflow/.local/lib/python3.12/site-packages/airflow/example_dags/example_task_group.py for tasks to queue
[2024-11-23T03:42:36.053+0000] {logging_mixin.py:190} INFO - [2024-11-23T03:42:36.052+0000] {dagbag.py:588} INFO - Filling up the DagBag from /home/airflow/.local/lib/python3.12/site-packages/airflow/example_dags/example_task_group.py
[2024-11-23T03:42:36.076+0000] {processor.py:925} INFO - DAG(s) 'example_task_group' retrieved from /home/airflow/.local/lib/python3.12/site-packages/airflow/example_dags/example_task_group.py
[2024-11-23T03:42:36.141+0000] {logging_mixin.py:190} INFO - [2024-11-23T03:42:36.141+0000] {dag.py:3239} INFO - Sync 1 DAGs
[2024-11-23T03:42:36.184+0000] {logging_mixin.py:190} INFO - [2024-11-23T03:42:36.184+0000] {dag.py:4180} INFO - Setting next_dagrun for example_task_group to None, run_after=None
[2024-11-23T03:42:36.238+0000] {processor.py:208} INFO - Processing /home/airflow/.local/lib/python3.12/site-packages/airflow/example_dags/example_task_group.py took 0.209 seconds
[2024-11-23T03:43:07.074+0000] {processor.py:186} INFO - Started process (PID=2026) to work on /home/airflow/.local/lib/python3.12/site-packages/airflow/example_dags/example_task_group.py
[2024-11-23T03:43:07.076+0000] {processor.py:914} INFO - Processing file /home/airflow/.local/lib/python3.12/site-packages/airflow/example_dags/example_task_group.py for tasks to queue
[2024-11-23T03:43:07.081+0000] {logging_mixin.py:190} INFO - [2024-11-23T03:43:07.080+0000] {dagbag.py:588} INFO - Filling up the DagBag from /home/airflow/.local/lib/python3.12/site-packages/airflow/example_dags/example_task_group.py
[2024-11-23T03:43:07.133+0000] {processor.py:925} INFO - DAG(s) 'example_task_group' retrieved from /home/airflow/.local/lib/python3.12/site-packages/airflow/example_dags/example_task_group.py
[2024-11-23T03:43:07.201+0000] {logging_mixin.py:190} INFO - [2024-11-23T03:43:07.200+0000] {dag.py:3239} INFO - Sync 1 DAGs
[2024-11-23T03:43:07.302+0000] {logging_mixin.py:190} INFO - [2024-11-23T03:43:07.302+0000] {dag.py:4180} INFO - Setting next_dagrun for example_task_group to None, run_after=None
[2024-11-23T03:43:07.366+0000] {processor.py:208} INFO - Processing /home/airflow/.local/lib/python3.12/site-packages/airflow/example_dags/example_task_group.py took 0.309 seconds
[2024-11-23T03:43:39.441+0000] {processor.py:186} INFO - Started process (PID=2090) to work on /home/airflow/.local/lib/python3.12/site-packages/airflow/example_dags/example_task_group.py
[2024-11-23T03:43:39.446+0000] {processor.py:914} INFO - Processing file /home/airflow/.local/lib/python3.12/site-packages/airflow/example_dags/example_task_group.py for tasks to queue
[2024-11-23T03:43:39.453+0000] {logging_mixin.py:190} INFO - [2024-11-23T03:43:39.452+0000] {dagbag.py:588} INFO - Filling up the DagBag from /home/airflow/.local/lib/python3.12/site-packages/airflow/example_dags/example_task_group.py
[2024-11-23T03:43:39.482+0000] {processor.py:925} INFO - DAG(s) 'example_task_group' retrieved from /home/airflow/.local/lib/python3.12/site-packages/airflow/example_dags/example_task_group.py
[2024-11-23T03:43:39.543+0000] {logging_mixin.py:190} INFO - [2024-11-23T03:43:39.543+0000] {dag.py:3239} INFO - Sync 1 DAGs
[2024-11-23T03:43:39.584+0000] {logging_mixin.py:190} INFO - [2024-11-23T03:43:39.583+0000] {dag.py:4180} INFO - Setting next_dagrun for example_task_group to None, run_after=None
[2024-11-23T03:43:39.627+0000] {processor.py:208} INFO - Processing /home/airflow/.local/lib/python3.12/site-packages/airflow/example_dags/example_task_group.py took 0.201 seconds
[2024-11-23T03:44:23.930+0000] {processor.py:186} INFO - Started process (PID=2163) to work on /home/airflow/.local/lib/python3.12/site-packages/airflow/example_dags/example_task_group.py
[2024-11-23T03:44:23.932+0000] {processor.py:914} INFO - Processing file /home/airflow/.local/lib/python3.12/site-packages/airflow/example_dags/example_task_group.py for tasks to queue
[2024-11-23T03:44:23.938+0000] {logging_mixin.py:190} INFO - [2024-11-23T03:44:23.937+0000] {dagbag.py:588} INFO - Filling up the DagBag from /home/airflow/.local/lib/python3.12/site-packages/airflow/example_dags/example_task_group.py
[2024-11-23T03:44:23.964+0000] {processor.py:925} INFO - DAG(s) 'example_task_group' retrieved from /home/airflow/.local/lib/python3.12/site-packages/airflow/example_dags/example_task_group.py
[2024-11-23T03:44:24.026+0000] {logging_mixin.py:190} INFO - [2024-11-23T03:44:24.025+0000] {dag.py:3239} INFO - Sync 1 DAGs
[2024-11-23T03:44:24.089+0000] {logging_mixin.py:190} INFO - [2024-11-23T03:44:24.088+0000] {dag.py:4180} INFO - Setting next_dagrun for example_task_group to None, run_after=None
[2024-11-23T03:44:24.231+0000] {processor.py:208} INFO - Processing /home/airflow/.local/lib/python3.12/site-packages/airflow/example_dags/example_task_group.py took 0.318 seconds
[2024-11-23T03:45:09.476+0000] {processor.py:186} INFO - Started process (PID=2233) to work on /home/airflow/.local/lib/python3.12/site-packages/airflow/example_dags/example_task_group.py
[2024-11-23T03:45:09.478+0000] {processor.py:914} INFO - Processing file /home/airflow/.local/lib/python3.12/site-packages/airflow/example_dags/example_task_group.py for tasks to queue
[2024-11-23T03:45:09.482+0000] {logging_mixin.py:190} INFO - [2024-11-23T03:45:09.481+0000] {dagbag.py:588} INFO - Filling up the DagBag from /home/airflow/.local/lib/python3.12/site-packages/airflow/example_dags/example_task_group.py
[2024-11-23T03:45:09.508+0000] {processor.py:925} INFO - DAG(s) 'example_task_group' retrieved from /home/airflow/.local/lib/python3.12/site-packages/airflow/example_dags/example_task_group.py
[2024-11-23T03:45:09.558+0000] {logging_mixin.py:190} INFO - [2024-11-23T03:45:09.557+0000] {dag.py:3239} INFO - Sync 1 DAGs
[2024-11-23T03:45:09.610+0000] {logging_mixin.py:190} INFO - [2024-11-23T03:45:09.609+0000] {dag.py:4180} INFO - Setting next_dagrun for example_task_group to None, run_after=None
[2024-11-23T03:45:09.656+0000] {processor.py:208} INFO - Processing /home/airflow/.local/lib/python3.12/site-packages/airflow/example_dags/example_task_group.py took 0.200 seconds
[2024-11-23T03:45:44.952+0000] {processor.py:186} INFO - Started process (PID=2300) to work on /home/airflow/.local/lib/python3.12/site-packages/airflow/example_dags/example_task_group.py
[2024-11-23T03:45:44.954+0000] {processor.py:914} INFO - Processing file /home/airflow/.local/lib/python3.12/site-packages/airflow/example_dags/example_task_group.py for tasks to queue
[2024-11-23T03:45:44.957+0000] {logging_mixin.py:190} INFO - [2024-11-23T03:45:44.956+0000] {dagbag.py:588} INFO - Filling up the DagBag from /home/airflow/.local/lib/python3.12/site-packages/airflow/example_dags/example_task_group.py
[2024-11-23T03:45:44.974+0000] {processor.py:925} INFO - DAG(s) 'example_task_group' retrieved from /home/airflow/.local/lib/python3.12/site-packages/airflow/example_dags/example_task_group.py
[2024-11-23T03:45:45.017+0000] {logging_mixin.py:190} INFO - [2024-11-23T03:45:45.017+0000] {dag.py:3239} INFO - Sync 1 DAGs
[2024-11-23T03:45:45.062+0000] {logging_mixin.py:190} INFO - [2024-11-23T03:45:45.062+0000] {dag.py:4180} INFO - Setting next_dagrun for example_task_group to None, run_after=None
[2024-11-23T03:45:45.113+0000] {processor.py:208} INFO - Processing /home/airflow/.local/lib/python3.12/site-packages/airflow/example_dags/example_task_group.py took 0.172 seconds
[2024-11-23T03:46:16.187+0000] {processor.py:186} INFO - Started process (PID=2365) to work on /home/airflow/.local/lib/python3.12/site-packages/airflow/example_dags/example_task_group.py
[2024-11-23T03:46:16.197+0000] {processor.py:914} INFO - Processing file /home/airflow/.local/lib/python3.12/site-packages/airflow/example_dags/example_task_group.py for tasks to queue
[2024-11-23T03:46:16.200+0000] {logging_mixin.py:190} INFO - [2024-11-23T03:46:16.199+0000] {dagbag.py:588} INFO - Filling up the DagBag from /home/airflow/.local/lib/python3.12/site-packages/airflow/example_dags/example_task_group.py
[2024-11-23T03:46:16.243+0000] {processor.py:925} INFO - DAG(s) 'example_task_group' retrieved from /home/airflow/.local/lib/python3.12/site-packages/airflow/example_dags/example_task_group.py
[2024-11-23T03:46:16.328+0000] {logging_mixin.py:190} INFO - [2024-11-23T03:46:16.327+0000] {dag.py:3239} INFO - Sync 1 DAGs
[2024-11-23T03:46:16.397+0000] {logging_mixin.py:190} INFO - [2024-11-23T03:46:16.397+0000] {dag.py:4180} INFO - Setting next_dagrun for example_task_group to None, run_after=None
[2024-11-23T03:46:16.449+0000] {processor.py:208} INFO - Processing /home/airflow/.local/lib/python3.12/site-packages/airflow/example_dags/example_task_group.py took 0.295 seconds
[2024-11-23T03:46:58.226+0000] {processor.py:186} INFO - Started process (PID=2435) to work on /home/airflow/.local/lib/python3.12/site-packages/airflow/example_dags/example_task_group.py
[2024-11-23T03:46:58.228+0000] {processor.py:914} INFO - Processing file /home/airflow/.local/lib/python3.12/site-packages/airflow/example_dags/example_task_group.py for tasks to queue
[2024-11-23T03:46:58.232+0000] {logging_mixin.py:190} INFO - [2024-11-23T03:46:58.231+0000] {dagbag.py:588} INFO - Filling up the DagBag from /home/airflow/.local/lib/python3.12/site-packages/airflow/example_dags/example_task_group.py
[2024-11-23T03:46:58.274+0000] {processor.py:925} INFO - DAG(s) 'example_task_group' retrieved from /home/airflow/.local/lib/python3.12/site-packages/airflow/example_dags/example_task_group.py
[2024-11-23T03:46:58.367+0000] {logging_mixin.py:190} INFO - [2024-11-23T03:46:58.367+0000] {dag.py:3239} INFO - Sync 1 DAGs
[2024-11-23T03:46:58.429+0000] {logging_mixin.py:190} INFO - [2024-11-23T03:46:58.429+0000] {dag.py:4180} INFO - Setting next_dagrun for example_task_group to None, run_after=None
[2024-11-23T03:46:58.542+0000] {processor.py:208} INFO - Processing /home/airflow/.local/lib/python3.12/site-packages/airflow/example_dags/example_task_group.py took 0.334 seconds
[2024-11-23T03:47:30.075+0000] {processor.py:186} INFO - Started process (PID=2500) to work on /home/airflow/.local/lib/python3.12/site-packages/airflow/example_dags/example_task_group.py
[2024-11-23T03:47:30.079+0000] {processor.py:914} INFO - Processing file /home/airflow/.local/lib/python3.12/site-packages/airflow/example_dags/example_task_group.py for tasks to queue
[2024-11-23T03:47:30.083+0000] {logging_mixin.py:190} INFO - [2024-11-23T03:47:30.082+0000] {dagbag.py:588} INFO - Filling up the DagBag from /home/airflow/.local/lib/python3.12/site-packages/airflow/example_dags/example_task_group.py
[2024-11-23T03:47:30.120+0000] {processor.py:925} INFO - DAG(s) 'example_task_group' retrieved from /home/airflow/.local/lib/python3.12/site-packages/airflow/example_dags/example_task_group.py
[2024-11-23T03:47:30.252+0000] {logging_mixin.py:190} INFO - [2024-11-23T03:47:30.251+0000] {dag.py:3239} INFO - Sync 1 DAGs
[2024-11-23T03:47:30.383+0000] {logging_mixin.py:190} INFO - [2024-11-23T03:47:30.382+0000] {dag.py:4180} INFO - Setting next_dagrun for example_task_group to None, run_after=None
[2024-11-23T03:47:30.445+0000] {processor.py:208} INFO - Processing /home/airflow/.local/lib/python3.12/site-packages/airflow/example_dags/example_task_group.py took 0.387 seconds
[2024-11-23T03:48:03.527+0000] {processor.py:186} INFO - Started process (PID=2565) to work on /home/airflow/.local/lib/python3.12/site-packages/airflow/example_dags/example_task_group.py
[2024-11-23T03:48:03.529+0000] {processor.py:914} INFO - Processing file /home/airflow/.local/lib/python3.12/site-packages/airflow/example_dags/example_task_group.py for tasks to queue
[2024-11-23T03:48:03.531+0000] {logging_mixin.py:190} INFO - [2024-11-23T03:48:03.530+0000] {dagbag.py:588} INFO - Filling up the DagBag from /home/airflow/.local/lib/python3.12/site-packages/airflow/example_dags/example_task_group.py
[2024-11-23T03:48:03.545+0000] {processor.py:925} INFO - DAG(s) 'example_task_group' retrieved from /home/airflow/.local/lib/python3.12/site-packages/airflow/example_dags/example_task_group.py
[2024-11-23T03:48:03.581+0000] {logging_mixin.py:190} INFO - [2024-11-23T03:48:03.581+0000] {dag.py:3239} INFO - Sync 1 DAGs
[2024-11-23T03:48:03.611+0000] {logging_mixin.py:190} INFO - [2024-11-23T03:48:03.610+0000] {dag.py:4180} INFO - Setting next_dagrun for example_task_group to None, run_after=None
[2024-11-23T03:48:03.648+0000] {processor.py:208} INFO - Processing /home/airflow/.local/lib/python3.12/site-packages/airflow/example_dags/example_task_group.py took 0.130 seconds
[2024-11-23T03:48:36.236+0000] {processor.py:186} INFO - Started process (PID=2628) to work on /home/airflow/.local/lib/python3.12/site-packages/airflow/example_dags/example_task_group.py
[2024-11-23T03:48:36.237+0000] {processor.py:914} INFO - Processing file /home/airflow/.local/lib/python3.12/site-packages/airflow/example_dags/example_task_group.py for tasks to queue
[2024-11-23T03:48:36.240+0000] {logging_mixin.py:190} INFO - [2024-11-23T03:48:36.239+0000] {dagbag.py:588} INFO - Filling up the DagBag from /home/airflow/.local/lib/python3.12/site-packages/airflow/example_dags/example_task_group.py
[2024-11-23T03:48:36.259+0000] {processor.py:925} INFO - DAG(s) 'example_task_group' retrieved from /home/airflow/.local/lib/python3.12/site-packages/airflow/example_dags/example_task_group.py
[2024-11-23T03:48:36.298+0000] {logging_mixin.py:190} INFO - [2024-11-23T03:48:36.298+0000] {dag.py:3239} INFO - Sync 1 DAGs
[2024-11-23T03:48:36.338+0000] {logging_mixin.py:190} INFO - [2024-11-23T03:48:36.337+0000] {dag.py:4180} INFO - Setting next_dagrun for example_task_group to None, run_after=None
[2024-11-23T03:48:36.386+0000] {processor.py:208} INFO - Processing /home/airflow/.local/lib/python3.12/site-packages/airflow/example_dags/example_task_group.py took 0.161 seconds
[2024-11-23T03:49:09.016+0000] {processor.py:186} INFO - Started process (PID=2692) to work on /home/airflow/.local/lib/python3.12/site-packages/airflow/example_dags/example_task_group.py
[2024-11-23T03:49:09.020+0000] {processor.py:914} INFO - Processing file /home/airflow/.local/lib/python3.12/site-packages/airflow/example_dags/example_task_group.py for tasks to queue
[2024-11-23T03:49:09.023+0000] {logging_mixin.py:190} INFO - [2024-11-23T03:49:09.022+0000] {dagbag.py:588} INFO - Filling up the DagBag from /home/airflow/.local/lib/python3.12/site-packages/airflow/example_dags/example_task_group.py
[2024-11-23T03:49:09.050+0000] {processor.py:925} INFO - DAG(s) 'example_task_group' retrieved from /home/airflow/.local/lib/python3.12/site-packages/airflow/example_dags/example_task_group.py
[2024-11-23T03:49:09.122+0000] {logging_mixin.py:190} INFO - [2024-11-23T03:49:09.121+0000] {dag.py:3239} INFO - Sync 1 DAGs
[2024-11-23T03:49:09.180+0000] {logging_mixin.py:190} INFO - [2024-11-23T03:49:09.179+0000] {dag.py:4180} INFO - Setting next_dagrun for example_task_group to None, run_after=None
[2024-11-23T03:49:09.264+0000] {processor.py:208} INFO - Processing /home/airflow/.local/lib/python3.12/site-packages/airflow/example_dags/example_task_group.py took 0.262 seconds
[2024-11-23T03:49:41.606+0000] {processor.py:186} INFO - Started process (PID=2756) to work on /home/airflow/.local/lib/python3.12/site-packages/airflow/example_dags/example_task_group.py
[2024-11-23T03:49:41.619+0000] {processor.py:914} INFO - Processing file /home/airflow/.local/lib/python3.12/site-packages/airflow/example_dags/example_task_group.py for tasks to queue
[2024-11-23T03:49:41.622+0000] {logging_mixin.py:190} INFO - [2024-11-23T03:49:41.621+0000] {dagbag.py:588} INFO - Filling up the DagBag from /home/airflow/.local/lib/python3.12/site-packages/airflow/example_dags/example_task_group.py
[2024-11-23T03:49:41.675+0000] {processor.py:925} INFO - DAG(s) 'example_task_group' retrieved from /home/airflow/.local/lib/python3.12/site-packages/airflow/example_dags/example_task_group.py
[2024-11-23T03:49:41.768+0000] {logging_mixin.py:190} INFO - [2024-11-23T03:49:41.758+0000] {dag.py:3239} INFO - Sync 1 DAGs
[2024-11-23T03:49:41.814+0000] {logging_mixin.py:190} INFO - [2024-11-23T03:49:41.813+0000] {dag.py:4180} INFO - Setting next_dagrun for example_task_group to None, run_after=None
[2024-11-23T03:49:41.859+0000] {processor.py:208} INFO - Processing /home/airflow/.local/lib/python3.12/site-packages/airflow/example_dags/example_task_group.py took 0.284 seconds
[2024-11-23T03:50:13.520+0000] {processor.py:186} INFO - Started process (PID=2820) to work on /home/airflow/.local/lib/python3.12/site-packages/airflow/example_dags/example_task_group.py
[2024-11-23T03:50:13.584+0000] {processor.py:914} INFO - Processing file /home/airflow/.local/lib/python3.12/site-packages/airflow/example_dags/example_task_group.py for tasks to queue
[2024-11-23T03:50:13.684+0000] {logging_mixin.py:190} INFO - [2024-11-23T03:50:13.683+0000] {dagbag.py:588} INFO - Filling up the DagBag from /home/airflow/.local/lib/python3.12/site-packages/airflow/example_dags/example_task_group.py
[2024-11-23T03:50:13.750+0000] {processor.py:925} INFO - DAG(s) 'example_task_group' retrieved from /home/airflow/.local/lib/python3.12/site-packages/airflow/example_dags/example_task_group.py
[2024-11-23T03:50:13.809+0000] {logging_mixin.py:190} INFO - [2024-11-23T03:50:13.808+0000] {dag.py:3239} INFO - Sync 1 DAGs
[2024-11-23T03:50:13.850+0000] {logging_mixin.py:190} INFO - [2024-11-23T03:50:13.846+0000] {dag.py:4180} INFO - Setting next_dagrun for example_task_group to None, run_after=None
[2024-11-23T03:50:13.914+0000] {processor.py:208} INFO - Processing /home/airflow/.local/lib/python3.12/site-packages/airflow/example_dags/example_task_group.py took 0.432 seconds
[2024-11-23T03:50:46.803+0000] {processor.py:186} INFO - Started process (PID=2886) to work on /home/airflow/.local/lib/python3.12/site-packages/airflow/example_dags/example_task_group.py
[2024-11-23T03:50:46.806+0000] {processor.py:914} INFO - Processing file /home/airflow/.local/lib/python3.12/site-packages/airflow/example_dags/example_task_group.py for tasks to queue
[2024-11-23T03:50:46.809+0000] {logging_mixin.py:190} INFO - [2024-11-23T03:50:46.808+0000] {dagbag.py:588} INFO - Filling up the DagBag from /home/airflow/.local/lib/python3.12/site-packages/airflow/example_dags/example_task_group.py
[2024-11-23T03:50:46.832+0000] {processor.py:925} INFO - DAG(s) 'example_task_group' retrieved from /home/airflow/.local/lib/python3.12/site-packages/airflow/example_dags/example_task_group.py
[2024-11-23T03:50:46.907+0000] {logging_mixin.py:190} INFO - [2024-11-23T03:50:46.907+0000] {dag.py:3239} INFO - Sync 1 DAGs
[2024-11-23T03:50:46.944+0000] {logging_mixin.py:190} INFO - [2024-11-23T03:50:46.944+0000] {dag.py:4180} INFO - Setting next_dagrun for example_task_group to None, run_after=None
[2024-11-23T03:50:46.989+0000] {processor.py:208} INFO - Processing /home/airflow/.local/lib/python3.12/site-packages/airflow/example_dags/example_task_group.py took 0.199 seconds
[2024-11-23T03:51:21.201+0000] {processor.py:186} INFO - Started process (PID=2950) to work on /home/airflow/.local/lib/python3.12/site-packages/airflow/example_dags/example_task_group.py
[2024-11-23T03:51:21.204+0000] {processor.py:914} INFO - Processing file /home/airflow/.local/lib/python3.12/site-packages/airflow/example_dags/example_task_group.py for tasks to queue
[2024-11-23T03:51:21.208+0000] {logging_mixin.py:190} INFO - [2024-11-23T03:51:21.207+0000] {dagbag.py:588} INFO - Filling up the DagBag from /home/airflow/.local/lib/python3.12/site-packages/airflow/example_dags/example_task_group.py
[2024-11-23T03:51:21.242+0000] {processor.py:925} INFO - DAG(s) 'example_task_group' retrieved from /home/airflow/.local/lib/python3.12/site-packages/airflow/example_dags/example_task_group.py
[2024-11-23T03:51:21.312+0000] {logging_mixin.py:190} INFO - [2024-11-23T03:51:21.311+0000] {dag.py:3239} INFO - Sync 1 DAGs
[2024-11-23T03:51:21.351+0000] {logging_mixin.py:190} INFO - [2024-11-23T03:51:21.350+0000] {dag.py:4180} INFO - Setting next_dagrun for example_task_group to None, run_after=None
[2024-11-23T03:51:21.418+0000] {processor.py:208} INFO - Processing /home/airflow/.local/lib/python3.12/site-packages/airflow/example_dags/example_task_group.py took 0.241 seconds
[2024-11-23T03:51:52.630+0000] {processor.py:186} INFO - Started process (PID=3014) to work on /home/airflow/.local/lib/python3.12/site-packages/airflow/example_dags/example_task_group.py
[2024-11-23T03:51:52.675+0000] {processor.py:914} INFO - Processing file /home/airflow/.local/lib/python3.12/site-packages/airflow/example_dags/example_task_group.py for tasks to queue
[2024-11-23T03:51:52.701+0000] {logging_mixin.py:190} INFO - [2024-11-23T03:51:52.700+0000] {dagbag.py:588} INFO - Filling up the DagBag from /home/airflow/.local/lib/python3.12/site-packages/airflow/example_dags/example_task_group.py
[2024-11-23T03:51:52.779+0000] {processor.py:925} INFO - DAG(s) 'example_task_group' retrieved from /home/airflow/.local/lib/python3.12/site-packages/airflow/example_dags/example_task_group.py
[2024-11-23T03:51:52.937+0000] {logging_mixin.py:190} INFO - [2024-11-23T03:51:52.936+0000] {dag.py:3239} INFO - Sync 1 DAGs
[2024-11-23T03:51:53.049+0000] {logging_mixin.py:190} INFO - [2024-11-23T03:51:53.049+0000] {dag.py:4180} INFO - Setting next_dagrun for example_task_group to None, run_after=None
[2024-11-23T03:51:53.167+0000] {processor.py:208} INFO - Processing /home/airflow/.local/lib/python3.12/site-packages/airflow/example_dags/example_task_group.py took 0.579 seconds
[2024-11-23T03:52:23.929+0000] {processor.py:186} INFO - Started process (PID=3086) to work on /home/airflow/.local/lib/python3.12/site-packages/airflow/example_dags/example_task_group.py
[2024-11-23T03:52:23.931+0000] {processor.py:914} INFO - Processing file /home/airflow/.local/lib/python3.12/site-packages/airflow/example_dags/example_task_group.py for tasks to queue
[2024-11-23T03:52:23.934+0000] {logging_mixin.py:190} INFO - [2024-11-23T03:52:23.933+0000] {dagbag.py:588} INFO - Filling up the DagBag from /home/airflow/.local/lib/python3.12/site-packages/airflow/example_dags/example_task_group.py
[2024-11-23T03:52:23.952+0000] {processor.py:925} INFO - DAG(s) 'example_task_group' retrieved from /home/airflow/.local/lib/python3.12/site-packages/airflow/example_dags/example_task_group.py
[2024-11-23T03:52:23.995+0000] {logging_mixin.py:190} INFO - [2024-11-23T03:52:23.995+0000] {dag.py:3239} INFO - Sync 1 DAGs
[2024-11-23T03:52:24.032+0000] {logging_mixin.py:190} INFO - [2024-11-23T03:52:24.031+0000] {dag.py:4180} INFO - Setting next_dagrun for example_task_group to None, run_after=None
[2024-11-23T03:52:24.080+0000] {processor.py:208} INFO - Processing /home/airflow/.local/lib/python3.12/site-packages/airflow/example_dags/example_task_group.py took 0.162 seconds
[2024-11-23T03:52:56.138+0000] {processor.py:186} INFO - Started process (PID=3150) to work on /home/airflow/.local/lib/python3.12/site-packages/airflow/example_dags/example_task_group.py
[2024-11-23T03:52:56.140+0000] {processor.py:914} INFO - Processing file /home/airflow/.local/lib/python3.12/site-packages/airflow/example_dags/example_task_group.py for tasks to queue
[2024-11-23T03:52:56.142+0000] {logging_mixin.py:190} INFO - [2024-11-23T03:52:56.142+0000] {dagbag.py:588} INFO - Filling up the DagBag from /home/airflow/.local/lib/python3.12/site-packages/airflow/example_dags/example_task_group.py
[2024-11-23T03:52:56.164+0000] {processor.py:925} INFO - DAG(s) 'example_task_group' retrieved from /home/airflow/.local/lib/python3.12/site-packages/airflow/example_dags/example_task_group.py
[2024-11-23T03:52:56.218+0000] {logging_mixin.py:190} INFO - [2024-11-23T03:52:56.214+0000] {dag.py:3239} INFO - Sync 1 DAGs
[2024-11-23T03:52:56.253+0000] {logging_mixin.py:190} INFO - [2024-11-23T03:52:56.252+0000] {dag.py:4180} INFO - Setting next_dagrun for example_task_group to None, run_after=None
[2024-11-23T03:52:56.377+0000] {processor.py:208} INFO - Processing /home/airflow/.local/lib/python3.12/site-packages/airflow/example_dags/example_task_group.py took 0.277 seconds
[2024-11-23T03:53:32.708+0000] {processor.py:186} INFO - Started process (PID=3213) to work on /home/airflow/.local/lib/python3.12/site-packages/airflow/example_dags/example_task_group.py
[2024-11-23T03:53:32.711+0000] {processor.py:914} INFO - Processing file /home/airflow/.local/lib/python3.12/site-packages/airflow/example_dags/example_task_group.py for tasks to queue
[2024-11-23T03:53:32.726+0000] {logging_mixin.py:190} INFO - [2024-11-23T03:53:32.726+0000] {dagbag.py:588} INFO - Filling up the DagBag from /home/airflow/.local/lib/python3.12/site-packages/airflow/example_dags/example_task_group.py
[2024-11-23T03:53:32.768+0000] {processor.py:925} INFO - DAG(s) 'example_task_group' retrieved from /home/airflow/.local/lib/python3.12/site-packages/airflow/example_dags/example_task_group.py
[2024-11-23T03:53:32.843+0000] {logging_mixin.py:190} INFO - [2024-11-23T03:53:32.840+0000] {dag.py:3239} INFO - Sync 1 DAGs
[2024-11-23T03:53:32.898+0000] {logging_mixin.py:190} INFO - [2024-11-23T03:53:32.897+0000] {dag.py:4180} INFO - Setting next_dagrun for example_task_group to None, run_after=None
[2024-11-23T03:53:32.995+0000] {processor.py:208} INFO - Processing /home/airflow/.local/lib/python3.12/site-packages/airflow/example_dags/example_task_group.py took 0.347 seconds
[2024-11-23T03:54:05.231+0000] {processor.py:186} INFO - Started process (PID=3277) to work on /home/airflow/.local/lib/python3.12/site-packages/airflow/example_dags/example_task_group.py
[2024-11-23T03:54:05.268+0000] {processor.py:914} INFO - Processing file /home/airflow/.local/lib/python3.12/site-packages/airflow/example_dags/example_task_group.py for tasks to queue
[2024-11-23T03:54:05.271+0000] {logging_mixin.py:190} INFO - [2024-11-23T03:54:05.271+0000] {dagbag.py:588} INFO - Filling up the DagBag from /home/airflow/.local/lib/python3.12/site-packages/airflow/example_dags/example_task_group.py
[2024-11-23T03:54:05.304+0000] {processor.py:925} INFO - DAG(s) 'example_task_group' retrieved from /home/airflow/.local/lib/python3.12/site-packages/airflow/example_dags/example_task_group.py
[2024-11-23T03:54:05.475+0000] {logging_mixin.py:190} INFO - [2024-11-23T03:54:05.474+0000] {dag.py:3239} INFO - Sync 1 DAGs
[2024-11-23T03:54:05.585+0000] {logging_mixin.py:190} INFO - [2024-11-23T03:54:05.584+0000] {dag.py:4180} INFO - Setting next_dagrun for example_task_group to None, run_after=None
[2024-11-23T03:54:05.692+0000] {processor.py:208} INFO - Processing /home/airflow/.local/lib/python3.12/site-packages/airflow/example_dags/example_task_group.py took 0.483 seconds
[2024-11-23T03:54:36.932+0000] {processor.py:186} INFO - Started process (PID=3342) to work on /home/airflow/.local/lib/python3.12/site-packages/airflow/example_dags/example_task_group.py
[2024-11-23T03:54:36.934+0000] {processor.py:914} INFO - Processing file /home/airflow/.local/lib/python3.12/site-packages/airflow/example_dags/example_task_group.py for tasks to queue
[2024-11-23T03:54:36.937+0000] {logging_mixin.py:190} INFO - [2024-11-23T03:54:36.936+0000] {dagbag.py:588} INFO - Filling up the DagBag from /home/airflow/.local/lib/python3.12/site-packages/airflow/example_dags/example_task_group.py
[2024-11-23T03:54:36.957+0000] {processor.py:925} INFO - DAG(s) 'example_task_group' retrieved from /home/airflow/.local/lib/python3.12/site-packages/airflow/example_dags/example_task_group.py
[2024-11-23T03:54:37.027+0000] {logging_mixin.py:190} INFO - [2024-11-23T03:54:37.027+0000] {dag.py:3239} INFO - Sync 1 DAGs
[2024-11-23T03:54:37.067+0000] {logging_mixin.py:190} INFO - [2024-11-23T03:54:37.066+0000] {dag.py:4180} INFO - Setting next_dagrun for example_task_group to None, run_after=None
[2024-11-23T03:54:37.118+0000] {processor.py:208} INFO - Processing /home/airflow/.local/lib/python3.12/site-packages/airflow/example_dags/example_task_group.py took 0.200 seconds
[2024-11-23T03:55:09.143+0000] {processor.py:186} INFO - Started process (PID=3406) to work on /home/airflow/.local/lib/python3.12/site-packages/airflow/example_dags/example_task_group.py
[2024-11-23T03:55:09.144+0000] {processor.py:914} INFO - Processing file /home/airflow/.local/lib/python3.12/site-packages/airflow/example_dags/example_task_group.py for tasks to queue
[2024-11-23T03:55:09.146+0000] {logging_mixin.py:190} INFO - [2024-11-23T03:55:09.146+0000] {dagbag.py:588} INFO - Filling up the DagBag from /home/airflow/.local/lib/python3.12/site-packages/airflow/example_dags/example_task_group.py
[2024-11-23T03:55:09.164+0000] {processor.py:925} INFO - DAG(s) 'example_task_group' retrieved from /home/airflow/.local/lib/python3.12/site-packages/airflow/example_dags/example_task_group.py
[2024-11-23T03:55:09.226+0000] {logging_mixin.py:190} INFO - [2024-11-23T03:55:09.225+0000] {dag.py:3239} INFO - Sync 1 DAGs
[2024-11-23T03:55:09.260+0000] {logging_mixin.py:190} INFO - [2024-11-23T03:55:09.259+0000] {dag.py:4180} INFO - Setting next_dagrun for example_task_group to None, run_after=None
[2024-11-23T03:55:09.295+0000] {processor.py:208} INFO - Processing /home/airflow/.local/lib/python3.12/site-packages/airflow/example_dags/example_task_group.py took 0.162 seconds
[2024-11-23T03:55:41.785+0000] {processor.py:186} INFO - Started process (PID=3470) to work on /home/airflow/.local/lib/python3.12/site-packages/airflow/example_dags/example_task_group.py
[2024-11-23T03:55:41.790+0000] {processor.py:914} INFO - Processing file /home/airflow/.local/lib/python3.12/site-packages/airflow/example_dags/example_task_group.py for tasks to queue
[2024-11-23T03:55:41.793+0000] {logging_mixin.py:190} INFO - [2024-11-23T03:55:41.792+0000] {dagbag.py:588} INFO - Filling up the DagBag from /home/airflow/.local/lib/python3.12/site-packages/airflow/example_dags/example_task_group.py
[2024-11-23T03:55:41.814+0000] {processor.py:925} INFO - DAG(s) 'example_task_group' retrieved from /home/airflow/.local/lib/python3.12/site-packages/airflow/example_dags/example_task_group.py
[2024-11-23T03:55:41.889+0000] {logging_mixin.py:190} INFO - [2024-11-23T03:55:41.888+0000] {dag.py:3239} INFO - Sync 1 DAGs
[2024-11-23T03:55:41.976+0000] {logging_mixin.py:190} INFO - [2024-11-23T03:55:41.976+0000] {dag.py:4180} INFO - Setting next_dagrun for example_task_group to None, run_after=None
[2024-11-23T03:55:42.047+0000] {processor.py:208} INFO - Processing /home/airflow/.local/lib/python3.12/site-packages/airflow/example_dags/example_task_group.py took 0.277 seconds
[2024-11-23T03:56:13.078+0000] {processor.py:186} INFO - Started process (PID=3534) to work on /home/airflow/.local/lib/python3.12/site-packages/airflow/example_dags/example_task_group.py
[2024-11-23T03:56:13.079+0000] {processor.py:914} INFO - Processing file /home/airflow/.local/lib/python3.12/site-packages/airflow/example_dags/example_task_group.py for tasks to queue
[2024-11-23T03:56:13.082+0000] {logging_mixin.py:190} INFO - [2024-11-23T03:56:13.081+0000] {dagbag.py:588} INFO - Filling up the DagBag from /home/airflow/.local/lib/python3.12/site-packages/airflow/example_dags/example_task_group.py
[2024-11-23T03:56:13.097+0000] {processor.py:925} INFO - DAG(s) 'example_task_group' retrieved from /home/airflow/.local/lib/python3.12/site-packages/airflow/example_dags/example_task_group.py
[2024-11-23T03:56:13.135+0000] {logging_mixin.py:190} INFO - [2024-11-23T03:56:13.134+0000] {dag.py:3239} INFO - Sync 1 DAGs
[2024-11-23T03:56:13.170+0000] {logging_mixin.py:190} INFO - [2024-11-23T03:56:13.169+0000] {dag.py:4180} INFO - Setting next_dagrun for example_task_group to None, run_after=None
[2024-11-23T03:56:13.205+0000] {processor.py:208} INFO - Processing /home/airflow/.local/lib/python3.12/site-packages/airflow/example_dags/example_task_group.py took 0.139 seconds
[2024-11-23T03:56:46.620+0000] {processor.py:186} INFO - Started process (PID=3598) to work on /home/airflow/.local/lib/python3.12/site-packages/airflow/example_dags/example_task_group.py
[2024-11-23T03:56:46.621+0000] {processor.py:914} INFO - Processing file /home/airflow/.local/lib/python3.12/site-packages/airflow/example_dags/example_task_group.py for tasks to queue
[2024-11-23T03:56:46.623+0000] {logging_mixin.py:190} INFO - [2024-11-23T03:56:46.623+0000] {dagbag.py:588} INFO - Filling up the DagBag from /home/airflow/.local/lib/python3.12/site-packages/airflow/example_dags/example_task_group.py
[2024-11-23T03:56:46.640+0000] {processor.py:925} INFO - DAG(s) 'example_task_group' retrieved from /home/airflow/.local/lib/python3.12/site-packages/airflow/example_dags/example_task_group.py
[2024-11-23T03:56:46.709+0000] {logging_mixin.py:190} INFO - [2024-11-23T03:56:46.709+0000] {dag.py:3239} INFO - Sync 1 DAGs
[2024-11-23T03:56:46.743+0000] {logging_mixin.py:190} INFO - [2024-11-23T03:56:46.742+0000] {dag.py:4180} INFO - Setting next_dagrun for example_task_group to None, run_after=None
[2024-11-23T03:56:46.787+0000] {processor.py:208} INFO - Processing /home/airflow/.local/lib/python3.12/site-packages/airflow/example_dags/example_task_group.py took 0.180 seconds
[2024-11-23T03:57:19.231+0000] {processor.py:186} INFO - Started process (PID=3662) to work on /home/airflow/.local/lib/python3.12/site-packages/airflow/example_dags/example_task_group.py
[2024-11-23T03:57:19.233+0000] {processor.py:914} INFO - Processing file /home/airflow/.local/lib/python3.12/site-packages/airflow/example_dags/example_task_group.py for tasks to queue
[2024-11-23T03:57:19.235+0000] {logging_mixin.py:190} INFO - [2024-11-23T03:57:19.235+0000] {dagbag.py:588} INFO - Filling up the DagBag from /home/airflow/.local/lib/python3.12/site-packages/airflow/example_dags/example_task_group.py
[2024-11-23T03:57:19.279+0000] {processor.py:925} INFO - DAG(s) 'example_task_group' retrieved from /home/airflow/.local/lib/python3.12/site-packages/airflow/example_dags/example_task_group.py
[2024-11-23T03:57:19.409+0000] {logging_mixin.py:190} INFO - [2024-11-23T03:57:19.408+0000] {dag.py:3239} INFO - Sync 1 DAGs
[2024-11-23T03:57:19.509+0000] {logging_mixin.py:190} INFO - [2024-11-23T03:57:19.508+0000] {dag.py:4180} INFO - Setting next_dagrun for example_task_group to None, run_after=None
[2024-11-23T03:57:19.637+0000] {processor.py:208} INFO - Processing /home/airflow/.local/lib/python3.12/site-packages/airflow/example_dags/example_task_group.py took 0.420 seconds
[2024-11-23T03:57:59.389+0000] {processor.py:186} INFO - Started process (PID=3732) to work on /home/airflow/.local/lib/python3.12/site-packages/airflow/example_dags/example_task_group.py
[2024-11-23T03:57:59.402+0000] {processor.py:914} INFO - Processing file /home/airflow/.local/lib/python3.12/site-packages/airflow/example_dags/example_task_group.py for tasks to queue
[2024-11-23T03:57:59.406+0000] {logging_mixin.py:190} INFO - [2024-11-23T03:57:59.405+0000] {dagbag.py:588} INFO - Filling up the DagBag from /home/airflow/.local/lib/python3.12/site-packages/airflow/example_dags/example_task_group.py
[2024-11-23T03:57:59.490+0000] {processor.py:925} INFO - DAG(s) 'example_task_group' retrieved from /home/airflow/.local/lib/python3.12/site-packages/airflow/example_dags/example_task_group.py
[2024-11-23T03:57:59.719+0000] {logging_mixin.py:190} INFO - [2024-11-23T03:57:59.719+0000] {dag.py:3239} INFO - Sync 1 DAGs
[2024-11-23T03:58:00.973+0000] {logging_mixin.py:190} INFO - [2024-11-23T03:58:00.973+0000] {dag.py:4180} INFO - Setting next_dagrun for example_task_group to None, run_after=None
[2024-11-23T03:58:01.118+0000] {processor.py:208} INFO - Processing /home/airflow/.local/lib/python3.12/site-packages/airflow/example_dags/example_task_group.py took 1.785 seconds
[2024-11-23T03:58:31.394+0000] {processor.py:186} INFO - Started process (PID=3796) to work on /home/airflow/.local/lib/python3.12/site-packages/airflow/example_dags/example_task_group.py
[2024-11-23T03:58:31.397+0000] {processor.py:914} INFO - Processing file /home/airflow/.local/lib/python3.12/site-packages/airflow/example_dags/example_task_group.py for tasks to queue
[2024-11-23T03:58:31.413+0000] {logging_mixin.py:190} INFO - [2024-11-23T03:58:31.403+0000] {dagbag.py:588} INFO - Filling up the DagBag from /home/airflow/.local/lib/python3.12/site-packages/airflow/example_dags/example_task_group.py
[2024-11-23T03:58:31.503+0000] {processor.py:925} INFO - DAG(s) 'example_task_group' retrieved from /home/airflow/.local/lib/python3.12/site-packages/airflow/example_dags/example_task_group.py
[2024-11-23T03:58:31.645+0000] {logging_mixin.py:190} INFO - [2024-11-23T03:58:31.644+0000] {dag.py:3239} INFO - Sync 1 DAGs
[2024-11-23T03:58:31.780+0000] {logging_mixin.py:190} INFO - [2024-11-23T03:58:31.780+0000] {dag.py:4180} INFO - Setting next_dagrun for example_task_group to None, run_after=None
[2024-11-23T03:58:31.972+0000] {processor.py:208} INFO - Processing /home/airflow/.local/lib/python3.12/site-packages/airflow/example_dags/example_task_group.py took 0.616 seconds
[2024-11-23T03:59:35.101+0000] {processor.py:186} INFO - Started process (PID=3868) to work on /home/airflow/.local/lib/python3.12/site-packages/airflow/example_dags/example_task_group.py
[2024-11-23T03:59:35.105+0000] {processor.py:914} INFO - Processing file /home/airflow/.local/lib/python3.12/site-packages/airflow/example_dags/example_task_group.py for tasks to queue
[2024-11-23T03:59:35.109+0000] {logging_mixin.py:190} INFO - [2024-11-23T03:59:35.107+0000] {dagbag.py:588} INFO - Filling up the DagBag from /home/airflow/.local/lib/python3.12/site-packages/airflow/example_dags/example_task_group.py
[2024-11-23T03:59:35.133+0000] {processor.py:925} INFO - DAG(s) 'example_task_group' retrieved from /home/airflow/.local/lib/python3.12/site-packages/airflow/example_dags/example_task_group.py
[2024-11-23T03:59:35.200+0000] {logging_mixin.py:190} INFO - [2024-11-23T03:59:35.199+0000] {dag.py:3239} INFO - Sync 1 DAGs
[2024-11-23T03:59:35.247+0000] {logging_mixin.py:190} INFO - [2024-11-23T03:59:35.247+0000] {dag.py:4180} INFO - Setting next_dagrun for example_task_group to None, run_after=None
[2024-11-23T03:59:35.312+0000] {processor.py:208} INFO - Processing /home/airflow/.local/lib/python3.12/site-packages/airflow/example_dags/example_task_group.py took 0.223 seconds
[2024-11-23T04:00:14.083+0000] {processor.py:186} INFO - Started process (PID=3932) to work on /home/airflow/.local/lib/python3.12/site-packages/airflow/example_dags/example_task_group.py
[2024-11-23T04:00:14.085+0000] {processor.py:914} INFO - Processing file /home/airflow/.local/lib/python3.12/site-packages/airflow/example_dags/example_task_group.py for tasks to queue
[2024-11-23T04:00:14.092+0000] {logging_mixin.py:190} INFO - [2024-11-23T04:00:14.087+0000] {dagbag.py:588} INFO - Filling up the DagBag from /home/airflow/.local/lib/python3.12/site-packages/airflow/example_dags/example_task_group.py
[2024-11-23T04:00:14.132+0000] {processor.py:925} INFO - DAG(s) 'example_task_group' retrieved from /home/airflow/.local/lib/python3.12/site-packages/airflow/example_dags/example_task_group.py
[2024-11-23T04:00:14.215+0000] {logging_mixin.py:190} INFO - [2024-11-23T04:00:14.214+0000] {dag.py:3239} INFO - Sync 1 DAGs
[2024-11-23T04:00:14.264+0000] {logging_mixin.py:190} INFO - [2024-11-23T04:00:14.263+0000] {dag.py:4180} INFO - Setting next_dagrun for example_task_group to None, run_after=None
[2024-11-23T04:00:14.335+0000] {processor.py:208} INFO - Processing /home/airflow/.local/lib/python3.12/site-packages/airflow/example_dags/example_task_group.py took 0.275 seconds
[2024-11-23T04:00:44.757+0000] {processor.py:186} INFO - Started process (PID=3995) to work on /home/airflow/.local/lib/python3.12/site-packages/airflow/example_dags/example_task_group.py
[2024-11-23T04:00:44.759+0000] {processor.py:914} INFO - Processing file /home/airflow/.local/lib/python3.12/site-packages/airflow/example_dags/example_task_group.py for tasks to queue
[2024-11-23T04:00:44.773+0000] {logging_mixin.py:190} INFO - [2024-11-23T04:00:44.772+0000] {dagbag.py:588} INFO - Filling up the DagBag from /home/airflow/.local/lib/python3.12/site-packages/airflow/example_dags/example_task_group.py
[2024-11-23T04:00:44.831+0000] {processor.py:925} INFO - DAG(s) 'example_task_group' retrieved from /home/airflow/.local/lib/python3.12/site-packages/airflow/example_dags/example_task_group.py
[2024-11-23T04:00:45.005+0000] {logging_mixin.py:190} INFO - [2024-11-23T04:00:45.004+0000] {dag.py:3239} INFO - Sync 1 DAGs
[2024-11-23T04:00:45.080+0000] {logging_mixin.py:190} INFO - [2024-11-23T04:00:45.080+0000] {dag.py:4180} INFO - Setting next_dagrun for example_task_group to None, run_after=None
[2024-11-23T04:00:45.133+0000] {processor.py:208} INFO - Processing /home/airflow/.local/lib/python3.12/site-packages/airflow/example_dags/example_task_group.py took 0.398 seconds
[2024-11-23T04:01:19.218+0000] {processor.py:186} INFO - Started process (PID=4059) to work on /home/airflow/.local/lib/python3.12/site-packages/airflow/example_dags/example_task_group.py
[2024-11-23T04:01:19.225+0000] {processor.py:914} INFO - Processing file /home/airflow/.local/lib/python3.12/site-packages/airflow/example_dags/example_task_group.py for tasks to queue
[2024-11-23T04:01:19.228+0000] {logging_mixin.py:190} INFO - [2024-11-23T04:01:19.228+0000] {dagbag.py:588} INFO - Filling up the DagBag from /home/airflow/.local/lib/python3.12/site-packages/airflow/example_dags/example_task_group.py
[2024-11-23T04:01:19.266+0000] {processor.py:925} INFO - DAG(s) 'example_task_group' retrieved from /home/airflow/.local/lib/python3.12/site-packages/airflow/example_dags/example_task_group.py
[2024-11-23T04:01:19.398+0000] {logging_mixin.py:190} INFO - [2024-11-23T04:01:19.397+0000] {dag.py:3239} INFO - Sync 1 DAGs
[2024-11-23T04:01:19.508+0000] {logging_mixin.py:190} INFO - [2024-11-23T04:01:19.508+0000] {dag.py:4180} INFO - Setting next_dagrun for example_task_group to None, run_after=None
[2024-11-23T04:01:19.626+0000] {processor.py:208} INFO - Processing /home/airflow/.local/lib/python3.12/site-packages/airflow/example_dags/example_task_group.py took 0.430 seconds
[2024-11-23T04:02:45.613+0000] {processor.py:186} INFO - Started process (PID=4159) to work on /home/airflow/.local/lib/python3.12/site-packages/airflow/example_dags/example_task_group.py
[2024-11-23T04:02:45.616+0000] {processor.py:914} INFO - Processing file /home/airflow/.local/lib/python3.12/site-packages/airflow/example_dags/example_task_group.py for tasks to queue
[2024-11-23T04:02:45.620+0000] {logging_mixin.py:190} INFO - [2024-11-23T04:02:45.619+0000] {dagbag.py:588} INFO - Filling up the DagBag from /home/airflow/.local/lib/python3.12/site-packages/airflow/example_dags/example_task_group.py
[2024-11-23T04:02:45.680+0000] {processor.py:925} INFO - DAG(s) 'example_task_group' retrieved from /home/airflow/.local/lib/python3.12/site-packages/airflow/example_dags/example_task_group.py
[2024-11-23T04:02:45.805+0000] {logging_mixin.py:190} INFO - [2024-11-23T04:02:45.804+0000] {dag.py:3239} INFO - Sync 1 DAGs
[2024-11-23T04:02:45.864+0000] {logging_mixin.py:190} INFO - [2024-11-23T04:02:45.863+0000] {dag.py:4180} INFO - Setting next_dagrun for example_task_group to None, run_after=None
[2024-11-23T04:02:45.966+0000] {processor.py:208} INFO - Processing /home/airflow/.local/lib/python3.12/site-packages/airflow/example_dags/example_task_group.py took 0.371 seconds
[2024-11-23T04:03:23.785+0000] {processor.py:186} INFO - Started process (PID=4223) to work on /home/airflow/.local/lib/python3.12/site-packages/airflow/example_dags/example_task_group.py
[2024-11-23T04:03:23.789+0000] {processor.py:914} INFO - Processing file /home/airflow/.local/lib/python3.12/site-packages/airflow/example_dags/example_task_group.py for tasks to queue
[2024-11-23T04:03:23.793+0000] {logging_mixin.py:190} INFO - [2024-11-23T04:03:23.792+0000] {dagbag.py:588} INFO - Filling up the DagBag from /home/airflow/.local/lib/python3.12/site-packages/airflow/example_dags/example_task_group.py
[2024-11-23T04:03:23.822+0000] {processor.py:925} INFO - DAG(s) 'example_task_group' retrieved from /home/airflow/.local/lib/python3.12/site-packages/airflow/example_dags/example_task_group.py
[2024-11-23T04:03:23.897+0000] {logging_mixin.py:190} INFO - [2024-11-23T04:03:23.897+0000] {dag.py:3239} INFO - Sync 1 DAGs
[2024-11-23T04:03:23.990+0000] {logging_mixin.py:190} INFO - [2024-11-23T04:03:23.990+0000] {dag.py:4180} INFO - Setting next_dagrun for example_task_group to None, run_after=None
[2024-11-23T04:03:24.119+0000] {processor.py:208} INFO - Processing /home/airflow/.local/lib/python3.12/site-packages/airflow/example_dags/example_task_group.py took 0.353 seconds
[2024-11-23T04:04:26.403+0000] {processor.py:186} INFO - Started process (PID=4301) to work on /home/airflow/.local/lib/python3.12/site-packages/airflow/example_dags/example_task_group.py
[2024-11-23T04:04:26.407+0000] {processor.py:914} INFO - Processing file /home/airflow/.local/lib/python3.12/site-packages/airflow/example_dags/example_task_group.py for tasks to queue
[2024-11-23T04:04:26.412+0000] {logging_mixin.py:190} INFO - [2024-11-23T04:04:26.411+0000] {dagbag.py:588} INFO - Filling up the DagBag from /home/airflow/.local/lib/python3.12/site-packages/airflow/example_dags/example_task_group.py
[2024-11-23T04:04:26.442+0000] {processor.py:925} INFO - DAG(s) 'example_task_group' retrieved from /home/airflow/.local/lib/python3.12/site-packages/airflow/example_dags/example_task_group.py
[2024-11-23T04:04:26.564+0000] {logging_mixin.py:190} INFO - [2024-11-23T04:04:26.563+0000] {dag.py:3239} INFO - Sync 1 DAGs
[2024-11-23T04:04:26.622+0000] {logging_mixin.py:190} INFO - [2024-11-23T04:04:26.622+0000] {dag.py:4180} INFO - Setting next_dagrun for example_task_group to None, run_after=None
[2024-11-23T04:04:26.703+0000] {processor.py:208} INFO - Processing /home/airflow/.local/lib/python3.12/site-packages/airflow/example_dags/example_task_group.py took 0.325 seconds
[2024-11-23T04:04:59.511+0000] {processor.py:186} INFO - Started process (PID=4365) to work on /home/airflow/.local/lib/python3.12/site-packages/airflow/example_dags/example_task_group.py
[2024-11-23T04:04:59.515+0000] {processor.py:914} INFO - Processing file /home/airflow/.local/lib/python3.12/site-packages/airflow/example_dags/example_task_group.py for tasks to queue
[2024-11-23T04:04:59.519+0000] {logging_mixin.py:190} INFO - [2024-11-23T04:04:59.518+0000] {dagbag.py:588} INFO - Filling up the DagBag from /home/airflow/.local/lib/python3.12/site-packages/airflow/example_dags/example_task_group.py
[2024-11-23T04:04:59.568+0000] {processor.py:925} INFO - DAG(s) 'example_task_group' retrieved from /home/airflow/.local/lib/python3.12/site-packages/airflow/example_dags/example_task_group.py
[2024-11-23T04:04:59.656+0000] {logging_mixin.py:190} INFO - [2024-11-23T04:04:59.655+0000] {dag.py:3239} INFO - Sync 1 DAGs
[2024-11-23T04:04:59.809+0000] {logging_mixin.py:190} INFO - [2024-11-23T04:04:59.808+0000] {dag.py:4180} INFO - Setting next_dagrun for example_task_group to None, run_after=None
[2024-11-23T04:04:59.977+0000] {processor.py:208} INFO - Processing /home/airflow/.local/lib/python3.12/site-packages/airflow/example_dags/example_task_group.py took 0.479 seconds
[2024-11-23T04:05:30.321+0000] {processor.py:186} INFO - Started process (PID=4429) to work on /home/airflow/.local/lib/python3.12/site-packages/airflow/example_dags/example_task_group.py
[2024-11-23T04:05:30.326+0000] {processor.py:914} INFO - Processing file /home/airflow/.local/lib/python3.12/site-packages/airflow/example_dags/example_task_group.py for tasks to queue
[2024-11-23T04:05:30.329+0000] {logging_mixin.py:190} INFO - [2024-11-23T04:05:30.328+0000] {dagbag.py:588} INFO - Filling up the DagBag from /home/airflow/.local/lib/python3.12/site-packages/airflow/example_dags/example_task_group.py
[2024-11-23T04:05:30.357+0000] {processor.py:925} INFO - DAG(s) 'example_task_group' retrieved from /home/airflow/.local/lib/python3.12/site-packages/airflow/example_dags/example_task_group.py
[2024-11-23T04:05:30.398+0000] {logging_mixin.py:190} INFO - [2024-11-23T04:05:30.398+0000] {dag.py:3239} INFO - Sync 1 DAGs
[2024-11-23T04:05:30.435+0000] {logging_mixin.py:190} INFO - [2024-11-23T04:05:30.435+0000] {dag.py:4180} INFO - Setting next_dagrun for example_task_group to None, run_after=None
[2024-11-23T04:05:30.470+0000] {processor.py:208} INFO - Processing /home/airflow/.local/lib/python3.12/site-packages/airflow/example_dags/example_task_group.py took 0.170 seconds
[2024-11-23T04:06:04.408+0000] {processor.py:186} INFO - Started process (PID=4494) to work on /home/airflow/.local/lib/python3.12/site-packages/airflow/example_dags/example_task_group.py
[2024-11-23T04:06:04.411+0000] {processor.py:914} INFO - Processing file /home/airflow/.local/lib/python3.12/site-packages/airflow/example_dags/example_task_group.py for tasks to queue
[2024-11-23T04:06:04.424+0000] {logging_mixin.py:190} INFO - [2024-11-23T04:06:04.420+0000] {dagbag.py:588} INFO - Filling up the DagBag from /home/airflow/.local/lib/python3.12/site-packages/airflow/example_dags/example_task_group.py
[2024-11-23T04:06:04.453+0000] {processor.py:925} INFO - DAG(s) 'example_task_group' retrieved from /home/airflow/.local/lib/python3.12/site-packages/airflow/example_dags/example_task_group.py
[2024-11-23T04:06:04.597+0000] {logging_mixin.py:190} INFO - [2024-11-23T04:06:04.596+0000] {dag.py:3239} INFO - Sync 1 DAGs
[2024-11-23T04:06:04.702+0000] {logging_mixin.py:190} INFO - [2024-11-23T04:06:04.701+0000] {dag.py:4180} INFO - Setting next_dagrun for example_task_group to None, run_after=None
[2024-11-23T04:06:04.757+0000] {processor.py:208} INFO - Processing /home/airflow/.local/lib/python3.12/site-packages/airflow/example_dags/example_task_group.py took 0.369 seconds
[2024-11-23T04:06:43.895+0000] {processor.py:186} INFO - Started process (PID=4566) to work on /home/airflow/.local/lib/python3.12/site-packages/airflow/example_dags/example_task_group.py
[2024-11-23T04:06:43.910+0000] {processor.py:914} INFO - Processing file /home/airflow/.local/lib/python3.12/site-packages/airflow/example_dags/example_task_group.py for tasks to queue
[2024-11-23T04:06:43.914+0000] {logging_mixin.py:190} INFO - [2024-11-23T04:06:43.913+0000] {dagbag.py:588} INFO - Filling up the DagBag from /home/airflow/.local/lib/python3.12/site-packages/airflow/example_dags/example_task_group.py
[2024-11-23T04:06:43.961+0000] {processor.py:925} INFO - DAG(s) 'example_task_group' retrieved from /home/airflow/.local/lib/python3.12/site-packages/airflow/example_dags/example_task_group.py
[2024-11-23T04:06:44.087+0000] {logging_mixin.py:190} INFO - [2024-11-23T04:06:44.086+0000] {dag.py:3239} INFO - Sync 1 DAGs
[2024-11-23T04:06:44.127+0000] {logging_mixin.py:190} INFO - [2024-11-23T04:06:44.125+0000] {dag.py:4180} INFO - Setting next_dagrun for example_task_group to None, run_after=None
[2024-11-23T04:06:44.198+0000] {processor.py:208} INFO - Processing /home/airflow/.local/lib/python3.12/site-packages/airflow/example_dags/example_task_group.py took 0.326 seconds
[2024-11-23T04:07:19.655+0000] {processor.py:186} INFO - Started process (PID=4631) to work on /home/airflow/.local/lib/python3.12/site-packages/airflow/example_dags/example_task_group.py
[2024-11-23T04:07:19.657+0000] {processor.py:914} INFO - Processing file /home/airflow/.local/lib/python3.12/site-packages/airflow/example_dags/example_task_group.py for tasks to queue
[2024-11-23T04:07:19.659+0000] {logging_mixin.py:190} INFO - [2024-11-23T04:07:19.658+0000] {dagbag.py:588} INFO - Filling up the DagBag from /home/airflow/.local/lib/python3.12/site-packages/airflow/example_dags/example_task_group.py
[2024-11-23T04:07:19.683+0000] {processor.py:925} INFO - DAG(s) 'example_task_group' retrieved from /home/airflow/.local/lib/python3.12/site-packages/airflow/example_dags/example_task_group.py
[2024-11-23T04:07:19.752+0000] {logging_mixin.py:190} INFO - [2024-11-23T04:07:19.751+0000] {dag.py:3239} INFO - Sync 1 DAGs
[2024-11-23T04:07:19.805+0000] {logging_mixin.py:190} INFO - [2024-11-23T04:07:19.804+0000] {dag.py:4180} INFO - Setting next_dagrun for example_task_group to None, run_after=None
[2024-11-23T04:07:19.888+0000] {processor.py:208} INFO - Processing /home/airflow/.local/lib/python3.12/site-packages/airflow/example_dags/example_task_group.py took 0.248 seconds
[2024-11-23T04:08:05.098+0000] {processor.py:186} INFO - Started process (PID=4695) to work on /home/airflow/.local/lib/python3.12/site-packages/airflow/example_dags/example_task_group.py
[2024-11-23T04:08:05.099+0000] {processor.py:914} INFO - Processing file /home/airflow/.local/lib/python3.12/site-packages/airflow/example_dags/example_task_group.py for tasks to queue
[2024-11-23T04:08:05.101+0000] {logging_mixin.py:190} INFO - [2024-11-23T04:08:05.101+0000] {dagbag.py:588} INFO - Filling up the DagBag from /home/airflow/.local/lib/python3.12/site-packages/airflow/example_dags/example_task_group.py
[2024-11-23T04:08:05.120+0000] {processor.py:925} INFO - DAG(s) 'example_task_group' retrieved from /home/airflow/.local/lib/python3.12/site-packages/airflow/example_dags/example_task_group.py
[2024-11-23T04:08:05.166+0000] {logging_mixin.py:190} INFO - [2024-11-23T04:08:05.165+0000] {dag.py:3239} INFO - Sync 1 DAGs
[2024-11-23T04:08:05.206+0000] {logging_mixin.py:190} INFO - [2024-11-23T04:08:05.205+0000] {dag.py:4180} INFO - Setting next_dagrun for example_task_group to None, run_after=None
[2024-11-23T04:08:05.250+0000] {processor.py:208} INFO - Processing /home/airflow/.local/lib/python3.12/site-packages/airflow/example_dags/example_task_group.py took 0.164 seconds
[2024-11-23T04:08:39.896+0000] {processor.py:186} INFO - Started process (PID=4760) to work on /home/airflow/.local/lib/python3.12/site-packages/airflow/example_dags/example_task_group.py
[2024-11-23T04:08:39.898+0000] {processor.py:914} INFO - Processing file /home/airflow/.local/lib/python3.12/site-packages/airflow/example_dags/example_task_group.py for tasks to queue
[2024-11-23T04:08:39.900+0000] {logging_mixin.py:190} INFO - [2024-11-23T04:08:39.900+0000] {dagbag.py:588} INFO - Filling up the DagBag from /home/airflow/.local/lib/python3.12/site-packages/airflow/example_dags/example_task_group.py
[2024-11-23T04:08:39.920+0000] {processor.py:925} INFO - DAG(s) 'example_task_group' retrieved from /home/airflow/.local/lib/python3.12/site-packages/airflow/example_dags/example_task_group.py
[2024-11-23T04:08:39.954+0000] {logging_mixin.py:190} INFO - [2024-11-23T04:08:39.954+0000] {dag.py:3239} INFO - Sync 1 DAGs
[2024-11-23T04:08:39.989+0000] {logging_mixin.py:190} INFO - [2024-11-23T04:08:39.988+0000] {dag.py:4180} INFO - Setting next_dagrun for example_task_group to None, run_after=None
[2024-11-23T04:08:40.029+0000] {processor.py:208} INFO - Processing /home/airflow/.local/lib/python3.12/site-packages/airflow/example_dags/example_task_group.py took 0.143 seconds
[2024-11-23T04:09:13.076+0000] {processor.py:186} INFO - Started process (PID=4822) to work on /home/airflow/.local/lib/python3.12/site-packages/airflow/example_dags/example_task_group.py
[2024-11-23T04:09:13.081+0000] {processor.py:914} INFO - Processing file /home/airflow/.local/lib/python3.12/site-packages/airflow/example_dags/example_task_group.py for tasks to queue
[2024-11-23T04:09:13.098+0000] {logging_mixin.py:190} INFO - [2024-11-23T04:09:13.098+0000] {dagbag.py:588} INFO - Filling up the DagBag from /home/airflow/.local/lib/python3.12/site-packages/airflow/example_dags/example_task_group.py
[2024-11-23T04:09:13.126+0000] {processor.py:925} INFO - DAG(s) 'example_task_group' retrieved from /home/airflow/.local/lib/python3.12/site-packages/airflow/example_dags/example_task_group.py
[2024-11-23T04:09:13.179+0000] {logging_mixin.py:190} INFO - [2024-11-23T04:09:13.178+0000] {dag.py:3239} INFO - Sync 1 DAGs
[2024-11-23T04:09:13.218+0000] {logging_mixin.py:190} INFO - [2024-11-23T04:09:13.217+0000] {dag.py:4180} INFO - Setting next_dagrun for example_task_group to None, run_after=None
[2024-11-23T04:09:13.270+0000] {processor.py:208} INFO - Processing /home/airflow/.local/lib/python3.12/site-packages/airflow/example_dags/example_task_group.py took 0.209 seconds
[2024-11-23T04:10:11.049+0000] {processor.py:186} INFO - Started process (PID=4885) to work on /home/airflow/.local/lib/python3.12/site-packages/airflow/example_dags/example_task_group.py
[2024-11-23T04:10:11.051+0000] {processor.py:914} INFO - Processing file /home/airflow/.local/lib/python3.12/site-packages/airflow/example_dags/example_task_group.py for tasks to queue
[2024-11-23T04:10:11.055+0000] {logging_mixin.py:190} INFO - [2024-11-23T04:10:11.054+0000] {dagbag.py:588} INFO - Filling up the DagBag from /home/airflow/.local/lib/python3.12/site-packages/airflow/example_dags/example_task_group.py
[2024-11-23T04:10:11.083+0000] {processor.py:925} INFO - DAG(s) 'example_task_group' retrieved from /home/airflow/.local/lib/python3.12/site-packages/airflow/example_dags/example_task_group.py
[2024-11-23T04:10:11.169+0000] {logging_mixin.py:190} INFO - [2024-11-23T04:10:11.165+0000] {dag.py:3239} INFO - Sync 1 DAGs
[2024-11-23T04:10:11.245+0000] {logging_mixin.py:190} INFO - [2024-11-23T04:10:11.244+0000] {dag.py:4180} INFO - Setting next_dagrun for example_task_group to None, run_after=None
[2024-11-23T04:10:11.308+0000] {processor.py:208} INFO - Processing /home/airflow/.local/lib/python3.12/site-packages/airflow/example_dags/example_task_group.py took 0.276 seconds
[2024-11-23T04:10:42.541+0000] {processor.py:186} INFO - Started process (PID=4949) to work on /home/airflow/.local/lib/python3.12/site-packages/airflow/example_dags/example_task_group.py
[2024-11-23T04:10:42.546+0000] {processor.py:914} INFO - Processing file /home/airflow/.local/lib/python3.12/site-packages/airflow/example_dags/example_task_group.py for tasks to queue
[2024-11-23T04:10:42.551+0000] {logging_mixin.py:190} INFO - [2024-11-23T04:10:42.550+0000] {dagbag.py:588} INFO - Filling up the DagBag from /home/airflow/.local/lib/python3.12/site-packages/airflow/example_dags/example_task_group.py
[2024-11-23T04:10:42.605+0000] {processor.py:925} INFO - DAG(s) 'example_task_group' retrieved from /home/airflow/.local/lib/python3.12/site-packages/airflow/example_dags/example_task_group.py
[2024-11-23T04:10:42.683+0000] {logging_mixin.py:190} INFO - [2024-11-23T04:10:42.682+0000] {dag.py:3239} INFO - Sync 1 DAGs
[2024-11-23T04:10:42.728+0000] {logging_mixin.py:190} INFO - [2024-11-23T04:10:42.727+0000] {dag.py:4180} INFO - Setting next_dagrun for example_task_group to None, run_after=None
[2024-11-23T04:10:42.814+0000] {processor.py:208} INFO - Processing /home/airflow/.local/lib/python3.12/site-packages/airflow/example_dags/example_task_group.py took 0.305 seconds
[2024-11-23T04:11:15.655+0000] {processor.py:186} INFO - Started process (PID=5012) to work on /home/airflow/.local/lib/python3.12/site-packages/airflow/example_dags/example_task_group.py
[2024-11-23T04:11:15.777+0000] {processor.py:914} INFO - Processing file /home/airflow/.local/lib/python3.12/site-packages/airflow/example_dags/example_task_group.py for tasks to queue
[2024-11-23T04:11:15.781+0000] {logging_mixin.py:190} INFO - [2024-11-23T04:11:15.780+0000] {dagbag.py:588} INFO - Filling up the DagBag from /home/airflow/.local/lib/python3.12/site-packages/airflow/example_dags/example_task_group.py
[2024-11-23T04:11:15.866+0000] {processor.py:925} INFO - DAG(s) 'example_task_group' retrieved from /home/airflow/.local/lib/python3.12/site-packages/airflow/example_dags/example_task_group.py
[2024-11-23T04:11:16.394+0000] {logging_mixin.py:190} INFO - [2024-11-23T04:11:16.384+0000] {dag.py:3239} INFO - Sync 1 DAGs
[2024-11-23T04:11:16.587+0000] {logging_mixin.py:190} INFO - [2024-11-23T04:11:16.585+0000] {dag.py:4180} INFO - Setting next_dagrun for example_task_group to None, run_after=None
[2024-11-23T04:11:16.938+0000] {processor.py:208} INFO - Processing /home/airflow/.local/lib/python3.12/site-packages/airflow/example_dags/example_task_group.py took 1.330 seconds
