[2024-11-23T03:25:29.805+0000] {processor.py:186} INFO - Started process (PID=116) to work on /home/airflow/.local/lib/python3.12/site-packages/airflow/example_dags/example_skip_dag.py
[2024-11-23T03:25:29.808+0000] {processor.py:914} INFO - Processing file /home/airflow/.local/lib/python3.12/site-packages/airflow/example_dags/example_skip_dag.py for tasks to queue
[2024-11-23T03:25:29.826+0000] {logging_mixin.py:190} INFO - [2024-11-23T03:25:29.817+0000] {dagbag.py:588} INFO - Filling up the DagBag from /home/airflow/.local/lib/python3.12/site-packages/airflow/example_dags/example_skip_dag.py
[2024-11-23T03:25:29.901+0000] {processor.py:925} INFO - DAG(s) 'example_skip_dag' retrieved from /home/airflow/.local/lib/python3.12/site-packages/airflow/example_dags/example_skip_dag.py
[2024-11-23T03:25:30.570+0000] {logging_mixin.py:190} INFO - [2024-11-23T03:25:30.569+0000] {override.py:1911} INFO - Created Permission View: can edit on DAG:example_skip_dag
[2024-11-23T03:25:30.597+0000] {logging_mixin.py:190} INFO - [2024-11-23T03:25:30.597+0000] {override.py:1911} INFO - Created Permission View: can read on DAG:example_skip_dag
[2024-11-23T03:25:30.609+0000] {logging_mixin.py:190} INFO - [2024-11-23T03:25:30.608+0000] {override.py:1911} INFO - Created Permission View: can delete on DAG:example_skip_dag
[2024-11-23T03:25:30.625+0000] {logging_mixin.py:190} INFO - [2024-11-23T03:25:30.625+0000] {override.py:1911} INFO - Created Permission View: can create on DAG Run:example_skip_dag
[2024-11-23T03:25:30.642+0000] {logging_mixin.py:190} INFO - [2024-11-23T03:25:30.641+0000] {override.py:1911} INFO - Created Permission View: menu access on DAG Run:example_skip_dag
[2024-11-23T03:25:30.658+0000] {logging_mixin.py:190} INFO - [2024-11-23T03:25:30.658+0000] {override.py:1911} INFO - Created Permission View: can read on DAG Run:example_skip_dag
[2024-11-23T03:25:30.676+0000] {logging_mixin.py:190} INFO - [2024-11-23T03:25:30.675+0000] {override.py:1911} INFO - Created Permission View: can delete on DAG Run:example_skip_dag
[2024-11-23T03:25:30.677+0000] {logging_mixin.py:190} INFO - [2024-11-23T03:25:30.676+0000] {dag.py:3239} INFO - Sync 1 DAGs
[2024-11-23T03:25:30.707+0000] {logging_mixin.py:190} INFO - [2024-11-23T03:25:30.706+0000] {dag.py:3262} INFO - Creating ORM DAG for example_skip_dag
[2024-11-23T03:25:30.733+0000] {logging_mixin.py:190} INFO - [2024-11-23T03:25:30.733+0000] {dag.py:4180} INFO - Setting next_dagrun for example_skip_dag to 2024-11-22 00:00:00+00:00, run_after=2024-11-23 00:00:00+00:00
[2024-11-23T03:25:30.771+0000] {processor.py:208} INFO - Processing /home/airflow/.local/lib/python3.12/site-packages/airflow/example_dags/example_skip_dag.py took 1.000 seconds
[2024-11-23T03:26:01.472+0000] {processor.py:186} INFO - Started process (PID=179) to work on /home/airflow/.local/lib/python3.12/site-packages/airflow/example_dags/example_skip_dag.py
[2024-11-23T03:26:01.474+0000] {processor.py:914} INFO - Processing file /home/airflow/.local/lib/python3.12/site-packages/airflow/example_dags/example_skip_dag.py for tasks to queue
[2024-11-23T03:26:01.479+0000] {logging_mixin.py:190} INFO - [2024-11-23T03:26:01.479+0000] {dagbag.py:588} INFO - Filling up the DagBag from /home/airflow/.local/lib/python3.12/site-packages/airflow/example_dags/example_skip_dag.py
[2024-11-23T03:26:01.495+0000] {processor.py:925} INFO - DAG(s) 'example_skip_dag' retrieved from /home/airflow/.local/lib/python3.12/site-packages/airflow/example_dags/example_skip_dag.py
[2024-11-23T03:26:01.538+0000] {logging_mixin.py:190} INFO - [2024-11-23T03:26:01.537+0000] {dag.py:3239} INFO - Sync 1 DAGs
[2024-11-23T03:26:01.593+0000] {logging_mixin.py:190} INFO - [2024-11-23T03:26:01.591+0000] {dag.py:4180} INFO - Setting next_dagrun for example_skip_dag to 2024-11-22 00:00:00+00:00, run_after=2024-11-23 00:00:00+00:00
[2024-11-23T03:26:01.634+0000] {processor.py:208} INFO - Processing /home/airflow/.local/lib/python3.12/site-packages/airflow/example_dags/example_skip_dag.py took 0.172 seconds
[2024-11-23T03:26:31.776+0000] {processor.py:186} INFO - Started process (PID=243) to work on /home/airflow/.local/lib/python3.12/site-packages/airflow/example_dags/example_skip_dag.py
[2024-11-23T03:26:31.778+0000] {processor.py:914} INFO - Processing file /home/airflow/.local/lib/python3.12/site-packages/airflow/example_dags/example_skip_dag.py for tasks to queue
[2024-11-23T03:26:31.783+0000] {logging_mixin.py:190} INFO - [2024-11-23T03:26:31.783+0000] {dagbag.py:588} INFO - Filling up the DagBag from /home/airflow/.local/lib/python3.12/site-packages/airflow/example_dags/example_skip_dag.py
[2024-11-23T03:26:31.820+0000] {processor.py:925} INFO - DAG(s) 'example_skip_dag' retrieved from /home/airflow/.local/lib/python3.12/site-packages/airflow/example_dags/example_skip_dag.py
[2024-11-23T03:26:31.964+0000] {logging_mixin.py:190} INFO - [2024-11-23T03:26:31.963+0000] {dag.py:3239} INFO - Sync 1 DAGs
[2024-11-23T03:26:32.016+0000] {logging_mixin.py:190} INFO - [2024-11-23T03:26:32.015+0000] {dag.py:4180} INFO - Setting next_dagrun for example_skip_dag to 2024-11-22 00:00:00+00:00, run_after=2024-11-23 00:00:00+00:00
[2024-11-23T03:26:32.061+0000] {processor.py:208} INFO - Processing /home/airflow/.local/lib/python3.12/site-packages/airflow/example_dags/example_skip_dag.py took 0.308 seconds
[2024-11-23T03:27:11.210+0000] {processor.py:186} INFO - Started process (PID=313) to work on /home/airflow/.local/lib/python3.12/site-packages/airflow/example_dags/example_skip_dag.py
[2024-11-23T03:27:11.211+0000] {processor.py:914} INFO - Processing file /home/airflow/.local/lib/python3.12/site-packages/airflow/example_dags/example_skip_dag.py for tasks to queue
[2024-11-23T03:27:11.217+0000] {logging_mixin.py:190} INFO - [2024-11-23T03:27:11.216+0000] {dagbag.py:588} INFO - Filling up the DagBag from /home/airflow/.local/lib/python3.12/site-packages/airflow/example_dags/example_skip_dag.py
[2024-11-23T03:27:11.240+0000] {processor.py:925} INFO - DAG(s) 'example_skip_dag' retrieved from /home/airflow/.local/lib/python3.12/site-packages/airflow/example_dags/example_skip_dag.py
[2024-11-23T03:27:11.296+0000] {logging_mixin.py:190} INFO - [2024-11-23T03:27:11.295+0000] {dag.py:3239} INFO - Sync 1 DAGs
[2024-11-23T03:27:11.347+0000] {logging_mixin.py:190} INFO - [2024-11-23T03:27:11.346+0000] {dag.py:4180} INFO - Setting next_dagrun for example_skip_dag to 2024-11-22 00:00:00+00:00, run_after=2024-11-23 00:00:00+00:00
[2024-11-23T03:27:11.410+0000] {processor.py:208} INFO - Processing /home/airflow/.local/lib/python3.12/site-packages/airflow/example_dags/example_skip_dag.py took 0.213 seconds
[2024-11-23T03:27:54.263+0000] {processor.py:186} INFO - Started process (PID=380) to work on /home/airflow/.local/lib/python3.12/site-packages/airflow/example_dags/example_skip_dag.py
[2024-11-23T03:27:54.267+0000] {processor.py:914} INFO - Processing file /home/airflow/.local/lib/python3.12/site-packages/airflow/example_dags/example_skip_dag.py for tasks to queue
[2024-11-23T03:27:54.288+0000] {logging_mixin.py:190} INFO - [2024-11-23T03:27:54.287+0000] {dagbag.py:588} INFO - Filling up the DagBag from /home/airflow/.local/lib/python3.12/site-packages/airflow/example_dags/example_skip_dag.py
[2024-11-23T03:27:54.329+0000] {processor.py:925} INFO - DAG(s) 'example_skip_dag' retrieved from /home/airflow/.local/lib/python3.12/site-packages/airflow/example_dags/example_skip_dag.py
[2024-11-23T03:27:54.459+0000] {logging_mixin.py:190} INFO - [2024-11-23T03:27:54.458+0000] {dag.py:3239} INFO - Sync 1 DAGs
[2024-11-23T03:27:54.562+0000] {logging_mixin.py:190} INFO - [2024-11-23T03:27:54.562+0000] {dag.py:4180} INFO - Setting next_dagrun for example_skip_dag to 2024-11-22 00:00:00+00:00, run_after=2024-11-23 00:00:00+00:00
[2024-11-23T03:27:54.689+0000] {processor.py:208} INFO - Processing /home/airflow/.local/lib/python3.12/site-packages/airflow/example_dags/example_skip_dag.py took 0.474 seconds
[2024-11-23T03:28:26.194+0000] {processor.py:186} INFO - Started process (PID=442) to work on /home/airflow/.local/lib/python3.12/site-packages/airflow/example_dags/example_skip_dag.py
[2024-11-23T03:28:26.196+0000] {processor.py:914} INFO - Processing file /home/airflow/.local/lib/python3.12/site-packages/airflow/example_dags/example_skip_dag.py for tasks to queue
[2024-11-23T03:28:26.204+0000] {logging_mixin.py:190} INFO - [2024-11-23T03:28:26.203+0000] {dagbag.py:588} INFO - Filling up the DagBag from /home/airflow/.local/lib/python3.12/site-packages/airflow/example_dags/example_skip_dag.py
[2024-11-23T03:28:26.237+0000] {processor.py:925} INFO - DAG(s) 'example_skip_dag' retrieved from /home/airflow/.local/lib/python3.12/site-packages/airflow/example_dags/example_skip_dag.py
[2024-11-23T03:28:26.298+0000] {logging_mixin.py:190} INFO - [2024-11-23T03:28:26.298+0000] {dag.py:3239} INFO - Sync 1 DAGs
[2024-11-23T03:28:26.386+0000] {logging_mixin.py:190} INFO - [2024-11-23T03:28:26.385+0000] {dag.py:4180} INFO - Setting next_dagrun for example_skip_dag to 2024-11-22 00:00:00+00:00, run_after=2024-11-23 00:00:00+00:00
[2024-11-23T03:28:27.085+0000] {processor.py:208} INFO - Processing /home/airflow/.local/lib/python3.12/site-packages/airflow/example_dags/example_skip_dag.py took 0.913 seconds
[2024-11-23T03:28:57.467+0000] {processor.py:186} INFO - Started process (PID=504) to work on /home/airflow/.local/lib/python3.12/site-packages/airflow/example_dags/example_skip_dag.py
[2024-11-23T03:28:57.471+0000] {processor.py:914} INFO - Processing file /home/airflow/.local/lib/python3.12/site-packages/airflow/example_dags/example_skip_dag.py for tasks to queue
[2024-11-23T03:28:57.488+0000] {logging_mixin.py:190} INFO - [2024-11-23T03:28:57.476+0000] {dagbag.py:588} INFO - Filling up the DagBag from /home/airflow/.local/lib/python3.12/site-packages/airflow/example_dags/example_skip_dag.py
[2024-11-23T03:28:57.516+0000] {processor.py:925} INFO - DAG(s) 'example_skip_dag' retrieved from /home/airflow/.local/lib/python3.12/site-packages/airflow/example_dags/example_skip_dag.py
[2024-11-23T03:28:57.571+0000] {logging_mixin.py:190} INFO - [2024-11-23T03:28:57.571+0000] {dag.py:3239} INFO - Sync 1 DAGs
[2024-11-23T03:28:57.664+0000] {logging_mixin.py:190} INFO - [2024-11-23T03:28:57.663+0000] {dag.py:4180} INFO - Setting next_dagrun for example_skip_dag to 2024-11-22 00:00:00+00:00, run_after=2024-11-23 00:00:00+00:00
[2024-11-23T03:28:57.705+0000] {processor.py:208} INFO - Processing /home/airflow/.local/lib/python3.12/site-packages/airflow/example_dags/example_skip_dag.py took 0.271 seconds
[2024-11-23T03:29:28.763+0000] {processor.py:186} INFO - Started process (PID=567) to work on /home/airflow/.local/lib/python3.12/site-packages/airflow/example_dags/example_skip_dag.py
[2024-11-23T03:29:28.766+0000] {processor.py:914} INFO - Processing file /home/airflow/.local/lib/python3.12/site-packages/airflow/example_dags/example_skip_dag.py for tasks to queue
[2024-11-23T03:29:28.770+0000] {logging_mixin.py:190} INFO - [2024-11-23T03:29:28.769+0000] {dagbag.py:588} INFO - Filling up the DagBag from /home/airflow/.local/lib/python3.12/site-packages/airflow/example_dags/example_skip_dag.py
[2024-11-23T03:29:28.785+0000] {processor.py:925} INFO - DAG(s) 'example_skip_dag' retrieved from /home/airflow/.local/lib/python3.12/site-packages/airflow/example_dags/example_skip_dag.py
[2024-11-23T03:29:28.824+0000] {logging_mixin.py:190} INFO - [2024-11-23T03:29:28.824+0000] {dag.py:3239} INFO - Sync 1 DAGs
[2024-11-23T03:29:28.867+0000] {logging_mixin.py:190} INFO - [2024-11-23T03:29:28.867+0000] {dag.py:4180} INFO - Setting next_dagrun for example_skip_dag to 2024-11-22 00:00:00+00:00, run_after=2024-11-23 00:00:00+00:00
[2024-11-23T03:29:28.907+0000] {processor.py:208} INFO - Processing /home/airflow/.local/lib/python3.12/site-packages/airflow/example_dags/example_skip_dag.py took 0.155 seconds
[2024-11-23T03:30:10.871+0000] {processor.py:186} INFO - Started process (PID=639) to work on /home/airflow/.local/lib/python3.12/site-packages/airflow/example_dags/example_skip_dag.py
[2024-11-23T03:30:10.873+0000] {processor.py:914} INFO - Processing file /home/airflow/.local/lib/python3.12/site-packages/airflow/example_dags/example_skip_dag.py for tasks to queue
[2024-11-23T03:30:10.882+0000] {logging_mixin.py:190} INFO - [2024-11-23T03:30:10.878+0000] {dagbag.py:588} INFO - Filling up the DagBag from /home/airflow/.local/lib/python3.12/site-packages/airflow/example_dags/example_skip_dag.py
[2024-11-23T03:30:10.896+0000] {processor.py:925} INFO - DAG(s) 'example_skip_dag' retrieved from /home/airflow/.local/lib/python3.12/site-packages/airflow/example_dags/example_skip_dag.py
[2024-11-23T03:30:10.936+0000] {logging_mixin.py:190} INFO - [2024-11-23T03:30:10.936+0000] {dag.py:3239} INFO - Sync 1 DAGs
[2024-11-23T03:30:10.981+0000] {logging_mixin.py:190} INFO - [2024-11-23T03:30:10.980+0000] {dag.py:4180} INFO - Setting next_dagrun for example_skip_dag to 2024-11-22 00:00:00+00:00, run_after=2024-11-23 00:00:00+00:00
[2024-11-23T03:30:11.017+0000] {processor.py:208} INFO - Processing /home/airflow/.local/lib/python3.12/site-packages/airflow/example_dags/example_skip_dag.py took 0.155 seconds
[2024-11-23T03:30:54.283+0000] {processor.py:186} INFO - Started process (PID=697) to work on /home/airflow/.local/lib/python3.12/site-packages/airflow/example_dags/example_skip_dag.py
[2024-11-23T03:30:54.291+0000] {processor.py:914} INFO - Processing file /home/airflow/.local/lib/python3.12/site-packages/airflow/example_dags/example_skip_dag.py for tasks to queue
[2024-11-23T03:30:54.315+0000] {logging_mixin.py:190} INFO - [2024-11-23T03:30:54.306+0000] {dagbag.py:588} INFO - Filling up the DagBag from /home/airflow/.local/lib/python3.12/site-packages/airflow/example_dags/example_skip_dag.py
[2024-11-23T03:30:54.369+0000] {processor.py:925} INFO - DAG(s) 'example_skip_dag' retrieved from /home/airflow/.local/lib/python3.12/site-packages/airflow/example_dags/example_skip_dag.py
[2024-11-23T03:30:54.577+0000] {logging_mixin.py:190} INFO - [2024-11-23T03:30:54.577+0000] {dag.py:3239} INFO - Sync 1 DAGs
[2024-11-23T03:30:54.722+0000] {logging_mixin.py:190} INFO - [2024-11-23T03:30:54.721+0000] {dag.py:4180} INFO - Setting next_dagrun for example_skip_dag to 2024-11-22 00:00:00+00:00, run_after=2024-11-23 00:00:00+00:00
[2024-11-23T03:30:54.855+0000] {processor.py:208} INFO - Processing /home/airflow/.local/lib/python3.12/site-packages/airflow/example_dags/example_skip_dag.py took 0.615 seconds
[2024-11-23T03:31:25.876+0000] {processor.py:186} INFO - Started process (PID=760) to work on /home/airflow/.local/lib/python3.12/site-packages/airflow/example_dags/example_skip_dag.py
[2024-11-23T03:31:25.877+0000] {processor.py:914} INFO - Processing file /home/airflow/.local/lib/python3.12/site-packages/airflow/example_dags/example_skip_dag.py for tasks to queue
[2024-11-23T03:31:25.882+0000] {logging_mixin.py:190} INFO - [2024-11-23T03:31:25.882+0000] {dagbag.py:588} INFO - Filling up the DagBag from /home/airflow/.local/lib/python3.12/site-packages/airflow/example_dags/example_skip_dag.py
[2024-11-23T03:31:25.895+0000] {processor.py:925} INFO - DAG(s) 'example_skip_dag' retrieved from /home/airflow/.local/lib/python3.12/site-packages/airflow/example_dags/example_skip_dag.py
[2024-11-23T03:31:25.937+0000] {logging_mixin.py:190} INFO - [2024-11-23T03:31:25.936+0000] {dag.py:3239} INFO - Sync 1 DAGs
[2024-11-23T03:31:26.040+0000] {logging_mixin.py:190} INFO - [2024-11-23T03:31:26.040+0000] {dag.py:4180} INFO - Setting next_dagrun for example_skip_dag to 2024-11-22 00:00:00+00:00, run_after=2024-11-23 00:00:00+00:00
[2024-11-23T03:31:26.134+0000] {processor.py:208} INFO - Processing /home/airflow/.local/lib/python3.12/site-packages/airflow/example_dags/example_skip_dag.py took 0.270 seconds
[2024-11-23T03:32:53.218+0000] {processor.py:186} INFO - Started process (PID=855) to work on /home/airflow/.local/lib/python3.12/site-packages/airflow/example_dags/example_skip_dag.py
[2024-11-23T03:32:53.227+0000] {processor.py:914} INFO - Processing file /home/airflow/.local/lib/python3.12/site-packages/airflow/example_dags/example_skip_dag.py for tasks to queue
[2024-11-23T03:32:53.233+0000] {logging_mixin.py:190} INFO - [2024-11-23T03:32:53.232+0000] {dagbag.py:588} INFO - Filling up the DagBag from /home/airflow/.local/lib/python3.12/site-packages/airflow/example_dags/example_skip_dag.py
[2024-11-23T03:32:53.256+0000] {processor.py:925} INFO - DAG(s) 'example_skip_dag' retrieved from /home/airflow/.local/lib/python3.12/site-packages/airflow/example_dags/example_skip_dag.py
[2024-11-23T03:32:53.318+0000] {logging_mixin.py:190} INFO - [2024-11-23T03:32:53.317+0000] {dag.py:3239} INFO - Sync 1 DAGs
[2024-11-23T03:32:53.390+0000] {logging_mixin.py:190} INFO - [2024-11-23T03:32:53.389+0000] {dag.py:4180} INFO - Setting next_dagrun for example_skip_dag to 2024-11-22 00:00:00+00:00, run_after=2024-11-23 00:00:00+00:00
[2024-11-23T03:32:53.447+0000] {processor.py:208} INFO - Processing /home/airflow/.local/lib/python3.12/site-packages/airflow/example_dags/example_skip_dag.py took 0.245 seconds
[2024-11-23T03:33:26.755+0000] {processor.py:186} INFO - Started process (PID=917) to work on /home/airflow/.local/lib/python3.12/site-packages/airflow/example_dags/example_skip_dag.py
[2024-11-23T03:33:26.762+0000] {processor.py:914} INFO - Processing file /home/airflow/.local/lib/python3.12/site-packages/airflow/example_dags/example_skip_dag.py for tasks to queue
[2024-11-23T03:33:26.771+0000] {logging_mixin.py:190} INFO - [2024-11-23T03:33:26.771+0000] {dagbag.py:588} INFO - Filling up the DagBag from /home/airflow/.local/lib/python3.12/site-packages/airflow/example_dags/example_skip_dag.py
[2024-11-23T03:33:26.810+0000] {processor.py:925} INFO - DAG(s) 'example_skip_dag' retrieved from /home/airflow/.local/lib/python3.12/site-packages/airflow/example_dags/example_skip_dag.py
[2024-11-23T03:33:26.860+0000] {logging_mixin.py:190} INFO - [2024-11-23T03:33:26.860+0000] {dag.py:3239} INFO - Sync 1 DAGs
[2024-11-23T03:33:27.010+0000] {logging_mixin.py:190} INFO - [2024-11-23T03:33:27.010+0000] {dag.py:4180} INFO - Setting next_dagrun for example_skip_dag to 2024-11-22 00:00:00+00:00, run_after=2024-11-23 00:00:00+00:00
[2024-11-23T03:33:27.121+0000] {processor.py:208} INFO - Processing /home/airflow/.local/lib/python3.12/site-packages/airflow/example_dags/example_skip_dag.py took 0.405 seconds
[2024-11-23T03:34:02.148+0000] {processor.py:186} INFO - Started process (PID=985) to work on /home/airflow/.local/lib/python3.12/site-packages/airflow/example_dags/example_skip_dag.py
[2024-11-23T03:34:02.150+0000] {processor.py:914} INFO - Processing file /home/airflow/.local/lib/python3.12/site-packages/airflow/example_dags/example_skip_dag.py for tasks to queue
[2024-11-23T03:34:02.156+0000] {logging_mixin.py:190} INFO - [2024-11-23T03:34:02.155+0000] {dagbag.py:588} INFO - Filling up the DagBag from /home/airflow/.local/lib/python3.12/site-packages/airflow/example_dags/example_skip_dag.py
[2024-11-23T03:34:02.169+0000] {processor.py:925} INFO - DAG(s) 'example_skip_dag' retrieved from /home/airflow/.local/lib/python3.12/site-packages/airflow/example_dags/example_skip_dag.py
[2024-11-23T03:34:02.204+0000] {logging_mixin.py:190} INFO - [2024-11-23T03:34:02.204+0000] {dag.py:3239} INFO - Sync 1 DAGs
[2024-11-23T03:34:02.251+0000] {logging_mixin.py:190} INFO - [2024-11-23T03:34:02.251+0000] {dag.py:4180} INFO - Setting next_dagrun for example_skip_dag to 2024-11-22 00:00:00+00:00, run_after=2024-11-23 00:00:00+00:00
[2024-11-23T03:34:02.285+0000] {processor.py:208} INFO - Processing /home/airflow/.local/lib/python3.12/site-packages/airflow/example_dags/example_skip_dag.py took 0.146 seconds
[2024-11-23T03:34:39.529+0000] {processor.py:186} INFO - Started process (PID=1048) to work on /home/airflow/.local/lib/python3.12/site-packages/airflow/example_dags/example_skip_dag.py
[2024-11-23T03:34:39.532+0000] {processor.py:914} INFO - Processing file /home/airflow/.local/lib/python3.12/site-packages/airflow/example_dags/example_skip_dag.py for tasks to queue
[2024-11-23T03:34:39.538+0000] {logging_mixin.py:190} INFO - [2024-11-23T03:34:39.538+0000] {dagbag.py:588} INFO - Filling up the DagBag from /home/airflow/.local/lib/python3.12/site-packages/airflow/example_dags/example_skip_dag.py
[2024-11-23T03:34:39.562+0000] {processor.py:925} INFO - DAG(s) 'example_skip_dag' retrieved from /home/airflow/.local/lib/python3.12/site-packages/airflow/example_dags/example_skip_dag.py
[2024-11-23T03:34:39.644+0000] {logging_mixin.py:190} INFO - [2024-11-23T03:34:39.643+0000] {dag.py:3239} INFO - Sync 1 DAGs
[2024-11-23T03:34:39.730+0000] {logging_mixin.py:190} INFO - [2024-11-23T03:34:39.729+0000] {dag.py:4180} INFO - Setting next_dagrun for example_skip_dag to 2024-11-22 00:00:00+00:00, run_after=2024-11-23 00:00:00+00:00
[2024-11-23T03:34:39.780+0000] {processor.py:208} INFO - Processing /home/airflow/.local/lib/python3.12/site-packages/airflow/example_dags/example_skip_dag.py took 0.266 seconds
[2024-11-23T03:35:16.960+0000] {processor.py:186} INFO - Started process (PID=1118) to work on /home/airflow/.local/lib/python3.12/site-packages/airflow/example_dags/example_skip_dag.py
[2024-11-23T03:35:16.962+0000] {processor.py:914} INFO - Processing file /home/airflow/.local/lib/python3.12/site-packages/airflow/example_dags/example_skip_dag.py for tasks to queue
[2024-11-23T03:35:16.966+0000] {logging_mixin.py:190} INFO - [2024-11-23T03:35:16.966+0000] {dagbag.py:588} INFO - Filling up the DagBag from /home/airflow/.local/lib/python3.12/site-packages/airflow/example_dags/example_skip_dag.py
[2024-11-23T03:35:16.985+0000] {processor.py:925} INFO - DAG(s) 'example_skip_dag' retrieved from /home/airflow/.local/lib/python3.12/site-packages/airflow/example_dags/example_skip_dag.py
[2024-11-23T03:35:17.092+0000] {logging_mixin.py:190} INFO - [2024-11-23T03:35:17.091+0000] {dag.py:3239} INFO - Sync 1 DAGs
[2024-11-23T03:35:17.206+0000] {logging_mixin.py:190} INFO - [2024-11-23T03:35:17.206+0000] {dag.py:4180} INFO - Setting next_dagrun for example_skip_dag to 2024-11-22 00:00:00+00:00, run_after=2024-11-23 00:00:00+00:00
[2024-11-23T03:35:17.257+0000] {processor.py:208} INFO - Processing /home/airflow/.local/lib/python3.12/site-packages/airflow/example_dags/example_skip_dag.py took 0.310 seconds
[2024-11-23T03:35:47.905+0000] {processor.py:186} INFO - Started process (PID=1181) to work on /home/airflow/.local/lib/python3.12/site-packages/airflow/example_dags/example_skip_dag.py
[2024-11-23T03:35:47.907+0000] {processor.py:914} INFO - Processing file /home/airflow/.local/lib/python3.12/site-packages/airflow/example_dags/example_skip_dag.py for tasks to queue
[2024-11-23T03:35:47.912+0000] {logging_mixin.py:190} INFO - [2024-11-23T03:35:47.911+0000] {dagbag.py:588} INFO - Filling up the DagBag from /home/airflow/.local/lib/python3.12/site-packages/airflow/example_dags/example_skip_dag.py
[2024-11-23T03:35:47.955+0000] {processor.py:925} INFO - DAG(s) 'example_skip_dag' retrieved from /home/airflow/.local/lib/python3.12/site-packages/airflow/example_dags/example_skip_dag.py
[2024-11-23T03:35:48.092+0000] {logging_mixin.py:190} INFO - [2024-11-23T03:35:48.092+0000] {dag.py:3239} INFO - Sync 1 DAGs
[2024-11-23T03:35:48.171+0000] {logging_mixin.py:190} INFO - [2024-11-23T03:35:48.171+0000] {dag.py:4180} INFO - Setting next_dagrun for example_skip_dag to 2024-11-22 00:00:00+00:00, run_after=2024-11-23 00:00:00+00:00
[2024-11-23T03:35:48.245+0000] {processor.py:208} INFO - Processing /home/airflow/.local/lib/python3.12/site-packages/airflow/example_dags/example_skip_dag.py took 0.353 seconds
[2024-11-23T03:36:21.077+0000] {processor.py:186} INFO - Started process (PID=1244) to work on /home/airflow/.local/lib/python3.12/site-packages/airflow/example_dags/example_skip_dag.py
[2024-11-23T03:36:21.079+0000] {processor.py:914} INFO - Processing file /home/airflow/.local/lib/python3.12/site-packages/airflow/example_dags/example_skip_dag.py for tasks to queue
[2024-11-23T03:36:21.092+0000] {logging_mixin.py:190} INFO - [2024-11-23T03:36:21.090+0000] {dagbag.py:588} INFO - Filling up the DagBag from /home/airflow/.local/lib/python3.12/site-packages/airflow/example_dags/example_skip_dag.py
[2024-11-23T03:36:21.118+0000] {processor.py:925} INFO - DAG(s) 'example_skip_dag' retrieved from /home/airflow/.local/lib/python3.12/site-packages/airflow/example_dags/example_skip_dag.py
[2024-11-23T03:36:21.189+0000] {logging_mixin.py:190} INFO - [2024-11-23T03:36:21.184+0000] {dag.py:3239} INFO - Sync 1 DAGs
[2024-11-23T03:36:21.270+0000] {logging_mixin.py:190} INFO - [2024-11-23T03:36:21.267+0000] {dag.py:4180} INFO - Setting next_dagrun for example_skip_dag to 2024-11-22 00:00:00+00:00, run_after=2024-11-23 00:00:00+00:00
[2024-11-23T03:36:21.343+0000] {processor.py:208} INFO - Processing /home/airflow/.local/lib/python3.12/site-packages/airflow/example_dags/example_skip_dag.py took 0.283 seconds
[2024-11-23T03:36:52.457+0000] {processor.py:186} INFO - Started process (PID=1306) to work on /home/airflow/.local/lib/python3.12/site-packages/airflow/example_dags/example_skip_dag.py
[2024-11-23T03:36:52.459+0000] {processor.py:914} INFO - Processing file /home/airflow/.local/lib/python3.12/site-packages/airflow/example_dags/example_skip_dag.py for tasks to queue
[2024-11-23T03:36:52.463+0000] {logging_mixin.py:190} INFO - [2024-11-23T03:36:52.462+0000] {dagbag.py:588} INFO - Filling up the DagBag from /home/airflow/.local/lib/python3.12/site-packages/airflow/example_dags/example_skip_dag.py
[2024-11-23T03:36:52.482+0000] {processor.py:925} INFO - DAG(s) 'example_skip_dag' retrieved from /home/airflow/.local/lib/python3.12/site-packages/airflow/example_dags/example_skip_dag.py
[2024-11-23T03:36:52.574+0000] {logging_mixin.py:190} INFO - [2024-11-23T03:36:52.573+0000] {dag.py:3239} INFO - Sync 1 DAGs
[2024-11-23T03:36:52.642+0000] {logging_mixin.py:190} INFO - [2024-11-23T03:36:52.641+0000] {dag.py:4180} INFO - Setting next_dagrun for example_skip_dag to 2024-11-22 00:00:00+00:00, run_after=2024-11-23 00:00:00+00:00
[2024-11-23T03:36:52.682+0000] {processor.py:208} INFO - Processing /home/airflow/.local/lib/python3.12/site-packages/airflow/example_dags/example_skip_dag.py took 0.234 seconds
[2024-11-23T03:37:28.189+0000] {processor.py:186} INFO - Started process (PID=1369) to work on /home/airflow/.local/lib/python3.12/site-packages/airflow/example_dags/example_skip_dag.py
[2024-11-23T03:37:28.208+0000] {processor.py:914} INFO - Processing file /home/airflow/.local/lib/python3.12/site-packages/airflow/example_dags/example_skip_dag.py for tasks to queue
[2024-11-23T03:37:28.224+0000] {logging_mixin.py:190} INFO - [2024-11-23T03:37:28.223+0000] {dagbag.py:588} INFO - Filling up the DagBag from /home/airflow/.local/lib/python3.12/site-packages/airflow/example_dags/example_skip_dag.py
[2024-11-23T03:37:28.283+0000] {processor.py:925} INFO - DAG(s) 'example_skip_dag' retrieved from /home/airflow/.local/lib/python3.12/site-packages/airflow/example_dags/example_skip_dag.py
[2024-11-23T03:37:28.366+0000] {logging_mixin.py:190} INFO - [2024-11-23T03:37:28.366+0000] {dag.py:3239} INFO - Sync 1 DAGs
[2024-11-23T03:37:28.525+0000] {logging_mixin.py:190} INFO - [2024-11-23T03:37:28.525+0000] {dag.py:4180} INFO - Setting next_dagrun for example_skip_dag to 2024-11-22 00:00:00+00:00, run_after=2024-11-23 00:00:00+00:00
[2024-11-23T03:37:28.688+0000] {processor.py:208} INFO - Processing /home/airflow/.local/lib/python3.12/site-packages/airflow/example_dags/example_skip_dag.py took 0.534 seconds
[2024-11-23T03:38:00.511+0000] {processor.py:186} INFO - Started process (PID=1433) to work on /home/airflow/.local/lib/python3.12/site-packages/airflow/example_dags/example_skip_dag.py
[2024-11-23T03:38:00.513+0000] {processor.py:914} INFO - Processing file /home/airflow/.local/lib/python3.12/site-packages/airflow/example_dags/example_skip_dag.py for tasks to queue
[2024-11-23T03:38:00.518+0000] {logging_mixin.py:190} INFO - [2024-11-23T03:38:00.518+0000] {dagbag.py:588} INFO - Filling up the DagBag from /home/airflow/.local/lib/python3.12/site-packages/airflow/example_dags/example_skip_dag.py
[2024-11-23T03:38:00.533+0000] {processor.py:925} INFO - DAG(s) 'example_skip_dag' retrieved from /home/airflow/.local/lib/python3.12/site-packages/airflow/example_dags/example_skip_dag.py
[2024-11-23T03:38:00.570+0000] {logging_mixin.py:190} INFO - [2024-11-23T03:38:00.570+0000] {dag.py:3239} INFO - Sync 1 DAGs
[2024-11-23T03:38:00.615+0000] {logging_mixin.py:190} INFO - [2024-11-23T03:38:00.615+0000] {dag.py:4180} INFO - Setting next_dagrun for example_skip_dag to 2024-11-22 00:00:00+00:00, run_after=2024-11-23 00:00:00+00:00
[2024-11-23T03:38:00.647+0000] {processor.py:208} INFO - Processing /home/airflow/.local/lib/python3.12/site-packages/airflow/example_dags/example_skip_dag.py took 0.147 seconds
[2024-11-23T03:38:40.059+0000] {processor.py:186} INFO - Started process (PID=1507) to work on /home/airflow/.local/lib/python3.12/site-packages/airflow/example_dags/example_skip_dag.py
[2024-11-23T03:38:40.061+0000] {processor.py:914} INFO - Processing file /home/airflow/.local/lib/python3.12/site-packages/airflow/example_dags/example_skip_dag.py for tasks to queue
[2024-11-23T03:38:40.066+0000] {logging_mixin.py:190} INFO - [2024-11-23T03:38:40.065+0000] {dagbag.py:588} INFO - Filling up the DagBag from /home/airflow/.local/lib/python3.12/site-packages/airflow/example_dags/example_skip_dag.py
[2024-11-23T03:38:40.086+0000] {processor.py:925} INFO - DAG(s) 'example_skip_dag' retrieved from /home/airflow/.local/lib/python3.12/site-packages/airflow/example_dags/example_skip_dag.py
[2024-11-23T03:38:40.170+0000] {logging_mixin.py:190} INFO - [2024-11-23T03:38:40.170+0000] {dag.py:3239} INFO - Sync 1 DAGs
[2024-11-23T03:38:40.289+0000] {logging_mixin.py:190} INFO - [2024-11-23T03:38:40.288+0000] {dag.py:4180} INFO - Setting next_dagrun for example_skip_dag to 2024-11-22 00:00:00+00:00, run_after=2024-11-23 00:00:00+00:00
[2024-11-23T03:38:40.344+0000] {processor.py:208} INFO - Processing /home/airflow/.local/lib/python3.12/site-packages/airflow/example_dags/example_skip_dag.py took 0.295 seconds
[2024-11-23T03:39:11.611+0000] {processor.py:186} INFO - Started process (PID=1570) to work on /home/airflow/.local/lib/python3.12/site-packages/airflow/example_dags/example_skip_dag.py
[2024-11-23T03:39:11.659+0000] {processor.py:914} INFO - Processing file /home/airflow/.local/lib/python3.12/site-packages/airflow/example_dags/example_skip_dag.py for tasks to queue
[2024-11-23T03:39:11.677+0000] {logging_mixin.py:190} INFO - [2024-11-23T03:39:11.676+0000] {dagbag.py:588} INFO - Filling up the DagBag from /home/airflow/.local/lib/python3.12/site-packages/airflow/example_dags/example_skip_dag.py
[2024-11-23T03:39:11.742+0000] {processor.py:925} INFO - DAG(s) 'example_skip_dag' retrieved from /home/airflow/.local/lib/python3.12/site-packages/airflow/example_dags/example_skip_dag.py
[2024-11-23T03:39:11.853+0000] {logging_mixin.py:190} INFO - [2024-11-23T03:39:11.853+0000] {dag.py:3239} INFO - Sync 1 DAGs
[2024-11-23T03:39:12.004+0000] {logging_mixin.py:190} INFO - [2024-11-23T03:39:12.003+0000] {dag.py:4180} INFO - Setting next_dagrun for example_skip_dag to 2024-11-22 00:00:00+00:00, run_after=2024-11-23 00:00:00+00:00
[2024-11-23T03:39:12.149+0000] {processor.py:208} INFO - Processing /home/airflow/.local/lib/python3.12/site-packages/airflow/example_dags/example_skip_dag.py took 0.587 seconds
[2024-11-23T03:39:42.903+0000] {processor.py:186} INFO - Started process (PID=1633) to work on /home/airflow/.local/lib/python3.12/site-packages/airflow/example_dags/example_skip_dag.py
[2024-11-23T03:39:42.906+0000] {processor.py:914} INFO - Processing file /home/airflow/.local/lib/python3.12/site-packages/airflow/example_dags/example_skip_dag.py for tasks to queue
[2024-11-23T03:39:42.933+0000] {logging_mixin.py:190} INFO - [2024-11-23T03:39:42.932+0000] {dagbag.py:588} INFO - Filling up the DagBag from /home/airflow/.local/lib/python3.12/site-packages/airflow/example_dags/example_skip_dag.py
[2024-11-23T03:39:42.996+0000] {processor.py:925} INFO - DAG(s) 'example_skip_dag' retrieved from /home/airflow/.local/lib/python3.12/site-packages/airflow/example_dags/example_skip_dag.py
[2024-11-23T03:39:43.104+0000] {logging_mixin.py:190} INFO - [2024-11-23T03:39:43.103+0000] {dag.py:3239} INFO - Sync 1 DAGs
[2024-11-23T03:39:43.200+0000] {logging_mixin.py:190} INFO - [2024-11-23T03:39:43.200+0000] {dag.py:4180} INFO - Setting next_dagrun for example_skip_dag to 2024-11-22 00:00:00+00:00, run_after=2024-11-23 00:00:00+00:00
[2024-11-23T03:39:43.248+0000] {processor.py:208} INFO - Processing /home/airflow/.local/lib/python3.12/site-packages/airflow/example_dags/example_skip_dag.py took 0.368 seconds
[2024-11-23T03:40:16.593+0000] {processor.py:186} INFO - Started process (PID=1696) to work on /home/airflow/.local/lib/python3.12/site-packages/airflow/example_dags/example_skip_dag.py
[2024-11-23T03:40:16.595+0000] {processor.py:914} INFO - Processing file /home/airflow/.local/lib/python3.12/site-packages/airflow/example_dags/example_skip_dag.py for tasks to queue
[2024-11-23T03:40:16.600+0000] {logging_mixin.py:190} INFO - [2024-11-23T03:40:16.599+0000] {dagbag.py:588} INFO - Filling up the DagBag from /home/airflow/.local/lib/python3.12/site-packages/airflow/example_dags/example_skip_dag.py
[2024-11-23T03:40:16.626+0000] {processor.py:925} INFO - DAG(s) 'example_skip_dag' retrieved from /home/airflow/.local/lib/python3.12/site-packages/airflow/example_dags/example_skip_dag.py
[2024-11-23T03:40:16.689+0000] {logging_mixin.py:190} INFO - [2024-11-23T03:40:16.688+0000] {dag.py:3239} INFO - Sync 1 DAGs
[2024-11-23T03:40:16.763+0000] {logging_mixin.py:190} INFO - [2024-11-23T03:40:16.763+0000] {dag.py:4180} INFO - Setting next_dagrun for example_skip_dag to 2024-11-22 00:00:00+00:00, run_after=2024-11-23 00:00:00+00:00
[2024-11-23T03:40:16.813+0000] {processor.py:208} INFO - Processing /home/airflow/.local/lib/python3.12/site-packages/airflow/example_dags/example_skip_dag.py took 0.231 seconds
[2024-11-23T03:40:54.328+0000] {processor.py:186} INFO - Started process (PID=1761) to work on /home/airflow/.local/lib/python3.12/site-packages/airflow/example_dags/example_skip_dag.py
[2024-11-23T03:40:54.332+0000] {processor.py:914} INFO - Processing file /home/airflow/.local/lib/python3.12/site-packages/airflow/example_dags/example_skip_dag.py for tasks to queue
[2024-11-23T03:40:54.343+0000] {logging_mixin.py:190} INFO - [2024-11-23T03:40:54.342+0000] {dagbag.py:588} INFO - Filling up the DagBag from /home/airflow/.local/lib/python3.12/site-packages/airflow/example_dags/example_skip_dag.py
[2024-11-23T03:40:54.373+0000] {processor.py:925} INFO - DAG(s) 'example_skip_dag' retrieved from /home/airflow/.local/lib/python3.12/site-packages/airflow/example_dags/example_skip_dag.py
[2024-11-23T03:40:54.441+0000] {logging_mixin.py:190} INFO - [2024-11-23T03:40:54.441+0000] {dag.py:3239} INFO - Sync 1 DAGs
[2024-11-23T03:40:54.490+0000] {logging_mixin.py:190} INFO - [2024-11-23T03:40:54.490+0000] {dag.py:4180} INFO - Setting next_dagrun for example_skip_dag to 2024-11-22 00:00:00+00:00, run_after=2024-11-23 00:00:00+00:00
[2024-11-23T03:40:54.531+0000] {processor.py:208} INFO - Processing /home/airflow/.local/lib/python3.12/site-packages/airflow/example_dags/example_skip_dag.py took 0.226 seconds
[2024-11-23T03:41:27.020+0000] {processor.py:186} INFO - Started process (PID=1825) to work on /home/airflow/.local/lib/python3.12/site-packages/airflow/example_dags/example_skip_dag.py
[2024-11-23T03:41:27.022+0000] {processor.py:914} INFO - Processing file /home/airflow/.local/lib/python3.12/site-packages/airflow/example_dags/example_skip_dag.py for tasks to queue
[2024-11-23T03:41:27.031+0000] {logging_mixin.py:190} INFO - [2024-11-23T03:41:27.028+0000] {dagbag.py:588} INFO - Filling up the DagBag from /home/airflow/.local/lib/python3.12/site-packages/airflow/example_dags/example_skip_dag.py
[2024-11-23T03:41:27.075+0000] {processor.py:925} INFO - DAG(s) 'example_skip_dag' retrieved from /home/airflow/.local/lib/python3.12/site-packages/airflow/example_dags/example_skip_dag.py
[2024-11-23T03:41:27.259+0000] {logging_mixin.py:190} INFO - [2024-11-23T03:41:27.258+0000] {dag.py:3239} INFO - Sync 1 DAGs
[2024-11-23T03:41:27.360+0000] {logging_mixin.py:190} INFO - [2024-11-23T03:41:27.359+0000] {dag.py:4180} INFO - Setting next_dagrun for example_skip_dag to 2024-11-22 00:00:00+00:00, run_after=2024-11-23 00:00:00+00:00
[2024-11-23T03:41:27.420+0000] {processor.py:208} INFO - Processing /home/airflow/.local/lib/python3.12/site-packages/airflow/example_dags/example_skip_dag.py took 0.416 seconds
[2024-11-23T03:42:00.453+0000] {processor.py:186} INFO - Started process (PID=1889) to work on /home/airflow/.local/lib/python3.12/site-packages/airflow/example_dags/example_skip_dag.py
[2024-11-23T03:42:00.458+0000] {processor.py:914} INFO - Processing file /home/airflow/.local/lib/python3.12/site-packages/airflow/example_dags/example_skip_dag.py for tasks to queue
[2024-11-23T03:42:00.466+0000] {logging_mixin.py:190} INFO - [2024-11-23T03:42:00.465+0000] {dagbag.py:588} INFO - Filling up the DagBag from /home/airflow/.local/lib/python3.12/site-packages/airflow/example_dags/example_skip_dag.py
[2024-11-23T03:42:00.493+0000] {processor.py:925} INFO - DAG(s) 'example_skip_dag' retrieved from /home/airflow/.local/lib/python3.12/site-packages/airflow/example_dags/example_skip_dag.py
[2024-11-23T03:42:00.539+0000] {logging_mixin.py:190} INFO - [2024-11-23T03:42:00.538+0000] {dag.py:3239} INFO - Sync 1 DAGs
[2024-11-23T03:42:00.624+0000] {logging_mixin.py:190} INFO - [2024-11-23T03:42:00.624+0000] {dag.py:4180} INFO - Setting next_dagrun for example_skip_dag to 2024-11-22 00:00:00+00:00, run_after=2024-11-23 00:00:00+00:00
[2024-11-23T03:42:00.687+0000] {processor.py:208} INFO - Processing /home/airflow/.local/lib/python3.12/site-packages/airflow/example_dags/example_skip_dag.py took 0.253 seconds
[2024-11-23T03:42:32.665+0000] {processor.py:186} INFO - Started process (PID=1953) to work on /home/airflow/.local/lib/python3.12/site-packages/airflow/example_dags/example_skip_dag.py
[2024-11-23T03:42:32.667+0000] {processor.py:914} INFO - Processing file /home/airflow/.local/lib/python3.12/site-packages/airflow/example_dags/example_skip_dag.py for tasks to queue
[2024-11-23T03:42:32.681+0000] {logging_mixin.py:190} INFO - [2024-11-23T03:42:32.681+0000] {dagbag.py:588} INFO - Filling up the DagBag from /home/airflow/.local/lib/python3.12/site-packages/airflow/example_dags/example_skip_dag.py
[2024-11-23T03:42:32.730+0000] {processor.py:925} INFO - DAG(s) 'example_skip_dag' retrieved from /home/airflow/.local/lib/python3.12/site-packages/airflow/example_dags/example_skip_dag.py
[2024-11-23T03:42:32.842+0000] {logging_mixin.py:190} INFO - [2024-11-23T03:42:32.842+0000] {dag.py:3239} INFO - Sync 1 DAGs
[2024-11-23T03:42:33.026+0000] {logging_mixin.py:190} INFO - [2024-11-23T03:42:33.026+0000] {dag.py:4180} INFO - Setting next_dagrun for example_skip_dag to 2024-11-22 00:00:00+00:00, run_after=2024-11-23 00:00:00+00:00
[2024-11-23T03:42:33.259+0000] {processor.py:208} INFO - Processing /home/airflow/.local/lib/python3.12/site-packages/airflow/example_dags/example_skip_dag.py took 0.617 seconds
[2024-11-23T03:43:04.158+0000] {processor.py:186} INFO - Started process (PID=2017) to work on /home/airflow/.local/lib/python3.12/site-packages/airflow/example_dags/example_skip_dag.py
[2024-11-23T03:43:04.163+0000] {processor.py:914} INFO - Processing file /home/airflow/.local/lib/python3.12/site-packages/airflow/example_dags/example_skip_dag.py for tasks to queue
[2024-11-23T03:43:04.172+0000] {logging_mixin.py:190} INFO - [2024-11-23T03:43:04.171+0000] {dagbag.py:588} INFO - Filling up the DagBag from /home/airflow/.local/lib/python3.12/site-packages/airflow/example_dags/example_skip_dag.py
[2024-11-23T03:43:04.196+0000] {processor.py:925} INFO - DAG(s) 'example_skip_dag' retrieved from /home/airflow/.local/lib/python3.12/site-packages/airflow/example_dags/example_skip_dag.py
[2024-11-23T03:43:04.268+0000] {logging_mixin.py:190} INFO - [2024-11-23T03:43:04.268+0000] {dag.py:3239} INFO - Sync 1 DAGs
[2024-11-23T03:43:04.329+0000] {logging_mixin.py:190} INFO - [2024-11-23T03:43:04.328+0000] {dag.py:4180} INFO - Setting next_dagrun for example_skip_dag to 2024-11-22 00:00:00+00:00, run_after=2024-11-23 00:00:00+00:00
[2024-11-23T03:43:04.422+0000] {processor.py:208} INFO - Processing /home/airflow/.local/lib/python3.12/site-packages/airflow/example_dags/example_skip_dag.py took 0.288 seconds
[2024-11-23T03:43:37.947+0000] {processor.py:186} INFO - Started process (PID=2081) to work on /home/airflow/.local/lib/python3.12/site-packages/airflow/example_dags/example_skip_dag.py
[2024-11-23T03:43:37.949+0000] {processor.py:914} INFO - Processing file /home/airflow/.local/lib/python3.12/site-packages/airflow/example_dags/example_skip_dag.py for tasks to queue
[2024-11-23T03:43:37.955+0000] {logging_mixin.py:190} INFO - [2024-11-23T03:43:37.954+0000] {dagbag.py:588} INFO - Filling up the DagBag from /home/airflow/.local/lib/python3.12/site-packages/airflow/example_dags/example_skip_dag.py
[2024-11-23T03:43:37.980+0000] {processor.py:925} INFO - DAG(s) 'example_skip_dag' retrieved from /home/airflow/.local/lib/python3.12/site-packages/airflow/example_dags/example_skip_dag.py
[2024-11-23T03:43:38.034+0000] {logging_mixin.py:190} INFO - [2024-11-23T03:43:38.033+0000] {dag.py:3239} INFO - Sync 1 DAGs
[2024-11-23T03:43:38.096+0000] {logging_mixin.py:190} INFO - [2024-11-23T03:43:38.096+0000] {dag.py:4180} INFO - Setting next_dagrun for example_skip_dag to 2024-11-22 00:00:00+00:00, run_after=2024-11-23 00:00:00+00:00
[2024-11-23T03:43:38.143+0000] {processor.py:208} INFO - Processing /home/airflow/.local/lib/python3.12/site-packages/airflow/example_dags/example_skip_dag.py took 0.212 seconds
[2024-11-23T03:44:21.072+0000] {processor.py:186} INFO - Started process (PID=2154) to work on /home/airflow/.local/lib/python3.12/site-packages/airflow/example_dags/example_skip_dag.py
[2024-11-23T03:44:21.074+0000] {processor.py:914} INFO - Processing file /home/airflow/.local/lib/python3.12/site-packages/airflow/example_dags/example_skip_dag.py for tasks to queue
[2024-11-23T03:44:21.080+0000] {logging_mixin.py:190} INFO - [2024-11-23T03:44:21.079+0000] {dagbag.py:588} INFO - Filling up the DagBag from /home/airflow/.local/lib/python3.12/site-packages/airflow/example_dags/example_skip_dag.py
[2024-11-23T03:44:21.106+0000] {processor.py:925} INFO - DAG(s) 'example_skip_dag' retrieved from /home/airflow/.local/lib/python3.12/site-packages/airflow/example_dags/example_skip_dag.py
[2024-11-23T03:44:21.176+0000] {logging_mixin.py:190} INFO - [2024-11-23T03:44:21.175+0000] {dag.py:3239} INFO - Sync 1 DAGs
[2024-11-23T03:44:21.260+0000] {logging_mixin.py:190} INFO - [2024-11-23T03:44:21.259+0000] {dag.py:4180} INFO - Setting next_dagrun for example_skip_dag to 2024-11-22 00:00:00+00:00, run_after=2024-11-23 00:00:00+00:00
[2024-11-23T03:44:21.322+0000] {processor.py:208} INFO - Processing /home/airflow/.local/lib/python3.12/site-packages/airflow/example_dags/example_skip_dag.py took 0.266 seconds
[2024-11-23T03:44:59.535+0000] {processor.py:186} INFO - Started process (PID=2218) to work on /home/airflow/.local/lib/python3.12/site-packages/airflow/example_dags/example_skip_dag.py
[2024-11-23T03:44:59.538+0000] {processor.py:914} INFO - Processing file /home/airflow/.local/lib/python3.12/site-packages/airflow/example_dags/example_skip_dag.py for tasks to queue
[2024-11-23T03:44:59.550+0000] {logging_mixin.py:190} INFO - [2024-11-23T03:44:59.541+0000] {dagbag.py:588} INFO - Filling up the DagBag from /home/airflow/.local/lib/python3.12/site-packages/airflow/example_dags/example_skip_dag.py
[2024-11-23T03:44:59.631+0000] {processor.py:925} INFO - DAG(s) 'example_skip_dag' retrieved from /home/airflow/.local/lib/python3.12/site-packages/airflow/example_dags/example_skip_dag.py
[2024-11-23T03:44:59.764+0000] {logging_mixin.py:190} INFO - [2024-11-23T03:44:59.763+0000] {dag.py:3239} INFO - Sync 1 DAGs
[2024-11-23T03:44:59.996+0000] {logging_mixin.py:190} INFO - [2024-11-23T03:44:59.995+0000] {dag.py:4180} INFO - Setting next_dagrun for example_skip_dag to 2024-11-22 00:00:00+00:00, run_after=2024-11-23 00:00:00+00:00
[2024-11-23T03:45:00.170+0000] {processor.py:208} INFO - Processing /home/airflow/.local/lib/python3.12/site-packages/airflow/example_dags/example_skip_dag.py took 0.694 seconds
[2024-11-23T03:45:38.944+0000] {processor.py:186} INFO - Started process (PID=2283) to work on /home/airflow/.local/lib/python3.12/site-packages/airflow/example_dags/example_skip_dag.py
[2024-11-23T03:45:38.947+0000] {processor.py:914} INFO - Processing file /home/airflow/.local/lib/python3.12/site-packages/airflow/example_dags/example_skip_dag.py for tasks to queue
[2024-11-23T03:45:38.950+0000] {logging_mixin.py:190} INFO - [2024-11-23T03:45:38.949+0000] {dagbag.py:588} INFO - Filling up the DagBag from /home/airflow/.local/lib/python3.12/site-packages/airflow/example_dags/example_skip_dag.py
[2024-11-23T03:45:39.006+0000] {processor.py:925} INFO - DAG(s) 'example_skip_dag' retrieved from /home/airflow/.local/lib/python3.12/site-packages/airflow/example_dags/example_skip_dag.py
[2024-11-23T03:45:39.092+0000] {logging_mixin.py:190} INFO - [2024-11-23T03:45:39.092+0000] {dag.py:3239} INFO - Sync 1 DAGs
[2024-11-23T03:45:39.216+0000] {logging_mixin.py:190} INFO - [2024-11-23T03:45:39.216+0000] {dag.py:4180} INFO - Setting next_dagrun for example_skip_dag to 2024-11-22 00:00:00+00:00, run_after=2024-11-23 00:00:00+00:00
[2024-11-23T03:45:39.269+0000] {processor.py:208} INFO - Processing /home/airflow/.local/lib/python3.12/site-packages/airflow/example_dags/example_skip_dag.py took 0.344 seconds
[2024-11-23T03:46:09.336+0000] {processor.py:186} INFO - Started process (PID=2347) to work on /home/airflow/.local/lib/python3.12/site-packages/airflow/example_dags/example_skip_dag.py
[2024-11-23T03:46:09.338+0000] {processor.py:914} INFO - Processing file /home/airflow/.local/lib/python3.12/site-packages/airflow/example_dags/example_skip_dag.py for tasks to queue
[2024-11-23T03:46:09.340+0000] {logging_mixin.py:190} INFO - [2024-11-23T03:46:09.339+0000] {dagbag.py:588} INFO - Filling up the DagBag from /home/airflow/.local/lib/python3.12/site-packages/airflow/example_dags/example_skip_dag.py
[2024-11-23T03:46:09.371+0000] {processor.py:925} INFO - DAG(s) 'example_skip_dag' retrieved from /home/airflow/.local/lib/python3.12/site-packages/airflow/example_dags/example_skip_dag.py
[2024-11-23T03:46:09.403+0000] {logging_mixin.py:190} INFO - [2024-11-23T03:46:09.402+0000] {dag.py:3239} INFO - Sync 1 DAGs
[2024-11-23T03:46:09.467+0000] {logging_mixin.py:190} INFO - [2024-11-23T03:46:09.467+0000] {dag.py:4180} INFO - Setting next_dagrun for example_skip_dag to 2024-11-22 00:00:00+00:00, run_after=2024-11-23 00:00:00+00:00
[2024-11-23T03:46:09.497+0000] {processor.py:208} INFO - Processing /home/airflow/.local/lib/python3.12/site-packages/airflow/example_dags/example_skip_dag.py took 0.172 seconds
[2024-11-23T03:46:45.911+0000] {processor.py:186} INFO - Started process (PID=2411) to work on /home/airflow/.local/lib/python3.12/site-packages/airflow/example_dags/example_skip_dag.py
[2024-11-23T03:46:45.926+0000] {processor.py:914} INFO - Processing file /home/airflow/.local/lib/python3.12/site-packages/airflow/example_dags/example_skip_dag.py for tasks to queue
[2024-11-23T03:46:45.930+0000] {logging_mixin.py:190} INFO - [2024-11-23T03:46:45.929+0000] {dagbag.py:588} INFO - Filling up the DagBag from /home/airflow/.local/lib/python3.12/site-packages/airflow/example_dags/example_skip_dag.py
[2024-11-23T03:46:45.986+0000] {processor.py:925} INFO - DAG(s) 'example_skip_dag' retrieved from /home/airflow/.local/lib/python3.12/site-packages/airflow/example_dags/example_skip_dag.py
[2024-11-23T03:46:46.179+0000] {logging_mixin.py:190} INFO - [2024-11-23T03:46:46.167+0000] {dag.py:3239} INFO - Sync 1 DAGs
[2024-11-23T03:46:46.405+0000] {logging_mixin.py:190} INFO - [2024-11-23T03:46:46.404+0000] {dag.py:4180} INFO - Setting next_dagrun for example_skip_dag to 2024-11-22 00:00:00+00:00, run_after=2024-11-23 00:00:00+00:00
[2024-11-23T03:46:46.556+0000] {processor.py:208} INFO - Processing /home/airflow/.local/lib/python3.12/site-packages/airflow/example_dags/example_skip_dag.py took 0.674 seconds
[2024-11-23T03:47:16.738+0000] {processor.py:186} INFO - Started process (PID=2475) to work on /home/airflow/.local/lib/python3.12/site-packages/airflow/example_dags/example_skip_dag.py
[2024-11-23T03:47:16.739+0000] {processor.py:914} INFO - Processing file /home/airflow/.local/lib/python3.12/site-packages/airflow/example_dags/example_skip_dag.py for tasks to queue
[2024-11-23T03:47:16.742+0000] {logging_mixin.py:190} INFO - [2024-11-23T03:47:16.742+0000] {dagbag.py:588} INFO - Filling up the DagBag from /home/airflow/.local/lib/python3.12/site-packages/airflow/example_dags/example_skip_dag.py
[2024-11-23T03:47:16.759+0000] {processor.py:925} INFO - DAG(s) 'example_skip_dag' retrieved from /home/airflow/.local/lib/python3.12/site-packages/airflow/example_dags/example_skip_dag.py
[2024-11-23T03:47:16.807+0000] {logging_mixin.py:190} INFO - [2024-11-23T03:47:16.806+0000] {dag.py:3239} INFO - Sync 1 DAGs
[2024-11-23T03:47:16.926+0000] {logging_mixin.py:190} INFO - [2024-11-23T03:47:16.925+0000] {dag.py:4180} INFO - Setting next_dagrun for example_skip_dag to 2024-11-22 00:00:00+00:00, run_after=2024-11-23 00:00:00+00:00
[2024-11-23T03:47:17.007+0000] {processor.py:208} INFO - Processing /home/airflow/.local/lib/python3.12/site-packages/airflow/example_dags/example_skip_dag.py took 0.281 seconds
[2024-11-23T03:47:48.013+0000] {processor.py:186} INFO - Started process (PID=2538) to work on /home/airflow/.local/lib/python3.12/site-packages/airflow/example_dags/example_skip_dag.py
[2024-11-23T03:47:48.020+0000] {processor.py:914} INFO - Processing file /home/airflow/.local/lib/python3.12/site-packages/airflow/example_dags/example_skip_dag.py for tasks to queue
[2024-11-23T03:47:48.034+0000] {logging_mixin.py:190} INFO - [2024-11-23T03:47:48.033+0000] {dagbag.py:588} INFO - Filling up the DagBag from /home/airflow/.local/lib/python3.12/site-packages/airflow/example_dags/example_skip_dag.py
[2024-11-23T03:47:48.165+0000] {processor.py:925} INFO - DAG(s) 'example_skip_dag' retrieved from /home/airflow/.local/lib/python3.12/site-packages/airflow/example_dags/example_skip_dag.py
[2024-11-23T03:47:48.242+0000] {logging_mixin.py:190} INFO - [2024-11-23T03:47:48.242+0000] {dag.py:3239} INFO - Sync 1 DAGs
[2024-11-23T03:47:48.310+0000] {logging_mixin.py:190} INFO - [2024-11-23T03:47:48.309+0000] {dag.py:4180} INFO - Setting next_dagrun for example_skip_dag to 2024-11-22 00:00:00+00:00, run_after=2024-11-23 00:00:00+00:00
[2024-11-23T03:47:48.393+0000] {processor.py:208} INFO - Processing /home/airflow/.local/lib/python3.12/site-packages/airflow/example_dags/example_skip_dag.py took 0.403 seconds
[2024-11-23T03:48:21.088+0000] {processor.py:186} INFO - Started process (PID=2607) to work on /home/airflow/.local/lib/python3.12/site-packages/airflow/example_dags/example_skip_dag.py
[2024-11-23T03:48:21.092+0000] {processor.py:914} INFO - Processing file /home/airflow/.local/lib/python3.12/site-packages/airflow/example_dags/example_skip_dag.py for tasks to queue
[2024-11-23T03:48:21.102+0000] {logging_mixin.py:190} INFO - [2024-11-23T03:48:21.100+0000] {dagbag.py:588} INFO - Filling up the DagBag from /home/airflow/.local/lib/python3.12/site-packages/airflow/example_dags/example_skip_dag.py
[2024-11-23T03:48:21.148+0000] {processor.py:925} INFO - DAG(s) 'example_skip_dag' retrieved from /home/airflow/.local/lib/python3.12/site-packages/airflow/example_dags/example_skip_dag.py
[2024-11-23T03:48:21.245+0000] {logging_mixin.py:190} INFO - [2024-11-23T03:48:21.244+0000] {dag.py:3239} INFO - Sync 1 DAGs
[2024-11-23T03:48:21.352+0000] {logging_mixin.py:190} INFO - [2024-11-23T03:48:21.351+0000] {dag.py:4180} INFO - Setting next_dagrun for example_skip_dag to 2024-11-22 00:00:00+00:00, run_after=2024-11-23 00:00:00+00:00
[2024-11-23T03:48:21.440+0000] {processor.py:208} INFO - Processing /home/airflow/.local/lib/python3.12/site-packages/airflow/example_dags/example_skip_dag.py took 0.375 seconds
[2024-11-23T03:48:52.257+0000] {processor.py:186} INFO - Started process (PID=2671) to work on /home/airflow/.local/lib/python3.12/site-packages/airflow/example_dags/example_skip_dag.py
[2024-11-23T03:48:52.259+0000] {processor.py:914} INFO - Processing file /home/airflow/.local/lib/python3.12/site-packages/airflow/example_dags/example_skip_dag.py for tasks to queue
[2024-11-23T03:48:52.263+0000] {logging_mixin.py:190} INFO - [2024-11-23T03:48:52.262+0000] {dagbag.py:588} INFO - Filling up the DagBag from /home/airflow/.local/lib/python3.12/site-packages/airflow/example_dags/example_skip_dag.py
[2024-11-23T03:48:52.291+0000] {processor.py:925} INFO - DAG(s) 'example_skip_dag' retrieved from /home/airflow/.local/lib/python3.12/site-packages/airflow/example_dags/example_skip_dag.py
[2024-11-23T03:48:52.344+0000] {logging_mixin.py:190} INFO - [2024-11-23T03:48:52.344+0000] {dag.py:3239} INFO - Sync 1 DAGs
[2024-11-23T03:48:52.399+0000] {logging_mixin.py:190} INFO - [2024-11-23T03:48:52.399+0000] {dag.py:4180} INFO - Setting next_dagrun for example_skip_dag to 2024-11-22 00:00:00+00:00, run_after=2024-11-23 00:00:00+00:00
[2024-11-23T03:48:52.441+0000] {processor.py:208} INFO - Processing /home/airflow/.local/lib/python3.12/site-packages/airflow/example_dags/example_skip_dag.py took 0.205 seconds
[2024-11-23T03:49:30.863+0000] {processor.py:186} INFO - Started process (PID=2739) to work on /home/airflow/.local/lib/python3.12/site-packages/airflow/example_dags/example_skip_dag.py
[2024-11-23T03:49:30.864+0000] {processor.py:914} INFO - Processing file /home/airflow/.local/lib/python3.12/site-packages/airflow/example_dags/example_skip_dag.py for tasks to queue
[2024-11-23T03:49:30.867+0000] {logging_mixin.py:190} INFO - [2024-11-23T03:49:30.866+0000] {dagbag.py:588} INFO - Filling up the DagBag from /home/airflow/.local/lib/python3.12/site-packages/airflow/example_dags/example_skip_dag.py
[2024-11-23T03:49:30.888+0000] {processor.py:925} INFO - DAG(s) 'example_skip_dag' retrieved from /home/airflow/.local/lib/python3.12/site-packages/airflow/example_dags/example_skip_dag.py
[2024-11-23T03:49:30.927+0000] {logging_mixin.py:190} INFO - [2024-11-23T03:49:30.926+0000] {dag.py:3239} INFO - Sync 1 DAGs
[2024-11-23T03:49:31.010+0000] {logging_mixin.py:190} INFO - [2024-11-23T03:49:31.009+0000] {dag.py:4180} INFO - Setting next_dagrun for example_skip_dag to 2024-11-22 00:00:00+00:00, run_after=2024-11-23 00:00:00+00:00
[2024-11-23T03:49:31.047+0000] {processor.py:208} INFO - Processing /home/airflow/.local/lib/python3.12/site-packages/airflow/example_dags/example_skip_dag.py took 0.196 seconds
[2024-11-23T03:50:04.643+0000] {processor.py:186} INFO - Started process (PID=2803) to work on /home/airflow/.local/lib/python3.12/site-packages/airflow/example_dags/example_skip_dag.py
[2024-11-23T03:50:04.646+0000] {processor.py:914} INFO - Processing file /home/airflow/.local/lib/python3.12/site-packages/airflow/example_dags/example_skip_dag.py for tasks to queue
[2024-11-23T03:50:04.651+0000] {logging_mixin.py:190} INFO - [2024-11-23T03:50:04.650+0000] {dagbag.py:588} INFO - Filling up the DagBag from /home/airflow/.local/lib/python3.12/site-packages/airflow/example_dags/example_skip_dag.py
[2024-11-23T03:50:04.674+0000] {processor.py:925} INFO - DAG(s) 'example_skip_dag' retrieved from /home/airflow/.local/lib/python3.12/site-packages/airflow/example_dags/example_skip_dag.py
[2024-11-23T03:50:04.752+0000] {logging_mixin.py:190} INFO - [2024-11-23T03:50:04.752+0000] {dag.py:3239} INFO - Sync 1 DAGs
[2024-11-23T03:50:04.814+0000] {logging_mixin.py:190} INFO - [2024-11-23T03:50:04.813+0000] {dag.py:4180} INFO - Setting next_dagrun for example_skip_dag to 2024-11-22 00:00:00+00:00, run_after=2024-11-23 00:00:00+00:00
[2024-11-23T03:50:04.884+0000] {processor.py:208} INFO - Processing /home/airflow/.local/lib/python3.12/site-packages/airflow/example_dags/example_skip_dag.py took 0.263 seconds
[2024-11-23T03:50:35.168+0000] {processor.py:186} INFO - Started process (PID=2868) to work on /home/airflow/.local/lib/python3.12/site-packages/airflow/example_dags/example_skip_dag.py
[2024-11-23T03:50:35.169+0000] {processor.py:914} INFO - Processing file /home/airflow/.local/lib/python3.12/site-packages/airflow/example_dags/example_skip_dag.py for tasks to queue
[2024-11-23T03:50:35.172+0000] {logging_mixin.py:190} INFO - [2024-11-23T03:50:35.171+0000] {dagbag.py:588} INFO - Filling up the DagBag from /home/airflow/.local/lib/python3.12/site-packages/airflow/example_dags/example_skip_dag.py
[2024-11-23T03:50:35.186+0000] {processor.py:925} INFO - DAG(s) 'example_skip_dag' retrieved from /home/airflow/.local/lib/python3.12/site-packages/airflow/example_dags/example_skip_dag.py
[2024-11-23T03:50:35.224+0000] {logging_mixin.py:190} INFO - [2024-11-23T03:50:35.223+0000] {dag.py:3239} INFO - Sync 1 DAGs
[2024-11-23T03:50:35.270+0000] {logging_mixin.py:190} INFO - [2024-11-23T03:50:35.270+0000] {dag.py:4180} INFO - Setting next_dagrun for example_skip_dag to 2024-11-22 00:00:00+00:00, run_after=2024-11-23 00:00:00+00:00
[2024-11-23T03:50:35.306+0000] {processor.py:208} INFO - Processing /home/airflow/.local/lib/python3.12/site-packages/airflow/example_dags/example_skip_dag.py took 0.148 seconds
[2024-11-23T03:51:06.824+0000] {processor.py:186} INFO - Started process (PID=2932) to work on /home/airflow/.local/lib/python3.12/site-packages/airflow/example_dags/example_skip_dag.py
[2024-11-23T03:51:06.826+0000] {processor.py:914} INFO - Processing file /home/airflow/.local/lib/python3.12/site-packages/airflow/example_dags/example_skip_dag.py for tasks to queue
[2024-11-23T03:51:06.829+0000] {logging_mixin.py:190} INFO - [2024-11-23T03:51:06.828+0000] {dagbag.py:588} INFO - Filling up the DagBag from /home/airflow/.local/lib/python3.12/site-packages/airflow/example_dags/example_skip_dag.py
[2024-11-23T03:51:06.863+0000] {processor.py:925} INFO - DAG(s) 'example_skip_dag' retrieved from /home/airflow/.local/lib/python3.12/site-packages/airflow/example_dags/example_skip_dag.py
[2024-11-23T03:51:06.926+0000] {logging_mixin.py:190} INFO - [2024-11-23T03:51:06.925+0000] {dag.py:3239} INFO - Sync 1 DAGs
[2024-11-23T03:51:06.977+0000] {logging_mixin.py:190} INFO - [2024-11-23T03:51:06.977+0000] {dag.py:4180} INFO - Setting next_dagrun for example_skip_dag to 2024-11-22 00:00:00+00:00, run_after=2024-11-23 00:00:00+00:00
[2024-11-23T03:51:07.005+0000] {processor.py:208} INFO - Processing /home/airflow/.local/lib/python3.12/site-packages/airflow/example_dags/example_skip_dag.py took 0.191 seconds
[2024-11-23T03:51:39.158+0000] {processor.py:186} INFO - Started process (PID=2996) to work on /home/airflow/.local/lib/python3.12/site-packages/airflow/example_dags/example_skip_dag.py
[2024-11-23T03:51:39.160+0000] {processor.py:914} INFO - Processing file /home/airflow/.local/lib/python3.12/site-packages/airflow/example_dags/example_skip_dag.py for tasks to queue
[2024-11-23T03:51:39.162+0000] {logging_mixin.py:190} INFO - [2024-11-23T03:51:39.162+0000] {dagbag.py:588} INFO - Filling up the DagBag from /home/airflow/.local/lib/python3.12/site-packages/airflow/example_dags/example_skip_dag.py
[2024-11-23T03:51:39.175+0000] {processor.py:925} INFO - DAG(s) 'example_skip_dag' retrieved from /home/airflow/.local/lib/python3.12/site-packages/airflow/example_dags/example_skip_dag.py
[2024-11-23T03:51:39.207+0000] {logging_mixin.py:190} INFO - [2024-11-23T03:51:39.206+0000] {dag.py:3239} INFO - Sync 1 DAGs
[2024-11-23T03:51:39.245+0000] {logging_mixin.py:190} INFO - [2024-11-23T03:51:39.245+0000] {dag.py:4180} INFO - Setting next_dagrun for example_skip_dag to 2024-11-22 00:00:00+00:00, run_after=2024-11-23 00:00:00+00:00
[2024-11-23T03:51:39.303+0000] {processor.py:208} INFO - Processing /home/airflow/.local/lib/python3.12/site-packages/airflow/example_dags/example_skip_dag.py took 0.155 seconds
[2024-11-23T03:52:12.184+0000] {processor.py:186} INFO - Started process (PID=3061) to work on /home/airflow/.local/lib/python3.12/site-packages/airflow/example_dags/example_skip_dag.py
[2024-11-23T03:52:12.186+0000] {processor.py:914} INFO - Processing file /home/airflow/.local/lib/python3.12/site-packages/airflow/example_dags/example_skip_dag.py for tasks to queue
[2024-11-23T03:52:12.190+0000] {logging_mixin.py:190} INFO - [2024-11-23T03:52:12.189+0000] {dagbag.py:588} INFO - Filling up the DagBag from /home/airflow/.local/lib/python3.12/site-packages/airflow/example_dags/example_skip_dag.py
[2024-11-23T03:52:12.208+0000] {processor.py:925} INFO - DAG(s) 'example_skip_dag' retrieved from /home/airflow/.local/lib/python3.12/site-packages/airflow/example_dags/example_skip_dag.py
[2024-11-23T03:52:12.253+0000] {logging_mixin.py:190} INFO - [2024-11-23T03:52:12.253+0000] {dag.py:3239} INFO - Sync 1 DAGs
[2024-11-23T03:52:12.303+0000] {logging_mixin.py:190} INFO - [2024-11-23T03:52:12.303+0000] {dag.py:4180} INFO - Setting next_dagrun for example_skip_dag to 2024-11-22 00:00:00+00:00, run_after=2024-11-23 00:00:00+00:00
[2024-11-23T03:52:12.340+0000] {processor.py:208} INFO - Processing /home/airflow/.local/lib/python3.12/site-packages/airflow/example_dags/example_skip_dag.py took 0.166 seconds
[2024-11-23T03:52:49.862+0000] {processor.py:186} INFO - Started process (PID=3129) to work on /home/airflow/.local/lib/python3.12/site-packages/airflow/example_dags/example_skip_dag.py
[2024-11-23T03:52:49.864+0000] {processor.py:914} INFO - Processing file /home/airflow/.local/lib/python3.12/site-packages/airflow/example_dags/example_skip_dag.py for tasks to queue
[2024-11-23T03:52:49.866+0000] {logging_mixin.py:190} INFO - [2024-11-23T03:52:49.866+0000] {dagbag.py:588} INFO - Filling up the DagBag from /home/airflow/.local/lib/python3.12/site-packages/airflow/example_dags/example_skip_dag.py
[2024-11-23T03:52:49.885+0000] {processor.py:925} INFO - DAG(s) 'example_skip_dag' retrieved from /home/airflow/.local/lib/python3.12/site-packages/airflow/example_dags/example_skip_dag.py
[2024-11-23T03:52:49.975+0000] {logging_mixin.py:190} INFO - [2024-11-23T03:52:49.974+0000] {dag.py:3239} INFO - Sync 1 DAGs
[2024-11-23T03:52:50.057+0000] {logging_mixin.py:190} INFO - [2024-11-23T03:52:50.056+0000] {dag.py:4180} INFO - Setting next_dagrun for example_skip_dag to 2024-11-22 00:00:00+00:00, run_after=2024-11-23 00:00:00+00:00
[2024-11-23T03:52:50.113+0000] {processor.py:208} INFO - Processing /home/airflow/.local/lib/python3.12/site-packages/airflow/example_dags/example_skip_dag.py took 0.264 seconds
[2024-11-23T03:53:22.569+0000] {processor.py:186} INFO - Started process (PID=3193) to work on /home/airflow/.local/lib/python3.12/site-packages/airflow/example_dags/example_skip_dag.py
[2024-11-23T03:53:22.571+0000] {processor.py:914} INFO - Processing file /home/airflow/.local/lib/python3.12/site-packages/airflow/example_dags/example_skip_dag.py for tasks to queue
[2024-11-23T03:53:22.580+0000] {logging_mixin.py:190} INFO - [2024-11-23T03:53:22.579+0000] {dagbag.py:588} INFO - Filling up the DagBag from /home/airflow/.local/lib/python3.12/site-packages/airflow/example_dags/example_skip_dag.py
[2024-11-23T03:53:22.609+0000] {processor.py:925} INFO - DAG(s) 'example_skip_dag' retrieved from /home/airflow/.local/lib/python3.12/site-packages/airflow/example_dags/example_skip_dag.py
[2024-11-23T03:53:22.702+0000] {logging_mixin.py:190} INFO - [2024-11-23T03:53:22.701+0000] {dag.py:3239} INFO - Sync 1 DAGs
[2024-11-23T03:53:22.784+0000] {logging_mixin.py:190} INFO - [2024-11-23T03:53:22.783+0000] {dag.py:4180} INFO - Setting next_dagrun for example_skip_dag to 2024-11-22 00:00:00+00:00, run_after=2024-11-23 00:00:00+00:00
[2024-11-23T03:53:22.846+0000] {processor.py:208} INFO - Processing /home/airflow/.local/lib/python3.12/site-packages/airflow/example_dags/example_skip_dag.py took 0.291 seconds
[2024-11-23T03:53:54.006+0000] {processor.py:186} INFO - Started process (PID=3262) to work on /home/airflow/.local/lib/python3.12/site-packages/airflow/example_dags/example_skip_dag.py
[2024-11-23T03:53:54.008+0000] {processor.py:914} INFO - Processing file /home/airflow/.local/lib/python3.12/site-packages/airflow/example_dags/example_skip_dag.py for tasks to queue
[2024-11-23T03:53:54.010+0000] {logging_mixin.py:190} INFO - [2024-11-23T03:53:54.009+0000] {dagbag.py:588} INFO - Filling up the DagBag from /home/airflow/.local/lib/python3.12/site-packages/airflow/example_dags/example_skip_dag.py
[2024-11-23T03:53:54.044+0000] {processor.py:925} INFO - DAG(s) 'example_skip_dag' retrieved from /home/airflow/.local/lib/python3.12/site-packages/airflow/example_dags/example_skip_dag.py
[2024-11-23T03:53:54.155+0000] {logging_mixin.py:190} INFO - [2024-11-23T03:53:54.155+0000] {dag.py:3239} INFO - Sync 1 DAGs
[2024-11-23T03:53:54.333+0000] {logging_mixin.py:190} INFO - [2024-11-23T03:53:54.333+0000] {dag.py:4180} INFO - Setting next_dagrun for example_skip_dag to 2024-11-22 00:00:00+00:00, run_after=2024-11-23 00:00:00+00:00
[2024-11-23T03:53:54.400+0000] {processor.py:208} INFO - Processing /home/airflow/.local/lib/python3.12/site-packages/airflow/example_dags/example_skip_dag.py took 0.413 seconds
[2024-11-23T03:54:25.384+0000] {processor.py:186} INFO - Started process (PID=3327) to work on /home/airflow/.local/lib/python3.12/site-packages/airflow/example_dags/example_skip_dag.py
[2024-11-23T03:54:25.406+0000] {processor.py:914} INFO - Processing file /home/airflow/.local/lib/python3.12/site-packages/airflow/example_dags/example_skip_dag.py for tasks to queue
[2024-11-23T03:54:25.427+0000] {logging_mixin.py:190} INFO - [2024-11-23T03:54:25.426+0000] {dagbag.py:588} INFO - Filling up the DagBag from /home/airflow/.local/lib/python3.12/site-packages/airflow/example_dags/example_skip_dag.py
[2024-11-23T03:54:25.482+0000] {processor.py:925} INFO - DAG(s) 'example_skip_dag' retrieved from /home/airflow/.local/lib/python3.12/site-packages/airflow/example_dags/example_skip_dag.py
[2024-11-23T03:54:25.607+0000] {logging_mixin.py:190} INFO - [2024-11-23T03:54:25.597+0000] {dag.py:3239} INFO - Sync 1 DAGs
[2024-11-23T03:54:25.740+0000] {logging_mixin.py:190} INFO - [2024-11-23T03:54:25.739+0000] {dag.py:4180} INFO - Setting next_dagrun for example_skip_dag to 2024-11-22 00:00:00+00:00, run_after=2024-11-23 00:00:00+00:00
[2024-11-23T03:54:25.860+0000] {processor.py:208} INFO - Processing /home/airflow/.local/lib/python3.12/site-packages/airflow/example_dags/example_skip_dag.py took 0.511 seconds
[2024-11-23T03:54:57.030+0000] {processor.py:186} INFO - Started process (PID=3392) to work on /home/airflow/.local/lib/python3.12/site-packages/airflow/example_dags/example_skip_dag.py
[2024-11-23T03:54:57.032+0000] {processor.py:914} INFO - Processing file /home/airflow/.local/lib/python3.12/site-packages/airflow/example_dags/example_skip_dag.py for tasks to queue
[2024-11-23T03:54:57.035+0000] {logging_mixin.py:190} INFO - [2024-11-23T03:54:57.034+0000] {dagbag.py:588} INFO - Filling up the DagBag from /home/airflow/.local/lib/python3.12/site-packages/airflow/example_dags/example_skip_dag.py
[2024-11-23T03:54:57.051+0000] {processor.py:925} INFO - DAG(s) 'example_skip_dag' retrieved from /home/airflow/.local/lib/python3.12/site-packages/airflow/example_dags/example_skip_dag.py
[2024-11-23T03:54:57.090+0000] {logging_mixin.py:190} INFO - [2024-11-23T03:54:57.089+0000] {dag.py:3239} INFO - Sync 1 DAGs
[2024-11-23T03:54:57.135+0000] {logging_mixin.py:190} INFO - [2024-11-23T03:54:57.135+0000] {dag.py:4180} INFO - Setting next_dagrun for example_skip_dag to 2024-11-22 00:00:00+00:00, run_after=2024-11-23 00:00:00+00:00
[2024-11-23T03:54:57.169+0000] {processor.py:208} INFO - Processing /home/airflow/.local/lib/python3.12/site-packages/airflow/example_dags/example_skip_dag.py took 0.150 seconds
[2024-11-23T03:55:32.143+0000] {processor.py:186} INFO - Started process (PID=3456) to work on /home/airflow/.local/lib/python3.12/site-packages/airflow/example_dags/example_skip_dag.py
[2024-11-23T03:55:32.146+0000] {processor.py:914} INFO - Processing file /home/airflow/.local/lib/python3.12/site-packages/airflow/example_dags/example_skip_dag.py for tasks to queue
[2024-11-23T03:55:32.151+0000] {logging_mixin.py:190} INFO - [2024-11-23T03:55:32.149+0000] {dagbag.py:588} INFO - Filling up the DagBag from /home/airflow/.local/lib/python3.12/site-packages/airflow/example_dags/example_skip_dag.py
[2024-11-23T03:55:32.202+0000] {processor.py:925} INFO - DAG(s) 'example_skip_dag' retrieved from /home/airflow/.local/lib/python3.12/site-packages/airflow/example_dags/example_skip_dag.py
[2024-11-23T03:55:32.282+0000] {logging_mixin.py:190} INFO - [2024-11-23T03:55:32.277+0000] {dag.py:3239} INFO - Sync 1 DAGs
[2024-11-23T03:55:32.360+0000] {logging_mixin.py:190} INFO - [2024-11-23T03:55:32.360+0000] {dag.py:4180} INFO - Setting next_dagrun for example_skip_dag to 2024-11-22 00:00:00+00:00, run_after=2024-11-23 00:00:00+00:00
[2024-11-23T03:55:32.711+0000] {processor.py:208} INFO - Processing /home/airflow/.local/lib/python3.12/site-packages/airflow/example_dags/example_skip_dag.py took 0.586 seconds
[2024-11-23T03:56:02.935+0000] {processor.py:186} INFO - Started process (PID=3520) to work on /home/airflow/.local/lib/python3.12/site-packages/airflow/example_dags/example_skip_dag.py
[2024-11-23T03:56:02.937+0000] {processor.py:914} INFO - Processing file /home/airflow/.local/lib/python3.12/site-packages/airflow/example_dags/example_skip_dag.py for tasks to queue
[2024-11-23T03:56:02.941+0000] {logging_mixin.py:190} INFO - [2024-11-23T03:56:02.940+0000] {dagbag.py:588} INFO - Filling up the DagBag from /home/airflow/.local/lib/python3.12/site-packages/airflow/example_dags/example_skip_dag.py
[2024-11-23T03:56:02.961+0000] {processor.py:925} INFO - DAG(s) 'example_skip_dag' retrieved from /home/airflow/.local/lib/python3.12/site-packages/airflow/example_dags/example_skip_dag.py
[2024-11-23T03:56:03.014+0000] {logging_mixin.py:190} INFO - [2024-11-23T03:56:03.013+0000] {dag.py:3239} INFO - Sync 1 DAGs
[2024-11-23T03:56:03.073+0000] {logging_mixin.py:190} INFO - [2024-11-23T03:56:03.073+0000] {dag.py:4180} INFO - Setting next_dagrun for example_skip_dag to 2024-11-22 00:00:00+00:00, run_after=2024-11-23 00:00:00+00:00
[2024-11-23T03:56:03.116+0000] {processor.py:208} INFO - Processing /home/airflow/.local/lib/python3.12/site-packages/airflow/example_dags/example_skip_dag.py took 0.192 seconds
[2024-11-23T03:56:34.569+0000] {processor.py:186} INFO - Started process (PID=3584) to work on /home/airflow/.local/lib/python3.12/site-packages/airflow/example_dags/example_skip_dag.py
[2024-11-23T03:56:34.579+0000] {processor.py:914} INFO - Processing file /home/airflow/.local/lib/python3.12/site-packages/airflow/example_dags/example_skip_dag.py for tasks to queue
[2024-11-23T03:56:34.583+0000] {logging_mixin.py:190} INFO - [2024-11-23T03:56:34.582+0000] {dagbag.py:588} INFO - Filling up the DagBag from /home/airflow/.local/lib/python3.12/site-packages/airflow/example_dags/example_skip_dag.py
[2024-11-23T03:56:34.632+0000] {processor.py:925} INFO - DAG(s) 'example_skip_dag' retrieved from /home/airflow/.local/lib/python3.12/site-packages/airflow/example_dags/example_skip_dag.py
[2024-11-23T03:56:34.737+0000] {logging_mixin.py:190} INFO - [2024-11-23T03:56:34.736+0000] {dag.py:3239} INFO - Sync 1 DAGs
[2024-11-23T03:56:34.885+0000] {logging_mixin.py:190} INFO - [2024-11-23T03:56:34.884+0000] {dag.py:4180} INFO - Setting next_dagrun for example_skip_dag to 2024-11-22 00:00:00+00:00, run_after=2024-11-23 00:00:00+00:00
[2024-11-23T03:56:34.982+0000] {processor.py:208} INFO - Processing /home/airflow/.local/lib/python3.12/site-packages/airflow/example_dags/example_skip_dag.py took 0.438 seconds
[2024-11-23T03:57:10.443+0000] {processor.py:186} INFO - Started process (PID=3648) to work on /home/airflow/.local/lib/python3.12/site-packages/airflow/example_dags/example_skip_dag.py
[2024-11-23T03:57:10.447+0000] {processor.py:914} INFO - Processing file /home/airflow/.local/lib/python3.12/site-packages/airflow/example_dags/example_skip_dag.py for tasks to queue
[2024-11-23T03:57:10.460+0000] {logging_mixin.py:190} INFO - [2024-11-23T03:57:10.459+0000] {dagbag.py:588} INFO - Filling up the DagBag from /home/airflow/.local/lib/python3.12/site-packages/airflow/example_dags/example_skip_dag.py
[2024-11-23T03:57:10.521+0000] {processor.py:925} INFO - DAG(s) 'example_skip_dag' retrieved from /home/airflow/.local/lib/python3.12/site-packages/airflow/example_dags/example_skip_dag.py
[2024-11-23T03:57:10.660+0000] {logging_mixin.py:190} INFO - [2024-11-23T03:57:10.659+0000] {dag.py:3239} INFO - Sync 1 DAGs
[2024-11-23T03:57:11.140+0000] {logging_mixin.py:190} INFO - [2024-11-23T03:57:11.139+0000] {dag.py:4180} INFO - Setting next_dagrun for example_skip_dag to 2024-11-22 00:00:00+00:00, run_after=2024-11-23 00:00:00+00:00
[2024-11-23T03:57:11.220+0000] {processor.py:208} INFO - Processing /home/airflow/.local/lib/python3.12/site-packages/airflow/example_dags/example_skip_dag.py took 0.823 seconds
[2024-11-23T03:57:42.186+0000] {processor.py:186} INFO - Started process (PID=3712) to work on /home/airflow/.local/lib/python3.12/site-packages/airflow/example_dags/example_skip_dag.py
[2024-11-23T03:57:42.201+0000] {processor.py:914} INFO - Processing file /home/airflow/.local/lib/python3.12/site-packages/airflow/example_dags/example_skip_dag.py for tasks to queue
[2024-11-23T03:57:42.207+0000] {logging_mixin.py:190} INFO - [2024-11-23T03:57:42.204+0000] {dagbag.py:588} INFO - Filling up the DagBag from /home/airflow/.local/lib/python3.12/site-packages/airflow/example_dags/example_skip_dag.py
[2024-11-23T03:57:42.291+0000] {processor.py:925} INFO - DAG(s) 'example_skip_dag' retrieved from /home/airflow/.local/lib/python3.12/site-packages/airflow/example_dags/example_skip_dag.py
[2024-11-23T03:57:42.532+0000] {logging_mixin.py:190} INFO - [2024-11-23T03:57:42.532+0000] {dag.py:3239} INFO - Sync 1 DAGs
[2024-11-23T03:57:42.702+0000] {logging_mixin.py:190} INFO - [2024-11-23T03:57:42.701+0000] {dag.py:4180} INFO - Setting next_dagrun for example_skip_dag to 2024-11-22 00:00:00+00:00, run_after=2024-11-23 00:00:00+00:00
[2024-11-23T03:57:43.738+0000] {processor.py:208} INFO - Processing /home/airflow/.local/lib/python3.12/site-packages/airflow/example_dags/example_skip_dag.py took 1.602 seconds
[2024-11-23T03:58:25.916+0000] {processor.py:186} INFO - Started process (PID=3776) to work on /home/airflow/.local/lib/python3.12/site-packages/airflow/example_dags/example_skip_dag.py
[2024-11-23T03:58:25.918+0000] {processor.py:914} INFO - Processing file /home/airflow/.local/lib/python3.12/site-packages/airflow/example_dags/example_skip_dag.py for tasks to queue
[2024-11-23T03:58:25.922+0000] {logging_mixin.py:190} INFO - [2024-11-23T03:58:25.921+0000] {dagbag.py:588} INFO - Filling up the DagBag from /home/airflow/.local/lib/python3.12/site-packages/airflow/example_dags/example_skip_dag.py
[2024-11-23T03:58:25.949+0000] {processor.py:925} INFO - DAG(s) 'example_skip_dag' retrieved from /home/airflow/.local/lib/python3.12/site-packages/airflow/example_dags/example_skip_dag.py
[2024-11-23T03:58:26.026+0000] {logging_mixin.py:190} INFO - [2024-11-23T03:58:26.021+0000] {dag.py:3239} INFO - Sync 1 DAGs
[2024-11-23T03:58:26.139+0000] {logging_mixin.py:190} INFO - [2024-11-23T03:58:26.138+0000] {dag.py:4180} INFO - Setting next_dagrun for example_skip_dag to 2024-11-22 00:00:00+00:00, run_after=2024-11-23 00:00:00+00:00
[2024-11-23T03:58:26.386+0000] {processor.py:208} INFO - Processing /home/airflow/.local/lib/python3.12/site-packages/airflow/example_dags/example_skip_dag.py took 0.485 seconds
[2024-11-23T03:59:33.235+0000] {processor.py:186} INFO - Started process (PID=3859) to work on /home/airflow/.local/lib/python3.12/site-packages/airflow/example_dags/example_skip_dag.py
[2024-11-23T03:59:33.238+0000] {processor.py:914} INFO - Processing file /home/airflow/.local/lib/python3.12/site-packages/airflow/example_dags/example_skip_dag.py for tasks to queue
[2024-11-23T03:59:33.242+0000] {logging_mixin.py:190} INFO - [2024-11-23T03:59:33.241+0000] {dagbag.py:588} INFO - Filling up the DagBag from /home/airflow/.local/lib/python3.12/site-packages/airflow/example_dags/example_skip_dag.py
[2024-11-23T03:59:33.266+0000] {processor.py:925} INFO - DAG(s) 'example_skip_dag' retrieved from /home/airflow/.local/lib/python3.12/site-packages/airflow/example_dags/example_skip_dag.py
[2024-11-23T03:59:33.332+0000] {logging_mixin.py:190} INFO - [2024-11-23T03:59:33.331+0000] {dag.py:3239} INFO - Sync 1 DAGs
[2024-11-23T03:59:33.418+0000] {logging_mixin.py:190} INFO - [2024-11-23T03:59:33.417+0000] {dag.py:4180} INFO - Setting next_dagrun for example_skip_dag to 2024-11-22 00:00:00+00:00, run_after=2024-11-23 00:00:00+00:00
[2024-11-23T03:59:33.470+0000] {processor.py:208} INFO - Processing /home/airflow/.local/lib/python3.12/site-packages/airflow/example_dags/example_skip_dag.py took 0.252 seconds
[2024-11-23T04:00:08.664+0000] {processor.py:186} INFO - Started process (PID=3923) to work on /home/airflow/.local/lib/python3.12/site-packages/airflow/example_dags/example_skip_dag.py
[2024-11-23T04:00:08.667+0000] {processor.py:914} INFO - Processing file /home/airflow/.local/lib/python3.12/site-packages/airflow/example_dags/example_skip_dag.py for tasks to queue
[2024-11-23T04:00:08.682+0000] {logging_mixin.py:190} INFO - [2024-11-23T04:00:08.681+0000] {dagbag.py:588} INFO - Filling up the DagBag from /home/airflow/.local/lib/python3.12/site-packages/airflow/example_dags/example_skip_dag.py
[2024-11-23T04:00:08.770+0000] {processor.py:925} INFO - DAG(s) 'example_skip_dag' retrieved from /home/airflow/.local/lib/python3.12/site-packages/airflow/example_dags/example_skip_dag.py
[2024-11-23T04:00:08.915+0000] {logging_mixin.py:190} INFO - [2024-11-23T04:00:08.904+0000] {dag.py:3239} INFO - Sync 1 DAGs
[2024-11-23T04:00:09.188+0000] {logging_mixin.py:190} INFO - [2024-11-23T04:00:09.187+0000] {dag.py:4180} INFO - Setting next_dagrun for example_skip_dag to 2024-11-22 00:00:00+00:00, run_after=2024-11-23 00:00:00+00:00
[2024-11-23T04:00:09.372+0000] {processor.py:208} INFO - Processing /home/airflow/.local/lib/python3.12/site-packages/airflow/example_dags/example_skip_dag.py took 0.744 seconds
[2024-11-23T04:00:40.559+0000] {processor.py:186} INFO - Started process (PID=3986) to work on /home/airflow/.local/lib/python3.12/site-packages/airflow/example_dags/example_skip_dag.py
[2024-11-23T04:00:40.561+0000] {processor.py:914} INFO - Processing file /home/airflow/.local/lib/python3.12/site-packages/airflow/example_dags/example_skip_dag.py for tasks to queue
[2024-11-23T04:00:40.564+0000] {logging_mixin.py:190} INFO - [2024-11-23T04:00:40.563+0000] {dagbag.py:588} INFO - Filling up the DagBag from /home/airflow/.local/lib/python3.12/site-packages/airflow/example_dags/example_skip_dag.py
[2024-11-23T04:00:40.589+0000] {processor.py:925} INFO - DAG(s) 'example_skip_dag' retrieved from /home/airflow/.local/lib/python3.12/site-packages/airflow/example_dags/example_skip_dag.py
[2024-11-23T04:00:40.633+0000] {logging_mixin.py:190} INFO - [2024-11-23T04:00:40.633+0000] {dag.py:3239} INFO - Sync 1 DAGs
[2024-11-23T04:00:40.696+0000] {logging_mixin.py:190} INFO - [2024-11-23T04:00:40.695+0000] {dag.py:4180} INFO - Setting next_dagrun for example_skip_dag to 2024-11-22 00:00:00+00:00, run_after=2024-11-23 00:00:00+00:00
[2024-11-23T04:00:40.729+0000] {processor.py:208} INFO - Processing /home/airflow/.local/lib/python3.12/site-packages/airflow/example_dags/example_skip_dag.py took 0.180 seconds
[2024-11-23T04:01:17.033+0000] {processor.py:186} INFO - Started process (PID=4050) to work on /home/airflow/.local/lib/python3.12/site-packages/airflow/example_dags/example_skip_dag.py
[2024-11-23T04:01:17.035+0000] {processor.py:914} INFO - Processing file /home/airflow/.local/lib/python3.12/site-packages/airflow/example_dags/example_skip_dag.py for tasks to queue
[2024-11-23T04:01:17.039+0000] {logging_mixin.py:190} INFO - [2024-11-23T04:01:17.038+0000] {dagbag.py:588} INFO - Filling up the DagBag from /home/airflow/.local/lib/python3.12/site-packages/airflow/example_dags/example_skip_dag.py
[2024-11-23T04:01:17.067+0000] {processor.py:925} INFO - DAG(s) 'example_skip_dag' retrieved from /home/airflow/.local/lib/python3.12/site-packages/airflow/example_dags/example_skip_dag.py
[2024-11-23T04:01:17.118+0000] {logging_mixin.py:190} INFO - [2024-11-23T04:01:17.117+0000] {dag.py:3239} INFO - Sync 1 DAGs
[2024-11-23T04:01:17.172+0000] {logging_mixin.py:190} INFO - [2024-11-23T04:01:17.171+0000] {dag.py:4180} INFO - Setting next_dagrun for example_skip_dag to 2024-11-22 00:00:00+00:00, run_after=2024-11-23 00:00:00+00:00
[2024-11-23T04:01:17.213+0000] {processor.py:208} INFO - Processing /home/airflow/.local/lib/python3.12/site-packages/airflow/example_dags/example_skip_dag.py took 0.197 seconds
[2024-11-23T04:02:43.416+0000] {processor.py:186} INFO - Started process (PID=4150) to work on /home/airflow/.local/lib/python3.12/site-packages/airflow/example_dags/example_skip_dag.py
[2024-11-23T04:02:43.421+0000] {processor.py:914} INFO - Processing file /home/airflow/.local/lib/python3.12/site-packages/airflow/example_dags/example_skip_dag.py for tasks to queue
[2024-11-23T04:02:43.427+0000] {logging_mixin.py:190} INFO - [2024-11-23T04:02:43.424+0000] {dagbag.py:588} INFO - Filling up the DagBag from /home/airflow/.local/lib/python3.12/site-packages/airflow/example_dags/example_skip_dag.py
[2024-11-23T04:02:43.477+0000] {processor.py:925} INFO - DAG(s) 'example_skip_dag' retrieved from /home/airflow/.local/lib/python3.12/site-packages/airflow/example_dags/example_skip_dag.py
[2024-11-23T04:02:43.605+0000] {logging_mixin.py:190} INFO - [2024-11-23T04:02:43.605+0000] {dag.py:3239} INFO - Sync 1 DAGs
[2024-11-23T04:02:43.719+0000] {logging_mixin.py:190} INFO - [2024-11-23T04:02:43.718+0000] {dag.py:4180} INFO - Setting next_dagrun for example_skip_dag to 2024-11-22 00:00:00+00:00, run_after=2024-11-23 00:00:00+00:00
[2024-11-23T04:02:43.776+0000] {processor.py:208} INFO - Processing /home/airflow/.local/lib/python3.12/site-packages/airflow/example_dags/example_skip_dag.py took 0.380 seconds
[2024-11-23T04:03:21.159+0000] {processor.py:186} INFO - Started process (PID=4214) to work on /home/airflow/.local/lib/python3.12/site-packages/airflow/example_dags/example_skip_dag.py
[2024-11-23T04:03:21.161+0000] {processor.py:914} INFO - Processing file /home/airflow/.local/lib/python3.12/site-packages/airflow/example_dags/example_skip_dag.py for tasks to queue
[2024-11-23T04:03:21.165+0000] {logging_mixin.py:190} INFO - [2024-11-23T04:03:21.164+0000] {dagbag.py:588} INFO - Filling up the DagBag from /home/airflow/.local/lib/python3.12/site-packages/airflow/example_dags/example_skip_dag.py
[2024-11-23T04:03:21.192+0000] {processor.py:925} INFO - DAG(s) 'example_skip_dag' retrieved from /home/airflow/.local/lib/python3.12/site-packages/airflow/example_dags/example_skip_dag.py
[2024-11-23T04:03:21.305+0000] {logging_mixin.py:190} INFO - [2024-11-23T04:03:21.304+0000] {dag.py:3239} INFO - Sync 1 DAGs
[2024-11-23T04:03:21.400+0000] {logging_mixin.py:190} INFO - [2024-11-23T04:03:21.399+0000] {dag.py:4180} INFO - Setting next_dagrun for example_skip_dag to 2024-11-22 00:00:00+00:00, run_after=2024-11-23 00:00:00+00:00
[2024-11-23T04:03:21.499+0000] {processor.py:208} INFO - Processing /home/airflow/.local/lib/python3.12/site-packages/airflow/example_dags/example_skip_dag.py took 0.352 seconds
[2024-11-23T04:04:23.742+0000] {processor.py:186} INFO - Started process (PID=4292) to work on /home/airflow/.local/lib/python3.12/site-packages/airflow/example_dags/example_skip_dag.py
[2024-11-23T04:04:23.745+0000] {processor.py:914} INFO - Processing file /home/airflow/.local/lib/python3.12/site-packages/airflow/example_dags/example_skip_dag.py for tasks to queue
[2024-11-23T04:04:23.749+0000] {logging_mixin.py:190} INFO - [2024-11-23T04:04:23.748+0000] {dagbag.py:588} INFO - Filling up the DagBag from /home/airflow/.local/lib/python3.12/site-packages/airflow/example_dags/example_skip_dag.py
[2024-11-23T04:04:23.804+0000] {processor.py:925} INFO - DAG(s) 'example_skip_dag' retrieved from /home/airflow/.local/lib/python3.12/site-packages/airflow/example_dags/example_skip_dag.py
[2024-11-23T04:04:23.922+0000] {logging_mixin.py:190} INFO - [2024-11-23T04:04:23.921+0000] {dag.py:3239} INFO - Sync 1 DAGs
[2024-11-23T04:04:24.106+0000] {logging_mixin.py:190} INFO - [2024-11-23T04:04:24.105+0000] {dag.py:4180} INFO - Setting next_dagrun for example_skip_dag to 2024-11-22 00:00:00+00:00, run_after=2024-11-23 00:00:00+00:00
[2024-11-23T04:04:24.201+0000] {processor.py:208} INFO - Processing /home/airflow/.local/lib/python3.12/site-packages/airflow/example_dags/example_skip_dag.py took 0.485 seconds
[2024-11-23T04:04:54.521+0000] {processor.py:186} INFO - Started process (PID=4355) to work on /home/airflow/.local/lib/python3.12/site-packages/airflow/example_dags/example_skip_dag.py
[2024-11-23T04:04:54.523+0000] {processor.py:914} INFO - Processing file /home/airflow/.local/lib/python3.12/site-packages/airflow/example_dags/example_skip_dag.py for tasks to queue
[2024-11-23T04:04:54.527+0000] {logging_mixin.py:190} INFO - [2024-11-23T04:04:54.526+0000] {dagbag.py:588} INFO - Filling up the DagBag from /home/airflow/.local/lib/python3.12/site-packages/airflow/example_dags/example_skip_dag.py
[2024-11-23T04:04:54.550+0000] {processor.py:925} INFO - DAG(s) 'example_skip_dag' retrieved from /home/airflow/.local/lib/python3.12/site-packages/airflow/example_dags/example_skip_dag.py
[2024-11-23T04:04:54.595+0000] {logging_mixin.py:190} INFO - [2024-11-23T04:04:54.595+0000] {dag.py:3239} INFO - Sync 1 DAGs
[2024-11-23T04:04:54.644+0000] {logging_mixin.py:190} INFO - [2024-11-23T04:04:54.643+0000] {dag.py:4180} INFO - Setting next_dagrun for example_skip_dag to 2024-11-22 00:00:00+00:00, run_after=2024-11-23 00:00:00+00:00
[2024-11-23T04:04:54.700+0000] {processor.py:208} INFO - Processing /home/airflow/.local/lib/python3.12/site-packages/airflow/example_dags/example_skip_dag.py took 0.194 seconds
[2024-11-23T04:05:25.871+0000] {processor.py:186} INFO - Started process (PID=4419) to work on /home/airflow/.local/lib/python3.12/site-packages/airflow/example_dags/example_skip_dag.py
[2024-11-23T04:05:25.873+0000] {processor.py:914} INFO - Processing file /home/airflow/.local/lib/python3.12/site-packages/airflow/example_dags/example_skip_dag.py for tasks to queue
[2024-11-23T04:05:25.875+0000] {logging_mixin.py:190} INFO - [2024-11-23T04:05:25.874+0000] {dagbag.py:588} INFO - Filling up the DagBag from /home/airflow/.local/lib/python3.12/site-packages/airflow/example_dags/example_skip_dag.py
[2024-11-23T04:05:25.896+0000] {processor.py:925} INFO - DAG(s) 'example_skip_dag' retrieved from /home/airflow/.local/lib/python3.12/site-packages/airflow/example_dags/example_skip_dag.py
[2024-11-23T04:05:25.933+0000] {logging_mixin.py:190} INFO - [2024-11-23T04:05:25.932+0000] {dag.py:3239} INFO - Sync 1 DAGs
[2024-11-23T04:05:25.968+0000] {logging_mixin.py:190} INFO - [2024-11-23T04:05:25.967+0000] {dag.py:4180} INFO - Setting next_dagrun for example_skip_dag to 2024-11-22 00:00:00+00:00, run_after=2024-11-23 00:00:00+00:00
[2024-11-23T04:05:25.996+0000] {processor.py:208} INFO - Processing /home/airflow/.local/lib/python3.12/site-packages/airflow/example_dags/example_skip_dag.py took 0.137 seconds
[2024-11-23T04:06:02.183+0000] {processor.py:186} INFO - Started process (PID=4485) to work on /home/airflow/.local/lib/python3.12/site-packages/airflow/example_dags/example_skip_dag.py
[2024-11-23T04:06:02.185+0000] {processor.py:914} INFO - Processing file /home/airflow/.local/lib/python3.12/site-packages/airflow/example_dags/example_skip_dag.py for tasks to queue
[2024-11-23T04:06:02.188+0000] {logging_mixin.py:190} INFO - [2024-11-23T04:06:02.187+0000] {dagbag.py:588} INFO - Filling up the DagBag from /home/airflow/.local/lib/python3.12/site-packages/airflow/example_dags/example_skip_dag.py
[2024-11-23T04:06:02.236+0000] {processor.py:925} INFO - DAG(s) 'example_skip_dag' retrieved from /home/airflow/.local/lib/python3.12/site-packages/airflow/example_dags/example_skip_dag.py
[2024-11-23T04:06:02.409+0000] {logging_mixin.py:190} INFO - [2024-11-23T04:06:02.408+0000] {dag.py:3239} INFO - Sync 1 DAGs
[2024-11-23T04:06:02.534+0000] {logging_mixin.py:190} INFO - [2024-11-23T04:06:02.533+0000] {dag.py:4180} INFO - Setting next_dagrun for example_skip_dag to 2024-11-22 00:00:00+00:00, run_after=2024-11-23 00:00:00+00:00
[2024-11-23T04:06:02.620+0000] {processor.py:208} INFO - Processing /home/airflow/.local/lib/python3.12/site-packages/airflow/example_dags/example_skip_dag.py took 0.449 seconds
[2024-11-23T04:06:41.804+0000] {processor.py:186} INFO - Started process (PID=4551) to work on /home/airflow/.local/lib/python3.12/site-packages/airflow/example_dags/example_skip_dag.py
[2024-11-23T04:06:41.808+0000] {processor.py:914} INFO - Processing file /home/airflow/.local/lib/python3.12/site-packages/airflow/example_dags/example_skip_dag.py for tasks to queue
[2024-11-23T04:06:41.811+0000] {logging_mixin.py:190} INFO - [2024-11-23T04:06:41.811+0000] {dagbag.py:588} INFO - Filling up the DagBag from /home/airflow/.local/lib/python3.12/site-packages/airflow/example_dags/example_skip_dag.py
[2024-11-23T04:06:41.828+0000] {processor.py:925} INFO - DAG(s) 'example_skip_dag' retrieved from /home/airflow/.local/lib/python3.12/site-packages/airflow/example_dags/example_skip_dag.py
[2024-11-23T04:06:41.863+0000] {logging_mixin.py:190} INFO - [2024-11-23T04:06:41.862+0000] {dag.py:3239} INFO - Sync 1 DAGs
[2024-11-23T04:06:41.904+0000] {logging_mixin.py:190} INFO - [2024-11-23T04:06:41.904+0000] {dag.py:4180} INFO - Setting next_dagrun for example_skip_dag to 2024-11-22 00:00:00+00:00, run_after=2024-11-23 00:00:00+00:00
[2024-11-23T04:06:41.949+0000] {processor.py:208} INFO - Processing /home/airflow/.local/lib/python3.12/site-packages/airflow/example_dags/example_skip_dag.py took 0.155 seconds
[2024-11-23T04:07:17.325+0000] {processor.py:186} INFO - Started process (PID=4620) to work on /home/airflow/.local/lib/python3.12/site-packages/airflow/example_dags/example_skip_dag.py
[2024-11-23T04:07:17.327+0000] {processor.py:914} INFO - Processing file /home/airflow/.local/lib/python3.12/site-packages/airflow/example_dags/example_skip_dag.py for tasks to queue
[2024-11-23T04:07:17.332+0000] {logging_mixin.py:190} INFO - [2024-11-23T04:07:17.332+0000] {dagbag.py:588} INFO - Filling up the DagBag from /home/airflow/.local/lib/python3.12/site-packages/airflow/example_dags/example_skip_dag.py
[2024-11-23T04:07:17.357+0000] {processor.py:925} INFO - DAG(s) 'example_skip_dag' retrieved from /home/airflow/.local/lib/python3.12/site-packages/airflow/example_dags/example_skip_dag.py
[2024-11-23T04:07:17.432+0000] {logging_mixin.py:190} INFO - [2024-11-23T04:07:17.431+0000] {dag.py:3239} INFO - Sync 1 DAGs
[2024-11-23T04:07:17.509+0000] {logging_mixin.py:190} INFO - [2024-11-23T04:07:17.508+0000] {dag.py:4180} INFO - Setting next_dagrun for example_skip_dag to 2024-11-22 00:00:00+00:00, run_after=2024-11-23 00:00:00+00:00
[2024-11-23T04:07:17.585+0000] {processor.py:208} INFO - Processing /home/airflow/.local/lib/python3.12/site-packages/airflow/example_dags/example_skip_dag.py took 0.276 seconds
[2024-11-23T04:08:02.975+0000] {processor.py:186} INFO - Started process (PID=4686) to work on /home/airflow/.local/lib/python3.12/site-packages/airflow/example_dags/example_skip_dag.py
[2024-11-23T04:08:02.977+0000] {processor.py:914} INFO - Processing file /home/airflow/.local/lib/python3.12/site-packages/airflow/example_dags/example_skip_dag.py for tasks to queue
[2024-11-23T04:08:02.980+0000] {logging_mixin.py:190} INFO - [2024-11-23T04:08:02.979+0000] {dagbag.py:588} INFO - Filling up the DagBag from /home/airflow/.local/lib/python3.12/site-packages/airflow/example_dags/example_skip_dag.py
[2024-11-23T04:08:03.010+0000] {processor.py:925} INFO - DAG(s) 'example_skip_dag' retrieved from /home/airflow/.local/lib/python3.12/site-packages/airflow/example_dags/example_skip_dag.py
[2024-11-23T04:08:03.072+0000] {logging_mixin.py:190} INFO - [2024-11-23T04:08:03.072+0000] {dag.py:3239} INFO - Sync 1 DAGs
[2024-11-23T04:08:03.129+0000] {logging_mixin.py:190} INFO - [2024-11-23T04:08:03.129+0000] {dag.py:4180} INFO - Setting next_dagrun for example_skip_dag to 2024-11-22 00:00:00+00:00, run_after=2024-11-23 00:00:00+00:00
[2024-11-23T04:08:03.171+0000] {processor.py:208} INFO - Processing /home/airflow/.local/lib/python3.12/site-packages/airflow/example_dags/example_skip_dag.py took 0.209 seconds
[2024-11-23T04:08:36.933+0000] {processor.py:186} INFO - Started process (PID=4748) to work on /home/airflow/.local/lib/python3.12/site-packages/airflow/example_dags/example_skip_dag.py
[2024-11-23T04:08:36.935+0000] {processor.py:914} INFO - Processing file /home/airflow/.local/lib/python3.12/site-packages/airflow/example_dags/example_skip_dag.py for tasks to queue
[2024-11-23T04:08:36.937+0000] {logging_mixin.py:190} INFO - [2024-11-23T04:08:36.936+0000] {dagbag.py:588} INFO - Filling up the DagBag from /home/airflow/.local/lib/python3.12/site-packages/airflow/example_dags/example_skip_dag.py
[2024-11-23T04:08:36.951+0000] {processor.py:925} INFO - DAG(s) 'example_skip_dag' retrieved from /home/airflow/.local/lib/python3.12/site-packages/airflow/example_dags/example_skip_dag.py
[2024-11-23T04:08:36.997+0000] {logging_mixin.py:190} INFO - [2024-11-23T04:08:36.996+0000] {dag.py:3239} INFO - Sync 1 DAGs
[2024-11-23T04:08:37.042+0000] {logging_mixin.py:190} INFO - [2024-11-23T04:08:37.041+0000] {dag.py:4180} INFO - Setting next_dagrun for example_skip_dag to 2024-11-22 00:00:00+00:00, run_after=2024-11-23 00:00:00+00:00
[2024-11-23T04:08:37.095+0000] {processor.py:208} INFO - Processing /home/airflow/.local/lib/python3.12/site-packages/airflow/example_dags/example_skip_dag.py took 0.173 seconds
[2024-11-23T04:09:10.902+0000] {processor.py:186} INFO - Started process (PID=4813) to work on /home/airflow/.local/lib/python3.12/site-packages/airflow/example_dags/example_skip_dag.py
[2024-11-23T04:09:10.924+0000] {processor.py:914} INFO - Processing file /home/airflow/.local/lib/python3.12/site-packages/airflow/example_dags/example_skip_dag.py for tasks to queue
[2024-11-23T04:09:10.933+0000] {logging_mixin.py:190} INFO - [2024-11-23T04:09:10.928+0000] {dagbag.py:588} INFO - Filling up the DagBag from /home/airflow/.local/lib/python3.12/site-packages/airflow/example_dags/example_skip_dag.py
[2024-11-23T04:09:10.967+0000] {processor.py:925} INFO - DAG(s) 'example_skip_dag' retrieved from /home/airflow/.local/lib/python3.12/site-packages/airflow/example_dags/example_skip_dag.py
[2024-11-23T04:09:11.058+0000] {logging_mixin.py:190} INFO - [2024-11-23T04:09:11.057+0000] {dag.py:3239} INFO - Sync 1 DAGs
[2024-11-23T04:09:11.222+0000] {logging_mixin.py:190} INFO - [2024-11-23T04:09:11.221+0000] {dag.py:4180} INFO - Setting next_dagrun for example_skip_dag to 2024-11-22 00:00:00+00:00, run_after=2024-11-23 00:00:00+00:00
[2024-11-23T04:09:11.340+0000] {processor.py:208} INFO - Processing /home/airflow/.local/lib/python3.12/site-packages/airflow/example_dags/example_skip_dag.py took 0.466 seconds
[2024-11-23T04:10:08.458+0000] {processor.py:186} INFO - Started process (PID=4876) to work on /home/airflow/.local/lib/python3.12/site-packages/airflow/example_dags/example_skip_dag.py
[2024-11-23T04:10:08.460+0000] {processor.py:914} INFO - Processing file /home/airflow/.local/lib/python3.12/site-packages/airflow/example_dags/example_skip_dag.py for tasks to queue
[2024-11-23T04:10:08.464+0000] {logging_mixin.py:190} INFO - [2024-11-23T04:10:08.463+0000] {dagbag.py:588} INFO - Filling up the DagBag from /home/airflow/.local/lib/python3.12/site-packages/airflow/example_dags/example_skip_dag.py
[2024-11-23T04:10:08.493+0000] {processor.py:925} INFO - DAG(s) 'example_skip_dag' retrieved from /home/airflow/.local/lib/python3.12/site-packages/airflow/example_dags/example_skip_dag.py
[2024-11-23T04:10:08.600+0000] {logging_mixin.py:190} INFO - [2024-11-23T04:10:08.600+0000] {dag.py:3239} INFO - Sync 1 DAGs
[2024-11-23T04:10:08.739+0000] {logging_mixin.py:190} INFO - [2024-11-23T04:10:08.738+0000] {dag.py:4180} INFO - Setting next_dagrun for example_skip_dag to 2024-11-22 00:00:00+00:00, run_after=2024-11-23 00:00:00+00:00
[2024-11-23T04:10:08.799+0000] {processor.py:208} INFO - Processing /home/airflow/.local/lib/python3.12/site-packages/airflow/example_dags/example_skip_dag.py took 0.362 seconds
[2024-11-23T04:10:39.659+0000] {processor.py:186} INFO - Started process (PID=4940) to work on /home/airflow/.local/lib/python3.12/site-packages/airflow/example_dags/example_skip_dag.py
[2024-11-23T04:10:39.668+0000] {processor.py:914} INFO - Processing file /home/airflow/.local/lib/python3.12/site-packages/airflow/example_dags/example_skip_dag.py for tasks to queue
[2024-11-23T04:10:39.675+0000] {logging_mixin.py:190} INFO - [2024-11-23T04:10:39.673+0000] {dagbag.py:588} INFO - Filling up the DagBag from /home/airflow/.local/lib/python3.12/site-packages/airflow/example_dags/example_skip_dag.py
[2024-11-23T04:10:39.728+0000] {processor.py:925} INFO - DAG(s) 'example_skip_dag' retrieved from /home/airflow/.local/lib/python3.12/site-packages/airflow/example_dags/example_skip_dag.py
[2024-11-23T04:10:39.808+0000] {logging_mixin.py:190} INFO - [2024-11-23T04:10:39.807+0000] {dag.py:3239} INFO - Sync 1 DAGs
[2024-11-23T04:10:40.065+0000] {logging_mixin.py:190} INFO - [2024-11-23T04:10:40.064+0000] {dag.py:4180} INFO - Setting next_dagrun for example_skip_dag to 2024-11-22 00:00:00+00:00, run_after=2024-11-23 00:00:00+00:00
[2024-11-23T04:10:40.209+0000] {processor.py:208} INFO - Processing /home/airflow/.local/lib/python3.12/site-packages/airflow/example_dags/example_skip_dag.py took 0.578 seconds
[2024-11-23T04:11:10.448+0000] {processor.py:186} INFO - Started process (PID=5003) to work on /home/airflow/.local/lib/python3.12/site-packages/airflow/example_dags/example_skip_dag.py
[2024-11-23T04:11:10.451+0000] {processor.py:914} INFO - Processing file /home/airflow/.local/lib/python3.12/site-packages/airflow/example_dags/example_skip_dag.py for tasks to queue
[2024-11-23T04:11:10.454+0000] {logging_mixin.py:190} INFO - [2024-11-23T04:11:10.453+0000] {dagbag.py:588} INFO - Filling up the DagBag from /home/airflow/.local/lib/python3.12/site-packages/airflow/example_dags/example_skip_dag.py
[2024-11-23T04:11:10.480+0000] {processor.py:925} INFO - DAG(s) 'example_skip_dag' retrieved from /home/airflow/.local/lib/python3.12/site-packages/airflow/example_dags/example_skip_dag.py
[2024-11-23T04:11:10.547+0000] {logging_mixin.py:190} INFO - [2024-11-23T04:11:10.545+0000] {dag.py:3239} INFO - Sync 1 DAGs
[2024-11-23T04:11:10.608+0000] {logging_mixin.py:190} INFO - [2024-11-23T04:11:10.608+0000] {dag.py:4180} INFO - Setting next_dagrun for example_skip_dag to 2024-11-22 00:00:00+00:00, run_after=2024-11-23 00:00:00+00:00
[2024-11-23T04:11:10.635+0000] {processor.py:208} INFO - Processing /home/airflow/.local/lib/python3.12/site-packages/airflow/example_dags/example_skip_dag.py took 0.198 seconds
