[2024-11-23T03:25:32.866+0000] {processor.py:186} INFO - Started process (PID=123) to work on /home/airflow/.local/lib/python3.12/site-packages/airflow/example_dags/example_sensors.py
[2024-11-23T03:25:32.868+0000] {processor.py:914} INFO - Processing file /home/airflow/.local/lib/python3.12/site-packages/airflow/example_dags/example_sensors.py for tasks to queue
[2024-11-23T03:25:32.873+0000] {logging_mixin.py:190} INFO - [2024-11-23T03:25:32.872+0000] {dagbag.py:588} INFO - Filling up the DagBag from /home/airflow/.local/lib/python3.12/site-packages/airflow/example_dags/example_sensors.py
[2024-11-23T03:25:32.911+0000] {processor.py:925} INFO - DAG(s) 'example_sensors' retrieved from /home/airflow/.local/lib/python3.12/site-packages/airflow/example_dags/example_sensors.py
[2024-11-23T03:25:33.250+0000] {logging_mixin.py:190} INFO - [2024-11-23T03:25:33.246+0000] {override.py:1911} INFO - Created Permission View: can edit on DAG:example_sensors
[2024-11-23T03:25:33.290+0000] {logging_mixin.py:190} INFO - [2024-11-23T03:25:33.289+0000] {override.py:1911} INFO - Created Permission View: can read on DAG:example_sensors
[2024-11-23T03:25:33.314+0000] {logging_mixin.py:190} INFO - [2024-11-23T03:25:33.313+0000] {override.py:1911} INFO - Created Permission View: can delete on DAG:example_sensors
[2024-11-23T03:25:33.347+0000] {logging_mixin.py:190} INFO - [2024-11-23T03:25:33.343+0000] {override.py:1911} INFO - Created Permission View: can create on DAG Run:example_sensors
[2024-11-23T03:25:33.365+0000] {logging_mixin.py:190} INFO - [2024-11-23T03:25:33.364+0000] {override.py:1911} INFO - Created Permission View: menu access on DAG Run:example_sensors
[2024-11-23T03:25:33.385+0000] {logging_mixin.py:190} INFO - [2024-11-23T03:25:33.384+0000] {override.py:1911} INFO - Created Permission View: can read on DAG Run:example_sensors
[2024-11-23T03:25:33.411+0000] {logging_mixin.py:190} INFO - [2024-11-23T03:25:33.410+0000] {override.py:1911} INFO - Created Permission View: can delete on DAG Run:example_sensors
[2024-11-23T03:25:33.415+0000] {logging_mixin.py:190} INFO - [2024-11-23T03:25:33.415+0000] {dag.py:3239} INFO - Sync 1 DAGs
[2024-11-23T03:25:33.474+0000] {logging_mixin.py:190} INFO - [2024-11-23T03:25:33.473+0000] {dag.py:3262} INFO - Creating ORM DAG for example_sensors
[2024-11-23T03:25:33.476+0000] {logging_mixin.py:190} INFO - [2024-11-23T03:25:33.475+0000] {dag.py:4180} INFO - Setting next_dagrun for example_sensors to None, run_after=None
[2024-11-23T03:25:33.531+0000] {processor.py:208} INFO - Processing /home/airflow/.local/lib/python3.12/site-packages/airflow/example_dags/example_sensors.py took 0.680 seconds
[2024-11-23T03:26:04.300+0000] {processor.py:186} INFO - Started process (PID=186) to work on /home/airflow/.local/lib/python3.12/site-packages/airflow/example_dags/example_sensors.py
[2024-11-23T03:26:04.326+0000] {processor.py:914} INFO - Processing file /home/airflow/.local/lib/python3.12/site-packages/airflow/example_dags/example_sensors.py for tasks to queue
[2024-11-23T03:26:04.335+0000] {logging_mixin.py:190} INFO - [2024-11-23T03:26:04.335+0000] {dagbag.py:588} INFO - Filling up the DagBag from /home/airflow/.local/lib/python3.12/site-packages/airflow/example_dags/example_sensors.py
[2024-11-23T03:26:04.419+0000] {processor.py:925} INFO - DAG(s) 'example_sensors' retrieved from /home/airflow/.local/lib/python3.12/site-packages/airflow/example_dags/example_sensors.py
[2024-11-23T03:26:04.615+0000] {logging_mixin.py:190} INFO - [2024-11-23T03:26:04.614+0000] {dag.py:3239} INFO - Sync 1 DAGs
[2024-11-23T03:26:04.682+0000] {logging_mixin.py:190} INFO - [2024-11-23T03:26:04.681+0000] {dag.py:4180} INFO - Setting next_dagrun for example_sensors to None, run_after=None
[2024-11-23T03:26:04.738+0000] {processor.py:208} INFO - Processing /home/airflow/.local/lib/python3.12/site-packages/airflow/example_dags/example_sensors.py took 0.466 seconds
[2024-11-23T03:26:35.725+0000] {processor.py:186} INFO - Started process (PID=257) to work on /home/airflow/.local/lib/python3.12/site-packages/airflow/example_dags/example_sensors.py
[2024-11-23T03:26:35.728+0000] {processor.py:914} INFO - Processing file /home/airflow/.local/lib/python3.12/site-packages/airflow/example_dags/example_sensors.py for tasks to queue
[2024-11-23T03:26:35.731+0000] {logging_mixin.py:190} INFO - [2024-11-23T03:26:35.731+0000] {dagbag.py:588} INFO - Filling up the DagBag from /home/airflow/.local/lib/python3.12/site-packages/airflow/example_dags/example_sensors.py
[2024-11-23T03:26:35.754+0000] {processor.py:925} INFO - DAG(s) 'example_sensors' retrieved from /home/airflow/.local/lib/python3.12/site-packages/airflow/example_dags/example_sensors.py
[2024-11-23T03:26:35.837+0000] {logging_mixin.py:190} INFO - [2024-11-23T03:26:35.837+0000] {dag.py:3239} INFO - Sync 1 DAGs
[2024-11-23T03:26:35.886+0000] {logging_mixin.py:190} INFO - [2024-11-23T03:26:35.885+0000] {dag.py:4180} INFO - Setting next_dagrun for example_sensors to None, run_after=None
[2024-11-23T03:26:35.947+0000] {processor.py:208} INFO - Processing /home/airflow/.local/lib/python3.12/site-packages/airflow/example_dags/example_sensors.py took 0.235 seconds
[2024-11-23T03:27:13.601+0000] {processor.py:186} INFO - Started process (PID=324) to work on /home/airflow/.local/lib/python3.12/site-packages/airflow/example_dags/example_sensors.py
[2024-11-23T03:27:13.607+0000] {processor.py:914} INFO - Processing file /home/airflow/.local/lib/python3.12/site-packages/airflow/example_dags/example_sensors.py for tasks to queue
[2024-11-23T03:27:13.612+0000] {logging_mixin.py:190} INFO - [2024-11-23T03:27:13.612+0000] {dagbag.py:588} INFO - Filling up the DagBag from /home/airflow/.local/lib/python3.12/site-packages/airflow/example_dags/example_sensors.py
[2024-11-23T03:27:13.663+0000] {processor.py:925} INFO - DAG(s) 'example_sensors' retrieved from /home/airflow/.local/lib/python3.12/site-packages/airflow/example_dags/example_sensors.py
[2024-11-23T03:27:13.907+0000] {logging_mixin.py:190} INFO - [2024-11-23T03:27:13.907+0000] {dag.py:3239} INFO - Sync 1 DAGs
[2024-11-23T03:27:13.996+0000] {logging_mixin.py:190} INFO - [2024-11-23T03:27:13.996+0000] {dag.py:4180} INFO - Setting next_dagrun for example_sensors to None, run_after=None
[2024-11-23T03:27:14.098+0000] {processor.py:208} INFO - Processing /home/airflow/.local/lib/python3.12/site-packages/airflow/example_dags/example_sensors.py took 0.510 seconds
[2024-11-23T03:27:56.114+0000] {processor.py:186} INFO - Started process (PID=387) to work on /home/airflow/.local/lib/python3.12/site-packages/airflow/example_dags/example_sensors.py
[2024-11-23T03:27:56.118+0000] {processor.py:914} INFO - Processing file /home/airflow/.local/lib/python3.12/site-packages/airflow/example_dags/example_sensors.py for tasks to queue
[2024-11-23T03:27:56.126+0000] {logging_mixin.py:190} INFO - [2024-11-23T03:27:56.125+0000] {dagbag.py:588} INFO - Filling up the DagBag from /home/airflow/.local/lib/python3.12/site-packages/airflow/example_dags/example_sensors.py
[2024-11-23T03:27:56.171+0000] {processor.py:925} INFO - DAG(s) 'example_sensors' retrieved from /home/airflow/.local/lib/python3.12/site-packages/airflow/example_dags/example_sensors.py
[2024-11-23T03:27:56.268+0000] {logging_mixin.py:190} INFO - [2024-11-23T03:27:56.267+0000] {dag.py:3239} INFO - Sync 1 DAGs
[2024-11-23T03:27:56.324+0000] {logging_mixin.py:190} INFO - [2024-11-23T03:27:56.323+0000] {dag.py:4180} INFO - Setting next_dagrun for example_sensors to None, run_after=None
[2024-11-23T03:27:56.394+0000] {processor.py:208} INFO - Processing /home/airflow/.local/lib/python3.12/site-packages/airflow/example_dags/example_sensors.py took 0.312 seconds
[2024-11-23T03:28:39.654+0000] {processor.py:186} INFO - Started process (PID=466) to work on /home/airflow/.local/lib/python3.12/site-packages/airflow/example_dags/example_sensors.py
[2024-11-23T03:28:39.798+0000] {processor.py:914} INFO - Processing file /home/airflow/.local/lib/python3.12/site-packages/airflow/example_dags/example_sensors.py for tasks to queue
[2024-11-23T03:28:39.929+0000] {logging_mixin.py:190} INFO - [2024-11-23T03:28:39.928+0000] {dagbag.py:588} INFO - Filling up the DagBag from /home/airflow/.local/lib/python3.12/site-packages/airflow/example_dags/example_sensors.py
[2024-11-23T03:28:40.123+0000] {processor.py:925} INFO - DAG(s) 'example_sensors' retrieved from /home/airflow/.local/lib/python3.12/site-packages/airflow/example_dags/example_sensors.py
[2024-11-23T03:28:40.480+0000] {logging_mixin.py:190} INFO - [2024-11-23T03:28:40.479+0000] {dag.py:3239} INFO - Sync 1 DAGs
[2024-11-23T03:28:40.642+0000] {logging_mixin.py:190} INFO - [2024-11-23T03:28:40.642+0000] {dag.py:4180} INFO - Setting next_dagrun for example_sensors to None, run_after=None
[2024-11-23T03:28:40.789+0000] {processor.py:208} INFO - Processing /home/airflow/.local/lib/python3.12/site-packages/airflow/example_dags/example_sensors.py took 1.184 seconds
[2024-11-23T03:29:10.924+0000] {processor.py:186} INFO - Started process (PID=529) to work on /home/airflow/.local/lib/python3.12/site-packages/airflow/example_dags/example_sensors.py
[2024-11-23T03:29:10.926+0000] {processor.py:914} INFO - Processing file /home/airflow/.local/lib/python3.12/site-packages/airflow/example_dags/example_sensors.py for tasks to queue
[2024-11-23T03:29:10.932+0000] {logging_mixin.py:190} INFO - [2024-11-23T03:29:10.931+0000] {dagbag.py:588} INFO - Filling up the DagBag from /home/airflow/.local/lib/python3.12/site-packages/airflow/example_dags/example_sensors.py
[2024-11-23T03:29:10.947+0000] {processor.py:925} INFO - DAG(s) 'example_sensors' retrieved from /home/airflow/.local/lib/python3.12/site-packages/airflow/example_dags/example_sensors.py
[2024-11-23T03:29:10.986+0000] {logging_mixin.py:190} INFO - [2024-11-23T03:29:10.985+0000] {dag.py:3239} INFO - Sync 1 DAGs
[2024-11-23T03:29:11.007+0000] {logging_mixin.py:190} INFO - [2024-11-23T03:29:11.007+0000] {dag.py:4180} INFO - Setting next_dagrun for example_sensors to None, run_after=None
[2024-11-23T03:29:11.037+0000] {processor.py:208} INFO - Processing /home/airflow/.local/lib/python3.12/site-packages/airflow/example_dags/example_sensors.py took 0.122 seconds
[2024-11-23T03:29:56.344+0000] {processor.py:186} INFO - Started process (PID=592) to work on /home/airflow/.local/lib/python3.12/site-packages/airflow/example_dags/example_sensors.py
[2024-11-23T03:29:56.476+0000] {processor.py:914} INFO - Processing file /home/airflow/.local/lib/python3.12/site-packages/airflow/example_dags/example_sensors.py for tasks to queue
[2024-11-23T03:29:56.579+0000] {logging_mixin.py:190} INFO - [2024-11-23T03:29:56.578+0000] {dagbag.py:588} INFO - Filling up the DagBag from /home/airflow/.local/lib/python3.12/site-packages/airflow/example_dags/example_sensors.py
[2024-11-23T03:29:56.684+0000] {processor.py:925} INFO - DAG(s) 'example_sensors' retrieved from /home/airflow/.local/lib/python3.12/site-packages/airflow/example_dags/example_sensors.py
[2024-11-23T03:29:56.979+0000] {logging_mixin.py:190} INFO - [2024-11-23T03:29:56.978+0000] {dag.py:3239} INFO - Sync 1 DAGs
[2024-11-23T03:29:57.204+0000] {logging_mixin.py:190} INFO - [2024-11-23T03:29:57.203+0000] {dag.py:4180} INFO - Setting next_dagrun for example_sensors to None, run_after=None
[2024-11-23T03:29:57.547+0000] {processor.py:208} INFO - Processing /home/airflow/.local/lib/python3.12/site-packages/airflow/example_dags/example_sensors.py took 1.251 seconds
[2024-11-23T03:30:28.888+0000] {processor.py:186} INFO - Started process (PID=655) to work on /home/airflow/.local/lib/python3.12/site-packages/airflow/example_dags/example_sensors.py
[2024-11-23T03:30:28.895+0000] {processor.py:914} INFO - Processing file /home/airflow/.local/lib/python3.12/site-packages/airflow/example_dags/example_sensors.py for tasks to queue
[2024-11-23T03:30:28.921+0000] {logging_mixin.py:190} INFO - [2024-11-23T03:30:28.920+0000] {dagbag.py:588} INFO - Filling up the DagBag from /home/airflow/.local/lib/python3.12/site-packages/airflow/example_dags/example_sensors.py
[2024-11-23T03:30:29.016+0000] {processor.py:925} INFO - DAG(s) 'example_sensors' retrieved from /home/airflow/.local/lib/python3.12/site-packages/airflow/example_dags/example_sensors.py
[2024-11-23T03:30:29.237+0000] {logging_mixin.py:190} INFO - [2024-11-23T03:30:29.237+0000] {dag.py:3239} INFO - Sync 1 DAGs
[2024-11-23T03:30:29.365+0000] {logging_mixin.py:190} INFO - [2024-11-23T03:30:29.364+0000] {dag.py:4180} INFO - Setting next_dagrun for example_sensors to None, run_after=None
[2024-11-23T03:30:29.480+0000] {processor.py:208} INFO - Processing /home/airflow/.local/lib/python3.12/site-packages/airflow/example_dags/example_sensors.py took 0.624 seconds
[2024-11-23T03:31:03.473+0000] {processor.py:186} INFO - Started process (PID=722) to work on /home/airflow/.local/lib/python3.12/site-packages/airflow/example_dags/example_sensors.py
[2024-11-23T03:31:03.476+0000] {processor.py:914} INFO - Processing file /home/airflow/.local/lib/python3.12/site-packages/airflow/example_dags/example_sensors.py for tasks to queue
[2024-11-23T03:31:03.482+0000] {logging_mixin.py:190} INFO - [2024-11-23T03:31:03.480+0000] {dagbag.py:588} INFO - Filling up the DagBag from /home/airflow/.local/lib/python3.12/site-packages/airflow/example_dags/example_sensors.py
[2024-11-23T03:31:03.510+0000] {processor.py:925} INFO - DAG(s) 'example_sensors' retrieved from /home/airflow/.local/lib/python3.12/site-packages/airflow/example_dags/example_sensors.py
[2024-11-23T03:31:03.573+0000] {logging_mixin.py:190} INFO - [2024-11-23T03:31:03.573+0000] {dag.py:3239} INFO - Sync 1 DAGs
[2024-11-23T03:31:03.660+0000] {logging_mixin.py:190} INFO - [2024-11-23T03:31:03.659+0000] {dag.py:4180} INFO - Setting next_dagrun for example_sensors to None, run_after=None
[2024-11-23T03:31:03.781+0000] {processor.py:208} INFO - Processing /home/airflow/.local/lib/python3.12/site-packages/airflow/example_dags/example_sensors.py took 0.322 seconds
[2024-11-23T03:31:34.162+0000] {processor.py:186} INFO - Started process (PID=784) to work on /home/airflow/.local/lib/python3.12/site-packages/airflow/example_dags/example_sensors.py
[2024-11-23T03:31:34.163+0000] {processor.py:914} INFO - Processing file /home/airflow/.local/lib/python3.12/site-packages/airflow/example_dags/example_sensors.py for tasks to queue
[2024-11-23T03:31:34.170+0000] {logging_mixin.py:190} INFO - [2024-11-23T03:31:34.169+0000] {dagbag.py:588} INFO - Filling up the DagBag from /home/airflow/.local/lib/python3.12/site-packages/airflow/example_dags/example_sensors.py
[2024-11-23T03:31:34.201+0000] {processor.py:925} INFO - DAG(s) 'example_sensors' retrieved from /home/airflow/.local/lib/python3.12/site-packages/airflow/example_dags/example_sensors.py
[2024-11-23T03:31:34.249+0000] {logging_mixin.py:190} INFO - [2024-11-23T03:31:34.249+0000] {dag.py:3239} INFO - Sync 1 DAGs
[2024-11-23T03:31:34.274+0000] {logging_mixin.py:190} INFO - [2024-11-23T03:31:34.273+0000] {dag.py:4180} INFO - Setting next_dagrun for example_sensors to None, run_after=None
[2024-11-23T03:31:34.305+0000] {processor.py:208} INFO - Processing /home/airflow/.local/lib/python3.12/site-packages/airflow/example_dags/example_sensors.py took 0.155 seconds
[2024-11-23T03:32:58.554+0000] {processor.py:186} INFO - Started process (PID=868) to work on /home/airflow/.local/lib/python3.12/site-packages/airflow/example_dags/example_sensors.py
[2024-11-23T03:32:58.558+0000] {processor.py:914} INFO - Processing file /home/airflow/.local/lib/python3.12/site-packages/airflow/example_dags/example_sensors.py for tasks to queue
[2024-11-23T03:32:58.575+0000] {logging_mixin.py:190} INFO - [2024-11-23T03:32:58.568+0000] {dagbag.py:588} INFO - Filling up the DagBag from /home/airflow/.local/lib/python3.12/site-packages/airflow/example_dags/example_sensors.py
[2024-11-23T03:32:58.661+0000] {processor.py:925} INFO - DAG(s) 'example_sensors' retrieved from /home/airflow/.local/lib/python3.12/site-packages/airflow/example_dags/example_sensors.py
[2024-11-23T03:32:58.837+0000] {logging_mixin.py:190} INFO - [2024-11-23T03:32:58.836+0000] {dag.py:3239} INFO - Sync 1 DAGs
[2024-11-23T03:32:58.951+0000] {logging_mixin.py:190} INFO - [2024-11-23T03:32:58.951+0000] {dag.py:4180} INFO - Setting next_dagrun for example_sensors to None, run_after=None
[2024-11-23T03:32:59.087+0000] {processor.py:208} INFO - Processing /home/airflow/.local/lib/python3.12/site-packages/airflow/example_dags/example_sensors.py took 0.557 seconds
[2024-11-23T03:33:29.715+0000] {processor.py:186} INFO - Started process (PID=930) to work on /home/airflow/.local/lib/python3.12/site-packages/airflow/example_dags/example_sensors.py
[2024-11-23T03:33:29.717+0000] {processor.py:914} INFO - Processing file /home/airflow/.local/lib/python3.12/site-packages/airflow/example_dags/example_sensors.py for tasks to queue
[2024-11-23T03:33:29.729+0000] {logging_mixin.py:190} INFO - [2024-11-23T03:33:29.728+0000] {dagbag.py:588} INFO - Filling up the DagBag from /home/airflow/.local/lib/python3.12/site-packages/airflow/example_dags/example_sensors.py
[2024-11-23T03:33:29.786+0000] {processor.py:925} INFO - DAG(s) 'example_sensors' retrieved from /home/airflow/.local/lib/python3.12/site-packages/airflow/example_dags/example_sensors.py
[2024-11-23T03:33:29.963+0000] {logging_mixin.py:190} INFO - [2024-11-23T03:33:29.961+0000] {dag.py:3239} INFO - Sync 1 DAGs
[2024-11-23T03:33:30.090+0000] {logging_mixin.py:190} INFO - [2024-11-23T03:33:30.089+0000] {dag.py:4180} INFO - Setting next_dagrun for example_sensors to None, run_after=None
[2024-11-23T03:33:30.204+0000] {processor.py:208} INFO - Processing /home/airflow/.local/lib/python3.12/site-packages/airflow/example_dags/example_sensors.py took 0.508 seconds
[2024-11-23T03:34:03.135+0000] {processor.py:186} INFO - Started process (PID=992) to work on /home/airflow/.local/lib/python3.12/site-packages/airflow/example_dags/example_sensors.py
[2024-11-23T03:34:03.137+0000] {processor.py:914} INFO - Processing file /home/airflow/.local/lib/python3.12/site-packages/airflow/example_dags/example_sensors.py for tasks to queue
[2024-11-23T03:34:03.144+0000] {logging_mixin.py:190} INFO - [2024-11-23T03:34:03.143+0000] {dagbag.py:588} INFO - Filling up the DagBag from /home/airflow/.local/lib/python3.12/site-packages/airflow/example_dags/example_sensors.py
[2024-11-23T03:34:03.176+0000] {processor.py:925} INFO - DAG(s) 'example_sensors' retrieved from /home/airflow/.local/lib/python3.12/site-packages/airflow/example_dags/example_sensors.py
[2024-11-23T03:34:03.243+0000] {logging_mixin.py:190} INFO - [2024-11-23T03:34:03.242+0000] {dag.py:3239} INFO - Sync 1 DAGs
[2024-11-23T03:34:03.285+0000] {logging_mixin.py:190} INFO - [2024-11-23T03:34:03.284+0000] {dag.py:4180} INFO - Setting next_dagrun for example_sensors to None, run_after=None
[2024-11-23T03:34:03.331+0000] {processor.py:208} INFO - Processing /home/airflow/.local/lib/python3.12/site-packages/airflow/example_dags/example_sensors.py took 0.211 seconds
[2024-11-23T03:34:41.333+0000] {processor.py:186} INFO - Started process (PID=1055) to work on /home/airflow/.local/lib/python3.12/site-packages/airflow/example_dags/example_sensors.py
[2024-11-23T03:34:41.335+0000] {processor.py:914} INFO - Processing file /home/airflow/.local/lib/python3.12/site-packages/airflow/example_dags/example_sensors.py for tasks to queue
[2024-11-23T03:34:41.351+0000] {logging_mixin.py:190} INFO - [2024-11-23T03:34:41.350+0000] {dagbag.py:588} INFO - Filling up the DagBag from /home/airflow/.local/lib/python3.12/site-packages/airflow/example_dags/example_sensors.py
[2024-11-23T03:34:41.444+0000] {processor.py:925} INFO - DAG(s) 'example_sensors' retrieved from /home/airflow/.local/lib/python3.12/site-packages/airflow/example_dags/example_sensors.py
[2024-11-23T03:34:41.618+0000] {logging_mixin.py:190} INFO - [2024-11-23T03:34:41.618+0000] {dag.py:3239} INFO - Sync 1 DAGs
[2024-11-23T03:34:41.711+0000] {logging_mixin.py:190} INFO - [2024-11-23T03:34:41.711+0000] {dag.py:4180} INFO - Setting next_dagrun for example_sensors to None, run_after=None
[2024-11-23T03:34:41.794+0000] {processor.py:208} INFO - Processing /home/airflow/.local/lib/python3.12/site-packages/airflow/example_dags/example_sensors.py took 0.506 seconds
[2024-11-23T03:35:18.729+0000] {processor.py:186} INFO - Started process (PID=1125) to work on /home/airflow/.local/lib/python3.12/site-packages/airflow/example_dags/example_sensors.py
[2024-11-23T03:35:18.731+0000] {processor.py:914} INFO - Processing file /home/airflow/.local/lib/python3.12/site-packages/airflow/example_dags/example_sensors.py for tasks to queue
[2024-11-23T03:35:18.737+0000] {logging_mixin.py:190} INFO - [2024-11-23T03:35:18.736+0000] {dagbag.py:588} INFO - Filling up the DagBag from /home/airflow/.local/lib/python3.12/site-packages/airflow/example_dags/example_sensors.py
[2024-11-23T03:35:18.790+0000] {processor.py:925} INFO - DAG(s) 'example_sensors' retrieved from /home/airflow/.local/lib/python3.12/site-packages/airflow/example_dags/example_sensors.py
[2024-11-23T03:35:18.866+0000] {logging_mixin.py:190} INFO - [2024-11-23T03:35:18.865+0000] {dag.py:3239} INFO - Sync 1 DAGs
[2024-11-23T03:35:18.898+0000] {logging_mixin.py:190} INFO - [2024-11-23T03:35:18.897+0000] {dag.py:4180} INFO - Setting next_dagrun for example_sensors to None, run_after=None
[2024-11-23T03:35:18.945+0000] {processor.py:208} INFO - Processing /home/airflow/.local/lib/python3.12/site-packages/airflow/example_dags/example_sensors.py took 0.234 seconds
[2024-11-23T03:35:49.899+0000] {processor.py:186} INFO - Started process (PID=1188) to work on /home/airflow/.local/lib/python3.12/site-packages/airflow/example_dags/example_sensors.py
[2024-11-23T03:35:49.901+0000] {processor.py:914} INFO - Processing file /home/airflow/.local/lib/python3.12/site-packages/airflow/example_dags/example_sensors.py for tasks to queue
[2024-11-23T03:35:49.907+0000] {logging_mixin.py:190} INFO - [2024-11-23T03:35:49.906+0000] {dagbag.py:588} INFO - Filling up the DagBag from /home/airflow/.local/lib/python3.12/site-packages/airflow/example_dags/example_sensors.py
[2024-11-23T03:35:49.961+0000] {processor.py:925} INFO - DAG(s) 'example_sensors' retrieved from /home/airflow/.local/lib/python3.12/site-packages/airflow/example_dags/example_sensors.py
[2024-11-23T03:35:50.037+0000] {logging_mixin.py:190} INFO - [2024-11-23T03:35:50.037+0000] {dag.py:3239} INFO - Sync 1 DAGs
[2024-11-23T03:35:50.077+0000] {logging_mixin.py:190} INFO - [2024-11-23T03:35:50.077+0000] {dag.py:4180} INFO - Setting next_dagrun for example_sensors to None, run_after=None
[2024-11-23T03:35:50.176+0000] {processor.py:208} INFO - Processing /home/airflow/.local/lib/python3.12/site-packages/airflow/example_dags/example_sensors.py took 0.289 seconds
[2024-11-23T03:36:22.159+0000] {processor.py:186} INFO - Started process (PID=1251) to work on /home/airflow/.local/lib/python3.12/site-packages/airflow/example_dags/example_sensors.py
[2024-11-23T03:36:22.163+0000] {processor.py:914} INFO - Processing file /home/airflow/.local/lib/python3.12/site-packages/airflow/example_dags/example_sensors.py for tasks to queue
[2024-11-23T03:36:22.179+0000] {logging_mixin.py:190} INFO - [2024-11-23T03:36:22.178+0000] {dagbag.py:588} INFO - Filling up the DagBag from /home/airflow/.local/lib/python3.12/site-packages/airflow/example_dags/example_sensors.py
[2024-11-23T03:36:22.224+0000] {processor.py:925} INFO - DAG(s) 'example_sensors' retrieved from /home/airflow/.local/lib/python3.12/site-packages/airflow/example_dags/example_sensors.py
[2024-11-23T03:36:22.271+0000] {logging_mixin.py:190} INFO - [2024-11-23T03:36:22.271+0000] {dag.py:3239} INFO - Sync 1 DAGs
[2024-11-23T03:36:22.318+0000] {logging_mixin.py:190} INFO - [2024-11-23T03:36:22.317+0000] {dag.py:4180} INFO - Setting next_dagrun for example_sensors to None, run_after=None
[2024-11-23T03:36:22.397+0000] {processor.py:208} INFO - Processing /home/airflow/.local/lib/python3.12/site-packages/airflow/example_dags/example_sensors.py took 0.259 seconds
[2024-11-23T03:36:54.158+0000] {processor.py:186} INFO - Started process (PID=1313) to work on /home/airflow/.local/lib/python3.12/site-packages/airflow/example_dags/example_sensors.py
[2024-11-23T03:36:54.161+0000] {processor.py:914} INFO - Processing file /home/airflow/.local/lib/python3.12/site-packages/airflow/example_dags/example_sensors.py for tasks to queue
[2024-11-23T03:36:54.174+0000] {logging_mixin.py:190} INFO - [2024-11-23T03:36:54.174+0000] {dagbag.py:588} INFO - Filling up the DagBag from /home/airflow/.local/lib/python3.12/site-packages/airflow/example_dags/example_sensors.py
[2024-11-23T03:36:54.212+0000] {processor.py:925} INFO - DAG(s) 'example_sensors' retrieved from /home/airflow/.local/lib/python3.12/site-packages/airflow/example_dags/example_sensors.py
[2024-11-23T03:36:54.298+0000] {logging_mixin.py:190} INFO - [2024-11-23T03:36:54.298+0000] {dag.py:3239} INFO - Sync 1 DAGs
[2024-11-23T03:36:54.350+0000] {logging_mixin.py:190} INFO - [2024-11-23T03:36:54.350+0000] {dag.py:4180} INFO - Setting next_dagrun for example_sensors to None, run_after=None
[2024-11-23T03:36:54.400+0000] {processor.py:208} INFO - Processing /home/airflow/.local/lib/python3.12/site-packages/airflow/example_dags/example_sensors.py took 0.310 seconds
[2024-11-23T03:37:31.168+0000] {processor.py:186} INFO - Started process (PID=1378) to work on /home/airflow/.local/lib/python3.12/site-packages/airflow/example_dags/example_sensors.py
[2024-11-23T03:37:31.174+0000] {processor.py:914} INFO - Processing file /home/airflow/.local/lib/python3.12/site-packages/airflow/example_dags/example_sensors.py for tasks to queue
[2024-11-23T03:37:31.195+0000] {logging_mixin.py:190} INFO - [2024-11-23T03:37:31.194+0000] {dagbag.py:588} INFO - Filling up the DagBag from /home/airflow/.local/lib/python3.12/site-packages/airflow/example_dags/example_sensors.py
[2024-11-23T03:37:31.270+0000] {processor.py:925} INFO - DAG(s) 'example_sensors' retrieved from /home/airflow/.local/lib/python3.12/site-packages/airflow/example_dags/example_sensors.py
[2024-11-23T03:37:31.490+0000] {logging_mixin.py:190} INFO - [2024-11-23T03:37:31.490+0000] {dag.py:3239} INFO - Sync 1 DAGs
[2024-11-23T03:37:31.617+0000] {logging_mixin.py:190} INFO - [2024-11-23T03:37:31.607+0000] {dag.py:4180} INFO - Setting next_dagrun for example_sensors to None, run_after=None
[2024-11-23T03:37:31.840+0000] {processor.py:208} INFO - Processing /home/airflow/.local/lib/python3.12/site-packages/airflow/example_dags/example_sensors.py took 0.697 seconds
[2024-11-23T03:38:02.536+0000] {processor.py:186} INFO - Started process (PID=1440) to work on /home/airflow/.local/lib/python3.12/site-packages/airflow/example_dags/example_sensors.py
[2024-11-23T03:38:02.538+0000] {processor.py:914} INFO - Processing file /home/airflow/.local/lib/python3.12/site-packages/airflow/example_dags/example_sensors.py for tasks to queue
[2024-11-23T03:38:02.544+0000] {logging_mixin.py:190} INFO - [2024-11-23T03:38:02.543+0000] {dagbag.py:588} INFO - Filling up the DagBag from /home/airflow/.local/lib/python3.12/site-packages/airflow/example_dags/example_sensors.py
[2024-11-23T03:38:02.596+0000] {processor.py:925} INFO - DAG(s) 'example_sensors' retrieved from /home/airflow/.local/lib/python3.12/site-packages/airflow/example_dags/example_sensors.py
[2024-11-23T03:38:02.682+0000] {logging_mixin.py:190} INFO - [2024-11-23T03:38:02.681+0000] {dag.py:3239} INFO - Sync 1 DAGs
[2024-11-23T03:38:02.736+0000] {logging_mixin.py:190} INFO - [2024-11-23T03:38:02.735+0000] {dag.py:4180} INFO - Setting next_dagrun for example_sensors to None, run_after=None
[2024-11-23T03:38:02.830+0000] {processor.py:208} INFO - Processing /home/airflow/.local/lib/python3.12/site-packages/airflow/example_dags/example_sensors.py took 0.318 seconds
[2024-11-23T03:38:41.655+0000] {processor.py:186} INFO - Started process (PID=1514) to work on /home/airflow/.local/lib/python3.12/site-packages/airflow/example_dags/example_sensors.py
[2024-11-23T03:38:41.658+0000] {processor.py:914} INFO - Processing file /home/airflow/.local/lib/python3.12/site-packages/airflow/example_dags/example_sensors.py for tasks to queue
[2024-11-23T03:38:41.663+0000] {logging_mixin.py:190} INFO - [2024-11-23T03:38:41.662+0000] {dagbag.py:588} INFO - Filling up the DagBag from /home/airflow/.local/lib/python3.12/site-packages/airflow/example_dags/example_sensors.py
[2024-11-23T03:38:41.689+0000] {processor.py:925} INFO - DAG(s) 'example_sensors' retrieved from /home/airflow/.local/lib/python3.12/site-packages/airflow/example_dags/example_sensors.py
[2024-11-23T03:38:41.759+0000] {logging_mixin.py:190} INFO - [2024-11-23T03:38:41.758+0000] {dag.py:3239} INFO - Sync 1 DAGs
[2024-11-23T03:38:41.809+0000] {logging_mixin.py:190} INFO - [2024-11-23T03:38:41.808+0000] {dag.py:4180} INFO - Setting next_dagrun for example_sensors to None, run_after=None
[2024-11-23T03:38:41.872+0000] {processor.py:208} INFO - Processing /home/airflow/.local/lib/python3.12/site-packages/airflow/example_dags/example_sensors.py took 0.232 seconds
[2024-11-23T03:39:14.133+0000] {processor.py:186} INFO - Started process (PID=1577) to work on /home/airflow/.local/lib/python3.12/site-packages/airflow/example_dags/example_sensors.py
[2024-11-23T03:39:14.137+0000] {processor.py:914} INFO - Processing file /home/airflow/.local/lib/python3.12/site-packages/airflow/example_dags/example_sensors.py for tasks to queue
[2024-11-23T03:39:14.147+0000] {logging_mixin.py:190} INFO - [2024-11-23T03:39:14.146+0000] {dagbag.py:588} INFO - Filling up the DagBag from /home/airflow/.local/lib/python3.12/site-packages/airflow/example_dags/example_sensors.py
[2024-11-23T03:39:14.209+0000] {processor.py:925} INFO - DAG(s) 'example_sensors' retrieved from /home/airflow/.local/lib/python3.12/site-packages/airflow/example_dags/example_sensors.py
[2024-11-23T03:39:14.441+0000] {logging_mixin.py:190} INFO - [2024-11-23T03:39:14.441+0000] {dag.py:3239} INFO - Sync 1 DAGs
[2024-11-23T03:39:14.598+0000] {logging_mixin.py:190} INFO - [2024-11-23T03:39:14.598+0000] {dag.py:4180} INFO - Setting next_dagrun for example_sensors to None, run_after=None
[2024-11-23T03:39:14.752+0000] {processor.py:208} INFO - Processing /home/airflow/.local/lib/python3.12/site-packages/airflow/example_dags/example_sensors.py took 0.639 seconds
[2024-11-23T03:39:44.921+0000] {processor.py:186} INFO - Started process (PID=1640) to work on /home/airflow/.local/lib/python3.12/site-packages/airflow/example_dags/example_sensors.py
[2024-11-23T03:39:44.934+0000] {processor.py:914} INFO - Processing file /home/airflow/.local/lib/python3.12/site-packages/airflow/example_dags/example_sensors.py for tasks to queue
[2024-11-23T03:39:44.949+0000] {logging_mixin.py:190} INFO - [2024-11-23T03:39:44.948+0000] {dagbag.py:588} INFO - Filling up the DagBag from /home/airflow/.local/lib/python3.12/site-packages/airflow/example_dags/example_sensors.py
[2024-11-23T03:39:45.045+0000] {processor.py:925} INFO - DAG(s) 'example_sensors' retrieved from /home/airflow/.local/lib/python3.12/site-packages/airflow/example_dags/example_sensors.py
[2024-11-23T03:39:45.210+0000] {logging_mixin.py:190} INFO - [2024-11-23T03:39:45.210+0000] {dag.py:3239} INFO - Sync 1 DAGs
[2024-11-23T03:39:45.245+0000] {logging_mixin.py:190} INFO - [2024-11-23T03:39:45.244+0000] {dag.py:4180} INFO - Setting next_dagrun for example_sensors to None, run_after=None
[2024-11-23T03:39:45.301+0000] {processor.py:208} INFO - Processing /home/airflow/.local/lib/python3.12/site-packages/airflow/example_dags/example_sensors.py took 0.416 seconds
[2024-11-23T03:40:17.758+0000] {processor.py:186} INFO - Started process (PID=1703) to work on /home/airflow/.local/lib/python3.12/site-packages/airflow/example_dags/example_sensors.py
[2024-11-23T03:40:17.759+0000] {processor.py:914} INFO - Processing file /home/airflow/.local/lib/python3.12/site-packages/airflow/example_dags/example_sensors.py for tasks to queue
[2024-11-23T03:40:17.763+0000] {logging_mixin.py:190} INFO - [2024-11-23T03:40:17.763+0000] {dagbag.py:588} INFO - Filling up the DagBag from /home/airflow/.local/lib/python3.12/site-packages/airflow/example_dags/example_sensors.py
[2024-11-23T03:40:17.810+0000] {processor.py:925} INFO - DAG(s) 'example_sensors' retrieved from /home/airflow/.local/lib/python3.12/site-packages/airflow/example_dags/example_sensors.py
[2024-11-23T03:40:17.891+0000] {logging_mixin.py:190} INFO - [2024-11-23T03:40:17.891+0000] {dag.py:3239} INFO - Sync 1 DAGs
[2024-11-23T03:40:17.932+0000] {logging_mixin.py:190} INFO - [2024-11-23T03:40:17.932+0000] {dag.py:4180} INFO - Setting next_dagrun for example_sensors to None, run_after=None
[2024-11-23T03:40:17.980+0000] {processor.py:208} INFO - Processing /home/airflow/.local/lib/python3.12/site-packages/airflow/example_dags/example_sensors.py took 0.239 seconds
[2024-11-23T03:40:55.175+0000] {processor.py:186} INFO - Started process (PID=1768) to work on /home/airflow/.local/lib/python3.12/site-packages/airflow/example_dags/example_sensors.py
[2024-11-23T03:40:55.179+0000] {processor.py:914} INFO - Processing file /home/airflow/.local/lib/python3.12/site-packages/airflow/example_dags/example_sensors.py for tasks to queue
[2024-11-23T03:40:55.183+0000] {logging_mixin.py:190} INFO - [2024-11-23T03:40:55.183+0000] {dagbag.py:588} INFO - Filling up the DagBag from /home/airflow/.local/lib/python3.12/site-packages/airflow/example_dags/example_sensors.py
[2024-11-23T03:40:55.205+0000] {processor.py:925} INFO - DAG(s) 'example_sensors' retrieved from /home/airflow/.local/lib/python3.12/site-packages/airflow/example_dags/example_sensors.py
[2024-11-23T03:40:55.269+0000] {logging_mixin.py:190} INFO - [2024-11-23T03:40:55.268+0000] {dag.py:3239} INFO - Sync 1 DAGs
[2024-11-23T03:40:55.303+0000] {logging_mixin.py:190} INFO - [2024-11-23T03:40:55.302+0000] {dag.py:4180} INFO - Setting next_dagrun for example_sensors to None, run_after=None
[2024-11-23T03:40:55.377+0000] {processor.py:208} INFO - Processing /home/airflow/.local/lib/python3.12/site-packages/airflow/example_dags/example_sensors.py took 0.213 seconds
[2024-11-23T03:41:28.269+0000] {processor.py:186} INFO - Started process (PID=1832) to work on /home/airflow/.local/lib/python3.12/site-packages/airflow/example_dags/example_sensors.py
[2024-11-23T03:41:28.271+0000] {processor.py:914} INFO - Processing file /home/airflow/.local/lib/python3.12/site-packages/airflow/example_dags/example_sensors.py for tasks to queue
[2024-11-23T03:41:28.277+0000] {logging_mixin.py:190} INFO - [2024-11-23T03:41:28.276+0000] {dagbag.py:588} INFO - Filling up the DagBag from /home/airflow/.local/lib/python3.12/site-packages/airflow/example_dags/example_sensors.py
[2024-11-23T03:41:28.311+0000] {processor.py:925} INFO - DAG(s) 'example_sensors' retrieved from /home/airflow/.local/lib/python3.12/site-packages/airflow/example_dags/example_sensors.py
[2024-11-23T03:41:28.427+0000] {logging_mixin.py:190} INFO - [2024-11-23T03:41:28.427+0000] {dag.py:3239} INFO - Sync 1 DAGs
[2024-11-23T03:41:28.487+0000] {logging_mixin.py:190} INFO - [2024-11-23T03:41:28.487+0000] {dag.py:4180} INFO - Setting next_dagrun for example_sensors to None, run_after=None
[2024-11-23T03:41:28.528+0000] {processor.py:208} INFO - Processing /home/airflow/.local/lib/python3.12/site-packages/airflow/example_dags/example_sensors.py took 0.276 seconds
[2024-11-23T03:42:02.338+0000] {processor.py:186} INFO - Started process (PID=1896) to work on /home/airflow/.local/lib/python3.12/site-packages/airflow/example_dags/example_sensors.py
[2024-11-23T03:42:02.340+0000] {processor.py:914} INFO - Processing file /home/airflow/.local/lib/python3.12/site-packages/airflow/example_dags/example_sensors.py for tasks to queue
[2024-11-23T03:42:02.346+0000] {logging_mixin.py:190} INFO - [2024-11-23T03:42:02.345+0000] {dagbag.py:588} INFO - Filling up the DagBag from /home/airflow/.local/lib/python3.12/site-packages/airflow/example_dags/example_sensors.py
[2024-11-23T03:42:02.371+0000] {processor.py:925} INFO - DAG(s) 'example_sensors' retrieved from /home/airflow/.local/lib/python3.12/site-packages/airflow/example_dags/example_sensors.py
[2024-11-23T03:42:02.506+0000] {logging_mixin.py:190} INFO - [2024-11-23T03:42:02.486+0000] {dag.py:3239} INFO - Sync 1 DAGs
[2024-11-23T03:42:02.624+0000] {logging_mixin.py:190} INFO - [2024-11-23T03:42:02.623+0000] {dag.py:4180} INFO - Setting next_dagrun for example_sensors to None, run_after=None
[2024-11-23T03:42:02.729+0000] {processor.py:208} INFO - Processing /home/airflow/.local/lib/python3.12/site-packages/airflow/example_dags/example_sensors.py took 0.406 seconds
[2024-11-23T03:42:35.700+0000] {processor.py:186} INFO - Started process (PID=1960) to work on /home/airflow/.local/lib/python3.12/site-packages/airflow/example_dags/example_sensors.py
[2024-11-23T03:42:35.702+0000] {processor.py:914} INFO - Processing file /home/airflow/.local/lib/python3.12/site-packages/airflow/example_dags/example_sensors.py for tasks to queue
[2024-11-23T03:42:35.707+0000] {logging_mixin.py:190} INFO - [2024-11-23T03:42:35.706+0000] {dagbag.py:588} INFO - Filling up the DagBag from /home/airflow/.local/lib/python3.12/site-packages/airflow/example_dags/example_sensors.py
[2024-11-23T03:42:35.738+0000] {processor.py:925} INFO - DAG(s) 'example_sensors' retrieved from /home/airflow/.local/lib/python3.12/site-packages/airflow/example_dags/example_sensors.py
[2024-11-23T03:42:35.799+0000] {logging_mixin.py:190} INFO - [2024-11-23T03:42:35.798+0000] {dag.py:3239} INFO - Sync 1 DAGs
[2024-11-23T03:42:35.835+0000] {logging_mixin.py:190} INFO - [2024-11-23T03:42:35.834+0000] {dag.py:4180} INFO - Setting next_dagrun for example_sensors to None, run_after=None
[2024-11-23T03:42:35.881+0000] {processor.py:208} INFO - Processing /home/airflow/.local/lib/python3.12/site-packages/airflow/example_dags/example_sensors.py took 0.194 seconds
[2024-11-23T03:43:06.483+0000] {processor.py:186} INFO - Started process (PID=2024) to work on /home/airflow/.local/lib/python3.12/site-packages/airflow/example_dags/example_sensors.py
[2024-11-23T03:43:06.485+0000] {processor.py:914} INFO - Processing file /home/airflow/.local/lib/python3.12/site-packages/airflow/example_dags/example_sensors.py for tasks to queue
[2024-11-23T03:43:06.488+0000] {logging_mixin.py:190} INFO - [2024-11-23T03:43:06.487+0000] {dagbag.py:588} INFO - Filling up the DagBag from /home/airflow/.local/lib/python3.12/site-packages/airflow/example_dags/example_sensors.py
[2024-11-23T03:43:06.515+0000] {processor.py:925} INFO - DAG(s) 'example_sensors' retrieved from /home/airflow/.local/lib/python3.12/site-packages/airflow/example_dags/example_sensors.py
[2024-11-23T03:43:06.643+0000] {logging_mixin.py:190} INFO - [2024-11-23T03:43:06.642+0000] {dag.py:3239} INFO - Sync 1 DAGs
[2024-11-23T03:43:06.711+0000] {logging_mixin.py:190} INFO - [2024-11-23T03:43:06.710+0000] {dag.py:4180} INFO - Setting next_dagrun for example_sensors to None, run_after=None
[2024-11-23T03:43:06.746+0000] {processor.py:208} INFO - Processing /home/airflow/.local/lib/python3.12/site-packages/airflow/example_dags/example_sensors.py took 0.272 seconds
[2024-11-23T03:43:39.141+0000] {processor.py:186} INFO - Started process (PID=2088) to work on /home/airflow/.local/lib/python3.12/site-packages/airflow/example_dags/example_sensors.py
[2024-11-23T03:43:39.143+0000] {processor.py:914} INFO - Processing file /home/airflow/.local/lib/python3.12/site-packages/airflow/example_dags/example_sensors.py for tasks to queue
[2024-11-23T03:43:39.148+0000] {logging_mixin.py:190} INFO - [2024-11-23T03:43:39.147+0000] {dagbag.py:588} INFO - Filling up the DagBag from /home/airflow/.local/lib/python3.12/site-packages/airflow/example_dags/example_sensors.py
[2024-11-23T03:43:39.169+0000] {processor.py:925} INFO - DAG(s) 'example_sensors' retrieved from /home/airflow/.local/lib/python3.12/site-packages/airflow/example_dags/example_sensors.py
[2024-11-23T03:43:39.250+0000] {logging_mixin.py:190} INFO - [2024-11-23T03:43:39.249+0000] {dag.py:3239} INFO - Sync 1 DAGs
[2024-11-23T03:43:39.297+0000] {logging_mixin.py:190} INFO - [2024-11-23T03:43:39.296+0000] {dag.py:4180} INFO - Setting next_dagrun for example_sensors to None, run_after=None
[2024-11-23T03:43:39.343+0000] {processor.py:208} INFO - Processing /home/airflow/.local/lib/python3.12/site-packages/airflow/example_dags/example_sensors.py took 0.213 seconds
[2024-11-23T03:44:23.281+0000] {processor.py:186} INFO - Started process (PID=2161) to work on /home/airflow/.local/lib/python3.12/site-packages/airflow/example_dags/example_sensors.py
[2024-11-23T03:44:23.301+0000] {processor.py:914} INFO - Processing file /home/airflow/.local/lib/python3.12/site-packages/airflow/example_dags/example_sensors.py for tasks to queue
[2024-11-23T03:44:23.307+0000] {logging_mixin.py:190} INFO - [2024-11-23T03:44:23.307+0000] {dagbag.py:588} INFO - Filling up the DagBag from /home/airflow/.local/lib/python3.12/site-packages/airflow/example_dags/example_sensors.py
[2024-11-23T03:44:23.364+0000] {processor.py:925} INFO - DAG(s) 'example_sensors' retrieved from /home/airflow/.local/lib/python3.12/site-packages/airflow/example_dags/example_sensors.py
[2024-11-23T03:44:23.576+0000] {logging_mixin.py:190} INFO - [2024-11-23T03:44:23.575+0000] {dag.py:3239} INFO - Sync 1 DAGs
[2024-11-23T03:44:23.669+0000] {logging_mixin.py:190} INFO - [2024-11-23T03:44:23.669+0000] {dag.py:4180} INFO - Setting next_dagrun for example_sensors to None, run_after=None
[2024-11-23T03:44:23.779+0000] {processor.py:208} INFO - Processing /home/airflow/.local/lib/python3.12/site-packages/airflow/example_dags/example_sensors.py took 0.529 seconds
[2024-11-23T03:45:08.585+0000] {processor.py:186} INFO - Started process (PID=2231) to work on /home/airflow/.local/lib/python3.12/site-packages/airflow/example_dags/example_sensors.py
[2024-11-23T03:45:08.592+0000] {processor.py:914} INFO - Processing file /home/airflow/.local/lib/python3.12/site-packages/airflow/example_dags/example_sensors.py for tasks to queue
[2024-11-23T03:45:08.665+0000] {logging_mixin.py:190} INFO - [2024-11-23T03:45:08.664+0000] {dagbag.py:588} INFO - Filling up the DagBag from /home/airflow/.local/lib/python3.12/site-packages/airflow/example_dags/example_sensors.py
[2024-11-23T03:45:08.948+0000] {processor.py:925} INFO - DAG(s) 'example_sensors' retrieved from /home/airflow/.local/lib/python3.12/site-packages/airflow/example_dags/example_sensors.py
[2024-11-23T03:45:09.120+0000] {logging_mixin.py:190} INFO - [2024-11-23T03:45:09.120+0000] {dag.py:3239} INFO - Sync 1 DAGs
[2024-11-23T03:45:09.186+0000] {logging_mixin.py:190} INFO - [2024-11-23T03:45:09.185+0000] {dag.py:4180} INFO - Setting next_dagrun for example_sensors to None, run_after=None
[2024-11-23T03:45:09.266+0000] {processor.py:208} INFO - Processing /home/airflow/.local/lib/python3.12/site-packages/airflow/example_dags/example_sensors.py took 0.703 seconds
[2024-11-23T03:45:43.970+0000] {processor.py:186} INFO - Started process (PID=2295) to work on /home/airflow/.local/lib/python3.12/site-packages/airflow/example_dags/example_sensors.py
[2024-11-23T03:45:43.971+0000] {processor.py:914} INFO - Processing file /home/airflow/.local/lib/python3.12/site-packages/airflow/example_dags/example_sensors.py for tasks to queue
[2024-11-23T03:45:43.974+0000] {logging_mixin.py:190} INFO - [2024-11-23T03:45:43.973+0000] {dagbag.py:588} INFO - Filling up the DagBag from /home/airflow/.local/lib/python3.12/site-packages/airflow/example_dags/example_sensors.py
[2024-11-23T03:45:43.996+0000] {processor.py:925} INFO - DAG(s) 'example_sensors' retrieved from /home/airflow/.local/lib/python3.12/site-packages/airflow/example_dags/example_sensors.py
[2024-11-23T03:45:44.043+0000] {logging_mixin.py:190} INFO - [2024-11-23T03:45:44.042+0000] {dag.py:3239} INFO - Sync 1 DAGs
[2024-11-23T03:45:44.088+0000] {logging_mixin.py:190} INFO - [2024-11-23T03:45:44.088+0000] {dag.py:4180} INFO - Setting next_dagrun for example_sensors to None, run_after=None
[2024-11-23T03:45:44.142+0000] {processor.py:208} INFO - Processing /home/airflow/.local/lib/python3.12/site-packages/airflow/example_dags/example_sensors.py took 0.182 seconds
[2024-11-23T03:46:15.580+0000] {processor.py:186} INFO - Started process (PID=2361) to work on /home/airflow/.local/lib/python3.12/site-packages/airflow/example_dags/example_sensors.py
[2024-11-23T03:46:15.581+0000] {processor.py:914} INFO - Processing file /home/airflow/.local/lib/python3.12/site-packages/airflow/example_dags/example_sensors.py for tasks to queue
[2024-11-23T03:46:15.583+0000] {logging_mixin.py:190} INFO - [2024-11-23T03:46:15.583+0000] {dagbag.py:588} INFO - Filling up the DagBag from /home/airflow/.local/lib/python3.12/site-packages/airflow/example_dags/example_sensors.py
[2024-11-23T03:46:15.604+0000] {processor.py:925} INFO - DAG(s) 'example_sensors' retrieved from /home/airflow/.local/lib/python3.12/site-packages/airflow/example_dags/example_sensors.py
[2024-11-23T03:46:15.662+0000] {logging_mixin.py:190} INFO - [2024-11-23T03:46:15.661+0000] {dag.py:3239} INFO - Sync 1 DAGs
[2024-11-23T03:46:15.713+0000] {logging_mixin.py:190} INFO - [2024-11-23T03:46:15.713+0000] {dag.py:4180} INFO - Setting next_dagrun for example_sensors to None, run_after=None
[2024-11-23T03:46:15.751+0000] {processor.py:208} INFO - Processing /home/airflow/.local/lib/python3.12/site-packages/airflow/example_dags/example_sensors.py took 0.181 seconds
[2024-11-23T03:46:57.768+0000] {processor.py:186} INFO - Started process (PID=2433) to work on /home/airflow/.local/lib/python3.12/site-packages/airflow/example_dags/example_sensors.py
[2024-11-23T03:46:57.770+0000] {processor.py:914} INFO - Processing file /home/airflow/.local/lib/python3.12/site-packages/airflow/example_dags/example_sensors.py for tasks to queue
[2024-11-23T03:46:57.775+0000] {logging_mixin.py:190} INFO - [2024-11-23T03:46:57.774+0000] {dagbag.py:588} INFO - Filling up the DagBag from /home/airflow/.local/lib/python3.12/site-packages/airflow/example_dags/example_sensors.py
[2024-11-23T03:46:57.816+0000] {processor.py:925} INFO - DAG(s) 'example_sensors' retrieved from /home/airflow/.local/lib/python3.12/site-packages/airflow/example_dags/example_sensors.py
[2024-11-23T03:46:57.928+0000] {logging_mixin.py:190} INFO - [2024-11-23T03:46:57.923+0000] {dag.py:3239} INFO - Sync 1 DAGs
[2024-11-23T03:46:57.992+0000] {logging_mixin.py:190} INFO - [2024-11-23T03:46:57.991+0000] {dag.py:4180} INFO - Setting next_dagrun for example_sensors to None, run_after=None
[2024-11-23T03:46:58.079+0000] {processor.py:208} INFO - Processing /home/airflow/.local/lib/python3.12/site-packages/airflow/example_dags/example_sensors.py took 0.341 seconds
[2024-11-23T03:47:29.376+0000] {processor.py:186} INFO - Started process (PID=2496) to work on /home/airflow/.local/lib/python3.12/site-packages/airflow/example_dags/example_sensors.py
[2024-11-23T03:47:29.378+0000] {processor.py:914} INFO - Processing file /home/airflow/.local/lib/python3.12/site-packages/airflow/example_dags/example_sensors.py for tasks to queue
[2024-11-23T03:47:29.380+0000] {logging_mixin.py:190} INFO - [2024-11-23T03:47:29.380+0000] {dagbag.py:588} INFO - Filling up the DagBag from /home/airflow/.local/lib/python3.12/site-packages/airflow/example_dags/example_sensors.py
[2024-11-23T03:47:29.452+0000] {processor.py:925} INFO - DAG(s) 'example_sensors' retrieved from /home/airflow/.local/lib/python3.12/site-packages/airflow/example_dags/example_sensors.py
[2024-11-23T03:47:29.547+0000] {logging_mixin.py:190} INFO - [2024-11-23T03:47:29.547+0000] {dag.py:3239} INFO - Sync 1 DAGs
[2024-11-23T03:47:29.573+0000] {logging_mixin.py:190} INFO - [2024-11-23T03:47:29.573+0000] {dag.py:4180} INFO - Setting next_dagrun for example_sensors to None, run_after=None
[2024-11-23T03:47:29.638+0000] {processor.py:208} INFO - Processing /home/airflow/.local/lib/python3.12/site-packages/airflow/example_dags/example_sensors.py took 0.276 seconds
[2024-11-23T03:48:03.174+0000] {processor.py:186} INFO - Started process (PID=2563) to work on /home/airflow/.local/lib/python3.12/site-packages/airflow/example_dags/example_sensors.py
[2024-11-23T03:48:03.177+0000] {processor.py:914} INFO - Processing file /home/airflow/.local/lib/python3.12/site-packages/airflow/example_dags/example_sensors.py for tasks to queue
[2024-11-23T03:48:03.181+0000] {logging_mixin.py:190} INFO - [2024-11-23T03:48:03.180+0000] {dagbag.py:588} INFO - Filling up the DagBag from /home/airflow/.local/lib/python3.12/site-packages/airflow/example_dags/example_sensors.py
[2024-11-23T03:48:03.225+0000] {processor.py:925} INFO - DAG(s) 'example_sensors' retrieved from /home/airflow/.local/lib/python3.12/site-packages/airflow/example_dags/example_sensors.py
[2024-11-23T03:48:03.363+0000] {logging_mixin.py:190} INFO - [2024-11-23T03:48:03.362+0000] {dag.py:3239} INFO - Sync 1 DAGs
[2024-11-23T03:48:03.411+0000] {logging_mixin.py:190} INFO - [2024-11-23T03:48:03.411+0000] {dag.py:4180} INFO - Setting next_dagrun for example_sensors to None, run_after=None
[2024-11-23T03:48:03.452+0000] {processor.py:208} INFO - Processing /home/airflow/.local/lib/python3.12/site-packages/airflow/example_dags/example_sensors.py took 0.292 seconds
[2024-11-23T03:48:35.964+0000] {processor.py:186} INFO - Started process (PID=2626) to work on /home/airflow/.local/lib/python3.12/site-packages/airflow/example_dags/example_sensors.py
[2024-11-23T03:48:35.966+0000] {processor.py:914} INFO - Processing file /home/airflow/.local/lib/python3.12/site-packages/airflow/example_dags/example_sensors.py for tasks to queue
[2024-11-23T03:48:35.969+0000] {logging_mixin.py:190} INFO - [2024-11-23T03:48:35.968+0000] {dagbag.py:588} INFO - Filling up the DagBag from /home/airflow/.local/lib/python3.12/site-packages/airflow/example_dags/example_sensors.py
[2024-11-23T03:48:35.994+0000] {processor.py:925} INFO - DAG(s) 'example_sensors' retrieved from /home/airflow/.local/lib/python3.12/site-packages/airflow/example_dags/example_sensors.py
[2024-11-23T03:48:36.057+0000] {logging_mixin.py:190} INFO - [2024-11-23T03:48:36.056+0000] {dag.py:3239} INFO - Sync 1 DAGs
[2024-11-23T03:48:36.091+0000] {logging_mixin.py:190} INFO - [2024-11-23T03:48:36.091+0000] {dag.py:4180} INFO - Setting next_dagrun for example_sensors to None, run_after=None
[2024-11-23T03:48:36.135+0000] {processor.py:208} INFO - Processing /home/airflow/.local/lib/python3.12/site-packages/airflow/example_dags/example_sensors.py took 0.183 seconds
[2024-11-23T03:49:08.730+0000] {processor.py:186} INFO - Started process (PID=2690) to work on /home/airflow/.local/lib/python3.12/site-packages/airflow/example_dags/example_sensors.py
[2024-11-23T03:49:08.731+0000] {processor.py:914} INFO - Processing file /home/airflow/.local/lib/python3.12/site-packages/airflow/example_dags/example_sensors.py for tasks to queue
[2024-11-23T03:49:08.733+0000] {logging_mixin.py:190} INFO - [2024-11-23T03:49:08.733+0000] {dagbag.py:588} INFO - Filling up the DagBag from /home/airflow/.local/lib/python3.12/site-packages/airflow/example_dags/example_sensors.py
[2024-11-23T03:49:08.766+0000] {processor.py:925} INFO - DAG(s) 'example_sensors' retrieved from /home/airflow/.local/lib/python3.12/site-packages/airflow/example_dags/example_sensors.py
[2024-11-23T03:49:08.845+0000] {logging_mixin.py:190} INFO - [2024-11-23T03:49:08.844+0000] {dag.py:3239} INFO - Sync 1 DAGs
[2024-11-23T03:49:08.896+0000] {logging_mixin.py:190} INFO - [2024-11-23T03:49:08.895+0000] {dag.py:4180} INFO - Setting next_dagrun for example_sensors to None, run_after=None
[2024-11-23T03:49:08.947+0000] {processor.py:208} INFO - Processing /home/airflow/.local/lib/python3.12/site-packages/airflow/example_dags/example_sensors.py took 0.229 seconds
[2024-11-23T03:49:41.250+0000] {processor.py:186} INFO - Started process (PID=2754) to work on /home/airflow/.local/lib/python3.12/site-packages/airflow/example_dags/example_sensors.py
[2024-11-23T03:49:41.253+0000] {processor.py:914} INFO - Processing file /home/airflow/.local/lib/python3.12/site-packages/airflow/example_dags/example_sensors.py for tasks to queue
[2024-11-23T03:49:41.257+0000] {logging_mixin.py:190} INFO - [2024-11-23T03:49:41.256+0000] {dagbag.py:588} INFO - Filling up the DagBag from /home/airflow/.local/lib/python3.12/site-packages/airflow/example_dags/example_sensors.py
[2024-11-23T03:49:41.301+0000] {processor.py:925} INFO - DAG(s) 'example_sensors' retrieved from /home/airflow/.local/lib/python3.12/site-packages/airflow/example_dags/example_sensors.py
[2024-11-23T03:49:41.375+0000] {logging_mixin.py:190} INFO - [2024-11-23T03:49:41.375+0000] {dag.py:3239} INFO - Sync 1 DAGs
[2024-11-23T03:49:41.407+0000] {logging_mixin.py:190} INFO - [2024-11-23T03:49:41.406+0000] {dag.py:4180} INFO - Setting next_dagrun for example_sensors to None, run_after=None
[2024-11-23T03:49:41.469+0000] {processor.py:208} INFO - Processing /home/airflow/.local/lib/python3.12/site-packages/airflow/example_dags/example_sensors.py took 0.231 seconds
[2024-11-23T03:50:13.245+0000] {processor.py:186} INFO - Started process (PID=2818) to work on /home/airflow/.local/lib/python3.12/site-packages/airflow/example_dags/example_sensors.py
[2024-11-23T03:50:13.248+0000] {processor.py:914} INFO - Processing file /home/airflow/.local/lib/python3.12/site-packages/airflow/example_dags/example_sensors.py for tasks to queue
[2024-11-23T03:50:13.258+0000] {logging_mixin.py:190} INFO - [2024-11-23T03:50:13.257+0000] {dagbag.py:588} INFO - Filling up the DagBag from /home/airflow/.local/lib/python3.12/site-packages/airflow/example_dags/example_sensors.py
[2024-11-23T03:50:13.284+0000] {processor.py:925} INFO - DAG(s) 'example_sensors' retrieved from /home/airflow/.local/lib/python3.12/site-packages/airflow/example_dags/example_sensors.py
[2024-11-23T03:50:13.349+0000] {logging_mixin.py:190} INFO - [2024-11-23T03:50:13.349+0000] {dag.py:3239} INFO - Sync 1 DAGs
[2024-11-23T03:50:13.379+0000] {logging_mixin.py:190} INFO - [2024-11-23T03:50:13.379+0000] {dag.py:4180} INFO - Setting next_dagrun for example_sensors to None, run_after=None
[2024-11-23T03:50:13.418+0000] {processor.py:208} INFO - Processing /home/airflow/.local/lib/python3.12/site-packages/airflow/example_dags/example_sensors.py took 0.185 seconds
[2024-11-23T03:50:46.526+0000] {processor.py:186} INFO - Started process (PID=2884) to work on /home/airflow/.local/lib/python3.12/site-packages/airflow/example_dags/example_sensors.py
[2024-11-23T03:50:46.528+0000] {processor.py:914} INFO - Processing file /home/airflow/.local/lib/python3.12/site-packages/airflow/example_dags/example_sensors.py for tasks to queue
[2024-11-23T03:50:46.531+0000] {logging_mixin.py:190} INFO - [2024-11-23T03:50:46.530+0000] {dagbag.py:588} INFO - Filling up the DagBag from /home/airflow/.local/lib/python3.12/site-packages/airflow/example_dags/example_sensors.py
[2024-11-23T03:50:46.561+0000] {processor.py:925} INFO - DAG(s) 'example_sensors' retrieved from /home/airflow/.local/lib/python3.12/site-packages/airflow/example_dags/example_sensors.py
[2024-11-23T03:50:46.626+0000] {logging_mixin.py:190} INFO - [2024-11-23T03:50:46.626+0000] {dag.py:3239} INFO - Sync 1 DAGs
[2024-11-23T03:50:46.669+0000] {logging_mixin.py:190} INFO - [2024-11-23T03:50:46.669+0000] {dag.py:4180} INFO - Setting next_dagrun for example_sensors to None, run_after=None
[2024-11-23T03:50:46.714+0000] {processor.py:208} INFO - Processing /home/airflow/.local/lib/python3.12/site-packages/airflow/example_dags/example_sensors.py took 0.203 seconds
[2024-11-23T03:51:20.103+0000] {processor.py:186} INFO - Started process (PID=2948) to work on /home/airflow/.local/lib/python3.12/site-packages/airflow/example_dags/example_sensors.py
[2024-11-23T03:51:20.105+0000] {processor.py:914} INFO - Processing file /home/airflow/.local/lib/python3.12/site-packages/airflow/example_dags/example_sensors.py for tasks to queue
[2024-11-23T03:51:20.111+0000] {logging_mixin.py:190} INFO - [2024-11-23T03:51:20.108+0000] {dagbag.py:588} INFO - Filling up the DagBag from /home/airflow/.local/lib/python3.12/site-packages/airflow/example_dags/example_sensors.py
[2024-11-23T03:51:20.164+0000] {processor.py:925} INFO - DAG(s) 'example_sensors' retrieved from /home/airflow/.local/lib/python3.12/site-packages/airflow/example_dags/example_sensors.py
[2024-11-23T03:51:20.269+0000] {logging_mixin.py:190} INFO - [2024-11-23T03:51:20.269+0000] {dag.py:3239} INFO - Sync 1 DAGs
[2024-11-23T03:51:20.335+0000] {logging_mixin.py:190} INFO - [2024-11-23T03:51:20.334+0000] {dag.py:4180} INFO - Setting next_dagrun for example_sensors to None, run_after=None
[2024-11-23T03:51:20.446+0000] {processor.py:208} INFO - Processing /home/airflow/.local/lib/python3.12/site-packages/airflow/example_dags/example_sensors.py took 0.363 seconds
[2024-11-23T03:51:50.922+0000] {processor.py:186} INFO - Started process (PID=3012) to work on /home/airflow/.local/lib/python3.12/site-packages/airflow/example_dags/example_sensors.py
[2024-11-23T03:51:50.924+0000] {processor.py:914} INFO - Processing file /home/airflow/.local/lib/python3.12/site-packages/airflow/example_dags/example_sensors.py for tasks to queue
[2024-11-23T03:51:50.927+0000] {logging_mixin.py:190} INFO - [2024-11-23T03:51:50.926+0000] {dagbag.py:588} INFO - Filling up the DagBag from /home/airflow/.local/lib/python3.12/site-packages/airflow/example_dags/example_sensors.py
[2024-11-23T03:51:50.958+0000] {processor.py:925} INFO - DAG(s) 'example_sensors' retrieved from /home/airflow/.local/lib/python3.12/site-packages/airflow/example_dags/example_sensors.py
[2024-11-23T03:51:51.034+0000] {logging_mixin.py:190} INFO - [2024-11-23T03:51:51.033+0000] {dag.py:3239} INFO - Sync 1 DAGs
[2024-11-23T03:51:51.061+0000] {logging_mixin.py:190} INFO - [2024-11-23T03:51:51.061+0000] {dag.py:4180} INFO - Setting next_dagrun for example_sensors to None, run_after=None
[2024-11-23T03:51:51.094+0000] {processor.py:208} INFO - Processing /home/airflow/.local/lib/python3.12/site-packages/airflow/example_dags/example_sensors.py took 0.184 seconds
[2024-11-23T03:52:22.569+0000] {processor.py:186} INFO - Started process (PID=3077) to work on /home/airflow/.local/lib/python3.12/site-packages/airflow/example_dags/example_sensors.py
[2024-11-23T03:52:22.570+0000] {processor.py:914} INFO - Processing file /home/airflow/.local/lib/python3.12/site-packages/airflow/example_dags/example_sensors.py for tasks to queue
[2024-11-23T03:52:22.572+0000] {logging_mixin.py:190} INFO - [2024-11-23T03:52:22.572+0000] {dagbag.py:588} INFO - Filling up the DagBag from /home/airflow/.local/lib/python3.12/site-packages/airflow/example_dags/example_sensors.py
[2024-11-23T03:52:22.604+0000] {processor.py:925} INFO - DAG(s) 'example_sensors' retrieved from /home/airflow/.local/lib/python3.12/site-packages/airflow/example_dags/example_sensors.py
[2024-11-23T03:52:22.659+0000] {logging_mixin.py:190} INFO - [2024-11-23T03:52:22.659+0000] {dag.py:3239} INFO - Sync 1 DAGs
[2024-11-23T03:52:22.760+0000] {logging_mixin.py:190} INFO - [2024-11-23T03:52:22.759+0000] {dag.py:4180} INFO - Setting next_dagrun for example_sensors to None, run_after=None
[2024-11-23T03:52:22.823+0000] {processor.py:208} INFO - Processing /home/airflow/.local/lib/python3.12/site-packages/airflow/example_dags/example_sensors.py took 0.262 seconds
[2024-11-23T03:52:55.915+0000] {processor.py:186} INFO - Started process (PID=3148) to work on /home/airflow/.local/lib/python3.12/site-packages/airflow/example_dags/example_sensors.py
[2024-11-23T03:52:55.917+0000] {processor.py:914} INFO - Processing file /home/airflow/.local/lib/python3.12/site-packages/airflow/example_dags/example_sensors.py for tasks to queue
[2024-11-23T03:52:55.919+0000] {logging_mixin.py:190} INFO - [2024-11-23T03:52:55.919+0000] {dagbag.py:588} INFO - Filling up the DagBag from /home/airflow/.local/lib/python3.12/site-packages/airflow/example_dags/example_sensors.py
[2024-11-23T03:52:55.948+0000] {processor.py:925} INFO - DAG(s) 'example_sensors' retrieved from /home/airflow/.local/lib/python3.12/site-packages/airflow/example_dags/example_sensors.py
[2024-11-23T03:52:56.003+0000] {logging_mixin.py:190} INFO - [2024-11-23T03:52:56.003+0000] {dag.py:3239} INFO - Sync 1 DAGs
[2024-11-23T03:52:56.032+0000] {logging_mixin.py:190} INFO - [2024-11-23T03:52:56.031+0000] {dag.py:4180} INFO - Setting next_dagrun for example_sensors to None, run_after=None
[2024-11-23T03:52:56.069+0000] {processor.py:208} INFO - Processing /home/airflow/.local/lib/python3.12/site-packages/airflow/example_dags/example_sensors.py took 0.167 seconds
[2024-11-23T03:53:31.885+0000] {processor.py:186} INFO - Started process (PID=3211) to work on /home/airflow/.local/lib/python3.12/site-packages/airflow/example_dags/example_sensors.py
[2024-11-23T03:53:31.887+0000] {processor.py:914} INFO - Processing file /home/airflow/.local/lib/python3.12/site-packages/airflow/example_dags/example_sensors.py for tasks to queue
[2024-11-23T03:53:31.894+0000] {logging_mixin.py:190} INFO - [2024-11-23T03:53:31.893+0000] {dagbag.py:588} INFO - Filling up the DagBag from /home/airflow/.local/lib/python3.12/site-packages/airflow/example_dags/example_sensors.py
[2024-11-23T03:53:31.952+0000] {processor.py:925} INFO - DAG(s) 'example_sensors' retrieved from /home/airflow/.local/lib/python3.12/site-packages/airflow/example_dags/example_sensors.py
[2024-11-23T03:53:32.052+0000] {logging_mixin.py:190} INFO - [2024-11-23T03:53:32.051+0000] {dag.py:3239} INFO - Sync 1 DAGs
[2024-11-23T03:53:32.136+0000] {logging_mixin.py:190} INFO - [2024-11-23T03:53:32.135+0000] {dag.py:4180} INFO - Setting next_dagrun for example_sensors to None, run_after=None
[2024-11-23T03:53:32.266+0000] {processor.py:208} INFO - Processing /home/airflow/.local/lib/python3.12/site-packages/airflow/example_dags/example_sensors.py took 0.419 seconds
[2024-11-23T03:54:04.462+0000] {processor.py:186} INFO - Started process (PID=3275) to work on /home/airflow/.local/lib/python3.12/site-packages/airflow/example_dags/example_sensors.py
[2024-11-23T03:54:04.466+0000] {processor.py:914} INFO - Processing file /home/airflow/.local/lib/python3.12/site-packages/airflow/example_dags/example_sensors.py for tasks to queue
[2024-11-23T03:54:04.470+0000] {logging_mixin.py:190} INFO - [2024-11-23T03:54:04.470+0000] {dagbag.py:588} INFO - Filling up the DagBag from /home/airflow/.local/lib/python3.12/site-packages/airflow/example_dags/example_sensors.py
[2024-11-23T03:54:04.542+0000] {processor.py:925} INFO - DAG(s) 'example_sensors' retrieved from /home/airflow/.local/lib/python3.12/site-packages/airflow/example_dags/example_sensors.py
[2024-11-23T03:54:04.660+0000] {logging_mixin.py:190} INFO - [2024-11-23T03:54:04.660+0000] {dag.py:3239} INFO - Sync 1 DAGs
[2024-11-23T03:54:04.723+0000] {logging_mixin.py:190} INFO - [2024-11-23T03:54:04.715+0000] {dag.py:4180} INFO - Setting next_dagrun for example_sensors to None, run_after=None
[2024-11-23T03:54:04.832+0000] {processor.py:208} INFO - Processing /home/airflow/.local/lib/python3.12/site-packages/airflow/example_dags/example_sensors.py took 0.403 seconds
[2024-11-23T03:54:36.637+0000] {processor.py:186} INFO - Started process (PID=3340) to work on /home/airflow/.local/lib/python3.12/site-packages/airflow/example_dags/example_sensors.py
[2024-11-23T03:54:36.640+0000] {processor.py:914} INFO - Processing file /home/airflow/.local/lib/python3.12/site-packages/airflow/example_dags/example_sensors.py for tasks to queue
[2024-11-23T03:54:36.642+0000] {logging_mixin.py:190} INFO - [2024-11-23T03:54:36.642+0000] {dagbag.py:588} INFO - Filling up the DagBag from /home/airflow/.local/lib/python3.12/site-packages/airflow/example_dags/example_sensors.py
[2024-11-23T03:54:36.667+0000] {processor.py:925} INFO - DAG(s) 'example_sensors' retrieved from /home/airflow/.local/lib/python3.12/site-packages/airflow/example_dags/example_sensors.py
[2024-11-23T03:54:36.745+0000] {logging_mixin.py:190} INFO - [2024-11-23T03:54:36.745+0000] {dag.py:3239} INFO - Sync 1 DAGs
[2024-11-23T03:54:36.800+0000] {logging_mixin.py:190} INFO - [2024-11-23T03:54:36.800+0000] {dag.py:4180} INFO - Setting next_dagrun for example_sensors to None, run_after=None
[2024-11-23T03:54:36.843+0000] {processor.py:208} INFO - Processing /home/airflow/.local/lib/python3.12/site-packages/airflow/example_dags/example_sensors.py took 0.219 seconds
[2024-11-23T03:55:08.928+0000] {processor.py:186} INFO - Started process (PID=3404) to work on /home/airflow/.local/lib/python3.12/site-packages/airflow/example_dags/example_sensors.py
[2024-11-23T03:55:08.929+0000] {processor.py:914} INFO - Processing file /home/airflow/.local/lib/python3.12/site-packages/airflow/example_dags/example_sensors.py for tasks to queue
[2024-11-23T03:55:08.932+0000] {logging_mixin.py:190} INFO - [2024-11-23T03:55:08.931+0000] {dagbag.py:588} INFO - Filling up the DagBag from /home/airflow/.local/lib/python3.12/site-packages/airflow/example_dags/example_sensors.py
[2024-11-23T03:55:08.956+0000] {processor.py:925} INFO - DAG(s) 'example_sensors' retrieved from /home/airflow/.local/lib/python3.12/site-packages/airflow/example_dags/example_sensors.py
[2024-11-23T03:55:09.016+0000] {logging_mixin.py:190} INFO - [2024-11-23T03:55:09.015+0000] {dag.py:3239} INFO - Sync 1 DAGs
[2024-11-23T03:55:09.042+0000] {logging_mixin.py:190} INFO - [2024-11-23T03:55:09.041+0000] {dag.py:4180} INFO - Setting next_dagrun for example_sensors to None, run_after=None
[2024-11-23T03:55:09.075+0000] {processor.py:208} INFO - Processing /home/airflow/.local/lib/python3.12/site-packages/airflow/example_dags/example_sensors.py took 0.163 seconds
[2024-11-23T03:55:41.457+0000] {processor.py:186} INFO - Started process (PID=3468) to work on /home/airflow/.local/lib/python3.12/site-packages/airflow/example_dags/example_sensors.py
[2024-11-23T03:55:41.459+0000] {processor.py:914} INFO - Processing file /home/airflow/.local/lib/python3.12/site-packages/airflow/example_dags/example_sensors.py for tasks to queue
[2024-11-23T03:55:41.464+0000] {logging_mixin.py:190} INFO - [2024-11-23T03:55:41.464+0000] {dagbag.py:588} INFO - Filling up the DagBag from /home/airflow/.local/lib/python3.12/site-packages/airflow/example_dags/example_sensors.py
[2024-11-23T03:55:41.507+0000] {processor.py:925} INFO - DAG(s) 'example_sensors' retrieved from /home/airflow/.local/lib/python3.12/site-packages/airflow/example_dags/example_sensors.py
[2024-11-23T03:55:41.617+0000] {logging_mixin.py:190} INFO - [2024-11-23T03:55:41.616+0000] {dag.py:3239} INFO - Sync 1 DAGs
[2024-11-23T03:55:41.657+0000] {logging_mixin.py:190} INFO - [2024-11-23T03:55:41.657+0000] {dag.py:4180} INFO - Setting next_dagrun for example_sensors to None, run_after=None
[2024-11-23T03:55:41.713+0000] {processor.py:208} INFO - Processing /home/airflow/.local/lib/python3.12/site-packages/airflow/example_dags/example_sensors.py took 0.272 seconds
[2024-11-23T03:56:12.811+0000] {processor.py:186} INFO - Started process (PID=3532) to work on /home/airflow/.local/lib/python3.12/site-packages/airflow/example_dags/example_sensors.py
[2024-11-23T03:56:12.813+0000] {processor.py:914} INFO - Processing file /home/airflow/.local/lib/python3.12/site-packages/airflow/example_dags/example_sensors.py for tasks to queue
[2024-11-23T03:56:12.816+0000] {logging_mixin.py:190} INFO - [2024-11-23T03:56:12.815+0000] {dagbag.py:588} INFO - Filling up the DagBag from /home/airflow/.local/lib/python3.12/site-packages/airflow/example_dags/example_sensors.py
[2024-11-23T03:56:12.847+0000] {processor.py:925} INFO - DAG(s) 'example_sensors' retrieved from /home/airflow/.local/lib/python3.12/site-packages/airflow/example_dags/example_sensors.py
[2024-11-23T03:56:12.915+0000] {logging_mixin.py:190} INFO - [2024-11-23T03:56:12.915+0000] {dag.py:3239} INFO - Sync 1 DAGs
[2024-11-23T03:56:12.951+0000] {logging_mixin.py:190} INFO - [2024-11-23T03:56:12.950+0000] {dag.py:4180} INFO - Setting next_dagrun for example_sensors to None, run_after=None
[2024-11-23T03:56:13.002+0000] {processor.py:208} INFO - Processing /home/airflow/.local/lib/python3.12/site-packages/airflow/example_dags/example_sensors.py took 0.205 seconds
[2024-11-23T03:56:46.257+0000] {processor.py:186} INFO - Started process (PID=3596) to work on /home/airflow/.local/lib/python3.12/site-packages/airflow/example_dags/example_sensors.py
[2024-11-23T03:56:46.266+0000] {processor.py:914} INFO - Processing file /home/airflow/.local/lib/python3.12/site-packages/airflow/example_dags/example_sensors.py for tasks to queue
[2024-11-23T03:56:46.270+0000] {logging_mixin.py:190} INFO - [2024-11-23T03:56:46.269+0000] {dagbag.py:588} INFO - Filling up the DagBag from /home/airflow/.local/lib/python3.12/site-packages/airflow/example_dags/example_sensors.py
[2024-11-23T03:56:46.337+0000] {processor.py:925} INFO - DAG(s) 'example_sensors' retrieved from /home/airflow/.local/lib/python3.12/site-packages/airflow/example_dags/example_sensors.py
[2024-11-23T03:56:46.431+0000] {logging_mixin.py:190} INFO - [2024-11-23T03:56:46.431+0000] {dag.py:3239} INFO - Sync 1 DAGs
[2024-11-23T03:56:46.466+0000] {logging_mixin.py:190} INFO - [2024-11-23T03:56:46.465+0000] {dag.py:4180} INFO - Setting next_dagrun for example_sensors to None, run_after=None
[2024-11-23T03:56:46.523+0000] {processor.py:208} INFO - Processing /home/airflow/.local/lib/python3.12/site-packages/airflow/example_dags/example_sensors.py took 0.288 seconds
[2024-11-23T03:57:18.687+0000] {processor.py:186} INFO - Started process (PID=3660) to work on /home/airflow/.local/lib/python3.12/site-packages/airflow/example_dags/example_sensors.py
[2024-11-23T03:57:18.699+0000] {processor.py:914} INFO - Processing file /home/airflow/.local/lib/python3.12/site-packages/airflow/example_dags/example_sensors.py for tasks to queue
[2024-11-23T03:57:18.706+0000] {logging_mixin.py:190} INFO - [2024-11-23T03:57:18.705+0000] {dagbag.py:588} INFO - Filling up the DagBag from /home/airflow/.local/lib/python3.12/site-packages/airflow/example_dags/example_sensors.py
[2024-11-23T03:57:18.776+0000] {processor.py:925} INFO - DAG(s) 'example_sensors' retrieved from /home/airflow/.local/lib/python3.12/site-packages/airflow/example_dags/example_sensors.py
[2024-11-23T03:57:18.963+0000] {logging_mixin.py:190} INFO - [2024-11-23T03:57:18.962+0000] {dag.py:3239} INFO - Sync 1 DAGs
[2024-11-23T03:57:19.013+0000] {logging_mixin.py:190} INFO - [2024-11-23T03:57:19.012+0000] {dag.py:4180} INFO - Setting next_dagrun for example_sensors to None, run_after=None
[2024-11-23T03:57:19.115+0000] {processor.py:208} INFO - Processing /home/airflow/.local/lib/python3.12/site-packages/airflow/example_dags/example_sensors.py took 0.455 seconds
[2024-11-23T03:57:58.073+0000] {processor.py:186} INFO - Started process (PID=3730) to work on /home/airflow/.local/lib/python3.12/site-packages/airflow/example_dags/example_sensors.py
[2024-11-23T03:57:58.076+0000] {processor.py:914} INFO - Processing file /home/airflow/.local/lib/python3.12/site-packages/airflow/example_dags/example_sensors.py for tasks to queue
[2024-11-23T03:57:58.080+0000] {logging_mixin.py:190} INFO - [2024-11-23T03:57:58.080+0000] {dagbag.py:588} INFO - Filling up the DagBag from /home/airflow/.local/lib/python3.12/site-packages/airflow/example_dags/example_sensors.py
[2024-11-23T03:57:58.118+0000] {processor.py:925} INFO - DAG(s) 'example_sensors' retrieved from /home/airflow/.local/lib/python3.12/site-packages/airflow/example_dags/example_sensors.py
[2024-11-23T03:57:58.201+0000] {logging_mixin.py:190} INFO - [2024-11-23T03:57:58.200+0000] {dag.py:3239} INFO - Sync 1 DAGs
[2024-11-23T03:57:58.901+0000] {logging_mixin.py:190} INFO - [2024-11-23T03:57:58.901+0000] {dag.py:4180} INFO - Setting next_dagrun for example_sensors to None, run_after=None
[2024-11-23T03:57:59.047+0000] {processor.py:208} INFO - Processing /home/airflow/.local/lib/python3.12/site-packages/airflow/example_dags/example_sensors.py took 0.991 seconds
[2024-11-23T03:58:30.818+0000] {processor.py:186} INFO - Started process (PID=3794) to work on /home/airflow/.local/lib/python3.12/site-packages/airflow/example_dags/example_sensors.py
[2024-11-23T03:58:30.821+0000] {processor.py:914} INFO - Processing file /home/airflow/.local/lib/python3.12/site-packages/airflow/example_dags/example_sensors.py for tasks to queue
[2024-11-23T03:58:30.825+0000] {logging_mixin.py:190} INFO - [2024-11-23T03:58:30.823+0000] {dagbag.py:588} INFO - Filling up the DagBag from /home/airflow/.local/lib/python3.12/site-packages/airflow/example_dags/example_sensors.py
[2024-11-23T03:58:30.858+0000] {processor.py:925} INFO - DAG(s) 'example_sensors' retrieved from /home/airflow/.local/lib/python3.12/site-packages/airflow/example_dags/example_sensors.py
[2024-11-23T03:58:30.978+0000] {logging_mixin.py:190} INFO - [2024-11-23T03:58:30.978+0000] {dag.py:3239} INFO - Sync 1 DAGs
[2024-11-23T03:58:31.043+0000] {logging_mixin.py:190} INFO - [2024-11-23T03:58:31.043+0000] {dag.py:4180} INFO - Setting next_dagrun for example_sensors to None, run_after=None
[2024-11-23T03:58:31.178+0000] {processor.py:208} INFO - Processing /home/airflow/.local/lib/python3.12/site-packages/airflow/example_dags/example_sensors.py took 0.375 seconds
[2024-11-23T03:59:34.757+0000] {processor.py:186} INFO - Started process (PID=3866) to work on /home/airflow/.local/lib/python3.12/site-packages/airflow/example_dags/example_sensors.py
[2024-11-23T03:59:34.760+0000] {processor.py:914} INFO - Processing file /home/airflow/.local/lib/python3.12/site-packages/airflow/example_dags/example_sensors.py for tasks to queue
[2024-11-23T03:59:34.763+0000] {logging_mixin.py:190} INFO - [2024-11-23T03:59:34.762+0000] {dagbag.py:588} INFO - Filling up the DagBag from /home/airflow/.local/lib/python3.12/site-packages/airflow/example_dags/example_sensors.py
[2024-11-23T03:59:34.794+0000] {processor.py:925} INFO - DAG(s) 'example_sensors' retrieved from /home/airflow/.local/lib/python3.12/site-packages/airflow/example_dags/example_sensors.py
[2024-11-23T03:59:34.911+0000] {logging_mixin.py:190} INFO - [2024-11-23T03:59:34.909+0000] {dag.py:3239} INFO - Sync 1 DAGs
[2024-11-23T03:59:34.950+0000] {logging_mixin.py:190} INFO - [2024-11-23T03:59:34.950+0000] {dag.py:4180} INFO - Setting next_dagrun for example_sensors to None, run_after=None
[2024-11-23T03:59:35.016+0000] {processor.py:208} INFO - Processing /home/airflow/.local/lib/python3.12/site-packages/airflow/example_dags/example_sensors.py took 0.271 seconds
[2024-11-23T04:00:13.694+0000] {processor.py:186} INFO - Started process (PID=3930) to work on /home/airflow/.local/lib/python3.12/site-packages/airflow/example_dags/example_sensors.py
[2024-11-23T04:00:13.696+0000] {processor.py:914} INFO - Processing file /home/airflow/.local/lib/python3.12/site-packages/airflow/example_dags/example_sensors.py for tasks to queue
[2024-11-23T04:00:13.701+0000] {logging_mixin.py:190} INFO - [2024-11-23T04:00:13.701+0000] {dagbag.py:588} INFO - Filling up the DagBag from /home/airflow/.local/lib/python3.12/site-packages/airflow/example_dags/example_sensors.py
[2024-11-23T04:00:13.743+0000] {processor.py:925} INFO - DAG(s) 'example_sensors' retrieved from /home/airflow/.local/lib/python3.12/site-packages/airflow/example_dags/example_sensors.py
[2024-11-23T04:00:13.826+0000] {logging_mixin.py:190} INFO - [2024-11-23T04:00:13.826+0000] {dag.py:3239} INFO - Sync 1 DAGs
[2024-11-23T04:00:13.873+0000] {logging_mixin.py:190} INFO - [2024-11-23T04:00:13.872+0000] {dag.py:4180} INFO - Setting next_dagrun for example_sensors to None, run_after=None
[2024-11-23T04:00:13.921+0000] {processor.py:208} INFO - Processing /home/airflow/.local/lib/python3.12/site-packages/airflow/example_dags/example_sensors.py took 0.256 seconds
[2024-11-23T04:00:44.368+0000] {processor.py:186} INFO - Started process (PID=3993) to work on /home/airflow/.local/lib/python3.12/site-packages/airflow/example_dags/example_sensors.py
[2024-11-23T04:00:44.370+0000] {processor.py:914} INFO - Processing file /home/airflow/.local/lib/python3.12/site-packages/airflow/example_dags/example_sensors.py for tasks to queue
[2024-11-23T04:00:44.374+0000] {logging_mixin.py:190} INFO - [2024-11-23T04:00:44.373+0000] {dagbag.py:588} INFO - Filling up the DagBag from /home/airflow/.local/lib/python3.12/site-packages/airflow/example_dags/example_sensors.py
[2024-11-23T04:00:44.407+0000] {processor.py:925} INFO - DAG(s) 'example_sensors' retrieved from /home/airflow/.local/lib/python3.12/site-packages/airflow/example_dags/example_sensors.py
[2024-11-23T04:00:44.482+0000] {logging_mixin.py:190} INFO - [2024-11-23T04:00:44.481+0000] {dag.py:3239} INFO - Sync 1 DAGs
[2024-11-23T04:00:44.534+0000] {logging_mixin.py:190} INFO - [2024-11-23T04:00:44.533+0000] {dag.py:4180} INFO - Setting next_dagrun for example_sensors to None, run_after=None
[2024-11-23T04:00:44.613+0000] {processor.py:208} INFO - Processing /home/airflow/.local/lib/python3.12/site-packages/airflow/example_dags/example_sensors.py took 0.257 seconds
[2024-11-23T04:01:18.421+0000] {processor.py:186} INFO - Started process (PID=4057) to work on /home/airflow/.local/lib/python3.12/site-packages/airflow/example_dags/example_sensors.py
[2024-11-23T04:01:18.423+0000] {processor.py:914} INFO - Processing file /home/airflow/.local/lib/python3.12/site-packages/airflow/example_dags/example_sensors.py for tasks to queue
[2024-11-23T04:01:18.462+0000] {logging_mixin.py:190} INFO - [2024-11-23T04:01:18.461+0000] {dagbag.py:588} INFO - Filling up the DagBag from /home/airflow/.local/lib/python3.12/site-packages/airflow/example_dags/example_sensors.py
[2024-11-23T04:01:18.615+0000] {processor.py:925} INFO - DAG(s) 'example_sensors' retrieved from /home/airflow/.local/lib/python3.12/site-packages/airflow/example_dags/example_sensors.py
[2024-11-23T04:01:18.853+0000] {logging_mixin.py:190} INFO - [2024-11-23T04:01:18.852+0000] {dag.py:3239} INFO - Sync 1 DAGs
[2024-11-23T04:01:18.932+0000] {logging_mixin.py:190} INFO - [2024-11-23T04:01:18.932+0000] {dag.py:4180} INFO - Setting next_dagrun for example_sensors to None, run_after=None
[2024-11-23T04:01:19.010+0000] {processor.py:208} INFO - Processing /home/airflow/.local/lib/python3.12/site-packages/airflow/example_dags/example_sensors.py took 0.605 seconds
[2024-11-23T04:02:45.113+0000] {processor.py:186} INFO - Started process (PID=4157) to work on /home/airflow/.local/lib/python3.12/site-packages/airflow/example_dags/example_sensors.py
[2024-11-23T04:02:45.116+0000] {processor.py:914} INFO - Processing file /home/airflow/.local/lib/python3.12/site-packages/airflow/example_dags/example_sensors.py for tasks to queue
[2024-11-23T04:02:45.120+0000] {logging_mixin.py:190} INFO - [2024-11-23T04:02:45.119+0000] {dagbag.py:588} INFO - Filling up the DagBag from /home/airflow/.local/lib/python3.12/site-packages/airflow/example_dags/example_sensors.py
[2024-11-23T04:02:45.173+0000] {processor.py:925} INFO - DAG(s) 'example_sensors' retrieved from /home/airflow/.local/lib/python3.12/site-packages/airflow/example_dags/example_sensors.py
[2024-11-23T04:02:45.284+0000] {logging_mixin.py:190} INFO - [2024-11-23T04:02:45.283+0000] {dag.py:3239} INFO - Sync 1 DAGs
[2024-11-23T04:02:45.335+0000] {logging_mixin.py:190} INFO - [2024-11-23T04:02:45.335+0000] {dag.py:4180} INFO - Setting next_dagrun for example_sensors to None, run_after=None
[2024-11-23T04:02:45.482+0000] {processor.py:208} INFO - Processing /home/airflow/.local/lib/python3.12/site-packages/airflow/example_dags/example_sensors.py took 0.385 seconds
[2024-11-23T04:03:23.391+0000] {processor.py:186} INFO - Started process (PID=4221) to work on /home/airflow/.local/lib/python3.12/site-packages/airflow/example_dags/example_sensors.py
[2024-11-23T04:03:23.397+0000] {processor.py:914} INFO - Processing file /home/airflow/.local/lib/python3.12/site-packages/airflow/example_dags/example_sensors.py for tasks to queue
[2024-11-23T04:03:23.400+0000] {logging_mixin.py:190} INFO - [2024-11-23T04:03:23.399+0000] {dagbag.py:588} INFO - Filling up the DagBag from /home/airflow/.local/lib/python3.12/site-packages/airflow/example_dags/example_sensors.py
[2024-11-23T04:03:23.444+0000] {processor.py:925} INFO - DAG(s) 'example_sensors' retrieved from /home/airflow/.local/lib/python3.12/site-packages/airflow/example_dags/example_sensors.py
[2024-11-23T04:03:23.529+0000] {logging_mixin.py:190} INFO - [2024-11-23T04:03:23.529+0000] {dag.py:3239} INFO - Sync 1 DAGs
[2024-11-23T04:03:23.576+0000] {logging_mixin.py:190} INFO - [2024-11-23T04:03:23.576+0000] {dag.py:4180} INFO - Setting next_dagrun for example_sensors to None, run_after=None
[2024-11-23T04:03:23.648+0000] {processor.py:208} INFO - Processing /home/airflow/.local/lib/python3.12/site-packages/airflow/example_dags/example_sensors.py took 0.268 seconds
[2024-11-23T04:04:25.792+0000] {processor.py:186} INFO - Started process (PID=4299) to work on /home/airflow/.local/lib/python3.12/site-packages/airflow/example_dags/example_sensors.py
[2024-11-23T04:04:25.796+0000] {processor.py:914} INFO - Processing file /home/airflow/.local/lib/python3.12/site-packages/airflow/example_dags/example_sensors.py for tasks to queue
[2024-11-23T04:04:25.819+0000] {logging_mixin.py:190} INFO - [2024-11-23T04:04:25.818+0000] {dagbag.py:588} INFO - Filling up the DagBag from /home/airflow/.local/lib/python3.12/site-packages/airflow/example_dags/example_sensors.py
[2024-11-23T04:04:25.919+0000] {processor.py:925} INFO - DAG(s) 'example_sensors' retrieved from /home/airflow/.local/lib/python3.12/site-packages/airflow/example_dags/example_sensors.py
[2024-11-23T04:04:26.045+0000] {logging_mixin.py:190} INFO - [2024-11-23T04:04:26.045+0000] {dag.py:3239} INFO - Sync 1 DAGs
[2024-11-23T04:04:26.136+0000] {logging_mixin.py:190} INFO - [2024-11-23T04:04:26.135+0000] {dag.py:4180} INFO - Setting next_dagrun for example_sensors to None, run_after=None
[2024-11-23T04:04:26.255+0000] {processor.py:208} INFO - Processing /home/airflow/.local/lib/python3.12/site-packages/airflow/example_dags/example_sensors.py took 0.483 seconds
[2024-11-23T04:04:58.474+0000] {processor.py:186} INFO - Started process (PID=4363) to work on /home/airflow/.local/lib/python3.12/site-packages/airflow/example_dags/example_sensors.py
[2024-11-23T04:04:58.478+0000] {processor.py:914} INFO - Processing file /home/airflow/.local/lib/python3.12/site-packages/airflow/example_dags/example_sensors.py for tasks to queue
[2024-11-23T04:04:58.490+0000] {logging_mixin.py:190} INFO - [2024-11-23T04:04:58.487+0000] {dagbag.py:588} INFO - Filling up the DagBag from /home/airflow/.local/lib/python3.12/site-packages/airflow/example_dags/example_sensors.py
[2024-11-23T04:04:58.553+0000] {processor.py:925} INFO - DAG(s) 'example_sensors' retrieved from /home/airflow/.local/lib/python3.12/site-packages/airflow/example_dags/example_sensors.py
[2024-11-23T04:04:58.781+0000] {logging_mixin.py:190} INFO - [2024-11-23T04:04:58.780+0000] {dag.py:3239} INFO - Sync 1 DAGs
[2024-11-23T04:04:58.849+0000] {logging_mixin.py:190} INFO - [2024-11-23T04:04:58.848+0000] {dag.py:4180} INFO - Setting next_dagrun for example_sensors to None, run_after=None
[2024-11-23T04:04:58.955+0000] {processor.py:208} INFO - Processing /home/airflow/.local/lib/python3.12/site-packages/airflow/example_dags/example_sensors.py took 0.509 seconds
[2024-11-23T04:05:29.886+0000] {processor.py:186} INFO - Started process (PID=4427) to work on /home/airflow/.local/lib/python3.12/site-packages/airflow/example_dags/example_sensors.py
[2024-11-23T04:05:29.887+0000] {processor.py:914} INFO - Processing file /home/airflow/.local/lib/python3.12/site-packages/airflow/example_dags/example_sensors.py for tasks to queue
[2024-11-23T04:05:29.889+0000] {logging_mixin.py:190} INFO - [2024-11-23T04:05:29.889+0000] {dagbag.py:588} INFO - Filling up the DagBag from /home/airflow/.local/lib/python3.12/site-packages/airflow/example_dags/example_sensors.py
[2024-11-23T04:05:29.912+0000] {processor.py:925} INFO - DAG(s) 'example_sensors' retrieved from /home/airflow/.local/lib/python3.12/site-packages/airflow/example_dags/example_sensors.py
[2024-11-23T04:05:29.964+0000] {logging_mixin.py:190} INFO - [2024-11-23T04:05:29.964+0000] {dag.py:3239} INFO - Sync 1 DAGs
[2024-11-23T04:05:29.994+0000] {logging_mixin.py:190} INFO - [2024-11-23T04:05:29.994+0000] {dag.py:4180} INFO - Setting next_dagrun for example_sensors to None, run_after=None
[2024-11-23T04:05:30.029+0000] {processor.py:208} INFO - Processing /home/airflow/.local/lib/python3.12/site-packages/airflow/example_dags/example_sensors.py took 0.154 seconds
[2024-11-23T04:06:04.077+0000] {processor.py:186} INFO - Started process (PID=4492) to work on /home/airflow/.local/lib/python3.12/site-packages/airflow/example_dags/example_sensors.py
[2024-11-23T04:06:04.080+0000] {processor.py:914} INFO - Processing file /home/airflow/.local/lib/python3.12/site-packages/airflow/example_dags/example_sensors.py for tasks to queue
[2024-11-23T04:06:04.082+0000] {logging_mixin.py:190} INFO - [2024-11-23T04:06:04.082+0000] {dagbag.py:588} INFO - Filling up the DagBag from /home/airflow/.local/lib/python3.12/site-packages/airflow/example_dags/example_sensors.py
[2024-11-23T04:06:04.129+0000] {processor.py:925} INFO - DAG(s) 'example_sensors' retrieved from /home/airflow/.local/lib/python3.12/site-packages/airflow/example_dags/example_sensors.py
[2024-11-23T04:06:04.214+0000] {logging_mixin.py:190} INFO - [2024-11-23T04:06:04.213+0000] {dag.py:3239} INFO - Sync 1 DAGs
[2024-11-23T04:06:04.252+0000] {logging_mixin.py:190} INFO - [2024-11-23T04:06:04.252+0000] {dag.py:4180} INFO - Setting next_dagrun for example_sensors to None, run_after=None
[2024-11-23T04:06:04.310+0000] {processor.py:208} INFO - Processing /home/airflow/.local/lib/python3.12/site-packages/airflow/example_dags/example_sensors.py took 0.251 seconds
[2024-11-23T04:06:43.505+0000] {processor.py:186} INFO - Started process (PID=4558) to work on /home/airflow/.local/lib/python3.12/site-packages/airflow/example_dags/example_sensors.py
[2024-11-23T04:06:43.512+0000] {processor.py:914} INFO - Processing file /home/airflow/.local/lib/python3.12/site-packages/airflow/example_dags/example_sensors.py for tasks to queue
[2024-11-23T04:06:43.516+0000] {logging_mixin.py:190} INFO - [2024-11-23T04:06:43.515+0000] {dagbag.py:588} INFO - Filling up the DagBag from /home/airflow/.local/lib/python3.12/site-packages/airflow/example_dags/example_sensors.py
[2024-11-23T04:06:43.548+0000] {processor.py:925} INFO - DAG(s) 'example_sensors' retrieved from /home/airflow/.local/lib/python3.12/site-packages/airflow/example_dags/example_sensors.py
[2024-11-23T04:06:43.610+0000] {logging_mixin.py:190} INFO - [2024-11-23T04:06:43.610+0000] {dag.py:3239} INFO - Sync 1 DAGs
[2024-11-23T04:06:43.665+0000] {logging_mixin.py:190} INFO - [2024-11-23T04:06:43.665+0000] {dag.py:4180} INFO - Setting next_dagrun for example_sensors to None, run_after=None
[2024-11-23T04:06:43.732+0000] {processor.py:208} INFO - Processing /home/airflow/.local/lib/python3.12/site-packages/airflow/example_dags/example_sensors.py took 0.275 seconds
[2024-11-23T04:07:19.221+0000] {processor.py:186} INFO - Started process (PID=4629) to work on /home/airflow/.local/lib/python3.12/site-packages/airflow/example_dags/example_sensors.py
[2024-11-23T04:07:19.222+0000] {processor.py:914} INFO - Processing file /home/airflow/.local/lib/python3.12/site-packages/airflow/example_dags/example_sensors.py for tasks to queue
[2024-11-23T04:07:19.225+0000] {logging_mixin.py:190} INFO - [2024-11-23T04:07:19.224+0000] {dagbag.py:588} INFO - Filling up the DagBag from /home/airflow/.local/lib/python3.12/site-packages/airflow/example_dags/example_sensors.py
[2024-11-23T04:07:19.248+0000] {processor.py:925} INFO - DAG(s) 'example_sensors' retrieved from /home/airflow/.local/lib/python3.12/site-packages/airflow/example_dags/example_sensors.py
[2024-11-23T04:07:19.298+0000] {logging_mixin.py:190} INFO - [2024-11-23T04:07:19.298+0000] {dag.py:3239} INFO - Sync 1 DAGs
[2024-11-23T04:07:19.333+0000] {logging_mixin.py:190} INFO - [2024-11-23T04:07:19.332+0000] {dag.py:4180} INFO - Setting next_dagrun for example_sensors to None, run_after=None
[2024-11-23T04:07:19.364+0000] {processor.py:208} INFO - Processing /home/airflow/.local/lib/python3.12/site-packages/airflow/example_dags/example_sensors.py took 0.155 seconds
[2024-11-23T04:08:04.719+0000] {processor.py:186} INFO - Started process (PID=4693) to work on /home/airflow/.local/lib/python3.12/site-packages/airflow/example_dags/example_sensors.py
[2024-11-23T04:08:04.722+0000] {processor.py:914} INFO - Processing file /home/airflow/.local/lib/python3.12/site-packages/airflow/example_dags/example_sensors.py for tasks to queue
[2024-11-23T04:08:04.728+0000] {logging_mixin.py:190} INFO - [2024-11-23T04:08:04.728+0000] {dagbag.py:588} INFO - Filling up the DagBag from /home/airflow/.local/lib/python3.12/site-packages/airflow/example_dags/example_sensors.py
[2024-11-23T04:08:04.761+0000] {processor.py:925} INFO - DAG(s) 'example_sensors' retrieved from /home/airflow/.local/lib/python3.12/site-packages/airflow/example_dags/example_sensors.py
[2024-11-23T04:08:04.823+0000] {logging_mixin.py:190} INFO - [2024-11-23T04:08:04.822+0000] {dag.py:3239} INFO - Sync 1 DAGs
[2024-11-23T04:08:04.865+0000] {logging_mixin.py:190} INFO - [2024-11-23T04:08:04.865+0000] {dag.py:4180} INFO - Setting next_dagrun for example_sensors to None, run_after=None
[2024-11-23T04:08:04.965+0000] {processor.py:208} INFO - Processing /home/airflow/.local/lib/python3.12/site-packages/airflow/example_dags/example_sensors.py took 0.260 seconds
[2024-11-23T04:08:39.073+0000] {processor.py:186} INFO - Started process (PID=4758) to work on /home/airflow/.local/lib/python3.12/site-packages/airflow/example_dags/example_sensors.py
[2024-11-23T04:08:39.075+0000] {processor.py:914} INFO - Processing file /home/airflow/.local/lib/python3.12/site-packages/airflow/example_dags/example_sensors.py for tasks to queue
[2024-11-23T04:08:39.079+0000] {logging_mixin.py:190} INFO - [2024-11-23T04:08:39.078+0000] {dagbag.py:588} INFO - Filling up the DagBag from /home/airflow/.local/lib/python3.12/site-packages/airflow/example_dags/example_sensors.py
[2024-11-23T04:08:39.139+0000] {processor.py:925} INFO - DAG(s) 'example_sensors' retrieved from /home/airflow/.local/lib/python3.12/site-packages/airflow/example_dags/example_sensors.py
[2024-11-23T04:08:39.272+0000] {logging_mixin.py:190} INFO - [2024-11-23T04:08:39.271+0000] {dag.py:3239} INFO - Sync 1 DAGs
[2024-11-23T04:08:39.360+0000] {logging_mixin.py:190} INFO - [2024-11-23T04:08:39.360+0000] {dag.py:4180} INFO - Setting next_dagrun for example_sensors to None, run_after=None
[2024-11-23T04:08:39.468+0000] {processor.py:208} INFO - Processing /home/airflow/.local/lib/python3.12/site-packages/airflow/example_dags/example_sensors.py took 0.429 seconds
[2024-11-23T04:09:12.666+0000] {processor.py:186} INFO - Started process (PID=4820) to work on /home/airflow/.local/lib/python3.12/site-packages/airflow/example_dags/example_sensors.py
[2024-11-23T04:09:12.669+0000] {processor.py:914} INFO - Processing file /home/airflow/.local/lib/python3.12/site-packages/airflow/example_dags/example_sensors.py for tasks to queue
[2024-11-23T04:09:12.683+0000] {logging_mixin.py:190} INFO - [2024-11-23T04:09:12.682+0000] {dagbag.py:588} INFO - Filling up the DagBag from /home/airflow/.local/lib/python3.12/site-packages/airflow/example_dags/example_sensors.py
[2024-11-23T04:09:12.766+0000] {processor.py:925} INFO - DAG(s) 'example_sensors' retrieved from /home/airflow/.local/lib/python3.12/site-packages/airflow/example_dags/example_sensors.py
[2024-11-23T04:09:12.877+0000] {logging_mixin.py:190} INFO - [2024-11-23T04:09:12.877+0000] {dag.py:3239} INFO - Sync 1 DAGs
[2024-11-23T04:09:12.917+0000] {logging_mixin.py:190} INFO - [2024-11-23T04:09:12.916+0000] {dag.py:4180} INFO - Setting next_dagrun for example_sensors to None, run_after=None
[2024-11-23T04:09:12.968+0000] {processor.py:208} INFO - Processing /home/airflow/.local/lib/python3.12/site-packages/airflow/example_dags/example_sensors.py took 0.363 seconds
[2024-11-23T04:10:10.245+0000] {processor.py:186} INFO - Started process (PID=4883) to work on /home/airflow/.local/lib/python3.12/site-packages/airflow/example_dags/example_sensors.py
[2024-11-23T04:10:10.248+0000] {processor.py:914} INFO - Processing file /home/airflow/.local/lib/python3.12/site-packages/airflow/example_dags/example_sensors.py for tasks to queue
[2024-11-23T04:10:10.251+0000] {logging_mixin.py:190} INFO - [2024-11-23T04:10:10.250+0000] {dagbag.py:588} INFO - Filling up the DagBag from /home/airflow/.local/lib/python3.12/site-packages/airflow/example_dags/example_sensors.py
[2024-11-23T04:10:10.303+0000] {processor.py:925} INFO - DAG(s) 'example_sensors' retrieved from /home/airflow/.local/lib/python3.12/site-packages/airflow/example_dags/example_sensors.py
[2024-11-23T04:10:10.400+0000] {logging_mixin.py:190} INFO - [2024-11-23T04:10:10.399+0000] {dag.py:3239} INFO - Sync 1 DAGs
[2024-11-23T04:10:10.442+0000] {logging_mixin.py:190} INFO - [2024-11-23T04:10:10.441+0000] {dag.py:4180} INFO - Setting next_dagrun for example_sensors to None, run_after=None
[2024-11-23T04:10:10.535+0000] {processor.py:208} INFO - Processing /home/airflow/.local/lib/python3.12/site-packages/airflow/example_dags/example_sensors.py took 0.314 seconds
[2024-11-23T04:10:42.097+0000] {processor.py:186} INFO - Started process (PID=4947) to work on /home/airflow/.local/lib/python3.12/site-packages/airflow/example_dags/example_sensors.py
[2024-11-23T04:10:42.100+0000] {processor.py:914} INFO - Processing file /home/airflow/.local/lib/python3.12/site-packages/airflow/example_dags/example_sensors.py for tasks to queue
[2024-11-23T04:10:42.103+0000] {logging_mixin.py:190} INFO - [2024-11-23T04:10:42.102+0000] {dagbag.py:588} INFO - Filling up the DagBag from /home/airflow/.local/lib/python3.12/site-packages/airflow/example_dags/example_sensors.py
[2024-11-23T04:10:42.138+0000] {processor.py:925} INFO - DAG(s) 'example_sensors' retrieved from /home/airflow/.local/lib/python3.12/site-packages/airflow/example_dags/example_sensors.py
[2024-11-23T04:10:42.240+0000] {logging_mixin.py:190} INFO - [2024-11-23T04:10:42.239+0000] {dag.py:3239} INFO - Sync 1 DAGs
[2024-11-23T04:10:42.321+0000] {logging_mixin.py:190} INFO - [2024-11-23T04:10:42.320+0000] {dag.py:4180} INFO - Setting next_dagrun for example_sensors to None, run_after=None
[2024-11-23T04:10:42.394+0000] {processor.py:208} INFO - Processing /home/airflow/.local/lib/python3.12/site-packages/airflow/example_dags/example_sensors.py took 0.312 seconds
[2024-11-23T04:11:14.272+0000] {processor.py:186} INFO - Started process (PID=5010) to work on /home/airflow/.local/lib/python3.12/site-packages/airflow/example_dags/example_sensors.py
[2024-11-23T04:11:14.296+0000] {processor.py:914} INFO - Processing file /home/airflow/.local/lib/python3.12/site-packages/airflow/example_dags/example_sensors.py for tasks to queue
[2024-11-23T04:11:14.309+0000] {logging_mixin.py:190} INFO - [2024-11-23T04:11:14.308+0000] {dagbag.py:588} INFO - Filling up the DagBag from /home/airflow/.local/lib/python3.12/site-packages/airflow/example_dags/example_sensors.py
[2024-11-23T04:11:14.394+0000] {processor.py:925} INFO - DAG(s) 'example_sensors' retrieved from /home/airflow/.local/lib/python3.12/site-packages/airflow/example_dags/example_sensors.py
[2024-11-23T04:11:14.607+0000] {logging_mixin.py:190} INFO - [2024-11-23T04:11:14.606+0000] {dag.py:3239} INFO - Sync 1 DAGs
[2024-11-23T04:11:14.741+0000] {logging_mixin.py:190} INFO - [2024-11-23T04:11:14.732+0000] {dag.py:4180} INFO - Setting next_dagrun for example_sensors to None, run_after=None
[2024-11-23T04:11:14.913+0000] {processor.py:208} INFO - Processing /home/airflow/.local/lib/python3.12/site-packages/airflow/example_dags/example_sensors.py took 0.666 seconds
