[2024-11-23T03:25:32.183+0000] {processor.py:186} INFO - Started process (PID=122) to work on /home/airflow/.local/lib/python3.12/site-packages/airflow/example_dags/tutorial_dag.py
[2024-11-23T03:25:32.185+0000] {processor.py:914} INFO - Processing file /home/airflow/.local/lib/python3.12/site-packages/airflow/example_dags/tutorial_dag.py for tasks to queue
[2024-11-23T03:25:32.189+0000] {logging_mixin.py:190} INFO - [2024-11-23T03:25:32.188+0000] {dagbag.py:588} INFO - Filling up the DagBag from /home/airflow/.local/lib/python3.12/site-packages/airflow/example_dags/tutorial_dag.py
[2024-11-23T03:25:32.207+0000] {processor.py:925} INFO - DAG(s) 'tutorial_dag' retrieved from /home/airflow/.local/lib/python3.12/site-packages/airflow/example_dags/tutorial_dag.py
[2024-11-23T03:25:32.542+0000] {logging_mixin.py:190} INFO - [2024-11-23T03:25:32.540+0000] {override.py:1911} INFO - Created Permission View: can edit on DAG:tutorial_dag
[2024-11-23T03:25:32.671+0000] {logging_mixin.py:190} INFO - [2024-11-23T03:25:32.655+0000] {override.py:1911} INFO - Created Permission View: can read on DAG:tutorial_dag
[2024-11-23T03:25:32.769+0000] {logging_mixin.py:190} INFO - [2024-11-23T03:25:32.768+0000] {override.py:1911} INFO - Created Permission View: can delete on DAG:tutorial_dag
[2024-11-23T03:25:32.821+0000] {logging_mixin.py:190} INFO - [2024-11-23T03:25:32.820+0000] {override.py:1911} INFO - Created Permission View: can create on DAG Run:tutorial_dag
[2024-11-23T03:25:32.856+0000] {logging_mixin.py:190} INFO - [2024-11-23T03:25:32.856+0000] {override.py:1911} INFO - Created Permission View: menu access on DAG Run:tutorial_dag
[2024-11-23T03:25:32.876+0000] {logging_mixin.py:190} INFO - [2024-11-23T03:25:32.875+0000] {override.py:1911} INFO - Created Permission View: can read on DAG Run:tutorial_dag
[2024-11-23T03:25:32.898+0000] {logging_mixin.py:190} INFO - [2024-11-23T03:25:32.897+0000] {override.py:1911} INFO - Created Permission View: can delete on DAG Run:tutorial_dag
[2024-11-23T03:25:32.899+0000] {logging_mixin.py:190} INFO - [2024-11-23T03:25:32.898+0000] {dag.py:3239} INFO - Sync 1 DAGs
[2024-11-23T03:25:32.933+0000] {logging_mixin.py:190} INFO - [2024-11-23T03:25:32.933+0000] {dag.py:3262} INFO - Creating ORM DAG for tutorial_dag
[2024-11-23T03:25:32.935+0000] {logging_mixin.py:190} INFO - [2024-11-23T03:25:32.934+0000] {dag.py:4180} INFO - Setting next_dagrun for tutorial_dag to None, run_after=None
[2024-11-23T03:25:32.983+0000] {processor.py:208} INFO - Processing /home/airflow/.local/lib/python3.12/site-packages/airflow/example_dags/tutorial_dag.py took 0.814 seconds
[2024-11-23T03:26:03.183+0000] {processor.py:186} INFO - Started process (PID=185) to work on /home/airflow/.local/lib/python3.12/site-packages/airflow/example_dags/tutorial_dag.py
[2024-11-23T03:26:03.184+0000] {processor.py:914} INFO - Processing file /home/airflow/.local/lib/python3.12/site-packages/airflow/example_dags/tutorial_dag.py for tasks to queue
[2024-11-23T03:26:03.188+0000] {logging_mixin.py:190} INFO - [2024-11-23T03:26:03.188+0000] {dagbag.py:588} INFO - Filling up the DagBag from /home/airflow/.local/lib/python3.12/site-packages/airflow/example_dags/tutorial_dag.py
[2024-11-23T03:26:03.204+0000] {processor.py:925} INFO - DAG(s) 'tutorial_dag' retrieved from /home/airflow/.local/lib/python3.12/site-packages/airflow/example_dags/tutorial_dag.py
[2024-11-23T03:26:03.247+0000] {logging_mixin.py:190} INFO - [2024-11-23T03:26:03.247+0000] {dag.py:3239} INFO - Sync 1 DAGs
[2024-11-23T03:26:03.273+0000] {logging_mixin.py:190} INFO - [2024-11-23T03:26:03.273+0000] {dag.py:4180} INFO - Setting next_dagrun for tutorial_dag to None, run_after=None
[2024-11-23T03:26:03.317+0000] {processor.py:208} INFO - Processing /home/airflow/.local/lib/python3.12/site-packages/airflow/example_dags/tutorial_dag.py took 0.145 seconds
[2024-11-23T03:26:33.474+0000] {processor.py:186} INFO - Started process (PID=249) to work on /home/airflow/.local/lib/python3.12/site-packages/airflow/example_dags/tutorial_dag.py
[2024-11-23T03:26:33.476+0000] {processor.py:914} INFO - Processing file /home/airflow/.local/lib/python3.12/site-packages/airflow/example_dags/tutorial_dag.py for tasks to queue
[2024-11-23T03:26:33.482+0000] {logging_mixin.py:190} INFO - [2024-11-23T03:26:33.481+0000] {dagbag.py:588} INFO - Filling up the DagBag from /home/airflow/.local/lib/python3.12/site-packages/airflow/example_dags/tutorial_dag.py
[2024-11-23T03:26:33.501+0000] {processor.py:925} INFO - DAG(s) 'tutorial_dag' retrieved from /home/airflow/.local/lib/python3.12/site-packages/airflow/example_dags/tutorial_dag.py
[2024-11-23T03:26:33.549+0000] {logging_mixin.py:190} INFO - [2024-11-23T03:26:33.549+0000] {dag.py:3239} INFO - Sync 1 DAGs
[2024-11-23T03:26:33.582+0000] {logging_mixin.py:190} INFO - [2024-11-23T03:26:33.581+0000] {dag.py:4180} INFO - Setting next_dagrun for tutorial_dag to None, run_after=None
[2024-11-23T03:26:33.621+0000] {processor.py:208} INFO - Processing /home/airflow/.local/lib/python3.12/site-packages/airflow/example_dags/tutorial_dag.py took 0.161 seconds
[2024-11-23T03:27:12.767+0000] {processor.py:186} INFO - Started process (PID=319) to work on /home/airflow/.local/lib/python3.12/site-packages/airflow/example_dags/tutorial_dag.py
[2024-11-23T03:27:12.768+0000] {processor.py:914} INFO - Processing file /home/airflow/.local/lib/python3.12/site-packages/airflow/example_dags/tutorial_dag.py for tasks to queue
[2024-11-23T03:27:12.774+0000] {logging_mixin.py:190} INFO - [2024-11-23T03:27:12.774+0000] {dagbag.py:588} INFO - Filling up the DagBag from /home/airflow/.local/lib/python3.12/site-packages/airflow/example_dags/tutorial_dag.py
[2024-11-23T03:27:12.793+0000] {processor.py:925} INFO - DAG(s) 'tutorial_dag' retrieved from /home/airflow/.local/lib/python3.12/site-packages/airflow/example_dags/tutorial_dag.py
[2024-11-23T03:27:12.859+0000] {logging_mixin.py:190} INFO - [2024-11-23T03:27:12.859+0000] {dag.py:3239} INFO - Sync 1 DAGs
[2024-11-23T03:27:12.917+0000] {logging_mixin.py:190} INFO - [2024-11-23T03:27:12.916+0000] {dag.py:4180} INFO - Setting next_dagrun for tutorial_dag to None, run_after=None
[2024-11-23T03:27:12.989+0000] {processor.py:208} INFO - Processing /home/airflow/.local/lib/python3.12/site-packages/airflow/example_dags/tutorial_dag.py took 0.234 seconds
[2024-11-23T03:27:55.660+0000] {processor.py:186} INFO - Started process (PID=386) to work on /home/airflow/.local/lib/python3.12/site-packages/airflow/example_dags/tutorial_dag.py
[2024-11-23T03:27:55.662+0000] {processor.py:914} INFO - Processing file /home/airflow/.local/lib/python3.12/site-packages/airflow/example_dags/tutorial_dag.py for tasks to queue
[2024-11-23T03:27:55.669+0000] {logging_mixin.py:190} INFO - [2024-11-23T03:27:55.667+0000] {dagbag.py:588} INFO - Filling up the DagBag from /home/airflow/.local/lib/python3.12/site-packages/airflow/example_dags/tutorial_dag.py
[2024-11-23T03:27:55.689+0000] {processor.py:925} INFO - DAG(s) 'tutorial_dag' retrieved from /home/airflow/.local/lib/python3.12/site-packages/airflow/example_dags/tutorial_dag.py
[2024-11-23T03:27:55.748+0000] {logging_mixin.py:190} INFO - [2024-11-23T03:27:55.747+0000] {dag.py:3239} INFO - Sync 1 DAGs
[2024-11-23T03:27:55.801+0000] {logging_mixin.py:190} INFO - [2024-11-23T03:27:55.800+0000] {dag.py:4180} INFO - Setting next_dagrun for tutorial_dag to None, run_after=None
[2024-11-23T03:27:55.886+0000] {processor.py:208} INFO - Processing /home/airflow/.local/lib/python3.12/site-packages/airflow/example_dags/tutorial_dag.py took 0.240 seconds
[2024-11-23T03:28:31.699+0000] {processor.py:186} INFO - Started process (PID=448) to work on /home/airflow/.local/lib/python3.12/site-packages/airflow/example_dags/tutorial_dag.py
[2024-11-23T03:28:31.702+0000] {processor.py:914} INFO - Processing file /home/airflow/.local/lib/python3.12/site-packages/airflow/example_dags/tutorial_dag.py for tasks to queue
[2024-11-23T03:28:31.710+0000] {logging_mixin.py:190} INFO - [2024-11-23T03:28:31.708+0000] {dagbag.py:588} INFO - Filling up the DagBag from /home/airflow/.local/lib/python3.12/site-packages/airflow/example_dags/tutorial_dag.py
[2024-11-23T03:28:31.732+0000] {processor.py:925} INFO - DAG(s) 'tutorial_dag' retrieved from /home/airflow/.local/lib/python3.12/site-packages/airflow/example_dags/tutorial_dag.py
[2024-11-23T03:28:31.797+0000] {logging_mixin.py:190} INFO - [2024-11-23T03:28:31.796+0000] {dag.py:3239} INFO - Sync 1 DAGs
[2024-11-23T03:28:31.845+0000] {logging_mixin.py:190} INFO - [2024-11-23T03:28:31.844+0000] {dag.py:4180} INFO - Setting next_dagrun for tutorial_dag to None, run_after=None
[2024-11-23T03:28:32.430+0000] {processor.py:208} INFO - Processing /home/airflow/.local/lib/python3.12/site-packages/airflow/example_dags/tutorial_dag.py took 0.754 seconds
[2024-11-23T03:29:03.464+0000] {processor.py:186} INFO - Started process (PID=510) to work on /home/airflow/.local/lib/python3.12/site-packages/airflow/example_dags/tutorial_dag.py
[2024-11-23T03:29:03.488+0000] {processor.py:914} INFO - Processing file /home/airflow/.local/lib/python3.12/site-packages/airflow/example_dags/tutorial_dag.py for tasks to queue
[2024-11-23T03:29:03.496+0000] {logging_mixin.py:190} INFO - [2024-11-23T03:29:03.495+0000] {dagbag.py:588} INFO - Filling up the DagBag from /home/airflow/.local/lib/python3.12/site-packages/airflow/example_dags/tutorial_dag.py
[2024-11-23T03:29:03.584+0000] {processor.py:925} INFO - DAG(s) 'tutorial_dag' retrieved from /home/airflow/.local/lib/python3.12/site-packages/airflow/example_dags/tutorial_dag.py
[2024-11-23T03:29:03.688+0000] {logging_mixin.py:190} INFO - [2024-11-23T03:29:03.687+0000] {dag.py:3239} INFO - Sync 1 DAGs
[2024-11-23T03:29:03.779+0000] {logging_mixin.py:190} INFO - [2024-11-23T03:29:03.776+0000] {dag.py:4180} INFO - Setting next_dagrun for tutorial_dag to None, run_after=None
[2024-11-23T03:29:03.837+0000] {processor.py:208} INFO - Processing /home/airflow/.local/lib/python3.12/site-packages/airflow/example_dags/tutorial_dag.py took 0.386 seconds
[2024-11-23T03:29:34.338+0000] {processor.py:186} INFO - Started process (PID=574) to work on /home/airflow/.local/lib/python3.12/site-packages/airflow/example_dags/tutorial_dag.py
[2024-11-23T03:29:34.340+0000] {processor.py:914} INFO - Processing file /home/airflow/.local/lib/python3.12/site-packages/airflow/example_dags/tutorial_dag.py for tasks to queue
[2024-11-23T03:29:34.345+0000] {logging_mixin.py:190} INFO - [2024-11-23T03:29:34.344+0000] {dagbag.py:588} INFO - Filling up the DagBag from /home/airflow/.local/lib/python3.12/site-packages/airflow/example_dags/tutorial_dag.py
[2024-11-23T03:29:34.366+0000] {processor.py:925} INFO - DAG(s) 'tutorial_dag' retrieved from /home/airflow/.local/lib/python3.12/site-packages/airflow/example_dags/tutorial_dag.py
[2024-11-23T03:29:34.441+0000] {logging_mixin.py:190} INFO - [2024-11-23T03:29:34.440+0000] {dag.py:3239} INFO - Sync 1 DAGs
[2024-11-23T03:29:34.529+0000] {logging_mixin.py:190} INFO - [2024-11-23T03:29:34.529+0000] {dag.py:4180} INFO - Setting next_dagrun for tutorial_dag to None, run_after=None
[2024-11-23T03:29:34.684+0000] {processor.py:208} INFO - Processing /home/airflow/.local/lib/python3.12/site-packages/airflow/example_dags/tutorial_dag.py took 0.357 seconds
[2024-11-23T03:30:11.660+0000] {processor.py:186} INFO - Started process (PID=645) to work on /home/airflow/.local/lib/python3.12/site-packages/airflow/example_dags/tutorial_dag.py
[2024-11-23T03:30:11.665+0000] {processor.py:914} INFO - Processing file /home/airflow/.local/lib/python3.12/site-packages/airflow/example_dags/tutorial_dag.py for tasks to queue
[2024-11-23T03:30:11.672+0000] {logging_mixin.py:190} INFO - [2024-11-23T03:30:11.671+0000] {dagbag.py:588} INFO - Filling up the DagBag from /home/airflow/.local/lib/python3.12/site-packages/airflow/example_dags/tutorial_dag.py
[2024-11-23T03:30:11.700+0000] {processor.py:925} INFO - DAG(s) 'tutorial_dag' retrieved from /home/airflow/.local/lib/python3.12/site-packages/airflow/example_dags/tutorial_dag.py
[2024-11-23T03:30:11.787+0000] {logging_mixin.py:190} INFO - [2024-11-23T03:30:11.787+0000] {dag.py:3239} INFO - Sync 1 DAGs
[2024-11-23T03:30:11.834+0000] {logging_mixin.py:190} INFO - [2024-11-23T03:30:11.833+0000] {dag.py:4180} INFO - Setting next_dagrun for tutorial_dag to None, run_after=None
[2024-11-23T03:30:11.896+0000] {processor.py:208} INFO - Processing /home/airflow/.local/lib/python3.12/site-packages/airflow/example_dags/tutorial_dag.py took 0.247 seconds
[2024-11-23T03:30:56.545+0000] {processor.py:186} INFO - Started process (PID=703) to work on /home/airflow/.local/lib/python3.12/site-packages/airflow/example_dags/tutorial_dag.py
[2024-11-23T03:30:56.549+0000] {processor.py:914} INFO - Processing file /home/airflow/.local/lib/python3.12/site-packages/airflow/example_dags/tutorial_dag.py for tasks to queue
[2024-11-23T03:30:56.565+0000] {logging_mixin.py:190} INFO - [2024-11-23T03:30:56.563+0000] {dagbag.py:588} INFO - Filling up the DagBag from /home/airflow/.local/lib/python3.12/site-packages/airflow/example_dags/tutorial_dag.py
[2024-11-23T03:30:56.589+0000] {processor.py:925} INFO - DAG(s) 'tutorial_dag' retrieved from /home/airflow/.local/lib/python3.12/site-packages/airflow/example_dags/tutorial_dag.py
[2024-11-23T03:30:56.669+0000] {logging_mixin.py:190} INFO - [2024-11-23T03:30:56.669+0000] {dag.py:3239} INFO - Sync 1 DAGs
[2024-11-23T03:30:56.738+0000] {logging_mixin.py:190} INFO - [2024-11-23T03:30:56.737+0000] {dag.py:4180} INFO - Setting next_dagrun for tutorial_dag to None, run_after=None
[2024-11-23T03:30:56.884+0000] {processor.py:208} INFO - Processing /home/airflow/.local/lib/python3.12/site-packages/airflow/example_dags/tutorial_dag.py took 0.372 seconds
[2024-11-23T03:31:27.633+0000] {processor.py:186} INFO - Started process (PID=766) to work on /home/airflow/.local/lib/python3.12/site-packages/airflow/example_dags/tutorial_dag.py
[2024-11-23T03:31:27.635+0000] {processor.py:914} INFO - Processing file /home/airflow/.local/lib/python3.12/site-packages/airflow/example_dags/tutorial_dag.py for tasks to queue
[2024-11-23T03:31:27.638+0000] {logging_mixin.py:190} INFO - [2024-11-23T03:31:27.638+0000] {dagbag.py:588} INFO - Filling up the DagBag from /home/airflow/.local/lib/python3.12/site-packages/airflow/example_dags/tutorial_dag.py
[2024-11-23T03:31:27.651+0000] {processor.py:925} INFO - DAG(s) 'tutorial_dag' retrieved from /home/airflow/.local/lib/python3.12/site-packages/airflow/example_dags/tutorial_dag.py
[2024-11-23T03:31:27.690+0000] {logging_mixin.py:190} INFO - [2024-11-23T03:31:27.689+0000] {dag.py:3239} INFO - Sync 1 DAGs
[2024-11-23T03:31:27.714+0000] {logging_mixin.py:190} INFO - [2024-11-23T03:31:27.713+0000] {dag.py:4180} INFO - Setting next_dagrun for tutorial_dag to None, run_after=None
[2024-11-23T03:31:27.748+0000] {processor.py:208} INFO - Processing /home/airflow/.local/lib/python3.12/site-packages/airflow/example_dags/tutorial_dag.py took 0.124 seconds
[2024-11-23T03:32:57.569+0000] {processor.py:186} INFO - Started process (PID=861) to work on /home/airflow/.local/lib/python3.12/site-packages/airflow/example_dags/tutorial_dag.py
[2024-11-23T03:32:57.580+0000] {processor.py:914} INFO - Processing file /home/airflow/.local/lib/python3.12/site-packages/airflow/example_dags/tutorial_dag.py for tasks to queue
[2024-11-23T03:32:57.592+0000] {logging_mixin.py:190} INFO - [2024-11-23T03:32:57.591+0000] {dagbag.py:588} INFO - Filling up the DagBag from /home/airflow/.local/lib/python3.12/site-packages/airflow/example_dags/tutorial_dag.py
[2024-11-23T03:32:57.642+0000] {processor.py:925} INFO - DAG(s) 'tutorial_dag' retrieved from /home/airflow/.local/lib/python3.12/site-packages/airflow/example_dags/tutorial_dag.py
[2024-11-23T03:32:57.775+0000] {logging_mixin.py:190} INFO - [2024-11-23T03:32:57.773+0000] {dag.py:3239} INFO - Sync 1 DAGs
[2024-11-23T03:32:57.935+0000] {logging_mixin.py:190} INFO - [2024-11-23T03:32:57.922+0000] {dag.py:4180} INFO - Setting next_dagrun for tutorial_dag to None, run_after=None
[2024-11-23T03:32:58.116+0000] {processor.py:208} INFO - Processing /home/airflow/.local/lib/python3.12/site-packages/airflow/example_dags/tutorial_dag.py took 0.583 seconds
[2024-11-23T03:33:28.342+0000] {processor.py:186} INFO - Started process (PID=923) to work on /home/airflow/.local/lib/python3.12/site-packages/airflow/example_dags/tutorial_dag.py
[2024-11-23T03:33:28.349+0000] {processor.py:914} INFO - Processing file /home/airflow/.local/lib/python3.12/site-packages/airflow/example_dags/tutorial_dag.py for tasks to queue
[2024-11-23T03:33:28.359+0000] {logging_mixin.py:190} INFO - [2024-11-23T03:33:28.358+0000] {dagbag.py:588} INFO - Filling up the DagBag from /home/airflow/.local/lib/python3.12/site-packages/airflow/example_dags/tutorial_dag.py
[2024-11-23T03:33:28.395+0000] {processor.py:925} INFO - DAG(s) 'tutorial_dag' retrieved from /home/airflow/.local/lib/python3.12/site-packages/airflow/example_dags/tutorial_dag.py
[2024-11-23T03:33:28.463+0000] {logging_mixin.py:190} INFO - [2024-11-23T03:33:28.462+0000] {dag.py:3239} INFO - Sync 1 DAGs
[2024-11-23T03:33:28.506+0000] {logging_mixin.py:190} INFO - [2024-11-23T03:33:28.506+0000] {dag.py:4180} INFO - Setting next_dagrun for tutorial_dag to None, run_after=None
[2024-11-23T03:33:28.562+0000] {processor.py:208} INFO - Processing /home/airflow/.local/lib/python3.12/site-packages/airflow/example_dags/tutorial_dag.py took 0.269 seconds
[2024-11-23T03:34:03.088+0000] {processor.py:186} INFO - Started process (PID=991) to work on /home/airflow/.local/lib/python3.12/site-packages/airflow/example_dags/tutorial_dag.py
[2024-11-23T03:34:03.094+0000] {processor.py:914} INFO - Processing file /home/airflow/.local/lib/python3.12/site-packages/airflow/example_dags/tutorial_dag.py for tasks to queue
[2024-11-23T03:34:03.100+0000] {logging_mixin.py:190} INFO - [2024-11-23T03:34:03.100+0000] {dagbag.py:588} INFO - Filling up the DagBag from /home/airflow/.local/lib/python3.12/site-packages/airflow/example_dags/tutorial_dag.py
[2024-11-23T03:34:03.119+0000] {processor.py:925} INFO - DAG(s) 'tutorial_dag' retrieved from /home/airflow/.local/lib/python3.12/site-packages/airflow/example_dags/tutorial_dag.py
[2024-11-23T03:34:03.165+0000] {logging_mixin.py:190} INFO - [2024-11-23T03:34:03.165+0000] {dag.py:3239} INFO - Sync 1 DAGs
[2024-11-23T03:34:03.205+0000] {logging_mixin.py:190} INFO - [2024-11-23T03:34:03.205+0000] {dag.py:4180} INFO - Setting next_dagrun for tutorial_dag to None, run_after=None
[2024-11-23T03:34:03.248+0000] {processor.py:208} INFO - Processing /home/airflow/.local/lib/python3.12/site-packages/airflow/example_dags/tutorial_dag.py took 0.172 seconds
[2024-11-23T03:34:41.260+0000] {processor.py:186} INFO - Started process (PID=1054) to work on /home/airflow/.local/lib/python3.12/site-packages/airflow/example_dags/tutorial_dag.py
[2024-11-23T03:34:41.272+0000] {processor.py:914} INFO - Processing file /home/airflow/.local/lib/python3.12/site-packages/airflow/example_dags/tutorial_dag.py for tasks to queue
[2024-11-23T03:34:41.289+0000] {logging_mixin.py:190} INFO - [2024-11-23T03:34:41.288+0000] {dagbag.py:588} INFO - Filling up the DagBag from /home/airflow/.local/lib/python3.12/site-packages/airflow/example_dags/tutorial_dag.py
[2024-11-23T03:34:41.341+0000] {processor.py:925} INFO - DAG(s) 'tutorial_dag' retrieved from /home/airflow/.local/lib/python3.12/site-packages/airflow/example_dags/tutorial_dag.py
[2024-11-23T03:34:41.492+0000] {logging_mixin.py:190} INFO - [2024-11-23T03:34:41.491+0000] {dag.py:3239} INFO - Sync 1 DAGs
[2024-11-23T03:34:41.583+0000] {logging_mixin.py:190} INFO - [2024-11-23T03:34:41.583+0000] {dag.py:4180} INFO - Setting next_dagrun for tutorial_dag to None, run_after=None
[2024-11-23T03:34:41.717+0000] {processor.py:208} INFO - Processing /home/airflow/.local/lib/python3.12/site-packages/airflow/example_dags/tutorial_dag.py took 0.492 seconds
[2024-11-23T03:35:18.065+0000] {processor.py:186} INFO - Started process (PID=1124) to work on /home/airflow/.local/lib/python3.12/site-packages/airflow/example_dags/tutorial_dag.py
[2024-11-23T03:35:18.067+0000] {processor.py:914} INFO - Processing file /home/airflow/.local/lib/python3.12/site-packages/airflow/example_dags/tutorial_dag.py for tasks to queue
[2024-11-23T03:35:18.073+0000] {logging_mixin.py:190} INFO - [2024-11-23T03:35:18.071+0000] {dagbag.py:588} INFO - Filling up the DagBag from /home/airflow/.local/lib/python3.12/site-packages/airflow/example_dags/tutorial_dag.py
[2024-11-23T03:35:18.097+0000] {processor.py:925} INFO - DAG(s) 'tutorial_dag' retrieved from /home/airflow/.local/lib/python3.12/site-packages/airflow/example_dags/tutorial_dag.py
[2024-11-23T03:35:18.214+0000] {logging_mixin.py:190} INFO - [2024-11-23T03:35:18.214+0000] {dag.py:3239} INFO - Sync 1 DAGs
[2024-11-23T03:35:18.488+0000] {logging_mixin.py:190} INFO - [2024-11-23T03:35:18.488+0000] {dag.py:4180} INFO - Setting next_dagrun for tutorial_dag to None, run_after=None
[2024-11-23T03:35:18.601+0000] {processor.py:208} INFO - Processing /home/airflow/.local/lib/python3.12/site-packages/airflow/example_dags/tutorial_dag.py took 0.556 seconds
[2024-11-23T03:35:49.894+0000] {processor.py:186} INFO - Started process (PID=1187) to work on /home/airflow/.local/lib/python3.12/site-packages/airflow/example_dags/tutorial_dag.py
[2024-11-23T03:35:49.896+0000] {processor.py:914} INFO - Processing file /home/airflow/.local/lib/python3.12/site-packages/airflow/example_dags/tutorial_dag.py for tasks to queue
[2024-11-23T03:35:49.901+0000] {logging_mixin.py:190} INFO - [2024-11-23T03:35:49.900+0000] {dagbag.py:588} INFO - Filling up the DagBag from /home/airflow/.local/lib/python3.12/site-packages/airflow/example_dags/tutorial_dag.py
[2024-11-23T03:35:49.936+0000] {processor.py:925} INFO - DAG(s) 'tutorial_dag' retrieved from /home/airflow/.local/lib/python3.12/site-packages/airflow/example_dags/tutorial_dag.py
[2024-11-23T03:35:50.007+0000] {logging_mixin.py:190} INFO - [2024-11-23T03:35:50.006+0000] {dag.py:3239} INFO - Sync 1 DAGs
[2024-11-23T03:35:50.050+0000] {logging_mixin.py:190} INFO - [2024-11-23T03:35:50.050+0000] {dag.py:4180} INFO - Setting next_dagrun for tutorial_dag to None, run_after=None
[2024-11-23T03:35:50.110+0000] {processor.py:208} INFO - Processing /home/airflow/.local/lib/python3.12/site-packages/airflow/example_dags/tutorial_dag.py took 0.238 seconds
[2024-11-23T03:36:21.907+0000] {processor.py:186} INFO - Started process (PID=1250) to work on /home/airflow/.local/lib/python3.12/site-packages/airflow/example_dags/tutorial_dag.py
[2024-11-23T03:36:21.909+0000] {processor.py:914} INFO - Processing file /home/airflow/.local/lib/python3.12/site-packages/airflow/example_dags/tutorial_dag.py for tasks to queue
[2024-11-23T03:36:21.912+0000] {logging_mixin.py:190} INFO - [2024-11-23T03:36:21.912+0000] {dagbag.py:588} INFO - Filling up the DagBag from /home/airflow/.local/lib/python3.12/site-packages/airflow/example_dags/tutorial_dag.py
[2024-11-23T03:36:21.927+0000] {processor.py:925} INFO - DAG(s) 'tutorial_dag' retrieved from /home/airflow/.local/lib/python3.12/site-packages/airflow/example_dags/tutorial_dag.py
[2024-11-23T03:36:21.963+0000] {logging_mixin.py:190} INFO - [2024-11-23T03:36:21.963+0000] {dag.py:3239} INFO - Sync 1 DAGs
[2024-11-23T03:36:22.009+0000] {logging_mixin.py:190} INFO - [2024-11-23T03:36:22.009+0000] {dag.py:4180} INFO - Setting next_dagrun for tutorial_dag to None, run_after=None
[2024-11-23T03:36:22.139+0000] {processor.py:208} INFO - Processing /home/airflow/.local/lib/python3.12/site-packages/airflow/example_dags/tutorial_dag.py took 0.243 seconds
[2024-11-23T03:36:53.579+0000] {processor.py:186} INFO - Started process (PID=1312) to work on /home/airflow/.local/lib/python3.12/site-packages/airflow/example_dags/tutorial_dag.py
[2024-11-23T03:36:53.580+0000] {processor.py:914} INFO - Processing file /home/airflow/.local/lib/python3.12/site-packages/airflow/example_dags/tutorial_dag.py for tasks to queue
[2024-11-23T03:36:53.585+0000] {logging_mixin.py:190} INFO - [2024-11-23T03:36:53.584+0000] {dagbag.py:588} INFO - Filling up the DagBag from /home/airflow/.local/lib/python3.12/site-packages/airflow/example_dags/tutorial_dag.py
[2024-11-23T03:36:53.598+0000] {processor.py:925} INFO - DAG(s) 'tutorial_dag' retrieved from /home/airflow/.local/lib/python3.12/site-packages/airflow/example_dags/tutorial_dag.py
[2024-11-23T03:36:53.706+0000] {logging_mixin.py:190} INFO - [2024-11-23T03:36:53.705+0000] {dag.py:3239} INFO - Sync 1 DAGs
[2024-11-23T03:36:53.776+0000] {logging_mixin.py:190} INFO - [2024-11-23T03:36:53.776+0000] {dag.py:4180} INFO - Setting next_dagrun for tutorial_dag to None, run_after=None
[2024-11-23T03:36:53.858+0000] {processor.py:208} INFO - Processing /home/airflow/.local/lib/python3.12/site-packages/airflow/example_dags/tutorial_dag.py took 0.288 seconds
[2024-11-23T03:37:30.895+0000] {processor.py:186} INFO - Started process (PID=1377) to work on /home/airflow/.local/lib/python3.12/site-packages/airflow/example_dags/tutorial_dag.py
[2024-11-23T03:37:30.994+0000] {processor.py:914} INFO - Processing file /home/airflow/.local/lib/python3.12/site-packages/airflow/example_dags/tutorial_dag.py for tasks to queue
[2024-11-23T03:37:31.012+0000] {logging_mixin.py:190} INFO - [2024-11-23T03:37:31.011+0000] {dagbag.py:588} INFO - Filling up the DagBag from /home/airflow/.local/lib/python3.12/site-packages/airflow/example_dags/tutorial_dag.py
[2024-11-23T03:37:31.056+0000] {processor.py:925} INFO - DAG(s) 'tutorial_dag' retrieved from /home/airflow/.local/lib/python3.12/site-packages/airflow/example_dags/tutorial_dag.py
[2024-11-23T03:37:31.164+0000] {logging_mixin.py:190} INFO - [2024-11-23T03:37:31.164+0000] {dag.py:3239} INFO - Sync 1 DAGs
[2024-11-23T03:37:31.263+0000] {logging_mixin.py:190} INFO - [2024-11-23T03:37:31.262+0000] {dag.py:4180} INFO - Setting next_dagrun for tutorial_dag to None, run_after=None
[2024-11-23T03:37:31.435+0000] {processor.py:208} INFO - Processing /home/airflow/.local/lib/python3.12/site-packages/airflow/example_dags/tutorial_dag.py took 0.583 seconds
[2024-11-23T03:38:02.534+0000] {processor.py:186} INFO - Started process (PID=1439) to work on /home/airflow/.local/lib/python3.12/site-packages/airflow/example_dags/tutorial_dag.py
[2024-11-23T03:38:02.536+0000] {processor.py:914} INFO - Processing file /home/airflow/.local/lib/python3.12/site-packages/airflow/example_dags/tutorial_dag.py for tasks to queue
[2024-11-23T03:38:02.547+0000] {logging_mixin.py:190} INFO - [2024-11-23T03:38:02.546+0000] {dagbag.py:588} INFO - Filling up the DagBag from /home/airflow/.local/lib/python3.12/site-packages/airflow/example_dags/tutorial_dag.py
[2024-11-23T03:38:02.568+0000] {processor.py:925} INFO - DAG(s) 'tutorial_dag' retrieved from /home/airflow/.local/lib/python3.12/site-packages/airflow/example_dags/tutorial_dag.py
[2024-11-23T03:38:02.646+0000] {logging_mixin.py:190} INFO - [2024-11-23T03:38:02.645+0000] {dag.py:3239} INFO - Sync 1 DAGs
[2024-11-23T03:38:02.689+0000] {logging_mixin.py:190} INFO - [2024-11-23T03:38:02.688+0000] {dag.py:4180} INFO - Setting next_dagrun for tutorial_dag to None, run_after=None
[2024-11-23T03:38:02.773+0000] {processor.py:208} INFO - Processing /home/airflow/.local/lib/python3.12/site-packages/airflow/example_dags/tutorial_dag.py took 0.264 seconds
[2024-11-23T03:38:41.259+0000] {processor.py:186} INFO - Started process (PID=1513) to work on /home/airflow/.local/lib/python3.12/site-packages/airflow/example_dags/tutorial_dag.py
[2024-11-23T03:38:41.277+0000] {processor.py:914} INFO - Processing file /home/airflow/.local/lib/python3.12/site-packages/airflow/example_dags/tutorial_dag.py for tasks to queue
[2024-11-23T03:38:41.286+0000] {logging_mixin.py:190} INFO - [2024-11-23T03:38:41.282+0000] {dagbag.py:588} INFO - Filling up the DagBag from /home/airflow/.local/lib/python3.12/site-packages/airflow/example_dags/tutorial_dag.py
[2024-11-23T03:38:41.325+0000] {processor.py:925} INFO - DAG(s) 'tutorial_dag' retrieved from /home/airflow/.local/lib/python3.12/site-packages/airflow/example_dags/tutorial_dag.py
[2024-11-23T03:38:41.437+0000] {logging_mixin.py:190} INFO - [2024-11-23T03:38:41.437+0000] {dag.py:3239} INFO - Sync 1 DAGs
[2024-11-23T03:38:41.613+0000] {logging_mixin.py:190} INFO - [2024-11-23T03:38:41.612+0000] {dag.py:4180} INFO - Setting next_dagrun for tutorial_dag to None, run_after=None
[2024-11-23T03:38:41.679+0000] {processor.py:208} INFO - Processing /home/airflow/.local/lib/python3.12/site-packages/airflow/example_dags/tutorial_dag.py took 0.444 seconds
[2024-11-23T03:39:13.777+0000] {processor.py:186} INFO - Started process (PID=1576) to work on /home/airflow/.local/lib/python3.12/site-packages/airflow/example_dags/tutorial_dag.py
[2024-11-23T03:39:13.781+0000] {processor.py:914} INFO - Processing file /home/airflow/.local/lib/python3.12/site-packages/airflow/example_dags/tutorial_dag.py for tasks to queue
[2024-11-23T03:39:13.793+0000] {logging_mixin.py:190} INFO - [2024-11-23T03:39:13.792+0000] {dagbag.py:588} INFO - Filling up the DagBag from /home/airflow/.local/lib/python3.12/site-packages/airflow/example_dags/tutorial_dag.py
[2024-11-23T03:39:13.828+0000] {processor.py:925} INFO - DAG(s) 'tutorial_dag' retrieved from /home/airflow/.local/lib/python3.12/site-packages/airflow/example_dags/tutorial_dag.py
[2024-11-23T03:39:13.919+0000] {logging_mixin.py:190} INFO - [2024-11-23T03:39:13.917+0000] {dag.py:3239} INFO - Sync 1 DAGs
[2024-11-23T03:39:14.050+0000] {logging_mixin.py:190} INFO - [2024-11-23T03:39:14.049+0000] {dag.py:4180} INFO - Setting next_dagrun for tutorial_dag to None, run_after=None
[2024-11-23T03:39:14.180+0000] {processor.py:208} INFO - Processing /home/airflow/.local/lib/python3.12/site-packages/airflow/example_dags/tutorial_dag.py took 0.432 seconds
[2024-11-23T03:39:44.915+0000] {processor.py:186} INFO - Started process (PID=1639) to work on /home/airflow/.local/lib/python3.12/site-packages/airflow/example_dags/tutorial_dag.py
[2024-11-23T03:39:44.929+0000] {processor.py:914} INFO - Processing file /home/airflow/.local/lib/python3.12/site-packages/airflow/example_dags/tutorial_dag.py for tasks to queue
[2024-11-23T03:39:44.934+0000] {logging_mixin.py:190} INFO - [2024-11-23T03:39:44.933+0000] {dagbag.py:588} INFO - Filling up the DagBag from /home/airflow/.local/lib/python3.12/site-packages/airflow/example_dags/tutorial_dag.py
[2024-11-23T03:39:44.989+0000] {processor.py:925} INFO - DAG(s) 'tutorial_dag' retrieved from /home/airflow/.local/lib/python3.12/site-packages/airflow/example_dags/tutorial_dag.py
[2024-11-23T03:39:45.119+0000] {logging_mixin.py:190} INFO - [2024-11-23T03:39:45.107+0000] {dag.py:3239} INFO - Sync 1 DAGs
[2024-11-23T03:39:45.193+0000] {logging_mixin.py:190} INFO - [2024-11-23T03:39:45.192+0000] {dag.py:4180} INFO - Setting next_dagrun for tutorial_dag to None, run_after=None
[2024-11-23T03:39:45.255+0000] {processor.py:208} INFO - Processing /home/airflow/.local/lib/python3.12/site-packages/airflow/example_dags/tutorial_dag.py took 0.374 seconds
[2024-11-23T03:40:17.610+0000] {processor.py:186} INFO - Started process (PID=1702) to work on /home/airflow/.local/lib/python3.12/site-packages/airflow/example_dags/tutorial_dag.py
[2024-11-23T03:40:17.611+0000] {processor.py:914} INFO - Processing file /home/airflow/.local/lib/python3.12/site-packages/airflow/example_dags/tutorial_dag.py for tasks to queue
[2024-11-23T03:40:17.617+0000] {logging_mixin.py:190} INFO - [2024-11-23T03:40:17.616+0000] {dagbag.py:588} INFO - Filling up the DagBag from /home/airflow/.local/lib/python3.12/site-packages/airflow/example_dags/tutorial_dag.py
[2024-11-23T03:40:17.631+0000] {processor.py:925} INFO - DAG(s) 'tutorial_dag' retrieved from /home/airflow/.local/lib/python3.12/site-packages/airflow/example_dags/tutorial_dag.py
[2024-11-23T03:40:17.665+0000] {logging_mixin.py:190} INFO - [2024-11-23T03:40:17.665+0000] {dag.py:3239} INFO - Sync 1 DAGs
[2024-11-23T03:40:17.709+0000] {logging_mixin.py:190} INFO - [2024-11-23T03:40:17.708+0000] {dag.py:4180} INFO - Setting next_dagrun for tutorial_dag to None, run_after=None
[2024-11-23T03:40:17.750+0000] {processor.py:208} INFO - Processing /home/airflow/.local/lib/python3.12/site-packages/airflow/example_dags/tutorial_dag.py took 0.154 seconds
[2024-11-23T03:40:55.045+0000] {processor.py:186} INFO - Started process (PID=1767) to work on /home/airflow/.local/lib/python3.12/site-packages/airflow/example_dags/tutorial_dag.py
[2024-11-23T03:40:55.047+0000] {processor.py:914} INFO - Processing file /home/airflow/.local/lib/python3.12/site-packages/airflow/example_dags/tutorial_dag.py for tasks to queue
[2024-11-23T03:40:55.052+0000] {logging_mixin.py:190} INFO - [2024-11-23T03:40:55.051+0000] {dagbag.py:588} INFO - Filling up the DagBag from /home/airflow/.local/lib/python3.12/site-packages/airflow/example_dags/tutorial_dag.py
[2024-11-23T03:40:55.071+0000] {processor.py:925} INFO - DAG(s) 'tutorial_dag' retrieved from /home/airflow/.local/lib/python3.12/site-packages/airflow/example_dags/tutorial_dag.py
[2024-11-23T03:40:55.114+0000] {logging_mixin.py:190} INFO - [2024-11-23T03:40:55.114+0000] {dag.py:3239} INFO - Sync 1 DAGs
[2024-11-23T03:40:55.158+0000] {logging_mixin.py:190} INFO - [2024-11-23T03:40:55.158+0000] {dag.py:4180} INFO - Setting next_dagrun for tutorial_dag to None, run_after=None
[2024-11-23T03:40:55.199+0000] {processor.py:208} INFO - Processing /home/airflow/.local/lib/python3.12/site-packages/airflow/example_dags/tutorial_dag.py took 0.172 seconds
[2024-11-23T03:41:28.105+0000] {processor.py:186} INFO - Started process (PID=1831) to work on /home/airflow/.local/lib/python3.12/site-packages/airflow/example_dags/tutorial_dag.py
[2024-11-23T03:41:28.107+0000] {processor.py:914} INFO - Processing file /home/airflow/.local/lib/python3.12/site-packages/airflow/example_dags/tutorial_dag.py for tasks to queue
[2024-11-23T03:41:28.112+0000] {logging_mixin.py:190} INFO - [2024-11-23T03:41:28.111+0000] {dagbag.py:588} INFO - Filling up the DagBag from /home/airflow/.local/lib/python3.12/site-packages/airflow/example_dags/tutorial_dag.py
[2024-11-23T03:41:28.127+0000] {processor.py:925} INFO - DAG(s) 'tutorial_dag' retrieved from /home/airflow/.local/lib/python3.12/site-packages/airflow/example_dags/tutorial_dag.py
[2024-11-23T03:41:28.161+0000] {logging_mixin.py:190} INFO - [2024-11-23T03:41:28.161+0000] {dag.py:3239} INFO - Sync 1 DAGs
[2024-11-23T03:41:28.189+0000] {logging_mixin.py:190} INFO - [2024-11-23T03:41:28.189+0000] {dag.py:4180} INFO - Setting next_dagrun for tutorial_dag to None, run_after=None
[2024-11-23T03:41:28.229+0000] {processor.py:208} INFO - Processing /home/airflow/.local/lib/python3.12/site-packages/airflow/example_dags/tutorial_dag.py took 0.137 seconds
[2024-11-23T03:42:02.199+0000] {processor.py:186} INFO - Started process (PID=1895) to work on /home/airflow/.local/lib/python3.12/site-packages/airflow/example_dags/tutorial_dag.py
[2024-11-23T03:42:02.200+0000] {processor.py:914} INFO - Processing file /home/airflow/.local/lib/python3.12/site-packages/airflow/example_dags/tutorial_dag.py for tasks to queue
[2024-11-23T03:42:02.209+0000] {logging_mixin.py:190} INFO - [2024-11-23T03:42:02.208+0000] {dagbag.py:588} INFO - Filling up the DagBag from /home/airflow/.local/lib/python3.12/site-packages/airflow/example_dags/tutorial_dag.py
[2024-11-23T03:42:02.231+0000] {processor.py:925} INFO - DAG(s) 'tutorial_dag' retrieved from /home/airflow/.local/lib/python3.12/site-packages/airflow/example_dags/tutorial_dag.py
[2024-11-23T03:42:02.322+0000] {logging_mixin.py:190} INFO - [2024-11-23T03:42:02.321+0000] {dag.py:3239} INFO - Sync 1 DAGs
[2024-11-23T03:42:02.366+0000] {logging_mixin.py:190} INFO - [2024-11-23T03:42:02.366+0000] {dag.py:4180} INFO - Setting next_dagrun for tutorial_dag to None, run_after=None
[2024-11-23T03:42:02.451+0000] {processor.py:208} INFO - Processing /home/airflow/.local/lib/python3.12/site-packages/airflow/example_dags/tutorial_dag.py took 0.270 seconds
[2024-11-23T03:42:35.237+0000] {processor.py:186} INFO - Started process (PID=1959) to work on /home/airflow/.local/lib/python3.12/site-packages/airflow/example_dags/tutorial_dag.py
[2024-11-23T03:42:35.240+0000] {processor.py:914} INFO - Processing file /home/airflow/.local/lib/python3.12/site-packages/airflow/example_dags/tutorial_dag.py for tasks to queue
[2024-11-23T03:42:35.261+0000] {logging_mixin.py:190} INFO - [2024-11-23T03:42:35.261+0000] {dagbag.py:588} INFO - Filling up the DagBag from /home/airflow/.local/lib/python3.12/site-packages/airflow/example_dags/tutorial_dag.py
[2024-11-23T03:42:35.305+0000] {processor.py:925} INFO - DAG(s) 'tutorial_dag' retrieved from /home/airflow/.local/lib/python3.12/site-packages/airflow/example_dags/tutorial_dag.py
[2024-11-23T03:42:35.421+0000] {logging_mixin.py:190} INFO - [2024-11-23T03:42:35.421+0000] {dag.py:3239} INFO - Sync 1 DAGs
[2024-11-23T03:42:35.483+0000] {logging_mixin.py:190} INFO - [2024-11-23T03:42:35.480+0000] {dag.py:4180} INFO - Setting next_dagrun for tutorial_dag to None, run_after=None
[2024-11-23T03:42:35.563+0000] {processor.py:208} INFO - Processing /home/airflow/.local/lib/python3.12/site-packages/airflow/example_dags/tutorial_dag.py took 0.355 seconds
[2024-11-23T03:43:06.289+0000] {processor.py:186} INFO - Started process (PID=2023) to work on /home/airflow/.local/lib/python3.12/site-packages/airflow/example_dags/tutorial_dag.py
[2024-11-23T03:43:06.291+0000] {processor.py:914} INFO - Processing file /home/airflow/.local/lib/python3.12/site-packages/airflow/example_dags/tutorial_dag.py for tasks to queue
[2024-11-23T03:43:06.295+0000] {logging_mixin.py:190} INFO - [2024-11-23T03:43:06.295+0000] {dagbag.py:588} INFO - Filling up the DagBag from /home/airflow/.local/lib/python3.12/site-packages/airflow/example_dags/tutorial_dag.py
[2024-11-23T03:43:06.308+0000] {processor.py:925} INFO - DAG(s) 'tutorial_dag' retrieved from /home/airflow/.local/lib/python3.12/site-packages/airflow/example_dags/tutorial_dag.py
[2024-11-23T03:43:06.342+0000] {logging_mixin.py:190} INFO - [2024-11-23T03:43:06.342+0000] {dag.py:3239} INFO - Sync 1 DAGs
[2024-11-23T03:43:06.370+0000] {logging_mixin.py:190} INFO - [2024-11-23T03:43:06.369+0000] {dag.py:4180} INFO - Setting next_dagrun for tutorial_dag to None, run_after=None
[2024-11-23T03:43:06.413+0000] {processor.py:208} INFO - Processing /home/airflow/.local/lib/python3.12/site-packages/airflow/example_dags/tutorial_dag.py took 0.134 seconds
[2024-11-23T03:43:39.094+0000] {processor.py:186} INFO - Started process (PID=2087) to work on /home/airflow/.local/lib/python3.12/site-packages/airflow/example_dags/tutorial_dag.py
[2024-11-23T03:43:39.096+0000] {processor.py:914} INFO - Processing file /home/airflow/.local/lib/python3.12/site-packages/airflow/example_dags/tutorial_dag.py for tasks to queue
[2024-11-23T03:43:39.101+0000] {logging_mixin.py:190} INFO - [2024-11-23T03:43:39.100+0000] {dagbag.py:588} INFO - Filling up the DagBag from /home/airflow/.local/lib/python3.12/site-packages/airflow/example_dags/tutorial_dag.py
[2024-11-23T03:43:39.125+0000] {processor.py:925} INFO - DAG(s) 'tutorial_dag' retrieved from /home/airflow/.local/lib/python3.12/site-packages/airflow/example_dags/tutorial_dag.py
[2024-11-23T03:43:39.160+0000] {logging_mixin.py:190} INFO - [2024-11-23T03:43:39.160+0000] {dag.py:3239} INFO - Sync 1 DAGs
[2024-11-23T03:43:39.190+0000] {logging_mixin.py:190} INFO - [2024-11-23T03:43:39.189+0000] {dag.py:4180} INFO - Setting next_dagrun for tutorial_dag to None, run_after=None
[2024-11-23T03:43:39.256+0000] {processor.py:208} INFO - Processing /home/airflow/.local/lib/python3.12/site-packages/airflow/example_dags/tutorial_dag.py took 0.182 seconds
[2024-11-23T03:44:23.129+0000] {processor.py:186} INFO - Started process (PID=2160) to work on /home/airflow/.local/lib/python3.12/site-packages/airflow/example_dags/tutorial_dag.py
[2024-11-23T03:44:23.142+0000] {processor.py:914} INFO - Processing file /home/airflow/.local/lib/python3.12/site-packages/airflow/example_dags/tutorial_dag.py for tasks to queue
[2024-11-23T03:44:23.154+0000] {logging_mixin.py:190} INFO - [2024-11-23T03:44:23.153+0000] {dagbag.py:588} INFO - Filling up the DagBag from /home/airflow/.local/lib/python3.12/site-packages/airflow/example_dags/tutorial_dag.py
[2024-11-23T03:44:23.210+0000] {processor.py:925} INFO - DAG(s) 'tutorial_dag' retrieved from /home/airflow/.local/lib/python3.12/site-packages/airflow/example_dags/tutorial_dag.py
[2024-11-23T03:44:23.335+0000] {logging_mixin.py:190} INFO - [2024-11-23T03:44:23.331+0000] {dag.py:3239} INFO - Sync 1 DAGs
[2024-11-23T03:44:23.405+0000] {logging_mixin.py:190} INFO - [2024-11-23T03:44:23.404+0000] {dag.py:4180} INFO - Setting next_dagrun for tutorial_dag to None, run_after=None
[2024-11-23T03:44:23.526+0000] {processor.py:208} INFO - Processing /home/airflow/.local/lib/python3.12/site-packages/airflow/example_dags/tutorial_dag.py took 0.421 seconds
[2024-11-23T03:45:08.339+0000] {processor.py:186} INFO - Started process (PID=2230) to work on /home/airflow/.local/lib/python3.12/site-packages/airflow/example_dags/tutorial_dag.py
[2024-11-23T03:45:08.418+0000] {processor.py:914} INFO - Processing file /home/airflow/.local/lib/python3.12/site-packages/airflow/example_dags/tutorial_dag.py for tasks to queue
[2024-11-23T03:45:08.539+0000] {logging_mixin.py:190} INFO - [2024-11-23T03:45:08.538+0000] {dagbag.py:588} INFO - Filling up the DagBag from /home/airflow/.local/lib/python3.12/site-packages/airflow/example_dags/tutorial_dag.py
[2024-11-23T03:45:08.621+0000] {processor.py:925} INFO - DAG(s) 'tutorial_dag' retrieved from /home/airflow/.local/lib/python3.12/site-packages/airflow/example_dags/tutorial_dag.py
[2024-11-23T03:45:08.958+0000] {logging_mixin.py:190} INFO - [2024-11-23T03:45:08.957+0000] {dag.py:3239} INFO - Sync 1 DAGs
[2024-11-23T03:45:09.068+0000] {logging_mixin.py:190} INFO - [2024-11-23T03:45:09.067+0000] {dag.py:4180} INFO - Setting next_dagrun for tutorial_dag to None, run_after=None
[2024-11-23T03:45:09.187+0000] {processor.py:208} INFO - Processing /home/airflow/.local/lib/python3.12/site-packages/airflow/example_dags/tutorial_dag.py took 0.872 seconds
[2024-11-23T03:45:43.950+0000] {processor.py:186} INFO - Started process (PID=2294) to work on /home/airflow/.local/lib/python3.12/site-packages/airflow/example_dags/tutorial_dag.py
[2024-11-23T03:45:43.952+0000] {processor.py:914} INFO - Processing file /home/airflow/.local/lib/python3.12/site-packages/airflow/example_dags/tutorial_dag.py for tasks to queue
[2024-11-23T03:45:43.954+0000] {logging_mixin.py:190} INFO - [2024-11-23T03:45:43.954+0000] {dagbag.py:588} INFO - Filling up the DagBag from /home/airflow/.local/lib/python3.12/site-packages/airflow/example_dags/tutorial_dag.py
[2024-11-23T03:45:43.968+0000] {processor.py:925} INFO - DAG(s) 'tutorial_dag' retrieved from /home/airflow/.local/lib/python3.12/site-packages/airflow/example_dags/tutorial_dag.py
[2024-11-23T03:45:44.001+0000] {logging_mixin.py:190} INFO - [2024-11-23T03:45:44.001+0000] {dag.py:3239} INFO - Sync 1 DAGs
[2024-11-23T03:45:44.032+0000] {logging_mixin.py:190} INFO - [2024-11-23T03:45:44.031+0000] {dag.py:4180} INFO - Setting next_dagrun for tutorial_dag to None, run_after=None
[2024-11-23T03:45:44.071+0000] {processor.py:208} INFO - Processing /home/airflow/.local/lib/python3.12/site-packages/airflow/example_dags/tutorial_dag.py took 0.130 seconds
[2024-11-23T03:46:15.471+0000] {processor.py:186} INFO - Started process (PID=2360) to work on /home/airflow/.local/lib/python3.12/site-packages/airflow/example_dags/tutorial_dag.py
[2024-11-23T03:46:15.472+0000] {processor.py:914} INFO - Processing file /home/airflow/.local/lib/python3.12/site-packages/airflow/example_dags/tutorial_dag.py for tasks to queue
[2024-11-23T03:46:15.474+0000] {logging_mixin.py:190} INFO - [2024-11-23T03:46:15.474+0000] {dagbag.py:588} INFO - Filling up the DagBag from /home/airflow/.local/lib/python3.12/site-packages/airflow/example_dags/tutorial_dag.py
[2024-11-23T03:46:15.488+0000] {processor.py:925} INFO - DAG(s) 'tutorial_dag' retrieved from /home/airflow/.local/lib/python3.12/site-packages/airflow/example_dags/tutorial_dag.py
[2024-11-23T03:46:15.529+0000] {logging_mixin.py:190} INFO - [2024-11-23T03:46:15.528+0000] {dag.py:3239} INFO - Sync 1 DAGs
[2024-11-23T03:46:15.569+0000] {logging_mixin.py:190} INFO - [2024-11-23T03:46:15.568+0000] {dag.py:4180} INFO - Setting next_dagrun for tutorial_dag to None, run_after=None
[2024-11-23T03:46:15.600+0000] {processor.py:208} INFO - Processing /home/airflow/.local/lib/python3.12/site-packages/airflow/example_dags/tutorial_dag.py took 0.140 seconds
[2024-11-23T03:46:57.481+0000] {processor.py:186} INFO - Started process (PID=2432) to work on /home/airflow/.local/lib/python3.12/site-packages/airflow/example_dags/tutorial_dag.py
[2024-11-23T03:46:57.487+0000] {processor.py:914} INFO - Processing file /home/airflow/.local/lib/python3.12/site-packages/airflow/example_dags/tutorial_dag.py for tasks to queue
[2024-11-23T03:46:57.492+0000] {logging_mixin.py:190} INFO - [2024-11-23T03:46:57.491+0000] {dagbag.py:588} INFO - Filling up the DagBag from /home/airflow/.local/lib/python3.12/site-packages/airflow/example_dags/tutorial_dag.py
[2024-11-23T03:46:57.518+0000] {processor.py:925} INFO - DAG(s) 'tutorial_dag' retrieved from /home/airflow/.local/lib/python3.12/site-packages/airflow/example_dags/tutorial_dag.py
[2024-11-23T03:46:57.605+0000] {logging_mixin.py:190} INFO - [2024-11-23T03:46:57.605+0000] {dag.py:3239} INFO - Sync 1 DAGs
[2024-11-23T03:46:57.658+0000] {logging_mixin.py:190} INFO - [2024-11-23T03:46:57.658+0000] {dag.py:4180} INFO - Setting next_dagrun for tutorial_dag to None, run_after=None
[2024-11-23T03:46:57.743+0000] {processor.py:208} INFO - Processing /home/airflow/.local/lib/python3.12/site-packages/airflow/example_dags/tutorial_dag.py took 0.303 seconds
[2024-11-23T03:47:29.231+0000] {processor.py:186} INFO - Started process (PID=2495) to work on /home/airflow/.local/lib/python3.12/site-packages/airflow/example_dags/tutorial_dag.py
[2024-11-23T03:47:29.234+0000] {processor.py:914} INFO - Processing file /home/airflow/.local/lib/python3.12/site-packages/airflow/example_dags/tutorial_dag.py for tasks to queue
[2024-11-23T03:47:29.237+0000] {logging_mixin.py:190} INFO - [2024-11-23T03:47:29.236+0000] {dagbag.py:588} INFO - Filling up the DagBag from /home/airflow/.local/lib/python3.12/site-packages/airflow/example_dags/tutorial_dag.py
[2024-11-23T03:47:29.254+0000] {processor.py:925} INFO - DAG(s) 'tutorial_dag' retrieved from /home/airflow/.local/lib/python3.12/site-packages/airflow/example_dags/tutorial_dag.py
[2024-11-23T03:47:29.296+0000] {logging_mixin.py:190} INFO - [2024-11-23T03:47:29.295+0000] {dag.py:3239} INFO - Sync 1 DAGs
[2024-11-23T03:47:29.360+0000] {logging_mixin.py:190} INFO - [2024-11-23T03:47:29.359+0000] {dag.py:4180} INFO - Setting next_dagrun for tutorial_dag to None, run_after=None
[2024-11-23T03:47:29.419+0000] {processor.py:208} INFO - Processing /home/airflow/.local/lib/python3.12/site-packages/airflow/example_dags/tutorial_dag.py took 0.199 seconds
[2024-11-23T03:48:02.968+0000] {processor.py:186} INFO - Started process (PID=2562) to work on /home/airflow/.local/lib/python3.12/site-packages/airflow/example_dags/tutorial_dag.py
[2024-11-23T03:48:02.970+0000] {processor.py:914} INFO - Processing file /home/airflow/.local/lib/python3.12/site-packages/airflow/example_dags/tutorial_dag.py for tasks to queue
[2024-11-23T03:48:02.973+0000] {logging_mixin.py:190} INFO - [2024-11-23T03:48:02.973+0000] {dagbag.py:588} INFO - Filling up the DagBag from /home/airflow/.local/lib/python3.12/site-packages/airflow/example_dags/tutorial_dag.py
[2024-11-23T03:48:02.991+0000] {processor.py:925} INFO - DAG(s) 'tutorial_dag' retrieved from /home/airflow/.local/lib/python3.12/site-packages/airflow/example_dags/tutorial_dag.py
[2024-11-23T03:48:03.028+0000] {logging_mixin.py:190} INFO - [2024-11-23T03:48:03.028+0000] {dag.py:3239} INFO - Sync 1 DAGs
[2024-11-23T03:48:03.055+0000] {logging_mixin.py:190} INFO - [2024-11-23T03:48:03.055+0000] {dag.py:4180} INFO - Setting next_dagrun for tutorial_dag to None, run_after=None
[2024-11-23T03:48:03.093+0000] {processor.py:208} INFO - Processing /home/airflow/.local/lib/python3.12/site-packages/airflow/example_dags/tutorial_dag.py took 0.136 seconds
[2024-11-23T03:48:35.749+0000] {processor.py:186} INFO - Started process (PID=2625) to work on /home/airflow/.local/lib/python3.12/site-packages/airflow/example_dags/tutorial_dag.py
[2024-11-23T03:48:35.750+0000] {processor.py:914} INFO - Processing file /home/airflow/.local/lib/python3.12/site-packages/airflow/example_dags/tutorial_dag.py for tasks to queue
[2024-11-23T03:48:35.753+0000] {logging_mixin.py:190} INFO - [2024-11-23T03:48:35.753+0000] {dagbag.py:588} INFO - Filling up the DagBag from /home/airflow/.local/lib/python3.12/site-packages/airflow/example_dags/tutorial_dag.py
[2024-11-23T03:48:35.768+0000] {processor.py:925} INFO - DAG(s) 'tutorial_dag' retrieved from /home/airflow/.local/lib/python3.12/site-packages/airflow/example_dags/tutorial_dag.py
[2024-11-23T03:48:35.803+0000] {logging_mixin.py:190} INFO - [2024-11-23T03:48:35.803+0000] {dag.py:3239} INFO - Sync 1 DAGs
[2024-11-23T03:48:35.836+0000] {logging_mixin.py:190} INFO - [2024-11-23T03:48:35.836+0000] {dag.py:4180} INFO - Setting next_dagrun for tutorial_dag to None, run_after=None
[2024-11-23T03:48:35.882+0000] {processor.py:208} INFO - Processing /home/airflow/.local/lib/python3.12/site-packages/airflow/example_dags/tutorial_dag.py took 0.143 seconds
[2024-11-23T03:49:08.685+0000] {processor.py:186} INFO - Started process (PID=2689) to work on /home/airflow/.local/lib/python3.12/site-packages/airflow/example_dags/tutorial_dag.py
[2024-11-23T03:49:08.687+0000] {processor.py:914} INFO - Processing file /home/airflow/.local/lib/python3.12/site-packages/airflow/example_dags/tutorial_dag.py for tasks to queue
[2024-11-23T03:49:08.690+0000] {logging_mixin.py:190} INFO - [2024-11-23T03:49:08.689+0000] {dagbag.py:588} INFO - Filling up the DagBag from /home/airflow/.local/lib/python3.12/site-packages/airflow/example_dags/tutorial_dag.py
[2024-11-23T03:49:08.707+0000] {processor.py:925} INFO - DAG(s) 'tutorial_dag' retrieved from /home/airflow/.local/lib/python3.12/site-packages/airflow/example_dags/tutorial_dag.py
[2024-11-23T03:49:08.746+0000] {logging_mixin.py:190} INFO - [2024-11-23T03:49:08.746+0000] {dag.py:3239} INFO - Sync 1 DAGs
[2024-11-23T03:49:08.785+0000] {logging_mixin.py:190} INFO - [2024-11-23T03:49:08.785+0000] {dag.py:4180} INFO - Setting next_dagrun for tutorial_dag to None, run_after=None
[2024-11-23T03:49:08.840+0000] {processor.py:208} INFO - Processing /home/airflow/.local/lib/python3.12/site-packages/airflow/example_dags/tutorial_dag.py took 0.168 seconds
[2024-11-23T03:49:41.097+0000] {processor.py:186} INFO - Started process (PID=2753) to work on /home/airflow/.local/lib/python3.12/site-packages/airflow/example_dags/tutorial_dag.py
[2024-11-23T03:49:41.100+0000] {processor.py:914} INFO - Processing file /home/airflow/.local/lib/python3.12/site-packages/airflow/example_dags/tutorial_dag.py for tasks to queue
[2024-11-23T03:49:41.103+0000] {logging_mixin.py:190} INFO - [2024-11-23T03:49:41.102+0000] {dagbag.py:588} INFO - Filling up the DagBag from /home/airflow/.local/lib/python3.12/site-packages/airflow/example_dags/tutorial_dag.py
[2024-11-23T03:49:41.118+0000] {processor.py:925} INFO - DAG(s) 'tutorial_dag' retrieved from /home/airflow/.local/lib/python3.12/site-packages/airflow/example_dags/tutorial_dag.py
[2024-11-23T03:49:41.158+0000] {logging_mixin.py:190} INFO - [2024-11-23T03:49:41.158+0000] {dag.py:3239} INFO - Sync 1 DAGs
[2024-11-23T03:49:41.198+0000] {logging_mixin.py:190} INFO - [2024-11-23T03:49:41.197+0000] {dag.py:4180} INFO - Setting next_dagrun for tutorial_dag to None, run_after=None
[2024-11-23T03:49:41.242+0000] {processor.py:208} INFO - Processing /home/airflow/.local/lib/python3.12/site-packages/airflow/example_dags/tutorial_dag.py took 0.158 seconds
[2024-11-23T03:50:13.089+0000] {processor.py:186} INFO - Started process (PID=2817) to work on /home/airflow/.local/lib/python3.12/site-packages/airflow/example_dags/tutorial_dag.py
[2024-11-23T03:50:13.091+0000] {processor.py:914} INFO - Processing file /home/airflow/.local/lib/python3.12/site-packages/airflow/example_dags/tutorial_dag.py for tasks to queue
[2024-11-23T03:50:13.095+0000] {logging_mixin.py:190} INFO - [2024-11-23T03:50:13.094+0000] {dagbag.py:588} INFO - Filling up the DagBag from /home/airflow/.local/lib/python3.12/site-packages/airflow/example_dags/tutorial_dag.py
[2024-11-23T03:50:13.115+0000] {processor.py:925} INFO - DAG(s) 'tutorial_dag' retrieved from /home/airflow/.local/lib/python3.12/site-packages/airflow/example_dags/tutorial_dag.py
[2024-11-23T03:50:13.166+0000] {logging_mixin.py:190} INFO - [2024-11-23T03:50:13.165+0000] {dag.py:3239} INFO - Sync 1 DAGs
[2024-11-23T03:50:13.216+0000] {logging_mixin.py:190} INFO - [2024-11-23T03:50:13.215+0000] {dag.py:4180} INFO - Setting next_dagrun for tutorial_dag to None, run_after=None
[2024-11-23T03:50:13.271+0000] {processor.py:208} INFO - Processing /home/airflow/.local/lib/python3.12/site-packages/airflow/example_dags/tutorial_dag.py took 0.197 seconds
[2024-11-23T03:50:46.373+0000] {processor.py:186} INFO - Started process (PID=2883) to work on /home/airflow/.local/lib/python3.12/site-packages/airflow/example_dags/tutorial_dag.py
[2024-11-23T03:50:46.376+0000] {processor.py:914} INFO - Processing file /home/airflow/.local/lib/python3.12/site-packages/airflow/example_dags/tutorial_dag.py for tasks to queue
[2024-11-23T03:50:46.379+0000] {logging_mixin.py:190} INFO - [2024-11-23T03:50:46.378+0000] {dagbag.py:588} INFO - Filling up the DagBag from /home/airflow/.local/lib/python3.12/site-packages/airflow/example_dags/tutorial_dag.py
[2024-11-23T03:50:46.396+0000] {processor.py:925} INFO - DAG(s) 'tutorial_dag' retrieved from /home/airflow/.local/lib/python3.12/site-packages/airflow/example_dags/tutorial_dag.py
[2024-11-23T03:50:46.437+0000] {logging_mixin.py:190} INFO - [2024-11-23T03:50:46.436+0000] {dag.py:3239} INFO - Sync 1 DAGs
[2024-11-23T03:50:46.485+0000] {logging_mixin.py:190} INFO - [2024-11-23T03:50:46.484+0000] {dag.py:4180} INFO - Setting next_dagrun for tutorial_dag to None, run_after=None
[2024-11-23T03:50:46.532+0000] {processor.py:208} INFO - Processing /home/airflow/.local/lib/python3.12/site-packages/airflow/example_dags/tutorial_dag.py took 0.177 seconds
[2024-11-23T03:51:20.092+0000] {processor.py:186} INFO - Started process (PID=2947) to work on /home/airflow/.local/lib/python3.12/site-packages/airflow/example_dags/tutorial_dag.py
[2024-11-23T03:51:20.096+0000] {processor.py:914} INFO - Processing file /home/airflow/.local/lib/python3.12/site-packages/airflow/example_dags/tutorial_dag.py for tasks to queue
[2024-11-23T03:51:20.099+0000] {logging_mixin.py:190} INFO - [2024-11-23T03:51:20.099+0000] {dagbag.py:588} INFO - Filling up the DagBag from /home/airflow/.local/lib/python3.12/site-packages/airflow/example_dags/tutorial_dag.py
[2024-11-23T03:51:20.132+0000] {processor.py:925} INFO - DAG(s) 'tutorial_dag' retrieved from /home/airflow/.local/lib/python3.12/site-packages/airflow/example_dags/tutorial_dag.py
[2024-11-23T03:51:20.229+0000] {logging_mixin.py:190} INFO - [2024-11-23T03:51:20.229+0000] {dag.py:3239} INFO - Sync 1 DAGs
[2024-11-23T03:51:20.289+0000] {logging_mixin.py:190} INFO - [2024-11-23T03:51:20.288+0000] {dag.py:4180} INFO - Setting next_dagrun for tutorial_dag to None, run_after=None
[2024-11-23T03:51:20.387+0000] {processor.py:208} INFO - Processing /home/airflow/.local/lib/python3.12/site-packages/airflow/example_dags/tutorial_dag.py took 0.315 seconds
[2024-11-23T03:51:50.807+0000] {processor.py:186} INFO - Started process (PID=3011) to work on /home/airflow/.local/lib/python3.12/site-packages/airflow/example_dags/tutorial_dag.py
[2024-11-23T03:51:50.808+0000] {processor.py:914} INFO - Processing file /home/airflow/.local/lib/python3.12/site-packages/airflow/example_dags/tutorial_dag.py for tasks to queue
[2024-11-23T03:51:50.812+0000] {logging_mixin.py:190} INFO - [2024-11-23T03:51:50.811+0000] {dagbag.py:588} INFO - Filling up the DagBag from /home/airflow/.local/lib/python3.12/site-packages/airflow/example_dags/tutorial_dag.py
[2024-11-23T03:51:50.828+0000] {processor.py:925} INFO - DAG(s) 'tutorial_dag' retrieved from /home/airflow/.local/lib/python3.12/site-packages/airflow/example_dags/tutorial_dag.py
[2024-11-23T03:51:50.882+0000] {logging_mixin.py:190} INFO - [2024-11-23T03:51:50.881+0000] {dag.py:3239} INFO - Sync 1 DAGs
[2024-11-23T03:51:50.920+0000] {logging_mixin.py:190} INFO - [2024-11-23T03:51:50.920+0000] {dag.py:4180} INFO - Setting next_dagrun for tutorial_dag to None, run_after=None
[2024-11-23T03:51:50.978+0000] {processor.py:208} INFO - Processing /home/airflow/.local/lib/python3.12/site-packages/airflow/example_dags/tutorial_dag.py took 0.182 seconds
[2024-11-23T03:52:22.376+0000] {processor.py:186} INFO - Started process (PID=3076) to work on /home/airflow/.local/lib/python3.12/site-packages/airflow/example_dags/tutorial_dag.py
[2024-11-23T03:52:22.378+0000] {processor.py:914} INFO - Processing file /home/airflow/.local/lib/python3.12/site-packages/airflow/example_dags/tutorial_dag.py for tasks to queue
[2024-11-23T03:52:22.382+0000] {logging_mixin.py:190} INFO - [2024-11-23T03:52:22.381+0000] {dagbag.py:588} INFO - Filling up the DagBag from /home/airflow/.local/lib/python3.12/site-packages/airflow/example_dags/tutorial_dag.py
[2024-11-23T03:52:22.410+0000] {processor.py:925} INFO - DAG(s) 'tutorial_dag' retrieved from /home/airflow/.local/lib/python3.12/site-packages/airflow/example_dags/tutorial_dag.py
[2024-11-23T03:52:22.446+0000] {logging_mixin.py:190} INFO - [2024-11-23T03:52:22.446+0000] {dag.py:3239} INFO - Sync 1 DAGs
[2024-11-23T03:52:22.473+0000] {logging_mixin.py:190} INFO - [2024-11-23T03:52:22.473+0000] {dag.py:4180} INFO - Setting next_dagrun for tutorial_dag to None, run_after=None
[2024-11-23T03:52:22.516+0000] {processor.py:208} INFO - Processing /home/airflow/.local/lib/python3.12/site-packages/airflow/example_dags/tutorial_dag.py took 0.157 seconds
[2024-11-23T03:52:55.824+0000] {processor.py:186} INFO - Started process (PID=3147) to work on /home/airflow/.local/lib/python3.12/site-packages/airflow/example_dags/tutorial_dag.py
[2024-11-23T03:52:55.825+0000] {processor.py:914} INFO - Processing file /home/airflow/.local/lib/python3.12/site-packages/airflow/example_dags/tutorial_dag.py for tasks to queue
[2024-11-23T03:52:55.828+0000] {logging_mixin.py:190} INFO - [2024-11-23T03:52:55.827+0000] {dagbag.py:588} INFO - Filling up the DagBag from /home/airflow/.local/lib/python3.12/site-packages/airflow/example_dags/tutorial_dag.py
[2024-11-23T03:52:55.856+0000] {processor.py:925} INFO - DAG(s) 'tutorial_dag' retrieved from /home/airflow/.local/lib/python3.12/site-packages/airflow/example_dags/tutorial_dag.py
[2024-11-23T03:52:55.904+0000] {logging_mixin.py:190} INFO - [2024-11-23T03:52:55.904+0000] {dag.py:3239} INFO - Sync 1 DAGs
[2024-11-23T03:52:55.937+0000] {logging_mixin.py:190} INFO - [2024-11-23T03:52:55.936+0000] {dag.py:4180} INFO - Setting next_dagrun for tutorial_dag to None, run_after=None
[2024-11-23T03:52:55.981+0000] {processor.py:208} INFO - Processing /home/airflow/.local/lib/python3.12/site-packages/airflow/example_dags/tutorial_dag.py took 0.174 seconds
[2024-11-23T03:53:31.712+0000] {processor.py:186} INFO - Started process (PID=3210) to work on /home/airflow/.local/lib/python3.12/site-packages/airflow/example_dags/tutorial_dag.py
[2024-11-23T03:53:31.717+0000] {processor.py:914} INFO - Processing file /home/airflow/.local/lib/python3.12/site-packages/airflow/example_dags/tutorial_dag.py for tasks to queue
[2024-11-23T03:53:31.721+0000] {logging_mixin.py:190} INFO - [2024-11-23T03:53:31.720+0000] {dagbag.py:588} INFO - Filling up the DagBag from /home/airflow/.local/lib/python3.12/site-packages/airflow/example_dags/tutorial_dag.py
[2024-11-23T03:53:31.771+0000] {processor.py:925} INFO - DAG(s) 'tutorial_dag' retrieved from /home/airflow/.local/lib/python3.12/site-packages/airflow/example_dags/tutorial_dag.py
[2024-11-23T03:53:31.848+0000] {logging_mixin.py:190} INFO - [2024-11-23T03:53:31.847+0000] {dag.py:3239} INFO - Sync 1 DAGs
[2024-11-23T03:53:31.902+0000] {logging_mixin.py:190} INFO - [2024-11-23T03:53:31.902+0000] {dag.py:4180} INFO - Setting next_dagrun for tutorial_dag to None, run_after=None
[2024-11-23T03:53:32.016+0000] {processor.py:208} INFO - Processing /home/airflow/.local/lib/python3.12/site-packages/airflow/example_dags/tutorial_dag.py took 0.335 seconds
[2024-11-23T03:54:04.149+0000] {processor.py:186} INFO - Started process (PID=3274) to work on /home/airflow/.local/lib/python3.12/site-packages/airflow/example_dags/tutorial_dag.py
[2024-11-23T03:54:04.151+0000] {processor.py:914} INFO - Processing file /home/airflow/.local/lib/python3.12/site-packages/airflow/example_dags/tutorial_dag.py for tasks to queue
[2024-11-23T03:54:04.155+0000] {logging_mixin.py:190} INFO - [2024-11-23T03:54:04.154+0000] {dagbag.py:588} INFO - Filling up the DagBag from /home/airflow/.local/lib/python3.12/site-packages/airflow/example_dags/tutorial_dag.py
[2024-11-23T03:54:04.196+0000] {processor.py:925} INFO - DAG(s) 'tutorial_dag' retrieved from /home/airflow/.local/lib/python3.12/site-packages/airflow/example_dags/tutorial_dag.py
[2024-11-23T03:54:04.292+0000] {logging_mixin.py:190} INFO - [2024-11-23T03:54:04.291+0000] {dag.py:3239} INFO - Sync 1 DAGs
[2024-11-23T03:54:04.359+0000] {logging_mixin.py:190} INFO - [2024-11-23T03:54:04.358+0000] {dag.py:4180} INFO - Setting next_dagrun for tutorial_dag to None, run_after=None
[2024-11-23T03:54:04.480+0000] {processor.py:208} INFO - Processing /home/airflow/.local/lib/python3.12/site-packages/airflow/example_dags/tutorial_dag.py took 0.357 seconds
[2024-11-23T03:54:36.538+0000] {processor.py:186} INFO - Started process (PID=3339) to work on /home/airflow/.local/lib/python3.12/site-packages/airflow/example_dags/tutorial_dag.py
[2024-11-23T03:54:36.541+0000] {processor.py:914} INFO - Processing file /home/airflow/.local/lib/python3.12/site-packages/airflow/example_dags/tutorial_dag.py for tasks to queue
[2024-11-23T03:54:36.546+0000] {logging_mixin.py:190} INFO - [2024-11-23T03:54:36.545+0000] {dagbag.py:588} INFO - Filling up the DagBag from /home/airflow/.local/lib/python3.12/site-packages/airflow/example_dags/tutorial_dag.py
[2024-11-23T03:54:36.565+0000] {processor.py:925} INFO - DAG(s) 'tutorial_dag' retrieved from /home/airflow/.local/lib/python3.12/site-packages/airflow/example_dags/tutorial_dag.py
[2024-11-23T03:54:36.617+0000] {logging_mixin.py:190} INFO - [2024-11-23T03:54:36.617+0000] {dag.py:3239} INFO - Sync 1 DAGs
[2024-11-23T03:54:36.651+0000] {logging_mixin.py:190} INFO - [2024-11-23T03:54:36.651+0000] {dag.py:4180} INFO - Setting next_dagrun for tutorial_dag to None, run_after=None
[2024-11-23T03:54:36.695+0000] {processor.py:208} INFO - Processing /home/airflow/.local/lib/python3.12/site-packages/airflow/example_dags/tutorial_dag.py took 0.187 seconds
[2024-11-23T03:55:08.774+0000] {processor.py:186} INFO - Started process (PID=3403) to work on /home/airflow/.local/lib/python3.12/site-packages/airflow/example_dags/tutorial_dag.py
[2024-11-23T03:55:08.777+0000] {processor.py:914} INFO - Processing file /home/airflow/.local/lib/python3.12/site-packages/airflow/example_dags/tutorial_dag.py for tasks to queue
[2024-11-23T03:55:08.780+0000] {logging_mixin.py:190} INFO - [2024-11-23T03:55:08.779+0000] {dagbag.py:588} INFO - Filling up the DagBag from /home/airflow/.local/lib/python3.12/site-packages/airflow/example_dags/tutorial_dag.py
[2024-11-23T03:55:08.803+0000] {processor.py:925} INFO - DAG(s) 'tutorial_dag' retrieved from /home/airflow/.local/lib/python3.12/site-packages/airflow/example_dags/tutorial_dag.py
[2024-11-23T03:55:08.874+0000] {logging_mixin.py:190} INFO - [2024-11-23T03:55:08.873+0000] {dag.py:3239} INFO - Sync 1 DAGs
[2024-11-23T03:55:08.929+0000] {logging_mixin.py:190} INFO - [2024-11-23T03:55:08.928+0000] {dag.py:4180} INFO - Setting next_dagrun for tutorial_dag to None, run_after=None
[2024-11-23T03:55:08.965+0000] {processor.py:208} INFO - Processing /home/airflow/.local/lib/python3.12/site-packages/airflow/example_dags/tutorial_dag.py took 0.205 seconds
[2024-11-23T03:55:41.244+0000] {processor.py:186} INFO - Started process (PID=3467) to work on /home/airflow/.local/lib/python3.12/site-packages/airflow/example_dags/tutorial_dag.py
[2024-11-23T03:55:41.246+0000] {processor.py:914} INFO - Processing file /home/airflow/.local/lib/python3.12/site-packages/airflow/example_dags/tutorial_dag.py for tasks to queue
[2024-11-23T03:55:41.249+0000] {logging_mixin.py:190} INFO - [2024-11-23T03:55:41.248+0000] {dagbag.py:588} INFO - Filling up the DagBag from /home/airflow/.local/lib/python3.12/site-packages/airflow/example_dags/tutorial_dag.py
[2024-11-23T03:55:41.267+0000] {processor.py:925} INFO - DAG(s) 'tutorial_dag' retrieved from /home/airflow/.local/lib/python3.12/site-packages/airflow/example_dags/tutorial_dag.py
[2024-11-23T03:55:41.315+0000] {logging_mixin.py:190} INFO - [2024-11-23T03:55:41.314+0000] {dag.py:3239} INFO - Sync 1 DAGs
[2024-11-23T03:55:41.355+0000] {logging_mixin.py:190} INFO - [2024-11-23T03:55:41.353+0000] {dag.py:4180} INFO - Setting next_dagrun for tutorial_dag to None, run_after=None
[2024-11-23T03:55:41.417+0000] {processor.py:208} INFO - Processing /home/airflow/.local/lib/python3.12/site-packages/airflow/example_dags/tutorial_dag.py took 0.192 seconds
[2024-11-23T03:56:12.802+0000] {processor.py:186} INFO - Started process (PID=3531) to work on /home/airflow/.local/lib/python3.12/site-packages/airflow/example_dags/tutorial_dag.py
[2024-11-23T03:56:12.804+0000] {processor.py:914} INFO - Processing file /home/airflow/.local/lib/python3.12/site-packages/airflow/example_dags/tutorial_dag.py for tasks to queue
[2024-11-23T03:56:12.807+0000] {logging_mixin.py:190} INFO - [2024-11-23T03:56:12.806+0000] {dagbag.py:588} INFO - Filling up the DagBag from /home/airflow/.local/lib/python3.12/site-packages/airflow/example_dags/tutorial_dag.py
[2024-11-23T03:56:12.823+0000] {processor.py:925} INFO - DAG(s) 'tutorial_dag' retrieved from /home/airflow/.local/lib/python3.12/site-packages/airflow/example_dags/tutorial_dag.py
[2024-11-23T03:56:12.871+0000] {logging_mixin.py:190} INFO - [2024-11-23T03:56:12.870+0000] {dag.py:3239} INFO - Sync 1 DAGs
[2024-11-23T03:56:12.902+0000] {logging_mixin.py:190} INFO - [2024-11-23T03:56:12.902+0000] {dag.py:4180} INFO - Setting next_dagrun for tutorial_dag to None, run_after=None
[2024-11-23T03:56:12.942+0000] {processor.py:208} INFO - Processing /home/airflow/.local/lib/python3.12/site-packages/airflow/example_dags/tutorial_dag.py took 0.153 seconds
[2024-11-23T03:56:46.001+0000] {processor.py:186} INFO - Started process (PID=3595) to work on /home/airflow/.local/lib/python3.12/site-packages/airflow/example_dags/tutorial_dag.py
[2024-11-23T03:56:46.004+0000] {processor.py:914} INFO - Processing file /home/airflow/.local/lib/python3.12/site-packages/airflow/example_dags/tutorial_dag.py for tasks to queue
[2024-11-23T03:56:46.008+0000] {logging_mixin.py:190} INFO - [2024-11-23T03:56:46.007+0000] {dagbag.py:588} INFO - Filling up the DagBag from /home/airflow/.local/lib/python3.12/site-packages/airflow/example_dags/tutorial_dag.py
[2024-11-23T03:56:46.036+0000] {processor.py:925} INFO - DAG(s) 'tutorial_dag' retrieved from /home/airflow/.local/lib/python3.12/site-packages/airflow/example_dags/tutorial_dag.py
[2024-11-23T03:56:46.108+0000] {logging_mixin.py:190} INFO - [2024-11-23T03:56:46.107+0000] {dag.py:3239} INFO - Sync 1 DAGs
[2024-11-23T03:56:46.134+0000] {logging_mixin.py:190} INFO - [2024-11-23T03:56:46.134+0000] {dag.py:4180} INFO - Setting next_dagrun for tutorial_dag to None, run_after=None
[2024-11-23T03:56:46.167+0000] {processor.py:208} INFO - Processing /home/airflow/.local/lib/python3.12/site-packages/airflow/example_dags/tutorial_dag.py took 0.181 seconds
[2024-11-23T03:57:18.122+0000] {processor.py:186} INFO - Started process (PID=3659) to work on /home/airflow/.local/lib/python3.12/site-packages/airflow/example_dags/tutorial_dag.py
[2024-11-23T03:57:18.153+0000] {processor.py:914} INFO - Processing file /home/airflow/.local/lib/python3.12/site-packages/airflow/example_dags/tutorial_dag.py for tasks to queue
[2024-11-23T03:57:18.156+0000] {logging_mixin.py:190} INFO - [2024-11-23T03:57:18.155+0000] {dagbag.py:588} INFO - Filling up the DagBag from /home/airflow/.local/lib/python3.12/site-packages/airflow/example_dags/tutorial_dag.py
[2024-11-23T03:57:18.242+0000] {processor.py:925} INFO - DAG(s) 'tutorial_dag' retrieved from /home/airflow/.local/lib/python3.12/site-packages/airflow/example_dags/tutorial_dag.py
[2024-11-23T03:57:18.524+0000] {logging_mixin.py:190} INFO - [2024-11-23T03:57:18.523+0000] {dag.py:3239} INFO - Sync 1 DAGs
[2024-11-23T03:57:18.658+0000] {logging_mixin.py:190} INFO - [2024-11-23T03:57:18.654+0000] {dag.py:4180} INFO - Setting next_dagrun for tutorial_dag to None, run_after=None
[2024-11-23T03:57:18.852+0000] {processor.py:208} INFO - Processing /home/airflow/.local/lib/python3.12/site-packages/airflow/example_dags/tutorial_dag.py took 0.804 seconds
[2024-11-23T03:57:56.391+0000] {processor.py:186} INFO - Started process (PID=3729) to work on /home/airflow/.local/lib/python3.12/site-packages/airflow/example_dags/tutorial_dag.py
[2024-11-23T03:57:56.397+0000] {processor.py:914} INFO - Processing file /home/airflow/.local/lib/python3.12/site-packages/airflow/example_dags/tutorial_dag.py for tasks to queue
[2024-11-23T03:57:56.405+0000] {logging_mixin.py:190} INFO - [2024-11-23T03:57:56.402+0000] {dagbag.py:588} INFO - Filling up the DagBag from /home/airflow/.local/lib/python3.12/site-packages/airflow/example_dags/tutorial_dag.py
[2024-11-23T03:57:56.438+0000] {processor.py:925} INFO - DAG(s) 'tutorial_dag' retrieved from /home/airflow/.local/lib/python3.12/site-packages/airflow/example_dags/tutorial_dag.py
[2024-11-23T03:57:56.535+0000] {logging_mixin.py:190} INFO - [2024-11-23T03:57:56.535+0000] {dag.py:3239} INFO - Sync 1 DAGs
[2024-11-23T03:57:56.595+0000] {logging_mixin.py:190} INFO - [2024-11-23T03:57:56.591+0000] {dag.py:4180} INFO - Setting next_dagrun for tutorial_dag to None, run_after=None
[2024-11-23T03:57:57.853+0000] {processor.py:208} INFO - Processing /home/airflow/.local/lib/python3.12/site-packages/airflow/example_dags/tutorial_dag.py took 1.516 seconds
[2024-11-23T03:58:30.675+0000] {processor.py:186} INFO - Started process (PID=3793) to work on /home/airflow/.local/lib/python3.12/site-packages/airflow/example_dags/tutorial_dag.py
[2024-11-23T03:58:30.679+0000] {processor.py:914} INFO - Processing file /home/airflow/.local/lib/python3.12/site-packages/airflow/example_dags/tutorial_dag.py for tasks to queue
[2024-11-23T03:58:30.683+0000] {logging_mixin.py:190} INFO - [2024-11-23T03:58:30.682+0000] {dagbag.py:588} INFO - Filling up the DagBag from /home/airflow/.local/lib/python3.12/site-packages/airflow/example_dags/tutorial_dag.py
[2024-11-23T03:58:30.719+0000] {processor.py:925} INFO - DAG(s) 'tutorial_dag' retrieved from /home/airflow/.local/lib/python3.12/site-packages/airflow/example_dags/tutorial_dag.py
[2024-11-23T03:58:30.815+0000] {logging_mixin.py:190} INFO - [2024-11-23T03:58:30.814+0000] {dag.py:3239} INFO - Sync 1 DAGs
[2024-11-23T03:58:30.913+0000] {logging_mixin.py:190} INFO - [2024-11-23T03:58:30.912+0000] {dag.py:4180} INFO - Setting next_dagrun for tutorial_dag to None, run_after=None
[2024-11-23T03:58:30.992+0000] {processor.py:208} INFO - Processing /home/airflow/.local/lib/python3.12/site-packages/airflow/example_dags/tutorial_dag.py took 0.339 seconds
[2024-11-23T03:59:34.582+0000] {processor.py:186} INFO - Started process (PID=3865) to work on /home/airflow/.local/lib/python3.12/site-packages/airflow/example_dags/tutorial_dag.py
[2024-11-23T03:59:34.593+0000] {processor.py:914} INFO - Processing file /home/airflow/.local/lib/python3.12/site-packages/airflow/example_dags/tutorial_dag.py for tasks to queue
[2024-11-23T03:59:34.597+0000] {logging_mixin.py:190} INFO - [2024-11-23T03:59:34.596+0000] {dagbag.py:588} INFO - Filling up the DagBag from /home/airflow/.local/lib/python3.12/site-packages/airflow/example_dags/tutorial_dag.py
[2024-11-23T03:59:34.623+0000] {processor.py:925} INFO - DAG(s) 'tutorial_dag' retrieved from /home/airflow/.local/lib/python3.12/site-packages/airflow/example_dags/tutorial_dag.py
[2024-11-23T03:59:34.670+0000] {logging_mixin.py:190} INFO - [2024-11-23T03:59:34.668+0000] {dag.py:3239} INFO - Sync 1 DAGs
[2024-11-23T03:59:34.713+0000] {logging_mixin.py:190} INFO - [2024-11-23T03:59:34.712+0000] {dag.py:4180} INFO - Setting next_dagrun for tutorial_dag to None, run_after=None
[2024-11-23T03:59:34.772+0000] {processor.py:208} INFO - Processing /home/airflow/.local/lib/python3.12/site-packages/airflow/example_dags/tutorial_dag.py took 0.209 seconds
[2024-11-23T04:00:12.594+0000] {processor.py:186} INFO - Started process (PID=3929) to work on /home/airflow/.local/lib/python3.12/site-packages/airflow/example_dags/tutorial_dag.py
[2024-11-23T04:00:12.607+0000] {processor.py:914} INFO - Processing file /home/airflow/.local/lib/python3.12/site-packages/airflow/example_dags/tutorial_dag.py for tasks to queue
[2024-11-23T04:00:12.612+0000] {logging_mixin.py:190} INFO - [2024-11-23T04:00:12.611+0000] {dagbag.py:588} INFO - Filling up the DagBag from /home/airflow/.local/lib/python3.12/site-packages/airflow/example_dags/tutorial_dag.py
[2024-11-23T04:00:12.680+0000] {processor.py:925} INFO - DAG(s) 'tutorial_dag' retrieved from /home/airflow/.local/lib/python3.12/site-packages/airflow/example_dags/tutorial_dag.py
[2024-11-23T04:00:12.867+0000] {logging_mixin.py:190} INFO - [2024-11-23T04:00:12.866+0000] {dag.py:3239} INFO - Sync 1 DAGs
[2024-11-23T04:00:13.002+0000] {logging_mixin.py:190} INFO - [2024-11-23T04:00:13.002+0000] {dag.py:4180} INFO - Setting next_dagrun for tutorial_dag to None, run_after=None
[2024-11-23T04:00:13.185+0000] {processor.py:208} INFO - Processing /home/airflow/.local/lib/python3.12/site-packages/airflow/example_dags/tutorial_dag.py took 0.663 seconds
[2024-11-23T04:00:44.131+0000] {processor.py:186} INFO - Started process (PID=3992) to work on /home/airflow/.local/lib/python3.12/site-packages/airflow/example_dags/tutorial_dag.py
[2024-11-23T04:00:44.139+0000] {processor.py:914} INFO - Processing file /home/airflow/.local/lib/python3.12/site-packages/airflow/example_dags/tutorial_dag.py for tasks to queue
[2024-11-23T04:00:44.143+0000] {logging_mixin.py:190} INFO - [2024-11-23T04:00:44.141+0000] {dagbag.py:588} INFO - Filling up the DagBag from /home/airflow/.local/lib/python3.12/site-packages/airflow/example_dags/tutorial_dag.py
[2024-11-23T04:00:44.157+0000] {processor.py:925} INFO - DAG(s) 'tutorial_dag' retrieved from /home/airflow/.local/lib/python3.12/site-packages/airflow/example_dags/tutorial_dag.py
[2024-11-23T04:00:44.192+0000] {logging_mixin.py:190} INFO - [2024-11-23T04:00:44.192+0000] {dag.py:3239} INFO - Sync 1 DAGs
[2024-11-23T04:00:44.224+0000] {logging_mixin.py:190} INFO - [2024-11-23T04:00:44.224+0000] {dag.py:4180} INFO - Setting next_dagrun for tutorial_dag to None, run_after=None
[2024-11-23T04:00:44.261+0000] {processor.py:208} INFO - Processing /home/airflow/.local/lib/python3.12/site-packages/airflow/example_dags/tutorial_dag.py took 0.145 seconds
[2024-11-23T04:01:18.133+0000] {processor.py:186} INFO - Started process (PID=4056) to work on /home/airflow/.local/lib/python3.12/site-packages/airflow/example_dags/tutorial_dag.py
[2024-11-23T04:01:18.134+0000] {processor.py:914} INFO - Processing file /home/airflow/.local/lib/python3.12/site-packages/airflow/example_dags/tutorial_dag.py for tasks to queue
[2024-11-23T04:01:18.137+0000] {logging_mixin.py:190} INFO - [2024-11-23T04:01:18.136+0000] {dagbag.py:588} INFO - Filling up the DagBag from /home/airflow/.local/lib/python3.12/site-packages/airflow/example_dags/tutorial_dag.py
[2024-11-23T04:01:18.149+0000] {processor.py:925} INFO - DAG(s) 'tutorial_dag' retrieved from /home/airflow/.local/lib/python3.12/site-packages/airflow/example_dags/tutorial_dag.py
[2024-11-23T04:01:18.177+0000] {logging_mixin.py:190} INFO - [2024-11-23T04:01:18.177+0000] {dag.py:3239} INFO - Sync 1 DAGs
[2024-11-23T04:01:18.208+0000] {logging_mixin.py:190} INFO - [2024-11-23T04:01:18.207+0000] {dag.py:4180} INFO - Setting next_dagrun for tutorial_dag to None, run_after=None
[2024-11-23T04:01:18.264+0000] {processor.py:208} INFO - Processing /home/airflow/.local/lib/python3.12/site-packages/airflow/example_dags/tutorial_dag.py took 0.140 seconds
[2024-11-23T04:02:44.879+0000] {processor.py:186} INFO - Started process (PID=4156) to work on /home/airflow/.local/lib/python3.12/site-packages/airflow/example_dags/tutorial_dag.py
[2024-11-23T04:02:44.888+0000] {processor.py:914} INFO - Processing file /home/airflow/.local/lib/python3.12/site-packages/airflow/example_dags/tutorial_dag.py for tasks to queue
[2024-11-23T04:02:44.894+0000] {logging_mixin.py:190} INFO - [2024-11-23T04:02:44.893+0000] {dagbag.py:588} INFO - Filling up the DagBag from /home/airflow/.local/lib/python3.12/site-packages/airflow/example_dags/tutorial_dag.py
[2024-11-23T04:02:44.923+0000] {processor.py:925} INFO - DAG(s) 'tutorial_dag' retrieved from /home/airflow/.local/lib/python3.12/site-packages/airflow/example_dags/tutorial_dag.py
[2024-11-23T04:02:45.019+0000] {logging_mixin.py:190} INFO - [2024-11-23T04:02:45.019+0000] {dag.py:3239} INFO - Sync 1 DAGs
[2024-11-23T04:02:45.070+0000] {logging_mixin.py:190} INFO - [2024-11-23T04:02:45.069+0000] {dag.py:4180} INFO - Setting next_dagrun for tutorial_dag to None, run_after=None
[2024-11-23T04:02:45.185+0000] {processor.py:208} INFO - Processing /home/airflow/.local/lib/python3.12/site-packages/airflow/example_dags/tutorial_dag.py took 0.327 seconds
[2024-11-23T04:03:22.830+0000] {processor.py:186} INFO - Started process (PID=4220) to work on /home/airflow/.local/lib/python3.12/site-packages/airflow/example_dags/tutorial_dag.py
[2024-11-23T04:03:22.844+0000] {processor.py:914} INFO - Processing file /home/airflow/.local/lib/python3.12/site-packages/airflow/example_dags/tutorial_dag.py for tasks to queue
[2024-11-23T04:03:22.863+0000] {logging_mixin.py:190} INFO - [2024-11-23T04:03:22.862+0000] {dagbag.py:588} INFO - Filling up the DagBag from /home/airflow/.local/lib/python3.12/site-packages/airflow/example_dags/tutorial_dag.py
[2024-11-23T04:03:22.940+0000] {processor.py:925} INFO - DAG(s) 'tutorial_dag' retrieved from /home/airflow/.local/lib/python3.12/site-packages/airflow/example_dags/tutorial_dag.py
[2024-11-23T04:03:23.062+0000] {logging_mixin.py:190} INFO - [2024-11-23T04:03:23.061+0000] {dag.py:3239} INFO - Sync 1 DAGs
[2024-11-23T04:03:23.141+0000] {logging_mixin.py:190} INFO - [2024-11-23T04:03:23.140+0000] {dag.py:4180} INFO - Setting next_dagrun for tutorial_dag to None, run_after=None
[2024-11-23T04:03:23.280+0000] {processor.py:208} INFO - Processing /home/airflow/.local/lib/python3.12/site-packages/airflow/example_dags/tutorial_dag.py took 0.521 seconds
[2024-11-23T04:04:25.622+0000] {processor.py:186} INFO - Started process (PID=4298) to work on /home/airflow/.local/lib/python3.12/site-packages/airflow/example_dags/tutorial_dag.py
[2024-11-23T04:04:25.624+0000] {processor.py:914} INFO - Processing file /home/airflow/.local/lib/python3.12/site-packages/airflow/example_dags/tutorial_dag.py for tasks to queue
[2024-11-23T04:04:25.628+0000] {logging_mixin.py:190} INFO - [2024-11-23T04:04:25.628+0000] {dagbag.py:588} INFO - Filling up the DagBag from /home/airflow/.local/lib/python3.12/site-packages/airflow/example_dags/tutorial_dag.py
[2024-11-23T04:04:25.662+0000] {processor.py:925} INFO - DAG(s) 'tutorial_dag' retrieved from /home/airflow/.local/lib/python3.12/site-packages/airflow/example_dags/tutorial_dag.py
[2024-11-23T04:04:25.743+0000] {logging_mixin.py:190} INFO - [2024-11-23T04:04:25.742+0000] {dag.py:3239} INFO - Sync 1 DAGs
[2024-11-23T04:04:25.817+0000] {logging_mixin.py:190} INFO - [2024-11-23T04:04:25.812+0000] {dag.py:4180} INFO - Setting next_dagrun for tutorial_dag to None, run_after=None
[2024-11-23T04:04:25.918+0000] {processor.py:208} INFO - Processing /home/airflow/.local/lib/python3.12/site-packages/airflow/example_dags/tutorial_dag.py took 0.319 seconds
[2024-11-23T04:04:58.453+0000] {processor.py:186} INFO - Started process (PID=4362) to work on /home/airflow/.local/lib/python3.12/site-packages/airflow/example_dags/tutorial_dag.py
[2024-11-23T04:04:58.461+0000] {processor.py:914} INFO - Processing file /home/airflow/.local/lib/python3.12/site-packages/airflow/example_dags/tutorial_dag.py for tasks to queue
[2024-11-23T04:04:58.465+0000] {logging_mixin.py:190} INFO - [2024-11-23T04:04:58.464+0000] {dagbag.py:588} INFO - Filling up the DagBag from /home/airflow/.local/lib/python3.12/site-packages/airflow/example_dags/tutorial_dag.py
[2024-11-23T04:04:58.517+0000] {processor.py:925} INFO - DAG(s) 'tutorial_dag' retrieved from /home/airflow/.local/lib/python3.12/site-packages/airflow/example_dags/tutorial_dag.py
[2024-11-23T04:04:58.686+0000] {logging_mixin.py:190} INFO - [2024-11-23T04:04:58.675+0000] {dag.py:3239} INFO - Sync 1 DAGs
[2024-11-23T04:04:58.798+0000] {logging_mixin.py:190} INFO - [2024-11-23T04:04:58.798+0000] {dag.py:4180} INFO - Setting next_dagrun for tutorial_dag to None, run_after=None
[2024-11-23T04:04:58.934+0000] {processor.py:208} INFO - Processing /home/airflow/.local/lib/python3.12/site-packages/airflow/example_dags/tutorial_dag.py took 0.505 seconds
[2024-11-23T04:05:29.699+0000] {processor.py:186} INFO - Started process (PID=4426) to work on /home/airflow/.local/lib/python3.12/site-packages/airflow/example_dags/tutorial_dag.py
[2024-11-23T04:05:29.701+0000] {processor.py:914} INFO - Processing file /home/airflow/.local/lib/python3.12/site-packages/airflow/example_dags/tutorial_dag.py for tasks to queue
[2024-11-23T04:05:29.704+0000] {logging_mixin.py:190} INFO - [2024-11-23T04:05:29.703+0000] {dagbag.py:588} INFO - Filling up the DagBag from /home/airflow/.local/lib/python3.12/site-packages/airflow/example_dags/tutorial_dag.py
[2024-11-23T04:05:29.717+0000] {processor.py:925} INFO - DAG(s) 'tutorial_dag' retrieved from /home/airflow/.local/lib/python3.12/site-packages/airflow/example_dags/tutorial_dag.py
[2024-11-23T04:05:29.749+0000] {logging_mixin.py:190} INFO - [2024-11-23T04:05:29.748+0000] {dag.py:3239} INFO - Sync 1 DAGs
[2024-11-23T04:05:29.780+0000] {logging_mixin.py:190} INFO - [2024-11-23T04:05:29.780+0000] {dag.py:4180} INFO - Setting next_dagrun for tutorial_dag to None, run_after=None
[2024-11-23T04:05:29.818+0000] {processor.py:208} INFO - Processing /home/airflow/.local/lib/python3.12/site-packages/airflow/example_dags/tutorial_dag.py took 0.128 seconds
[2024-11-23T04:06:03.876+0000] {processor.py:186} INFO - Started process (PID=4491) to work on /home/airflow/.local/lib/python3.12/site-packages/airflow/example_dags/tutorial_dag.py
[2024-11-23T04:06:03.882+0000] {processor.py:914} INFO - Processing file /home/airflow/.local/lib/python3.12/site-packages/airflow/example_dags/tutorial_dag.py for tasks to queue
[2024-11-23T04:06:03.888+0000] {logging_mixin.py:190} INFO - [2024-11-23T04:06:03.887+0000] {dagbag.py:588} INFO - Filling up the DagBag from /home/airflow/.local/lib/python3.12/site-packages/airflow/example_dags/tutorial_dag.py
[2024-11-23T04:06:03.927+0000] {processor.py:925} INFO - DAG(s) 'tutorial_dag' retrieved from /home/airflow/.local/lib/python3.12/site-packages/airflow/example_dags/tutorial_dag.py
[2024-11-23T04:06:03.980+0000] {logging_mixin.py:190} INFO - [2024-11-23T04:06:03.980+0000] {dag.py:3239} INFO - Sync 1 DAGs
[2024-11-23T04:06:04.040+0000] {logging_mixin.py:190} INFO - [2024-11-23T04:06:04.039+0000] {dag.py:4180} INFO - Setting next_dagrun for tutorial_dag to None, run_after=None
[2024-11-23T04:06:04.102+0000] {processor.py:208} INFO - Processing /home/airflow/.local/lib/python3.12/site-packages/airflow/example_dags/tutorial_dag.py took 0.247 seconds
[2024-11-23T04:06:43.192+0000] {processor.py:186} INFO - Started process (PID=4557) to work on /home/airflow/.local/lib/python3.12/site-packages/airflow/example_dags/tutorial_dag.py
[2024-11-23T04:06:43.194+0000] {processor.py:914} INFO - Processing file /home/airflow/.local/lib/python3.12/site-packages/airflow/example_dags/tutorial_dag.py for tasks to queue
[2024-11-23T04:06:43.198+0000] {logging_mixin.py:190} INFO - [2024-11-23T04:06:43.197+0000] {dagbag.py:588} INFO - Filling up the DagBag from /home/airflow/.local/lib/python3.12/site-packages/airflow/example_dags/tutorial_dag.py
[2024-11-23T04:06:43.224+0000] {processor.py:925} INFO - DAG(s) 'tutorial_dag' retrieved from /home/airflow/.local/lib/python3.12/site-packages/airflow/example_dags/tutorial_dag.py
[2024-11-23T04:06:43.287+0000] {logging_mixin.py:190} INFO - [2024-11-23T04:06:43.286+0000] {dag.py:3239} INFO - Sync 1 DAGs
[2024-11-23T04:06:43.325+0000] {logging_mixin.py:190} INFO - [2024-11-23T04:06:43.325+0000] {dag.py:4180} INFO - Setting next_dagrun for tutorial_dag to None, run_after=None
[2024-11-23T04:06:43.373+0000] {processor.py:208} INFO - Processing /home/airflow/.local/lib/python3.12/site-packages/airflow/example_dags/tutorial_dag.py took 0.200 seconds
[2024-11-23T04:07:19.039+0000] {processor.py:186} INFO - Started process (PID=4628) to work on /home/airflow/.local/lib/python3.12/site-packages/airflow/example_dags/tutorial_dag.py
[2024-11-23T04:07:19.041+0000] {processor.py:914} INFO - Processing file /home/airflow/.local/lib/python3.12/site-packages/airflow/example_dags/tutorial_dag.py for tasks to queue
[2024-11-23T04:07:19.043+0000] {logging_mixin.py:190} INFO - [2024-11-23T04:07:19.042+0000] {dagbag.py:588} INFO - Filling up the DagBag from /home/airflow/.local/lib/python3.12/site-packages/airflow/example_dags/tutorial_dag.py
[2024-11-23T04:07:19.059+0000] {processor.py:925} INFO - DAG(s) 'tutorial_dag' retrieved from /home/airflow/.local/lib/python3.12/site-packages/airflow/example_dags/tutorial_dag.py
[2024-11-23T04:07:19.094+0000] {logging_mixin.py:190} INFO - [2024-11-23T04:07:19.093+0000] {dag.py:3239} INFO - Sync 1 DAGs
[2024-11-23T04:07:19.123+0000] {logging_mixin.py:190} INFO - [2024-11-23T04:07:19.123+0000] {dag.py:4180} INFO - Setting next_dagrun for tutorial_dag to None, run_after=None
[2024-11-23T04:07:19.160+0000] {processor.py:208} INFO - Processing /home/airflow/.local/lib/python3.12/site-packages/airflow/example_dags/tutorial_dag.py took 0.133 seconds
[2024-11-23T04:08:04.665+0000] {processor.py:186} INFO - Started process (PID=4692) to work on /home/airflow/.local/lib/python3.12/site-packages/airflow/example_dags/tutorial_dag.py
[2024-11-23T04:08:04.667+0000] {processor.py:914} INFO - Processing file /home/airflow/.local/lib/python3.12/site-packages/airflow/example_dags/tutorial_dag.py for tasks to queue
[2024-11-23T04:08:04.670+0000] {logging_mixin.py:190} INFO - [2024-11-23T04:08:04.670+0000] {dagbag.py:588} INFO - Filling up the DagBag from /home/airflow/.local/lib/python3.12/site-packages/airflow/example_dags/tutorial_dag.py
[2024-11-23T04:08:04.688+0000] {processor.py:925} INFO - DAG(s) 'tutorial_dag' retrieved from /home/airflow/.local/lib/python3.12/site-packages/airflow/example_dags/tutorial_dag.py
[2024-11-23T04:08:04.734+0000] {logging_mixin.py:190} INFO - [2024-11-23T04:08:04.733+0000] {dag.py:3239} INFO - Sync 1 DAGs
[2024-11-23T04:08:04.770+0000] {logging_mixin.py:190} INFO - [2024-11-23T04:08:04.770+0000] {dag.py:4180} INFO - Setting next_dagrun for tutorial_dag to None, run_after=None
[2024-11-23T04:08:04.814+0000] {processor.py:208} INFO - Processing /home/airflow/.local/lib/python3.12/site-packages/airflow/example_dags/tutorial_dag.py took 0.167 seconds
[2024-11-23T04:08:38.642+0000] {processor.py:186} INFO - Started process (PID=4757) to work on /home/airflow/.local/lib/python3.12/site-packages/airflow/example_dags/tutorial_dag.py
[2024-11-23T04:08:38.644+0000] {processor.py:914} INFO - Processing file /home/airflow/.local/lib/python3.12/site-packages/airflow/example_dags/tutorial_dag.py for tasks to queue
[2024-11-23T04:08:38.646+0000] {logging_mixin.py:190} INFO - [2024-11-23T04:08:38.646+0000] {dagbag.py:588} INFO - Filling up the DagBag from /home/airflow/.local/lib/python3.12/site-packages/airflow/example_dags/tutorial_dag.py
[2024-11-23T04:08:38.662+0000] {processor.py:925} INFO - DAG(s) 'tutorial_dag' retrieved from /home/airflow/.local/lib/python3.12/site-packages/airflow/example_dags/tutorial_dag.py
[2024-11-23T04:08:38.719+0000] {logging_mixin.py:190} INFO - [2024-11-23T04:08:38.718+0000] {dag.py:3239} INFO - Sync 1 DAGs
[2024-11-23T04:08:38.784+0000] {logging_mixin.py:190} INFO - [2024-11-23T04:08:38.783+0000] {dag.py:4180} INFO - Setting next_dagrun for tutorial_dag to None, run_after=None
[2024-11-23T04:08:38.914+0000] {processor.py:208} INFO - Processing /home/airflow/.local/lib/python3.12/site-packages/airflow/example_dags/tutorial_dag.py took 0.280 seconds
[2024-11-23T04:09:12.332+0000] {processor.py:186} INFO - Started process (PID=4819) to work on /home/airflow/.local/lib/python3.12/site-packages/airflow/example_dags/tutorial_dag.py
[2024-11-23T04:09:12.334+0000] {processor.py:914} INFO - Processing file /home/airflow/.local/lib/python3.12/site-packages/airflow/example_dags/tutorial_dag.py for tasks to queue
[2024-11-23T04:09:12.344+0000] {logging_mixin.py:190} INFO - [2024-11-23T04:09:12.343+0000] {dagbag.py:588} INFO - Filling up the DagBag from /home/airflow/.local/lib/python3.12/site-packages/airflow/example_dags/tutorial_dag.py
[2024-11-23T04:09:12.375+0000] {processor.py:925} INFO - DAG(s) 'tutorial_dag' retrieved from /home/airflow/.local/lib/python3.12/site-packages/airflow/example_dags/tutorial_dag.py
[2024-11-23T04:09:12.453+0000] {logging_mixin.py:190} INFO - [2024-11-23T04:09:12.452+0000] {dag.py:3239} INFO - Sync 1 DAGs
[2024-11-23T04:09:12.541+0000] {logging_mixin.py:190} INFO - [2024-11-23T04:09:12.541+0000] {dag.py:4180} INFO - Setting next_dagrun for tutorial_dag to None, run_after=None
[2024-11-23T04:09:12.622+0000] {processor.py:208} INFO - Processing /home/airflow/.local/lib/python3.12/site-packages/airflow/example_dags/tutorial_dag.py took 0.308 seconds
[2024-11-23T04:10:10.234+0000] {processor.py:186} INFO - Started process (PID=4882) to work on /home/airflow/.local/lib/python3.12/site-packages/airflow/example_dags/tutorial_dag.py
[2024-11-23T04:10:10.237+0000] {processor.py:914} INFO - Processing file /home/airflow/.local/lib/python3.12/site-packages/airflow/example_dags/tutorial_dag.py for tasks to queue
[2024-11-23T04:10:10.246+0000] {logging_mixin.py:190} INFO - [2024-11-23T04:10:10.242+0000] {dagbag.py:588} INFO - Filling up the DagBag from /home/airflow/.local/lib/python3.12/site-packages/airflow/example_dags/tutorial_dag.py
[2024-11-23T04:10:10.272+0000] {processor.py:925} INFO - DAG(s) 'tutorial_dag' retrieved from /home/airflow/.local/lib/python3.12/site-packages/airflow/example_dags/tutorial_dag.py
[2024-11-23T04:10:10.354+0000] {logging_mixin.py:190} INFO - [2024-11-23T04:10:10.354+0000] {dag.py:3239} INFO - Sync 1 DAGs
[2024-11-23T04:10:10.402+0000] {logging_mixin.py:190} INFO - [2024-11-23T04:10:10.402+0000] {dag.py:4180} INFO - Setting next_dagrun for tutorial_dag to None, run_after=None
[2024-11-23T04:10:10.467+0000] {processor.py:208} INFO - Processing /home/airflow/.local/lib/python3.12/site-packages/airflow/example_dags/tutorial_dag.py took 0.262 seconds
[2024-11-23T04:10:42.096+0000] {processor.py:186} INFO - Started process (PID=4946) to work on /home/airflow/.local/lib/python3.12/site-packages/airflow/example_dags/tutorial_dag.py
[2024-11-23T04:10:42.098+0000] {processor.py:914} INFO - Processing file /home/airflow/.local/lib/python3.12/site-packages/airflow/example_dags/tutorial_dag.py for tasks to queue
[2024-11-23T04:10:42.103+0000] {logging_mixin.py:190} INFO - [2024-11-23T04:10:42.102+0000] {dagbag.py:588} INFO - Filling up the DagBag from /home/airflow/.local/lib/python3.12/site-packages/airflow/example_dags/tutorial_dag.py
[2024-11-23T04:10:42.123+0000] {processor.py:925} INFO - DAG(s) 'tutorial_dag' retrieved from /home/airflow/.local/lib/python3.12/site-packages/airflow/example_dags/tutorial_dag.py
[2024-11-23T04:10:42.177+0000] {logging_mixin.py:190} INFO - [2024-11-23T04:10:42.177+0000] {dag.py:3239} INFO - Sync 1 DAGs
[2024-11-23T04:10:42.215+0000] {logging_mixin.py:190} INFO - [2024-11-23T04:10:42.215+0000] {dag.py:4180} INFO - Setting next_dagrun for tutorial_dag to None, run_after=None
[2024-11-23T04:10:42.286+0000] {processor.py:208} INFO - Processing /home/airflow/.local/lib/python3.12/site-packages/airflow/example_dags/tutorial_dag.py took 0.205 seconds
[2024-11-23T04:11:12.801+0000] {processor.py:186} INFO - Started process (PID=5009) to work on /home/airflow/.local/lib/python3.12/site-packages/airflow/example_dags/tutorial_dag.py
[2024-11-23T04:11:12.803+0000] {processor.py:914} INFO - Processing file /home/airflow/.local/lib/python3.12/site-packages/airflow/example_dags/tutorial_dag.py for tasks to queue
[2024-11-23T04:11:12.805+0000] {logging_mixin.py:190} INFO - [2024-11-23T04:11:12.805+0000] {dagbag.py:588} INFO - Filling up the DagBag from /home/airflow/.local/lib/python3.12/site-packages/airflow/example_dags/tutorial_dag.py
[2024-11-23T04:11:12.826+0000] {processor.py:925} INFO - DAG(s) 'tutorial_dag' retrieved from /home/airflow/.local/lib/python3.12/site-packages/airflow/example_dags/tutorial_dag.py
[2024-11-23T04:11:12.891+0000] {logging_mixin.py:190} INFO - [2024-11-23T04:11:12.891+0000] {dag.py:3239} INFO - Sync 1 DAGs
[2024-11-23T04:11:12.954+0000] {logging_mixin.py:190} INFO - [2024-11-23T04:11:12.953+0000] {dag.py:4180} INFO - Setting next_dagrun for tutorial_dag to None, run_after=None
[2024-11-23T04:11:13.018+0000] {processor.py:208} INFO - Processing /home/airflow/.local/lib/python3.12/site-packages/airflow/example_dags/tutorial_dag.py took 0.228 seconds
