[2024-11-23T22:27:44.423+0000] {local_task_job_runner.py:123} INFO - ::group::Pre task execution logs
[2024-11-23T22:27:44.785+0000] {taskinstance.py:2613} INFO - Dependencies all met for dep_context=non-requeueable deps ti=<TaskInstance: greenhouse_gas_behaviour.clean_energy_mix manual__2024-11-23T22:23:21.410680+00:00 [queued]>
[2024-11-23T22:27:44.887+0000] {taskinstance.py:2613} INFO - Dependencies all met for dep_context=requeueable deps ti=<TaskInstance: greenhouse_gas_behaviour.clean_energy_mix manual__2024-11-23T22:23:21.410680+00:00 [queued]>
[2024-11-23T22:27:44.906+0000] {taskinstance.py:2866} INFO - Starting attempt 1 of 1
[2024-11-23T22:27:45.062+0000] {taskinstance.py:2889} INFO - Executing <Task(PythonOperator): clean_energy_mix> on 2024-11-23 22:23:21.410680+00:00
[2024-11-23T22:27:45.182+0000] {standard_task_runner.py:104} INFO - Running: ['***', 'tasks', 'run', 'greenhouse_gas_behaviour', 'clean_energy_mix', 'manual__2024-11-23T22:23:21.410680+00:00', '--job-id', '14', '--raw', '--subdir', 'DAGS_FOLDER/greenhouse_gas_behaviour.py', '--cfg-path', '/tmp/tmpd90zzbj7']
[2024-11-23T22:27:45.206+0000] {standard_task_runner.py:105} INFO - Job 14: Subtask clean_energy_mix
[2024-11-23T22:27:45.180+0000] {warnings.py:112} WARNING - /home/***/.local/lib/python3.12/site-packages/***/task/task_runner/standard_task_runner.py:70: DeprecationWarning: This process (pid=144) is multi-threaded, use of fork() may lead to deadlocks in the child.
  pid = os.fork()

[2024-11-23T22:27:45.233+0000] {standard_task_runner.py:72} INFO - Started process 166 to run task
[2024-11-23T22:27:45.978+0000] {task_command.py:467} INFO - Running <TaskInstance: greenhouse_gas_behaviour.clean_energy_mix manual__2024-11-23T22:23:21.410680+00:00 [running]> on host be931ffa18fb
[2024-11-23T22:27:46.535+0000] {taskinstance.py:3132} INFO - Exporting env vars: AIRFLOW_CTX_DAG_OWNER='***' AIRFLOW_CTX_DAG_ID='greenhouse_gas_behaviour' AIRFLOW_CTX_TASK_ID='clean_energy_mix' AIRFLOW_CTX_EXECUTION_DATE='2024-11-23T22:23:21.410680+00:00' AIRFLOW_CTX_TRY_NUMBER='1' AIRFLOW_CTX_DAG_RUN_ID='manual__2024-11-23T22:23:21.410680+00:00'
[2024-11-23T22:27:46.538+0000] {logging_mixin.py:190} INFO - Task instance is in running state
[2024-11-23T22:27:46.547+0000] {logging_mixin.py:190} INFO -  Previous state of the Task instance: queued
[2024-11-23T22:27:46.551+0000] {logging_mixin.py:190} INFO - Current task name:clean_energy_mix state:running start_date:2024-11-23 22:27:44.816014+00:00
[2024-11-23T22:27:46.551+0000] {logging_mixin.py:190} INFO - Dag name:greenhouse_gas_behaviour and current dag run status:running
[2024-11-23T22:27:46.553+0000] {taskinstance.py:731} INFO - ::endgroup::
[2024-11-23T22:27:46.554+0000] {python.py:240} INFO - Done. Returned value was: None
[2024-11-23T22:27:46.588+0000] {taskinstance.py:340} INFO - ::group::Post task execution logs
[2024-11-23T22:27:46.595+0000] {taskinstance.py:352} INFO - Marking task as SUCCESS. dag_id=greenhouse_gas_behaviour, task_id=clean_energy_mix, run_id=manual__2024-11-23T22:23:21.410680+00:00, execution_date=20241123T222321, start_date=20241123T222744, end_date=20241123T222746
[2024-11-23T22:27:46.689+0000] {logging_mixin.py:190} INFO - Task instance in success state
[2024-11-23T22:27:46.691+0000] {logging_mixin.py:190} INFO -  Previous state of the Task instance: running
[2024-11-23T22:27:46.696+0000] {logging_mixin.py:190} INFO - Dag name:greenhouse_gas_behaviour queued_at:2024-11-23 22:23:21.533089+00:00
[2024-11-23T22:27:46.700+0000] {logging_mixin.py:190} INFO - Task hostname:be931ffa18fb operator:PythonOperator
[2024-11-23T22:27:46.768+0000] {local_task_job_runner.py:266} INFO - Task exited with return code 0
[2024-11-23T22:27:46.797+0000] {local_task_job_runner.py:245} INFO - ::endgroup::
