[2024-11-23T22:45:47.976+0000] {local_task_job_runner.py:123} INFO - ::group::Pre task execution logs
[2024-11-23T22:45:48.007+0000] {taskinstance.py:2613} INFO - Dependencies all met for dep_context=non-requeueable deps ti=<TaskInstance: greenhouse_gas_behaviour.extract_co2_land_use manual__2024-11-23T22:45:14.196679+00:00 [queued]>
[2024-11-23T22:45:48.020+0000] {taskinstance.py:2613} INFO - Dependencies all met for dep_context=requeueable deps ti=<TaskInstance: greenhouse_gas_behaviour.extract_co2_land_use manual__2024-11-23T22:45:14.196679+00:00 [queued]>
[2024-11-23T22:45:48.021+0000] {taskinstance.py:2866} INFO - Starting attempt 1 of 1
[2024-11-23T22:45:48.042+0000] {taskinstance.py:2889} INFO - Executing <Task(PythonOperator): extract_co2_land_use> on 2024-11-23 22:45:14.196679+00:00
[2024-11-23T22:45:48.055+0000] {warnings.py:112} WARNING - /home/***/.local/lib/python3.12/site-packages/***/task/task_runner/standard_task_runner.py:70: DeprecationWarning: This process (pid=162) is multi-threaded, use of fork() may lead to deadlocks in the child.
  pid = os.fork()

[2024-11-23T22:45:48.058+0000] {standard_task_runner.py:72} INFO - Started process 164 to run task
[2024-11-23T22:45:48.059+0000] {standard_task_runner.py:104} INFO - Running: ['***', 'tasks', 'run', 'greenhouse_gas_behaviour', 'extract_co2_land_use', 'manual__2024-11-23T22:45:14.196679+00:00', '--job-id', '22', '--raw', '--subdir', 'DAGS_FOLDER/greenhouse_gas_behaviour.py', '--cfg-path', '/tmp/tmpmrqv5s3y']
[2024-11-23T22:45:48.061+0000] {standard_task_runner.py:105} INFO - Job 22: Subtask extract_co2_land_use
[2024-11-23T22:45:48.138+0000] {task_command.py:467} INFO - Running <TaskInstance: greenhouse_gas_behaviour.extract_co2_land_use manual__2024-11-23T22:45:14.196679+00:00 [running]> on host 25d920d1683b
[2024-11-23T22:45:48.269+0000] {taskinstance.py:3132} INFO - Exporting env vars: AIRFLOW_CTX_DAG_OWNER='***' AIRFLOW_CTX_DAG_ID='greenhouse_gas_behaviour' AIRFLOW_CTX_TASK_ID='extract_co2_land_use' AIRFLOW_CTX_EXECUTION_DATE='2024-11-23T22:45:14.196679+00:00' AIRFLOW_CTX_TRY_NUMBER='1' AIRFLOW_CTX_DAG_RUN_ID='manual__2024-11-23T22:45:14.196679+00:00'
[2024-11-23T22:45:48.272+0000] {logging_mixin.py:190} INFO - Task instance is in running state
[2024-11-23T22:45:48.273+0000] {logging_mixin.py:190} INFO -  Previous state of the Task instance: queued
[2024-11-23T22:45:48.274+0000] {logging_mixin.py:190} INFO - Current task name:extract_co2_land_use state:running start_date:2024-11-23 22:45:48.007877+00:00
[2024-11-23T22:45:48.275+0000] {logging_mixin.py:190} INFO - Dag name:greenhouse_gas_behaviour and current dag run status:running
[2024-11-23T22:45:48.276+0000] {taskinstance.py:731} INFO - ::endgroup::
[2024-11-23T22:45:48.277+0000] {python.py:240} INFO - Done. Returned value was: None
[2024-11-23T22:45:48.295+0000] {taskinstance.py:340} INFO - ::group::Post task execution logs
[2024-11-23T22:45:48.296+0000] {taskinstance.py:352} INFO - Marking task as SUCCESS. dag_id=greenhouse_gas_behaviour, task_id=extract_co2_land_use, run_id=manual__2024-11-23T22:45:14.196679+00:00, execution_date=20241123T224514, start_date=20241123T224548, end_date=20241123T224548
[2024-11-23T22:45:48.314+0000] {logging_mixin.py:190} INFO - Task instance in success state
[2024-11-23T22:45:48.315+0000] {logging_mixin.py:190} INFO -  Previous state of the Task instance: running
[2024-11-23T22:45:48.316+0000] {logging_mixin.py:190} INFO - Dag name:greenhouse_gas_behaviour queued_at:2024-11-23 22:45:14.239455+00:00
[2024-11-23T22:45:48.317+0000] {logging_mixin.py:190} INFO - Task hostname:25d920d1683b operator:PythonOperator
[2024-11-23T22:45:48.359+0000] {local_task_job_runner.py:266} INFO - Task exited with return code 0
[2024-11-23T22:45:48.457+0000] {taskinstance.py:3895} INFO - 1 downstream tasks scheduled from follow-on schedule check
[2024-11-23T22:45:48.468+0000] {local_task_job_runner.py:245} INFO - ::endgroup::
