[2024-11-24T19:27:00.429+0000] {local_task_job_runner.py:123} INFO - ::group::Pre task execution logs
[2024-11-24T19:27:00.466+0000] {taskinstance.py:2613} INFO - Dependencies all met for dep_context=non-requeueable deps ti=<TaskInstance: greenhouse_gas_behaviour.clean_energy_mix manual__2024-11-24T19:25:43.823590+00:00 [queued]>
[2024-11-24T19:27:00.491+0000] {taskinstance.py:2613} INFO - Dependencies all met for dep_context=requeueable deps ti=<TaskInstance: greenhouse_gas_behaviour.clean_energy_mix manual__2024-11-24T19:25:43.823590+00:00 [queued]>
[2024-11-24T19:27:00.493+0000] {taskinstance.py:2866} INFO - Starting attempt 1 of 1
[2024-11-24T19:27:00.537+0000] {taskinstance.py:2889} INFO - Executing <Task(PythonOperator): clean_energy_mix> on 2024-11-24 19:25:43.823590+00:00
[2024-11-24T19:27:00.556+0000] {warnings.py:112} WARNING - /home/***/.local/lib/python3.12/site-packages/***/task/task_runner/standard_task_runner.py:70: DeprecationWarning: This process (pid=205) is multi-threaded, use of fork() may lead to deadlocks in the child.
  pid = os.fork()

[2024-11-24T19:27:00.561+0000] {standard_task_runner.py:72} INFO - Started process 207 to run task
[2024-11-24T19:27:00.571+0000] {standard_task_runner.py:104} INFO - Running: ['***', 'tasks', 'run', 'greenhouse_gas_behaviour', 'clean_energy_mix', 'manual__2024-11-24T19:25:43.823590+00:00', '--job-id', '95', '--raw', '--subdir', 'DAGS_FOLDER/greenhouse_gas_behaviour.py', '--cfg-path', '/tmp/tmp4onp_dxy']
[2024-11-24T19:27:00.575+0000] {standard_task_runner.py:105} INFO - Job 95: Subtask clean_energy_mix
[2024-11-24T19:27:00.758+0000] {task_command.py:467} INFO - Running <TaskInstance: greenhouse_gas_behaviour.clean_energy_mix manual__2024-11-24T19:25:43.823590+00:00 [running]> on host 960a2c38baa3
[2024-11-24T19:27:00.985+0000] {taskinstance.py:3132} INFO - Exporting env vars: AIRFLOW_CTX_DAG_OWNER='***' AIRFLOW_CTX_DAG_ID='greenhouse_gas_behaviour' AIRFLOW_CTX_TASK_ID='clean_energy_mix' AIRFLOW_CTX_EXECUTION_DATE='2024-11-24T19:25:43.823590+00:00' AIRFLOW_CTX_TRY_NUMBER='1' AIRFLOW_CTX_DAG_RUN_ID='manual__2024-11-24T19:25:43.823590+00:00'
[2024-11-24T19:27:00.987+0000] {logging_mixin.py:190} INFO - Task instance is in running state
[2024-11-24T19:27:00.988+0000] {logging_mixin.py:190} INFO -  Previous state of the Task instance: queued
[2024-11-24T19:27:00.989+0000] {logging_mixin.py:190} INFO - Current task name:clean_energy_mix state:running start_date:2024-11-24 19:27:00.468166+00:00
[2024-11-24T19:27:00.990+0000] {logging_mixin.py:190} INFO - Dag name:greenhouse_gas_behaviour and current dag run status:running
[2024-11-24T19:27:00.991+0000] {taskinstance.py:731} INFO - ::endgroup::
[2024-11-24T19:27:00.993+0000] {python.py:240} INFO - Done. Returned value was: None
[2024-11-24T19:27:01.019+0000] {taskinstance.py:340} INFO - ::group::Post task execution logs
[2024-11-24T19:27:01.020+0000] {taskinstance.py:352} INFO - Marking task as SUCCESS. dag_id=greenhouse_gas_behaviour, task_id=clean_energy_mix, run_id=manual__2024-11-24T19:25:43.823590+00:00, execution_date=20241124T192543, start_date=20241124T192700, end_date=20241124T192701
[2024-11-24T19:27:01.050+0000] {logging_mixin.py:190} INFO - Task instance in success state
[2024-11-24T19:27:01.051+0000] {logging_mixin.py:190} INFO -  Previous state of the Task instance: running
[2024-11-24T19:27:01.052+0000] {logging_mixin.py:190} INFO - Dag name:greenhouse_gas_behaviour queued_at:2024-11-24 19:25:43.896588+00:00
[2024-11-24T19:27:01.053+0000] {logging_mixin.py:190} INFO - Task hostname:960a2c38baa3 operator:PythonOperator
[2024-11-24T19:27:01.128+0000] {local_task_job_runner.py:266} INFO - Task exited with return code 0
[2024-11-24T19:27:01.205+0000] {taskinstance.py:3895} INFO - 1 downstream tasks scheduled from follow-on schedule check
[2024-11-24T19:27:01.212+0000] {local_task_job_runner.py:245} INFO - ::endgroup::
