[2024-11-24T14:09:49.841+0000] {local_task_job_runner.py:123} INFO - ::group::Pre task execution logs
[2024-11-24T14:09:49.870+0000] {taskinstance.py:2613} INFO - Dependencies all met for dep_context=non-requeueable deps ti=<TaskInstance: greenhouse_gas_behaviour.clean_energy_mix manual__2024-11-24T14:08:44.612144+00:00 [queued]>
[2024-11-24T14:09:49.889+0000] {taskinstance.py:2613} INFO - Dependencies all met for dep_context=requeueable deps ti=<TaskInstance: greenhouse_gas_behaviour.clean_energy_mix manual__2024-11-24T14:08:44.612144+00:00 [queued]>
[2024-11-24T14:09:49.890+0000] {taskinstance.py:2866} INFO - Starting attempt 1 of 1
[2024-11-24T14:09:49.917+0000] {taskinstance.py:2889} INFO - Executing <Task(PythonOperator): clean_energy_mix> on 2024-11-24 14:08:44.612144+00:00
[2024-11-24T14:09:49.930+0000] {warnings.py:112} WARNING - /home/***/.local/lib/python3.12/site-packages/***/task/task_runner/standard_task_runner.py:70: DeprecationWarning: This process (pid=158) is multi-threaded, use of fork() may lead to deadlocks in the child.
  pid = os.fork()

[2024-11-24T14:09:49.933+0000] {standard_task_runner.py:72} INFO - Started process 160 to run task
[2024-11-24T14:09:49.935+0000] {standard_task_runner.py:104} INFO - Running: ['***', 'tasks', 'run', 'greenhouse_gas_behaviour', 'clean_energy_mix', 'manual__2024-11-24T14:08:44.612144+00:00', '--job-id', '77', '--raw', '--subdir', 'DAGS_FOLDER/greenhouse_gas_behaviour.py', '--cfg-path', '/tmp/tmpold9byqv']
[2024-11-24T14:09:49.938+0000] {standard_task_runner.py:105} INFO - Job 77: Subtask clean_energy_mix
[2024-11-24T14:09:50.035+0000] {task_command.py:467} INFO - Running <TaskInstance: greenhouse_gas_behaviour.clean_energy_mix manual__2024-11-24T14:08:44.612144+00:00 [running]> on host bb6f052ed649
[2024-11-24T14:09:50.190+0000] {taskinstance.py:3132} INFO - Exporting env vars: AIRFLOW_CTX_DAG_OWNER='***' AIRFLOW_CTX_DAG_ID='greenhouse_gas_behaviour' AIRFLOW_CTX_TASK_ID='clean_energy_mix' AIRFLOW_CTX_EXECUTION_DATE='2024-11-24T14:08:44.612144+00:00' AIRFLOW_CTX_TRY_NUMBER='1' AIRFLOW_CTX_DAG_RUN_ID='manual__2024-11-24T14:08:44.612144+00:00'
[2024-11-24T14:09:50.193+0000] {logging_mixin.py:190} INFO - Task instance is in running state
[2024-11-24T14:09:50.194+0000] {logging_mixin.py:190} INFO -  Previous state of the Task instance: queued
[2024-11-24T14:09:50.195+0000] {logging_mixin.py:190} INFO - Current task name:clean_energy_mix state:running start_date:2024-11-24 14:09:49.872269+00:00
[2024-11-24T14:09:50.195+0000] {logging_mixin.py:190} INFO - Dag name:greenhouse_gas_behaviour and current dag run status:running
[2024-11-24T14:09:50.196+0000] {taskinstance.py:731} INFO - ::endgroup::
[2024-11-24T14:09:50.197+0000] {python.py:240} INFO - Done. Returned value was: None
[2024-11-24T14:09:50.212+0000] {taskinstance.py:340} INFO - ::group::Post task execution logs
[2024-11-24T14:09:50.213+0000] {taskinstance.py:352} INFO - Marking task as SUCCESS. dag_id=greenhouse_gas_behaviour, task_id=clean_energy_mix, run_id=manual__2024-11-24T14:08:44.612144+00:00, execution_date=20241124T140844, start_date=20241124T140949, end_date=20241124T140950
[2024-11-24T14:09:50.228+0000] {logging_mixin.py:190} INFO - Task instance in success state
[2024-11-24T14:09:50.229+0000] {logging_mixin.py:190} INFO -  Previous state of the Task instance: running
[2024-11-24T14:09:50.230+0000] {logging_mixin.py:190} INFO - Dag name:greenhouse_gas_behaviour queued_at:2024-11-24 14:08:44.704414+00:00
[2024-11-24T14:09:50.231+0000] {logging_mixin.py:190} INFO - Task hostname:bb6f052ed649 operator:PythonOperator
[2024-11-24T14:09:50.275+0000] {local_task_job_runner.py:266} INFO - Task exited with return code 0
[2024-11-24T14:09:50.320+0000] {taskinstance.py:3895} INFO - 1 downstream tasks scheduled from follow-on schedule check
[2024-11-24T14:09:50.324+0000] {local_task_job_runner.py:245} INFO - ::endgroup::
