[2024-11-24T00:00:10.541+0000] {local_task_job_runner.py:123} INFO - ::group::Pre task execution logs
[2024-11-24T00:00:10.566+0000] {taskinstance.py:2613} INFO - Dependencies all met for dep_context=non-requeueable deps ti=<TaskInstance: greenhouse_gas_behaviour.extract_population_data scheduled__2024-11-23T00:00:00+00:00 [queued]>
[2024-11-24T00:00:10.579+0000] {taskinstance.py:2613} INFO - Dependencies all met for dep_context=requeueable deps ti=<TaskInstance: greenhouse_gas_behaviour.extract_population_data scheduled__2024-11-23T00:00:00+00:00 [queued]>
[2024-11-24T00:00:10.580+0000] {taskinstance.py:2866} INFO - Starting attempt 1 of 1
[2024-11-24T00:00:10.600+0000] {taskinstance.py:2889} INFO - Executing <Task(PythonOperator): extract_population_data> on 2024-11-23 00:00:00+00:00
[2024-11-24T00:00:10.610+0000] {warnings.py:112} WARNING - /home/***/.local/lib/python3.12/site-packages/***/task/task_runner/standard_task_runner.py:70: DeprecationWarning: This process (pid=1074) is multi-threaded, use of fork() may lead to deadlocks in the child.
  pid = os.fork()

[2024-11-24T00:00:10.612+0000] {standard_task_runner.py:72} INFO - Started process 1076 to run task
[2024-11-24T00:00:10.613+0000] {standard_task_runner.py:104} INFO - Running: ['***', 'tasks', 'run', 'greenhouse_gas_behaviour', 'extract_population_data', 'scheduled__2024-11-23T00:00:00+00:00', '--job-id', '28', '--raw', '--subdir', 'DAGS_FOLDER/greenhouse_gas_behaviour.py', '--cfg-path', '/tmp/tmpsbp2xu1_']
[2024-11-24T00:00:10.615+0000] {standard_task_runner.py:105} INFO - Job 28: Subtask extract_population_data
[2024-11-24T00:00:10.684+0000] {task_command.py:467} INFO - Running <TaskInstance: greenhouse_gas_behaviour.extract_population_data scheduled__2024-11-23T00:00:00+00:00 [running]> on host 25d920d1683b
[2024-11-24T00:00:10.796+0000] {taskinstance.py:3132} INFO - Exporting env vars: AIRFLOW_CTX_DAG_OWNER='***' AIRFLOW_CTX_DAG_ID='greenhouse_gas_behaviour' AIRFLOW_CTX_TASK_ID='extract_population_data' AIRFLOW_CTX_EXECUTION_DATE='2024-11-23T00:00:00+00:00' AIRFLOW_CTX_TRY_NUMBER='1' AIRFLOW_CTX_DAG_RUN_ID='scheduled__2024-11-23T00:00:00+00:00'
[2024-11-24T00:00:10.798+0000] {logging_mixin.py:190} INFO - Task instance is in running state
[2024-11-24T00:00:10.799+0000] {logging_mixin.py:190} INFO -  Previous state of the Task instance: queued
[2024-11-24T00:00:10.800+0000] {logging_mixin.py:190} INFO - Current task name:extract_population_data state:running start_date:2024-11-24 00:00:10.567712+00:00
[2024-11-24T00:00:10.800+0000] {logging_mixin.py:190} INFO - Dag name:greenhouse_gas_behaviour and current dag run status:running
[2024-11-24T00:00:10.801+0000] {taskinstance.py:731} INFO - ::endgroup::
[2024-11-24T00:00:10.802+0000] {python.py:240} INFO - Done. Returned value was: None
[2024-11-24T00:00:10.815+0000] {taskinstance.py:340} INFO - ::group::Post task execution logs
[2024-11-24T00:00:10.816+0000] {taskinstance.py:352} INFO - Marking task as SUCCESS. dag_id=greenhouse_gas_behaviour, task_id=extract_population_data, run_id=scheduled__2024-11-23T00:00:00+00:00, execution_date=20241123T000000, start_date=20241124T000010, end_date=20241124T000010
[2024-11-24T00:00:10.832+0000] {logging_mixin.py:190} INFO - Task instance in success state
[2024-11-24T00:00:10.833+0000] {logging_mixin.py:190} INFO -  Previous state of the Task instance: running
[2024-11-24T00:00:10.834+0000] {logging_mixin.py:190} INFO - Dag name:greenhouse_gas_behaviour queued_at:2024-11-24 00:00:00.561212+00:00
[2024-11-24T00:00:10.835+0000] {logging_mixin.py:190} INFO - Task hostname:25d920d1683b operator:PythonOperator
[2024-11-24T00:00:10.869+0000] {local_task_job_runner.py:266} INFO - Task exited with return code 0
[2024-11-24T00:00:10.906+0000] {taskinstance.py:3895} INFO - 1 downstream tasks scheduled from follow-on schedule check
[2024-11-24T00:00:10.909+0000] {local_task_job_runner.py:245} INFO - ::endgroup::
