[2024-11-24T14:09:53.272+0000] {local_task_job_runner.py:123} INFO - ::group::Pre task execution logs
[2024-11-24T14:09:53.320+0000] {taskinstance.py:2613} INFO - Dependencies all met for dep_context=non-requeueable deps ti=<TaskInstance: greenhouse_gas_behaviour.clean_co2_land_use manual__2024-11-24T14:08:44.612144+00:00 [queued]>
[2024-11-24T14:09:53.341+0000] {taskinstance.py:2613} INFO - Dependencies all met for dep_context=requeueable deps ti=<TaskInstance: greenhouse_gas_behaviour.clean_co2_land_use manual__2024-11-24T14:08:44.612144+00:00 [queued]>
[2024-11-24T14:09:53.342+0000] {taskinstance.py:2866} INFO - Starting attempt 1 of 1
[2024-11-24T14:09:53.373+0000] {taskinstance.py:2889} INFO - Executing <Task(PythonOperator): clean_co2_land_use> on 2024-11-24 14:08:44.612144+00:00
[2024-11-24T14:09:53.387+0000] {warnings.py:112} WARNING - /home/***/.local/lib/python3.12/site-packages/***/task/task_runner/standard_task_runner.py:70: DeprecationWarning: This process (pid=162) is multi-threaded, use of fork() may lead to deadlocks in the child.
  pid = os.fork()

[2024-11-24T14:09:53.393+0000] {standard_task_runner.py:72} INFO - Started process 164 to run task
[2024-11-24T14:09:53.395+0000] {standard_task_runner.py:104} INFO - Running: ['***', 'tasks', 'run', 'greenhouse_gas_behaviour', 'clean_co2_land_use', 'manual__2024-11-24T14:08:44.612144+00:00', '--job-id', '78', '--raw', '--subdir', 'DAGS_FOLDER/greenhouse_gas_behaviour.py', '--cfg-path', '/tmp/tmpi160x0j6']
[2024-11-24T14:09:53.399+0000] {standard_task_runner.py:105} INFO - Job 78: Subtask clean_co2_land_use
[2024-11-24T14:09:53.595+0000] {task_command.py:467} INFO - Running <TaskInstance: greenhouse_gas_behaviour.clean_co2_land_use manual__2024-11-24T14:08:44.612144+00:00 [running]> on host bb6f052ed649
[2024-11-24T14:09:53.874+0000] {taskinstance.py:3132} INFO - Exporting env vars: AIRFLOW_CTX_DAG_OWNER='***' AIRFLOW_CTX_DAG_ID='greenhouse_gas_behaviour' AIRFLOW_CTX_TASK_ID='clean_co2_land_use' AIRFLOW_CTX_EXECUTION_DATE='2024-11-24T14:08:44.612144+00:00' AIRFLOW_CTX_TRY_NUMBER='1' AIRFLOW_CTX_DAG_RUN_ID='manual__2024-11-24T14:08:44.612144+00:00'
[2024-11-24T14:09:53.879+0000] {logging_mixin.py:190} INFO - Task instance is in running state
[2024-11-24T14:09:53.880+0000] {logging_mixin.py:190} INFO -  Previous state of the Task instance: queued
[2024-11-24T14:09:53.881+0000] {logging_mixin.py:190} INFO - Current task name:clean_co2_land_use state:running start_date:2024-11-24 14:09:53.321957+00:00
[2024-11-24T14:09:53.883+0000] {logging_mixin.py:190} INFO - Dag name:greenhouse_gas_behaviour and current dag run status:running
[2024-11-24T14:09:53.886+0000] {taskinstance.py:731} INFO - ::endgroup::
[2024-11-24T14:09:53.888+0000] {python.py:240} INFO - Done. Returned value was: None
[2024-11-24T14:09:53.914+0000] {taskinstance.py:340} INFO - ::group::Post task execution logs
[2024-11-24T14:09:53.917+0000] {taskinstance.py:352} INFO - Marking task as SUCCESS. dag_id=greenhouse_gas_behaviour, task_id=clean_co2_land_use, run_id=manual__2024-11-24T14:08:44.612144+00:00, execution_date=20241124T140844, start_date=20241124T140953, end_date=20241124T140953
[2024-11-24T14:09:53.950+0000] {logging_mixin.py:190} INFO - Task instance in success state
[2024-11-24T14:09:53.951+0000] {logging_mixin.py:190} INFO -  Previous state of the Task instance: running
[2024-11-24T14:09:53.952+0000] {logging_mixin.py:190} INFO - Dag name:greenhouse_gas_behaviour queued_at:2024-11-24 14:08:44.704414+00:00
[2024-11-24T14:09:53.953+0000] {logging_mixin.py:190} INFO - Task hostname:bb6f052ed649 operator:PythonOperator
[2024-11-24T14:09:54.004+0000] {local_task_job_runner.py:266} INFO - Task exited with return code 0
[2024-11-24T14:09:54.057+0000] {taskinstance.py:3895} INFO - 0 downstream tasks scheduled from follow-on schedule check
[2024-11-24T14:09:54.063+0000] {local_task_job_runner.py:245} INFO - ::endgroup::
