[2024-11-23T22:27:44.119+0000] {local_task_job_runner.py:123} INFO - ::group::Pre task execution logs
[2024-11-23T22:27:44.364+0000] {taskinstance.py:2613} INFO - Dependencies all met for dep_context=non-requeueable deps ti=<TaskInstance: greenhouse_gas_behaviour.extract_energy_mix manual__2024-11-23T22:23:21.410680+00:00 [queued]>
[2024-11-23T22:27:44.470+0000] {taskinstance.py:2613} INFO - Dependencies all met for dep_context=requeueable deps ti=<TaskInstance: greenhouse_gas_behaviour.extract_energy_mix manual__2024-11-23T22:23:21.410680+00:00 [queued]>
[2024-11-23T22:27:44.483+0000] {taskinstance.py:2866} INFO - Starting attempt 1 of 1
[2024-11-23T22:27:44.964+0000] {taskinstance.py:2889} INFO - Executing <Task(PythonOperator): extract_energy_mix> on 2024-11-23 22:23:21.410680+00:00
[2024-11-23T22:27:45.145+0000] {warnings.py:112} WARNING - /home/***/.local/lib/python3.12/site-packages/***/task/task_runner/standard_task_runner.py:70: DeprecationWarning: This process (pid=139) is multi-threaded, use of fork() may lead to deadlocks in the child.
  pid = os.fork()

[2024-11-23T22:27:45.193+0000] {standard_task_runner.py:72} INFO - Started process 164 to run task
[2024-11-23T22:27:45.198+0000] {standard_task_runner.py:104} INFO - Running: ['***', 'tasks', 'run', 'greenhouse_gas_behaviour', 'extract_energy_mix', 'manual__2024-11-23T22:23:21.410680+00:00', '--job-id', '11', '--raw', '--subdir', 'DAGS_FOLDER/greenhouse_gas_behaviour.py', '--cfg-path', '/tmp/tmpz9xhr8qp']
[2024-11-23T22:27:45.225+0000] {standard_task_runner.py:105} INFO - Job 11: Subtask extract_energy_mix
[2024-11-23T22:27:45.959+0000] {task_command.py:467} INFO - Running <TaskInstance: greenhouse_gas_behaviour.extract_energy_mix manual__2024-11-23T22:23:21.410680+00:00 [running]> on host be931ffa18fb
[2024-11-23T22:27:46.507+0000] {taskinstance.py:3132} INFO - Exporting env vars: AIRFLOW_CTX_DAG_OWNER='***' AIRFLOW_CTX_DAG_ID='greenhouse_gas_behaviour' AIRFLOW_CTX_TASK_ID='extract_energy_mix' AIRFLOW_CTX_EXECUTION_DATE='2024-11-23T22:23:21.410680+00:00' AIRFLOW_CTX_TRY_NUMBER='1' AIRFLOW_CTX_DAG_RUN_ID='manual__2024-11-23T22:23:21.410680+00:00'
[2024-11-23T22:27:46.524+0000] {logging_mixin.py:190} INFO - Task instance is in running state
[2024-11-23T22:27:46.526+0000] {logging_mixin.py:190} INFO -  Previous state of the Task instance: queued
[2024-11-23T22:27:46.527+0000] {logging_mixin.py:190} INFO - Current task name:extract_energy_mix state:running start_date:2024-11-23 22:27:44.383572+00:00
[2024-11-23T22:27:46.528+0000] {logging_mixin.py:190} INFO - Dag name:greenhouse_gas_behaviour and current dag run status:running
[2024-11-23T22:27:46.529+0000] {taskinstance.py:731} INFO - ::endgroup::
[2024-11-23T22:27:46.532+0000] {python.py:240} INFO - Done. Returned value was: None
[2024-11-23T22:27:46.614+0000] {taskinstance.py:340} INFO - ::group::Post task execution logs
[2024-11-23T22:27:46.618+0000] {taskinstance.py:352} INFO - Marking task as SUCCESS. dag_id=greenhouse_gas_behaviour, task_id=extract_energy_mix, run_id=manual__2024-11-23T22:23:21.410680+00:00, execution_date=20241123T222321, start_date=20241123T222744, end_date=20241123T222746
[2024-11-23T22:27:46.698+0000] {logging_mixin.py:190} INFO - Task instance in success state
[2024-11-23T22:27:46.700+0000] {logging_mixin.py:190} INFO -  Previous state of the Task instance: running
[2024-11-23T22:27:46.702+0000] {logging_mixin.py:190} INFO - Dag name:greenhouse_gas_behaviour queued_at:2024-11-23 22:23:21.533089+00:00
[2024-11-23T22:27:46.706+0000] {logging_mixin.py:190} INFO - Task hostname:be931ffa18fb operator:PythonOperator
[2024-11-23T22:27:46.793+0000] {local_task_job_runner.py:266} INFO - Task exited with return code 0
[2024-11-23T22:27:46.867+0000] {taskinstance.py:3895} INFO - 0 downstream tasks scheduled from follow-on schedule check
[2024-11-23T22:27:46.897+0000] {local_task_job_runner.py:245} INFO - ::endgroup::
