[2024-11-24T00:00:32.177+0000] {local_task_job_runner.py:123} INFO - ::group::Pre task execution logs
[2024-11-24T00:00:32.211+0000] {taskinstance.py:2613} INFO - Dependencies all met for dep_context=non-requeueable deps ti=<TaskInstance: greenhouse_gas_behaviour.clean_energy_mix scheduled__2024-11-23T00:00:00+00:00 [queued]>
[2024-11-24T00:00:32.227+0000] {taskinstance.py:2613} INFO - Dependencies all met for dep_context=requeueable deps ti=<TaskInstance: greenhouse_gas_behaviour.clean_energy_mix scheduled__2024-11-23T00:00:00+00:00 [queued]>
[2024-11-24T00:00:32.229+0000] {taskinstance.py:2866} INFO - Starting attempt 1 of 1
[2024-11-24T00:00:32.252+0000] {taskinstance.py:2889} INFO - Executing <Task(PythonOperator): clean_energy_mix> on 2024-11-23 00:00:00+00:00
[2024-11-24T00:00:32.263+0000] {warnings.py:112} WARNING - /home/***/.local/lib/python3.12/site-packages/***/task/task_runner/standard_task_runner.py:70: DeprecationWarning: This process (pid=1101) is multi-threaded, use of fork() may lead to deadlocks in the child.
  pid = os.fork()

[2024-11-24T00:00:32.269+0000] {standard_task_runner.py:72} INFO - Started process 1103 to run task
[2024-11-24T00:00:32.268+0000] {standard_task_runner.py:104} INFO - Running: ['***', 'tasks', 'run', 'greenhouse_gas_behaviour', 'clean_energy_mix', 'scheduled__2024-11-23T00:00:00+00:00', '--job-id', '33', '--raw', '--subdir', 'DAGS_FOLDER/greenhouse_gas_behaviour.py', '--cfg-path', '/tmp/tmpqvc2gp24']
[2024-11-24T00:00:32.271+0000] {standard_task_runner.py:105} INFO - Job 33: Subtask clean_energy_mix
[2024-11-24T00:00:32.373+0000] {task_command.py:467} INFO - Running <TaskInstance: greenhouse_gas_behaviour.clean_energy_mix scheduled__2024-11-23T00:00:00+00:00 [running]> on host 25d920d1683b
[2024-11-24T00:00:32.503+0000] {taskinstance.py:3132} INFO - Exporting env vars: AIRFLOW_CTX_DAG_OWNER='***' AIRFLOW_CTX_DAG_ID='greenhouse_gas_behaviour' AIRFLOW_CTX_TASK_ID='clean_energy_mix' AIRFLOW_CTX_EXECUTION_DATE='2024-11-23T00:00:00+00:00' AIRFLOW_CTX_TRY_NUMBER='1' AIRFLOW_CTX_DAG_RUN_ID='scheduled__2024-11-23T00:00:00+00:00'
[2024-11-24T00:00:32.506+0000] {logging_mixin.py:190} INFO - Task instance is in running state
[2024-11-24T00:00:32.507+0000] {logging_mixin.py:190} INFO -  Previous state of the Task instance: queued
[2024-11-24T00:00:32.508+0000] {logging_mixin.py:190} INFO - Current task name:clean_energy_mix state:running start_date:2024-11-24 00:00:32.212094+00:00
[2024-11-24T00:00:32.509+0000] {logging_mixin.py:190} INFO - Dag name:greenhouse_gas_behaviour and current dag run status:running
[2024-11-24T00:00:32.510+0000] {taskinstance.py:731} INFO - ::endgroup::
[2024-11-24T00:00:32.511+0000] {python.py:240} INFO - Done. Returned value was: None
[2024-11-24T00:00:32.529+0000] {taskinstance.py:340} INFO - ::group::Post task execution logs
[2024-11-24T00:00:32.530+0000] {taskinstance.py:352} INFO - Marking task as SUCCESS. dag_id=greenhouse_gas_behaviour, task_id=clean_energy_mix, run_id=scheduled__2024-11-23T00:00:00+00:00, execution_date=20241123T000000, start_date=20241124T000032, end_date=20241124T000032
[2024-11-24T00:00:32.555+0000] {logging_mixin.py:190} INFO - Task instance in success state
[2024-11-24T00:00:32.557+0000] {logging_mixin.py:190} INFO -  Previous state of the Task instance: running
[2024-11-24T00:00:32.562+0000] {logging_mixin.py:190} INFO - Dag name:greenhouse_gas_behaviour queued_at:2024-11-24 00:00:00.561212+00:00
[2024-11-24T00:00:32.563+0000] {logging_mixin.py:190} INFO - Task hostname:25d920d1683b operator:PythonOperator
[2024-11-24T00:00:32.622+0000] {local_task_job_runner.py:266} INFO - Task exited with return code 0
[2024-11-24T00:00:32.663+0000] {taskinstance.py:3895} INFO - 0 downstream tasks scheduled from follow-on schedule check
[2024-11-24T00:00:32.670+0000] {local_task_job_runner.py:245} INFO - ::endgroup::
