[2024-11-23T22:27:44.193+0000] {local_task_job_runner.py:123} INFO - ::group::Pre task execution logs
[2024-11-23T22:27:44.378+0000] {taskinstance.py:2613} INFO - Dependencies all met for dep_context=non-requeueable deps ti=<TaskInstance: greenhouse_gas_behaviour.extract_co2_land_use manual__2024-11-23T22:23:21.410680+00:00 [queued]>
[2024-11-23T22:27:44.448+0000] {taskinstance.py:2613} INFO - Dependencies all met for dep_context=requeueable deps ti=<TaskInstance: greenhouse_gas_behaviour.extract_co2_land_use manual__2024-11-23T22:23:21.410680+00:00 [queued]>
[2024-11-23T22:27:44.460+0000] {taskinstance.py:2866} INFO - Starting attempt 1 of 1
[2024-11-23T22:27:44.911+0000] {taskinstance.py:2889} INFO - Executing <Task(PythonOperator): extract_co2_land_use> on 2024-11-23 22:23:21.410680+00:00
[2024-11-23T22:27:45.190+0000] {warnings.py:112} WARNING - /home/***/.local/lib/python3.12/site-packages/***/task/task_runner/standard_task_runner.py:70: DeprecationWarning: This process (pid=141) is multi-threaded, use of fork() may lead to deadlocks in the child.
  pid = os.fork()

[2024-11-23T22:27:45.229+0000] {standard_task_runner.py:72} INFO - Started process 167 to run task
[2024-11-23T22:27:45.217+0000] {standard_task_runner.py:104} INFO - Running: ['***', 'tasks', 'run', 'greenhouse_gas_behaviour', 'extract_co2_land_use', 'manual__2024-11-23T22:23:21.410680+00:00', '--job-id', '10', '--raw', '--subdir', 'DAGS_FOLDER/greenhouse_gas_behaviour.py', '--cfg-path', '/tmp/tmp7ylv6uug']
[2024-11-23T22:27:45.245+0000] {standard_task_runner.py:105} INFO - Job 10: Subtask extract_co2_land_use
[2024-11-23T22:27:46.054+0000] {task_command.py:467} INFO - Running <TaskInstance: greenhouse_gas_behaviour.extract_co2_land_use manual__2024-11-23T22:23:21.410680+00:00 [running]> on host be931ffa18fb
[2024-11-23T22:27:46.530+0000] {taskinstance.py:3132} INFO - Exporting env vars: AIRFLOW_CTX_DAG_OWNER='***' AIRFLOW_CTX_DAG_ID='greenhouse_gas_behaviour' AIRFLOW_CTX_TASK_ID='extract_co2_land_use' AIRFLOW_CTX_EXECUTION_DATE='2024-11-23T22:23:21.410680+00:00' AIRFLOW_CTX_TRY_NUMBER='1' AIRFLOW_CTX_DAG_RUN_ID='manual__2024-11-23T22:23:21.410680+00:00'
[2024-11-23T22:27:46.535+0000] {logging_mixin.py:190} INFO - Task instance is in running state
[2024-11-23T22:27:46.537+0000] {logging_mixin.py:190} INFO -  Previous state of the Task instance: queued
[2024-11-23T22:27:46.545+0000] {logging_mixin.py:190} INFO - Current task name:extract_co2_land_use state:running start_date:2024-11-23 22:27:44.382008+00:00
[2024-11-23T22:27:46.546+0000] {logging_mixin.py:190} INFO - Dag name:greenhouse_gas_behaviour and current dag run status:running
[2024-11-23T22:27:46.549+0000] {taskinstance.py:731} INFO - ::endgroup::
[2024-11-23T22:27:46.551+0000] {python.py:240} INFO - Done. Returned value was: None
[2024-11-23T22:27:46.588+0000] {taskinstance.py:340} INFO - ::group::Post task execution logs
[2024-11-23T22:27:46.589+0000] {taskinstance.py:352} INFO - Marking task as SUCCESS. dag_id=greenhouse_gas_behaviour, task_id=extract_co2_land_use, run_id=manual__2024-11-23T22:23:21.410680+00:00, execution_date=20241123T222321, start_date=20241123T222744, end_date=20241123T222746
[2024-11-23T22:27:46.680+0000] {logging_mixin.py:190} INFO - Task instance in success state
[2024-11-23T22:27:46.684+0000] {logging_mixin.py:190} INFO -  Previous state of the Task instance: running
[2024-11-23T22:27:46.686+0000] {logging_mixin.py:190} INFO - Dag name:greenhouse_gas_behaviour queued_at:2024-11-23 22:23:21.533089+00:00
[2024-11-23T22:27:46.687+0000] {logging_mixin.py:190} INFO - Task hostname:be931ffa18fb operator:PythonOperator
[2024-11-23T22:27:46.769+0000] {local_task_job_runner.py:266} INFO - Task exited with return code 0
[2024-11-23T22:27:46.804+0000] {local_task_job_runner.py:245} INFO - ::endgroup::
