[2024-11-24T00:00:38.118+0000] {local_task_job_runner.py:123} INFO - ::group::Pre task execution logs
[2024-11-24T00:00:38.151+0000] {taskinstance.py:2613} INFO - Dependencies all met for dep_context=non-requeueable deps ti=<TaskInstance: greenhouse_gas_behaviour.clean_co2_land_use scheduled__2024-11-23T00:00:00+00:00 [queued]>
[2024-11-24T00:00:38.169+0000] {taskinstance.py:2613} INFO - Dependencies all met for dep_context=requeueable deps ti=<TaskInstance: greenhouse_gas_behaviour.clean_co2_land_use scheduled__2024-11-23T00:00:00+00:00 [queued]>
[2024-11-24T00:00:38.172+0000] {taskinstance.py:2866} INFO - Starting attempt 1 of 1
[2024-11-24T00:00:38.204+0000] {taskinstance.py:2889} INFO - Executing <Task(PythonOperator): clean_co2_land_use> on 2024-11-23 00:00:00+00:00
[2024-11-24T00:00:38.217+0000] {warnings.py:112} WARNING - /home/***/.local/lib/python3.12/site-packages/***/task/task_runner/standard_task_runner.py:70: DeprecationWarning: This process (pid=1105) is multi-threaded, use of fork() may lead to deadlocks in the child.
  pid = os.fork()

[2024-11-24T00:00:38.220+0000] {standard_task_runner.py:72} INFO - Started process 1107 to run task
[2024-11-24T00:00:38.220+0000] {standard_task_runner.py:104} INFO - Running: ['***', 'tasks', 'run', 'greenhouse_gas_behaviour', 'clean_co2_land_use', 'scheduled__2024-11-23T00:00:00+00:00', '--job-id', '34', '--raw', '--subdir', 'DAGS_FOLDER/greenhouse_gas_behaviour.py', '--cfg-path', '/tmp/tmptzrttuoi']
[2024-11-24T00:00:38.222+0000] {standard_task_runner.py:105} INFO - Job 34: Subtask clean_co2_land_use
[2024-11-24T00:00:38.387+0000] {task_command.py:467} INFO - Running <TaskInstance: greenhouse_gas_behaviour.clean_co2_land_use scheduled__2024-11-23T00:00:00+00:00 [running]> on host 25d920d1683b
[2024-11-24T00:00:38.704+0000] {taskinstance.py:3132} INFO - Exporting env vars: AIRFLOW_CTX_DAG_OWNER='***' AIRFLOW_CTX_DAG_ID='greenhouse_gas_behaviour' AIRFLOW_CTX_TASK_ID='clean_co2_land_use' AIRFLOW_CTX_EXECUTION_DATE='2024-11-23T00:00:00+00:00' AIRFLOW_CTX_TRY_NUMBER='1' AIRFLOW_CTX_DAG_RUN_ID='scheduled__2024-11-23T00:00:00+00:00'
[2024-11-24T00:00:38.707+0000] {logging_mixin.py:190} INFO - Task instance is in running state
[2024-11-24T00:00:38.708+0000] {logging_mixin.py:190} INFO -  Previous state of the Task instance: queued
[2024-11-24T00:00:38.709+0000] {logging_mixin.py:190} INFO - Current task name:clean_co2_land_use state:running start_date:2024-11-24 00:00:38.152313+00:00
[2024-11-24T00:00:38.711+0000] {logging_mixin.py:190} INFO - Dag name:greenhouse_gas_behaviour and current dag run status:running
[2024-11-24T00:00:38.712+0000] {taskinstance.py:731} INFO - ::endgroup::
[2024-11-24T00:00:38.713+0000] {python.py:240} INFO - Done. Returned value was: None
[2024-11-24T00:00:38.731+0000] {taskinstance.py:340} INFO - ::group::Post task execution logs
[2024-11-24T00:00:38.733+0000] {taskinstance.py:352} INFO - Marking task as SUCCESS. dag_id=greenhouse_gas_behaviour, task_id=clean_co2_land_use, run_id=scheduled__2024-11-23T00:00:00+00:00, execution_date=20241123T000000, start_date=20241124T000038, end_date=20241124T000038
[2024-11-24T00:00:38.754+0000] {logging_mixin.py:190} INFO - Task instance in success state
[2024-11-24T00:00:38.755+0000] {logging_mixin.py:190} INFO -  Previous state of the Task instance: running
[2024-11-24T00:00:38.757+0000] {logging_mixin.py:190} INFO - Dag name:greenhouse_gas_behaviour queued_at:2024-11-24 00:00:00.561212+00:00
[2024-11-24T00:00:38.761+0000] {logging_mixin.py:190} INFO - Task hostname:25d920d1683b operator:PythonOperator
[2024-11-24T00:00:38.780+0000] {local_task_job_runner.py:266} INFO - Task exited with return code 0
[2024-11-24T00:00:38.810+0000] {taskinstance.py:3895} INFO - 0 downstream tasks scheduled from follow-on schedule check
[2024-11-24T00:00:38.812+0000] {local_task_job_runner.py:245} INFO - ::endgroup::
