[2024-11-23T22:46:00.537+0000] {local_task_job_runner.py:123} INFO - ::group::Pre task execution logs
[2024-11-23T22:46:00.563+0000] {taskinstance.py:2613} INFO - Dependencies all met for dep_context=non-requeueable deps ti=<TaskInstance: greenhouse_gas_behaviour.clean_energy_mix manual__2024-11-23T22:45:14.196679+00:00 [queued]>
[2024-11-23T22:46:00.575+0000] {taskinstance.py:2613} INFO - Dependencies all met for dep_context=requeueable deps ti=<TaskInstance: greenhouse_gas_behaviour.clean_energy_mix manual__2024-11-23T22:45:14.196679+00:00 [queued]>
[2024-11-23T22:46:00.576+0000] {taskinstance.py:2866} INFO - Starting attempt 1 of 1
[2024-11-23T22:46:00.596+0000] {taskinstance.py:2889} INFO - Executing <Task(PythonOperator): clean_energy_mix> on 2024-11-23 22:45:14.196679+00:00
[2024-11-23T22:46:00.606+0000] {warnings.py:112} WARNING - /home/***/.local/lib/python3.12/site-packages/***/task/task_runner/standard_task_runner.py:70: DeprecationWarning: This process (pid=174) is multi-threaded, use of fork() may lead to deadlocks in the child.
  pid = os.fork()

[2024-11-23T22:46:00.609+0000] {standard_task_runner.py:72} INFO - Started process 176 to run task
[2024-11-23T22:46:00.610+0000] {standard_task_runner.py:104} INFO - Running: ['***', 'tasks', 'run', 'greenhouse_gas_behaviour', 'clean_energy_mix', 'manual__2024-11-23T22:45:14.196679+00:00', '--job-id', '25', '--raw', '--subdir', 'DAGS_FOLDER/greenhouse_gas_behaviour.py', '--cfg-path', '/tmp/tmp47j93od9']
[2024-11-23T22:46:00.612+0000] {standard_task_runner.py:105} INFO - Job 25: Subtask clean_energy_mix
[2024-11-23T22:46:00.679+0000] {task_command.py:467} INFO - Running <TaskInstance: greenhouse_gas_behaviour.clean_energy_mix manual__2024-11-23T22:45:14.196679+00:00 [running]> on host 25d920d1683b
[2024-11-23T22:46:00.789+0000] {taskinstance.py:3132} INFO - Exporting env vars: AIRFLOW_CTX_DAG_OWNER='***' AIRFLOW_CTX_DAG_ID='greenhouse_gas_behaviour' AIRFLOW_CTX_TASK_ID='clean_energy_mix' AIRFLOW_CTX_EXECUTION_DATE='2024-11-23T22:45:14.196679+00:00' AIRFLOW_CTX_TRY_NUMBER='1' AIRFLOW_CTX_DAG_RUN_ID='manual__2024-11-23T22:45:14.196679+00:00'
[2024-11-23T22:46:00.792+0000] {logging_mixin.py:190} INFO - Task instance is in running state
[2024-11-23T22:46:00.793+0000] {logging_mixin.py:190} INFO -  Previous state of the Task instance: queued
[2024-11-23T22:46:00.794+0000] {logging_mixin.py:190} INFO - Current task name:clean_energy_mix state:running start_date:2024-11-23 22:46:00.563772+00:00
[2024-11-23T22:46:00.795+0000] {logging_mixin.py:190} INFO - Dag name:greenhouse_gas_behaviour and current dag run status:running
[2024-11-23T22:46:00.795+0000] {taskinstance.py:731} INFO - ::endgroup::
[2024-11-23T22:46:00.797+0000] {python.py:240} INFO - Done. Returned value was: None
[2024-11-23T22:46:00.810+0000] {taskinstance.py:340} INFO - ::group::Post task execution logs
[2024-11-23T22:46:00.811+0000] {taskinstance.py:352} INFO - Marking task as SUCCESS. dag_id=greenhouse_gas_behaviour, task_id=clean_energy_mix, run_id=manual__2024-11-23T22:45:14.196679+00:00, execution_date=20241123T224514, start_date=20241123T224600, end_date=20241123T224600
[2024-11-23T22:46:00.827+0000] {logging_mixin.py:190} INFO - Task instance in success state
[2024-11-23T22:46:00.827+0000] {logging_mixin.py:190} INFO -  Previous state of the Task instance: running
[2024-11-23T22:46:00.828+0000] {logging_mixin.py:190} INFO - Dag name:greenhouse_gas_behaviour queued_at:2024-11-23 22:45:14.239455+00:00
[2024-11-23T22:46:00.829+0000] {logging_mixin.py:190} INFO - Task hostname:25d920d1683b operator:PythonOperator
[2024-11-23T22:46:00.866+0000] {local_task_job_runner.py:266} INFO - Task exited with return code 0
[2024-11-23T22:46:00.893+0000] {taskinstance.py:3895} INFO - 1 downstream tasks scheduled from follow-on schedule check
[2024-11-23T22:46:00.896+0000] {local_task_job_runner.py:245} INFO - ::endgroup::
