[2024-11-24T02:05:42.194+0000] {local_task_job_runner.py:123} INFO - ::group::Pre task execution logs
[2024-11-24T02:05:42.336+0000] {taskinstance.py:2613} INFO - Dependencies all met for dep_context=non-requeueable deps ti=<TaskInstance: greenhouse_gas_behaviour.clean_energy_mix manual__2024-11-24T02:04:16.788403+00:00 [queued]>
[2024-11-24T02:05:42.419+0000] {taskinstance.py:2613} INFO - Dependencies all met for dep_context=requeueable deps ti=<TaskInstance: greenhouse_gas_behaviour.clean_energy_mix manual__2024-11-24T02:04:16.788403+00:00 [queued]>
[2024-11-24T02:05:42.421+0000] {taskinstance.py:2866} INFO - Starting attempt 1 of 1
[2024-11-24T02:05:42.514+0000] {taskinstance.py:2889} INFO - Executing <Task(PythonOperator): clean_energy_mix> on 2024-11-24 02:04:16.788403+00:00
[2024-11-24T02:05:42.554+0000] {warnings.py:112} WARNING - /home/***/.local/lib/python3.12/site-packages/***/task/task_runner/standard_task_runner.py:70: DeprecationWarning: This process (pid=2604) is multi-threaded, use of fork() may lead to deadlocks in the child.
  pid = os.fork()

[2024-11-24T02:05:42.558+0000] {standard_task_runner.py:72} INFO - Started process 2606 to run task
[2024-11-24T02:05:42.561+0000] {standard_task_runner.py:104} INFO - Running: ['***', 'tasks', 'run', 'greenhouse_gas_behaviour', 'clean_energy_mix', 'manual__2024-11-24T02:04:16.788403+00:00', '--job-id', '57', '--raw', '--subdir', 'DAGS_FOLDER/greenhouse_gas_behaviour.py', '--cfg-path', '/tmp/tmp6fhr6zfw']
[2024-11-24T02:05:42.586+0000] {standard_task_runner.py:105} INFO - Job 57: Subtask clean_energy_mix
[2024-11-24T02:05:42.854+0000] {task_command.py:467} INFO - Running <TaskInstance: greenhouse_gas_behaviour.clean_energy_mix manual__2024-11-24T02:04:16.788403+00:00 [running]> on host 25d920d1683b
[2024-11-24T02:05:43.308+0000] {taskinstance.py:3132} INFO - Exporting env vars: AIRFLOW_CTX_DAG_OWNER='***' AIRFLOW_CTX_DAG_ID='greenhouse_gas_behaviour' AIRFLOW_CTX_TASK_ID='clean_energy_mix' AIRFLOW_CTX_EXECUTION_DATE='2024-11-24T02:04:16.788403+00:00' AIRFLOW_CTX_TRY_NUMBER='1' AIRFLOW_CTX_DAG_RUN_ID='manual__2024-11-24T02:04:16.788403+00:00'
[2024-11-24T02:05:43.316+0000] {logging_mixin.py:190} INFO - Task instance is in running state
[2024-11-24T02:05:43.317+0000] {logging_mixin.py:190} INFO -  Previous state of the Task instance: queued
[2024-11-24T02:05:43.319+0000] {logging_mixin.py:190} INFO - Current task name:clean_energy_mix state:running start_date:2024-11-24 02:05:42.350063+00:00
[2024-11-24T02:05:43.320+0000] {logging_mixin.py:190} INFO - Dag name:greenhouse_gas_behaviour and current dag run status:running
[2024-11-24T02:05:43.321+0000] {taskinstance.py:731} INFO - ::endgroup::
[2024-11-24T02:05:43.322+0000] {python.py:240} INFO - Done. Returned value was: None
[2024-11-24T02:05:43.352+0000] {taskinstance.py:340} INFO - ::group::Post task execution logs
[2024-11-24T02:05:43.353+0000] {taskinstance.py:352} INFO - Marking task as SUCCESS. dag_id=greenhouse_gas_behaviour, task_id=clean_energy_mix, run_id=manual__2024-11-24T02:04:16.788403+00:00, execution_date=20241124T020416, start_date=20241124T020542, end_date=20241124T020543
[2024-11-24T02:05:43.386+0000] {logging_mixin.py:190} INFO - Task instance in success state
[2024-11-24T02:05:43.388+0000] {logging_mixin.py:190} INFO -  Previous state of the Task instance: running
[2024-11-24T02:05:43.389+0000] {logging_mixin.py:190} INFO - Dag name:greenhouse_gas_behaviour queued_at:2024-11-24 02:04:17.021380+00:00
[2024-11-24T02:05:43.390+0000] {logging_mixin.py:190} INFO - Task hostname:25d920d1683b operator:PythonOperator
[2024-11-24T02:05:43.424+0000] {local_task_job_runner.py:266} INFO - Task exited with return code 0
[2024-11-24T02:05:43.516+0000] {taskinstance.py:3895} INFO - 1 downstream tasks scheduled from follow-on schedule check
[2024-11-24T02:05:43.520+0000] {local_task_job_runner.py:245} INFO - ::endgroup::
