[2024-11-24T01:09:05.609+0000] {local_task_job_runner.py:123} INFO - ::group::Pre task execution logs
[2024-11-24T01:09:05.643+0000] {taskinstance.py:2613} INFO - Dependencies all met for dep_context=non-requeueable deps ti=<TaskInstance: greenhouse_gas_behaviour.extract_co2_emission manual__2024-11-24T01:08:50.102874+00:00 [queued]>
[2024-11-24T01:09:05.661+0000] {taskinstance.py:2613} INFO - Dependencies all met for dep_context=requeueable deps ti=<TaskInstance: greenhouse_gas_behaviour.extract_co2_emission manual__2024-11-24T01:08:50.102874+00:00 [queued]>
[2024-11-24T01:09:05.663+0000] {taskinstance.py:2866} INFO - Starting attempt 1 of 1
[2024-11-24T01:09:05.716+0000] {taskinstance.py:2889} INFO - Executing <Task(PythonOperator): extract_co2_emission> on 2024-11-24 01:08:50.102874+00:00
[2024-11-24T01:09:05.749+0000] {standard_task_runner.py:104} INFO - Running: ['***', 'tasks', 'run', 'greenhouse_gas_behaviour', 'extract_co2_emission', 'manual__2024-11-24T01:08:50.102874+00:00', '--job-id', '35', '--raw', '--subdir', 'DAGS_FOLDER/greenhouse_gas_behaviour.py', '--cfg-path', '/tmp/tmp0kaej0mi']
[2024-11-24T01:09:05.753+0000] {warnings.py:112} WARNING - /home/***/.local/lib/python3.12/site-packages/***/task/task_runner/standard_task_runner.py:70: DeprecationWarning: This process (pid=1909) is multi-threaded, use of fork() may lead to deadlocks in the child.
  pid = os.fork()

[2024-11-24T01:09:05.758+0000] {standard_task_runner.py:105} INFO - Job 35: Subtask extract_co2_emission
[2024-11-24T01:09:05.759+0000] {standard_task_runner.py:72} INFO - Started process 1911 to run task
[2024-11-24T01:09:05.914+0000] {task_command.py:467} INFO - Running <TaskInstance: greenhouse_gas_behaviour.extract_co2_emission manual__2024-11-24T01:08:50.102874+00:00 [running]> on host 25d920d1683b
[2024-11-24T01:09:06.431+0000] {taskinstance.py:3132} INFO - Exporting env vars: AIRFLOW_CTX_DAG_OWNER='***' AIRFLOW_CTX_DAG_ID='greenhouse_gas_behaviour' AIRFLOW_CTX_TASK_ID='extract_co2_emission' AIRFLOW_CTX_EXECUTION_DATE='2024-11-24T01:08:50.102874+00:00' AIRFLOW_CTX_TRY_NUMBER='1' AIRFLOW_CTX_DAG_RUN_ID='manual__2024-11-24T01:08:50.102874+00:00'
[2024-11-24T01:09:06.465+0000] {logging_mixin.py:190} INFO - Task instance is in running state
[2024-11-24T01:09:06.493+0000] {logging_mixin.py:190} INFO -  Previous state of the Task instance: queued
[2024-11-24T01:09:06.496+0000] {logging_mixin.py:190} INFO - Current task name:extract_co2_emission state:running start_date:2024-11-24 01:09:05.644231+00:00
[2024-11-24T01:09:06.513+0000] {logging_mixin.py:190} INFO - Dag name:greenhouse_gas_behaviour and current dag run status:running
[2024-11-24T01:09:06.519+0000] {taskinstance.py:731} INFO - ::endgroup::
[2024-11-24T01:09:08.892+0000] {warnings.py:112} WARNING - /home/***/.local/lib/python3.12/site-packages/urllib3/connectionpool.py:1099: InsecureRequestWarning: Unverified HTTPS request is being made to host 'ourworldindata.org'. Adding certificate verification is strongly advised. See: https://urllib3.readthedocs.io/en/latest/advanced-usage.html#tls-warnings
  warnings.warn(

[2024-11-24T01:09:11.687+0000] {logging_mixin.py:190} INFO - Arquivo co2_emission_per_capita.csv enviado ao bucket: 'bronze' com sucesso!
[2024-11-24T01:09:11.696+0000] {python.py:240} INFO - Done. Returned value was: None
[2024-11-24T01:09:11.721+0000] {taskinstance.py:340} INFO - ::group::Post task execution logs
[2024-11-24T01:09:11.726+0000] {taskinstance.py:352} INFO - Marking task as SUCCESS. dag_id=greenhouse_gas_behaviour, task_id=extract_co2_emission, run_id=manual__2024-11-24T01:08:50.102874+00:00, execution_date=20241124T010850, start_date=20241124T010905, end_date=20241124T010911
[2024-11-24T01:09:11.767+0000] {logging_mixin.py:190} INFO - Task instance in success state
[2024-11-24T01:09:11.768+0000] {logging_mixin.py:190} INFO -  Previous state of the Task instance: running
[2024-11-24T01:09:11.769+0000] {logging_mixin.py:190} INFO - Dag name:greenhouse_gas_behaviour queued_at:2024-11-24 01:08:50.534515+00:00
[2024-11-24T01:09:11.770+0000] {logging_mixin.py:190} INFO - Task hostname:25d920d1683b operator:PythonOperator
[2024-11-24T01:09:11.835+0000] {local_task_job_runner.py:266} INFO - Task exited with return code 0
[2024-11-24T01:09:11.918+0000] {taskinstance.py:3895} INFO - 1 downstream tasks scheduled from follow-on schedule check
[2024-11-24T01:09:11.927+0000] {local_task_job_runner.py:245} INFO - ::endgroup::
