[2024-11-24T14:13:40.273+0000] {local_task_job_runner.py:123} INFO - ::group::Pre task execution logs
[2024-11-24T14:13:40.325+0000] {taskinstance.py:2613} INFO - Dependencies all met for dep_context=non-requeueable deps ti=<TaskInstance: greenhouse_gas_behaviour.extract_population_data manual__2024-11-24T14:13:22.017053+00:00 [queued]>
[2024-11-24T14:13:40.346+0000] {taskinstance.py:2613} INFO - Dependencies all met for dep_context=requeueable deps ti=<TaskInstance: greenhouse_gas_behaviour.extract_population_data manual__2024-11-24T14:13:22.017053+00:00 [queued]>
[2024-11-24T14:13:40.348+0000] {taskinstance.py:2866} INFO - Starting attempt 1 of 1
[2024-11-24T14:13:40.403+0000] {taskinstance.py:2889} INFO - Executing <Task(PythonOperator): extract_population_data> on 2024-11-24 14:13:22.017053+00:00
[2024-11-24T14:13:40.421+0000] {warnings.py:112} WARNING - /home/***/.local/lib/python3.12/site-packages/***/task/task_runner/standard_task_runner.py:70: DeprecationWarning: This process (pid=213) is multi-threaded, use of fork() may lead to deadlocks in the child.
  pid = os.fork()

[2024-11-24T14:13:40.426+0000] {standard_task_runner.py:72} INFO - Started process 215 to run task
[2024-11-24T14:13:40.424+0000] {standard_task_runner.py:104} INFO - Running: ['***', 'tasks', 'run', 'greenhouse_gas_behaviour', 'extract_population_data', 'manual__2024-11-24T14:13:22.017053+00:00', '--job-id', '80', '--raw', '--subdir', 'DAGS_FOLDER/greenhouse_gas_behaviour.py', '--cfg-path', '/tmp/tmpbpxf8e9j']
[2024-11-24T14:13:40.430+0000] {standard_task_runner.py:105} INFO - Job 80: Subtask extract_population_data
[2024-11-24T14:13:40.551+0000] {task_command.py:467} INFO - Running <TaskInstance: greenhouse_gas_behaviour.extract_population_data manual__2024-11-24T14:13:22.017053+00:00 [running]> on host bb6f052ed649
[2024-11-24T14:13:40.818+0000] {taskinstance.py:3132} INFO - Exporting env vars: AIRFLOW_CTX_DAG_OWNER='***' AIRFLOW_CTX_DAG_ID='greenhouse_gas_behaviour' AIRFLOW_CTX_TASK_ID='extract_population_data' AIRFLOW_CTX_EXECUTION_DATE='2024-11-24T14:13:22.017053+00:00' AIRFLOW_CTX_TRY_NUMBER='1' AIRFLOW_CTX_DAG_RUN_ID='manual__2024-11-24T14:13:22.017053+00:00'
[2024-11-24T14:13:40.832+0000] {logging_mixin.py:190} INFO - Task instance is in running state
[2024-11-24T14:13:40.837+0000] {logging_mixin.py:190} INFO -  Previous state of the Task instance: queued
[2024-11-24T14:13:40.847+0000] {logging_mixin.py:190} INFO - Current task name:extract_population_data state:running start_date:2024-11-24 14:13:40.326515+00:00
[2024-11-24T14:13:40.848+0000] {logging_mixin.py:190} INFO - Dag name:greenhouse_gas_behaviour and current dag run status:running
[2024-11-24T14:13:40.858+0000] {taskinstance.py:731} INFO - ::endgroup::
[2024-11-24T14:13:40.869+0000] {logging_mixin.py:190} INFO - Erro ao processar o arquivo C:/Users/Pietro/Desktop/SENACRS/6ยบ Semestre/Engenharia de Dados/data_engineer_test/data/un_data_pop_world.csv: [Errno 2] No such file or directory: 'C:/Users/Pietro/Desktop/SENACRS/6ยบ Semestre/Engenharia de Dados/data_engineer_test/data/un_data_pop_world.csv'
[2024-11-24T14:13:40.871+0000] {python.py:240} INFO - Done. Returned value was: None
[2024-11-24T14:13:40.904+0000] {taskinstance.py:340} INFO - ::group::Post task execution logs
[2024-11-24T14:13:40.905+0000] {taskinstance.py:352} INFO - Marking task as SUCCESS. dag_id=greenhouse_gas_behaviour, task_id=extract_population_data, run_id=manual__2024-11-24T14:13:22.017053+00:00, execution_date=20241124T141322, start_date=20241124T141340, end_date=20241124T141340
[2024-11-24T14:13:40.942+0000] {logging_mixin.py:190} INFO - Task instance in success state
[2024-11-24T14:13:40.943+0000] {logging_mixin.py:190} INFO -  Previous state of the Task instance: running
[2024-11-24T14:13:40.948+0000] {logging_mixin.py:190} INFO - Dag name:greenhouse_gas_behaviour queued_at:2024-11-24 14:13:22.037946+00:00
[2024-11-24T14:13:40.949+0000] {logging_mixin.py:190} INFO - Task hostname:bb6f052ed649 operator:PythonOperator
[2024-11-24T14:13:40.994+0000] {local_task_job_runner.py:266} INFO - Task exited with return code 0
[2024-11-24T14:13:41.058+0000] {taskinstance.py:3895} INFO - 1 downstream tasks scheduled from follow-on schedule check
[2024-11-24T14:13:41.062+0000] {local_task_job_runner.py:245} INFO - ::endgroup::
