[2024-11-24T19:26:55.316+0000] {local_task_job_runner.py:123} INFO - ::group::Pre task execution logs
[2024-11-24T19:26:55.363+0000] {taskinstance.py:2613} INFO - Dependencies all met for dep_context=non-requeueable deps ti=<TaskInstance: greenhouse_gas_behaviour.clean_population_data manual__2024-11-24T19:25:43.823590+00:00 [queued]>
[2024-11-24T19:26:55.387+0000] {taskinstance.py:2613} INFO - Dependencies all met for dep_context=requeueable deps ti=<TaskInstance: greenhouse_gas_behaviour.clean_population_data manual__2024-11-24T19:25:43.823590+00:00 [queued]>
[2024-11-24T19:26:55.389+0000] {taskinstance.py:2866} INFO - Starting attempt 1 of 1
[2024-11-24T19:26:55.426+0000] {taskinstance.py:2889} INFO - Executing <Task(PythonOperator): clean_population_data> on 2024-11-24 19:25:43.823590+00:00
[2024-11-24T19:26:55.447+0000] {warnings.py:112} WARNING - /home/***/.local/lib/python3.12/site-packages/***/task/task_runner/standard_task_runner.py:70: DeprecationWarning: This process (pid=201) is multi-threaded, use of fork() may lead to deadlocks in the child.
  pid = os.fork()

[2024-11-24T19:26:55.451+0000] {standard_task_runner.py:72} INFO - Started process 203 to run task
[2024-11-24T19:26:55.452+0000] {standard_task_runner.py:104} INFO - Running: ['***', 'tasks', 'run', 'greenhouse_gas_behaviour', 'clean_population_data', 'manual__2024-11-24T19:25:43.823590+00:00', '--job-id', '94', '--raw', '--subdir', 'DAGS_FOLDER/greenhouse_gas_behaviour.py', '--cfg-path', '/tmp/tmpnehr8924']
[2024-11-24T19:26:55.454+0000] {standard_task_runner.py:105} INFO - Job 94: Subtask clean_population_data
[2024-11-24T19:26:55.548+0000] {task_command.py:467} INFO - Running <TaskInstance: greenhouse_gas_behaviour.clean_population_data manual__2024-11-24T19:25:43.823590+00:00 [running]> on host 960a2c38baa3
[2024-11-24T19:26:55.735+0000] {taskinstance.py:3132} INFO - Exporting env vars: AIRFLOW_CTX_DAG_OWNER='***' AIRFLOW_CTX_DAG_ID='greenhouse_gas_behaviour' AIRFLOW_CTX_TASK_ID='clean_population_data' AIRFLOW_CTX_EXECUTION_DATE='2024-11-24T19:25:43.823590+00:00' AIRFLOW_CTX_TRY_NUMBER='1' AIRFLOW_CTX_DAG_RUN_ID='manual__2024-11-24T19:25:43.823590+00:00'
[2024-11-24T19:26:55.738+0000] {logging_mixin.py:190} INFO - Task instance is in running state
[2024-11-24T19:26:55.740+0000] {logging_mixin.py:190} INFO -  Previous state of the Task instance: queued
[2024-11-24T19:26:55.741+0000] {logging_mixin.py:190} INFO - Current task name:clean_population_data state:running start_date:2024-11-24 19:26:55.366129+00:00
[2024-11-24T19:26:55.742+0000] {logging_mixin.py:190} INFO - Dag name:greenhouse_gas_behaviour and current dag run status:running
[2024-11-24T19:26:55.744+0000] {taskinstance.py:731} INFO - ::endgroup::
[2024-11-24T19:26:55.746+0000] {python.py:240} INFO - Done. Returned value was: None
[2024-11-24T19:26:55.788+0000] {taskinstance.py:340} INFO - ::group::Post task execution logs
[2024-11-24T19:26:55.792+0000] {taskinstance.py:352} INFO - Marking task as SUCCESS. dag_id=greenhouse_gas_behaviour, task_id=clean_population_data, run_id=manual__2024-11-24T19:25:43.823590+00:00, execution_date=20241124T192543, start_date=20241124T192655, end_date=20241124T192655
[2024-11-24T19:26:55.825+0000] {logging_mixin.py:190} INFO - Task instance in success state
[2024-11-24T19:26:55.826+0000] {logging_mixin.py:190} INFO -  Previous state of the Task instance: running
[2024-11-24T19:26:55.827+0000] {logging_mixin.py:190} INFO - Dag name:greenhouse_gas_behaviour queued_at:2024-11-24 19:25:43.896588+00:00
[2024-11-24T19:26:55.828+0000] {logging_mixin.py:190} INFO - Task hostname:960a2c38baa3 operator:PythonOperator
[2024-11-24T19:26:55.877+0000] {local_task_job_runner.py:266} INFO - Task exited with return code 0
[2024-11-24T19:26:55.930+0000] {taskinstance.py:3895} INFO - 1 downstream tasks scheduled from follow-on schedule check
[2024-11-24T19:26:55.935+0000] {local_task_job_runner.py:245} INFO - ::endgroup::
