[2024-11-24T14:09:10.545+0000] {local_task_job_runner.py:123} INFO - ::group::Pre task execution logs
[2024-11-24T14:09:10.584+0000] {taskinstance.py:2613} INFO - Dependencies all met for dep_context=non-requeueable deps ti=<TaskInstance: greenhouse_gas_behaviour.extract_population_data manual__2024-11-24T14:08:44.612144+00:00 [queued]>
[2024-11-24T14:09:10.601+0000] {taskinstance.py:2613} INFO - Dependencies all met for dep_context=requeueable deps ti=<TaskInstance: greenhouse_gas_behaviour.extract_population_data manual__2024-11-24T14:08:44.612144+00:00 [queued]>
[2024-11-24T14:09:10.602+0000] {taskinstance.py:2866} INFO - Starting attempt 1 of 1
[2024-11-24T14:09:10.626+0000] {taskinstance.py:2889} INFO - Executing <Task(PythonOperator): extract_population_data> on 2024-11-24 14:08:44.612144+00:00
[2024-11-24T14:09:10.636+0000] {warnings.py:112} WARNING - /home/***/.local/lib/python3.12/site-packages/***/task/task_runner/standard_task_runner.py:70: DeprecationWarning: This process (pid=131) is multi-threaded, use of fork() may lead to deadlocks in the child.
  pid = os.fork()

[2024-11-24T14:09:10.641+0000] {standard_task_runner.py:72} INFO - Started process 133 to run task
[2024-11-24T14:09:10.640+0000] {standard_task_runner.py:104} INFO - Running: ['***', 'tasks', 'run', 'greenhouse_gas_behaviour', 'extract_population_data', 'manual__2024-11-24T14:08:44.612144+00:00', '--job-id', '72', '--raw', '--subdir', 'DAGS_FOLDER/greenhouse_gas_behaviour.py', '--cfg-path', '/tmp/tmpt5y3gz9o']
[2024-11-24T14:09:10.652+0000] {standard_task_runner.py:105} INFO - Job 72: Subtask extract_population_data
[2024-11-24T14:09:10.777+0000] {task_command.py:467} INFO - Running <TaskInstance: greenhouse_gas_behaviour.extract_population_data manual__2024-11-24T14:08:44.612144+00:00 [running]> on host bb6f052ed649
[2024-11-24T14:09:10.986+0000] {taskinstance.py:3132} INFO - Exporting env vars: AIRFLOW_CTX_DAG_OWNER='***' AIRFLOW_CTX_DAG_ID='greenhouse_gas_behaviour' AIRFLOW_CTX_TASK_ID='extract_population_data' AIRFLOW_CTX_EXECUTION_DATE='2024-11-24T14:08:44.612144+00:00' AIRFLOW_CTX_TRY_NUMBER='1' AIRFLOW_CTX_DAG_RUN_ID='manual__2024-11-24T14:08:44.612144+00:00'
[2024-11-24T14:09:10.993+0000] {logging_mixin.py:190} INFO - Task instance is in running state
[2024-11-24T14:09:10.995+0000] {logging_mixin.py:190} INFO -  Previous state of the Task instance: queued
[2024-11-24T14:09:10.999+0000] {logging_mixin.py:190} INFO - Current task name:extract_population_data state:running start_date:2024-11-24 14:09:10.585385+00:00
[2024-11-24T14:09:11.002+0000] {logging_mixin.py:190} INFO - Dag name:greenhouse_gas_behaviour and current dag run status:running
[2024-11-24T14:09:11.003+0000] {taskinstance.py:731} INFO - ::endgroup::
[2024-11-24T14:09:11.037+0000] {logging_mixin.py:190} INFO - Erro ao processar o arquivo ./data/un_data_pop_world.csv: [Errno 2] No such file or directory: './data/un_data_pop_world.csv'
[2024-11-24T14:09:11.042+0000] {python.py:240} INFO - Done. Returned value was: None
[2024-11-24T14:09:11.078+0000] {taskinstance.py:340} INFO - ::group::Post task execution logs
[2024-11-24T14:09:11.079+0000] {taskinstance.py:352} INFO - Marking task as SUCCESS. dag_id=greenhouse_gas_behaviour, task_id=extract_population_data, run_id=manual__2024-11-24T14:08:44.612144+00:00, execution_date=20241124T140844, start_date=20241124T140910, end_date=20241124T140911
[2024-11-24T14:09:11.102+0000] {logging_mixin.py:190} INFO - Task instance in success state
[2024-11-24T14:09:11.104+0000] {logging_mixin.py:190} INFO -  Previous state of the Task instance: running
[2024-11-24T14:09:11.105+0000] {logging_mixin.py:190} INFO - Dag name:greenhouse_gas_behaviour queued_at:2024-11-24 14:08:44.704414+00:00
[2024-11-24T14:09:11.105+0000] {logging_mixin.py:190} INFO - Task hostname:bb6f052ed649 operator:PythonOperator
[2024-11-24T14:09:11.157+0000] {local_task_job_runner.py:266} INFO - Task exited with return code 0
[2024-11-24T14:09:11.219+0000] {taskinstance.py:3895} INFO - 1 downstream tasks scheduled from follow-on schedule check
[2024-11-24T14:09:11.222+0000] {local_task_job_runner.py:245} INFO - ::endgroup::
