[2024-11-24T01:09:23.402+0000] {local_task_job_runner.py:123} INFO - ::group::Pre task execution logs
[2024-11-24T01:09:23.464+0000] {taskinstance.py:2613} INFO - Dependencies all met for dep_context=non-requeueable deps ti=<TaskInstance: greenhouse_gas_behaviour.extract_population_data manual__2024-11-24T01:08:50.102874+00:00 [queued]>
[2024-11-24T01:09:23.515+0000] {taskinstance.py:2613} INFO - Dependencies all met for dep_context=requeueable deps ti=<TaskInstance: greenhouse_gas_behaviour.extract_population_data manual__2024-11-24T01:08:50.102874+00:00 [queued]>
[2024-11-24T01:09:23.528+0000] {taskinstance.py:2866} INFO - Starting attempt 1 of 1
[2024-11-24T01:09:23.605+0000] {taskinstance.py:2889} INFO - Executing <Task(PythonOperator): extract_population_data> on 2024-11-24 01:08:50.102874+00:00
[2024-11-24T01:09:23.637+0000] {warnings.py:112} WARNING - /home/***/.local/lib/python3.12/site-packages/***/task/task_runner/standard_task_runner.py:70: DeprecationWarning: This process (pid=1913) is multi-threaded, use of fork() may lead to deadlocks in the child.
  pid = os.fork()

[2024-11-24T01:09:23.640+0000] {standard_task_runner.py:72} INFO - Started process 1915 to run task
[2024-11-24T01:09:23.638+0000] {standard_task_runner.py:104} INFO - Running: ['***', 'tasks', 'run', 'greenhouse_gas_behaviour', 'extract_population_data', 'manual__2024-11-24T01:08:50.102874+00:00', '--job-id', '36', '--raw', '--subdir', 'DAGS_FOLDER/greenhouse_gas_behaviour.py', '--cfg-path', '/tmp/tmp3og5_5zr']
[2024-11-24T01:09:23.643+0000] {standard_task_runner.py:105} INFO - Job 36: Subtask extract_population_data
[2024-11-24T01:09:23.908+0000] {task_command.py:467} INFO - Running <TaskInstance: greenhouse_gas_behaviour.extract_population_data manual__2024-11-24T01:08:50.102874+00:00 [running]> on host 25d920d1683b
[2024-11-24T01:09:24.348+0000] {taskinstance.py:3132} INFO - Exporting env vars: AIRFLOW_CTX_DAG_OWNER='***' AIRFLOW_CTX_DAG_ID='greenhouse_gas_behaviour' AIRFLOW_CTX_TASK_ID='extract_population_data' AIRFLOW_CTX_EXECUTION_DATE='2024-11-24T01:08:50.102874+00:00' AIRFLOW_CTX_TRY_NUMBER='1' AIRFLOW_CTX_DAG_RUN_ID='manual__2024-11-24T01:08:50.102874+00:00'
[2024-11-24T01:09:24.357+0000] {logging_mixin.py:190} INFO - Task instance is in running state
[2024-11-24T01:09:24.359+0000] {logging_mixin.py:190} INFO -  Previous state of the Task instance: queued
[2024-11-24T01:09:24.360+0000] {logging_mixin.py:190} INFO - Current task name:extract_population_data state:running start_date:2024-11-24 01:09:23.473805+00:00
[2024-11-24T01:09:24.361+0000] {logging_mixin.py:190} INFO - Dag name:greenhouse_gas_behaviour and current dag run status:running
[2024-11-24T01:09:24.362+0000] {taskinstance.py:731} INFO - ::endgroup::
[2024-11-24T01:09:24.363+0000] {python.py:240} INFO - Done. Returned value was: None
[2024-11-24T01:09:24.392+0000] {taskinstance.py:340} INFO - ::group::Post task execution logs
[2024-11-24T01:09:24.393+0000] {taskinstance.py:352} INFO - Marking task as SUCCESS. dag_id=greenhouse_gas_behaviour, task_id=extract_population_data, run_id=manual__2024-11-24T01:08:50.102874+00:00, execution_date=20241124T010850, start_date=20241124T010923, end_date=20241124T010924
[2024-11-24T01:09:24.425+0000] {logging_mixin.py:190} INFO - Task instance in success state
[2024-11-24T01:09:24.426+0000] {logging_mixin.py:190} INFO -  Previous state of the Task instance: running
[2024-11-24T01:09:24.427+0000] {logging_mixin.py:190} INFO - Dag name:greenhouse_gas_behaviour queued_at:2024-11-24 01:08:50.534515+00:00
[2024-11-24T01:09:24.428+0000] {logging_mixin.py:190} INFO - Task hostname:25d920d1683b operator:PythonOperator
[2024-11-24T01:09:24.494+0000] {local_task_job_runner.py:266} INFO - Task exited with return code 0
[2024-11-24T01:09:24.576+0000] {taskinstance.py:3895} INFO - 1 downstream tasks scheduled from follow-on schedule check
[2024-11-24T01:09:24.612+0000] {local_task_job_runner.py:245} INFO - ::endgroup::
