[2024-11-24T02:05:07.473+0000] {local_task_job_runner.py:123} INFO - ::group::Pre task execution logs
[2024-11-24T02:05:07.572+0000] {taskinstance.py:2613} INFO - Dependencies all met for dep_context=non-requeueable deps ti=<TaskInstance: greenhouse_gas_behaviour.clean_co2_emission manual__2024-11-24T02:04:16.788403+00:00 [queued]>
[2024-11-24T02:05:07.624+0000] {taskinstance.py:2613} INFO - Dependencies all met for dep_context=requeueable deps ti=<TaskInstance: greenhouse_gas_behaviour.clean_co2_emission manual__2024-11-24T02:04:16.788403+00:00 [queued]>
[2024-11-24T02:05:07.632+0000] {taskinstance.py:2866} INFO - Starting attempt 1 of 1
[2024-11-24T02:05:07.733+0000] {taskinstance.py:2889} INFO - Executing <Task(PythonOperator): clean_co2_emission> on 2024-11-24 02:04:16.788403+00:00
[2024-11-24T02:05:07.753+0000] {warnings.py:112} WARNING - /home/***/.local/lib/python3.12/site-packages/***/task/task_runner/standard_task_runner.py:70: DeprecationWarning: This process (pid=2589) is multi-threaded, use of fork() may lead to deadlocks in the child.
  pid = os.fork()

[2024-11-24T02:05:07.764+0000] {standard_task_runner.py:72} INFO - Started process 2591 to run task
[2024-11-24T02:05:07.766+0000] {standard_task_runner.py:104} INFO - Running: ['***', 'tasks', 'run', 'greenhouse_gas_behaviour', 'clean_co2_emission', 'manual__2024-11-24T02:04:16.788403+00:00', '--job-id', '55', '--raw', '--subdir', 'DAGS_FOLDER/greenhouse_gas_behaviour.py', '--cfg-path', '/tmp/tmp5vwi208i']
[2024-11-24T02:05:07.769+0000] {standard_task_runner.py:105} INFO - Job 55: Subtask clean_co2_emission
[2024-11-24T02:05:08.036+0000] {task_command.py:467} INFO - Running <TaskInstance: greenhouse_gas_behaviour.clean_co2_emission manual__2024-11-24T02:04:16.788403+00:00 [running]> on host 25d920d1683b
[2024-11-24T02:05:08.495+0000] {taskinstance.py:3132} INFO - Exporting env vars: AIRFLOW_CTX_DAG_OWNER='***' AIRFLOW_CTX_DAG_ID='greenhouse_gas_behaviour' AIRFLOW_CTX_TASK_ID='clean_co2_emission' AIRFLOW_CTX_EXECUTION_DATE='2024-11-24T02:04:16.788403+00:00' AIRFLOW_CTX_TRY_NUMBER='1' AIRFLOW_CTX_DAG_RUN_ID='manual__2024-11-24T02:04:16.788403+00:00'
[2024-11-24T02:05:08.499+0000] {logging_mixin.py:190} INFO - Task instance is in running state
[2024-11-24T02:05:08.542+0000] {logging_mixin.py:190} INFO -  Previous state of the Task instance: queued
[2024-11-24T02:05:08.561+0000] {logging_mixin.py:190} INFO - Current task name:clean_co2_emission state:running start_date:2024-11-24 02:05:07.582105+00:00
[2024-11-24T02:05:08.581+0000] {logging_mixin.py:190} INFO - Dag name:greenhouse_gas_behaviour and current dag run status:running
[2024-11-24T02:05:08.583+0000] {taskinstance.py:731} INFO - ::endgroup::
[2024-11-24T02:05:08.614+0000] {python.py:240} INFO - Done. Returned value was: None
[2024-11-24T02:05:08.678+0000] {taskinstance.py:340} INFO - ::group::Post task execution logs
[2024-11-24T02:05:08.681+0000] {taskinstance.py:352} INFO - Marking task as SUCCESS. dag_id=greenhouse_gas_behaviour, task_id=clean_co2_emission, run_id=manual__2024-11-24T02:04:16.788403+00:00, execution_date=20241124T020416, start_date=20241124T020507, end_date=20241124T020508
[2024-11-24T02:05:08.733+0000] {logging_mixin.py:190} INFO - Task instance in success state
[2024-11-24T02:05:08.758+0000] {logging_mixin.py:190} INFO -  Previous state of the Task instance: running
[2024-11-24T02:05:08.767+0000] {logging_mixin.py:190} INFO - Dag name:greenhouse_gas_behaviour queued_at:2024-11-24 02:04:17.021380+00:00
[2024-11-24T02:05:08.807+0000] {logging_mixin.py:190} INFO - Task hostname:25d920d1683b operator:PythonOperator
[2024-11-24T02:05:08.934+0000] {local_task_job_runner.py:266} INFO - Task exited with return code 0
[2024-11-24T02:05:09.113+0000] {taskinstance.py:3895} INFO - 1 downstream tasks scheduled from follow-on schedule check
[2024-11-24T02:05:09.170+0000] {local_task_job_runner.py:245} INFO - ::endgroup::
